[0.683s] Invoking command in '/home/wbb/ros2_ws/src/core': PYTHONPATH=/home/wbb/ros2_ws/build/core/prefix_override:/usr/lib/python3/dist-packages/colcon_core/task/python/colcon_distutils_commands:/home/wbb/ros2_ws/install/core/lib/python3.10/site-packages:${PYTHONPATH} /usr/bin/python3 -W ignore:setup.py install is deprecated -W ignore:easy_install command is deprecated setup.py egg_info --egg-base ../../build/core build --build-base /home/wbb/ros2_ws/build/core/build install --record /home/wbb/ros2_ws/build/core/install.log --single-version-externally-managed install_data
[0.823s] running egg_info
[0.823s] writing ../../build/core/core.egg-info/PKG-INFO
[0.823s] writing dependency_links to ../../build/core/core.egg-info/dependency_links.txt
[0.823s] writing entry points to ../../build/core/core.egg-info/entry_points.txt
[0.823s] writing requirements to ../../build/core/core.egg-info/requires.txt
[0.823s] writing top-level names to ../../build/core/core.egg-info/top_level.txt
[0.825s] reading manifest file '../../build/core/core.egg-info/SOURCES.txt'
[0.826s] writing manifest file '../../build/core/core.egg-info/SOURCES.txt'
[0.826s] running build
[0.826s] running build_py
[0.827s] running install
[0.827s] running install_lib
[0.827s] creating /home/wbb/ros2_ws/install/core/lib/python3.10/site-packages/core
[0.827s] creating /home/wbb/ros2_ws/install/core/lib/python3.10/site-packages/core/trajectory
[0.827s] copying /home/wbb/ros2_ws/build/core/build/lib/core/trajectory/trajectory_base.py -> /home/wbb/ros2_ws/install/core/lib/python3.10/site-packages/core/trajectory
[0.828s] copying /home/wbb/ros2_ws/build/core/build/lib/core/trajectory/cubic_spline_trajectory.py -> /home/wbb/ros2_ws/install/core/lib/python3.10/site-packages/core/trajectory
[0.828s] copying /home/wbb/ros2_ws/build/core/build/lib/core/trajectory/__init__.py -> /home/wbb/ros2_ws/install/core/lib/python3.10/site-packages/core/trajectory
[0.828s] copying /home/wbb/ros2_ws/build/core/build/lib/core/trajectory/reference_buffer.py -> /home/wbb/ros2_ws/install/core/lib/python3.10/site-packages/core/trajectory
[0.828s] copying /home/wbb/ros2_ws/build/core/build/lib/core/trajectory/cubic_spline_interpolation.py -> /home/wbb/ros2_ws/install/core/lib/python3.10/site-packages/core/trajectory
[0.828s] copying /home/wbb/ros2_ws/build/core/build/lib/core/types.py -> /home/wbb/ros2_ws/install/core/lib/python3.10/site-packages/core
[0.828s] creating /home/wbb/ros2_ws/install/core/lib/python3.10/site-packages/core/misc
[0.828s] copying /home/wbb/ros2_ws/build/core/build/lib/core/misc/test.py -> /home/wbb/ros2_ws/install/core/lib/python3.10/site-packages/core/misc
[0.828s] copying /home/wbb/ros2_ws/build/core/build/lib/core/misc/lookup.py -> /home/wbb/ros2_ws/install/core/lib/python3.10/site-packages/core/misc
[0.828s] copying /home/wbb/ros2_ws/build/core/build/lib/core/misc/numerics.py -> /home/wbb/ros2_ws/install/core/lib/python3.10/site-packages/core/misc
[0.828s] copying /home/wbb/ros2_ws/build/core/build/lib/core/misc/benchmark.py -> /home/wbb/ros2_ws/install/core/lib/python3.10/site-packages/core/misc
[0.829s] copying /home/wbb/ros2_ws/build/core/build/lib/core/misc/numeric_traits.py -> /home/wbb/ros2_ws/install/core/lib/python3.10/site-packages/core/misc
[0.829s] copying /home/wbb/ros2_ws/build/core/build/lib/core/misc/__init__.py -> /home/wbb/ros2_ws/install/core/lib/python3.10/site-packages/core/misc
[0.829s] copying /home/wbb/ros2_ws/build/core/build/lib/core/misc/linear_algebra.py -> /home/wbb/ros2_ws/install/core/lib/python3.10/site-packages/core/misc
[0.829s] copying /home/wbb/ros2_ws/build/core/build/lib/core/misc/buffer.py -> /home/wbb/ros2_ws/install/core/lib/python3.10/site-packages/core/misc
[0.829s] creating /home/wbb/ros2_ws/install/core/lib/python3.10/site-packages/core/gait
[0.829s] copying /home/wbb/ros2_ws/build/core/build/lib/core/gait/test.py -> /home/wbb/ros2_ws/install/core/lib/python3.10/site-packages/core/gait
[0.829s] copying /home/wbb/ros2_ws/build/core/build/lib/core/gait/mode_schedule.py -> /home/wbb/ros2_ws/install/core/lib/python3.10/site-packages/core/gait
[0.829s] copying /home/wbb/ros2_ws/build/core/build/lib/core/gait/motion_phase_definition.py -> /home/wbb/ros2_ws/install/core/lib/python3.10/site-packages/core/gait
[0.829s] copying /home/wbb/ros2_ws/build/core/build/lib/core/gait/__init__.py -> /home/wbb/ros2_ws/install/core/lib/python3.10/site-packages/core/gait
[0.829s] copying /home/wbb/ros2_ws/build/core/build/lib/core/gait/leg_logic.py -> /home/wbb/ros2_ws/install/core/lib/python3.10/site-packages/core/gait
[0.829s] copying /home/wbb/ros2_ws/build/core/build/lib/core/__init__.py -> /home/wbb/ros2_ws/install/core/lib/python3.10/site-packages/core
[0.829s] byte-compiling /home/wbb/ros2_ws/install/core/lib/python3.10/site-packages/core/trajectory/trajectory_base.py to trajectory_base.cpython-310.pyc
[0.829s] byte-compiling /home/wbb/ros2_ws/install/core/lib/python3.10/site-packages/core/trajectory/cubic_spline_trajectory.py to cubic_spline_trajectory.cpython-310.pyc
[0.830s] byte-compiling /home/wbb/ros2_ws/install/core/lib/python3.10/site-packages/core/trajectory/__init__.py to __init__.cpython-310.pyc
[0.830s] byte-compiling /home/wbb/ros2_ws/install/core/lib/python3.10/site-packages/core/trajectory/reference_buffer.py to reference_buffer.cpython-310.pyc
[0.830s] byte-compiling /home/wbb/ros2_ws/install/core/lib/python3.10/site-packages/core/trajectory/cubic_spline_interpolation.py to cubic_spline_interpolation.cpython-310.pyc
[0.832s] byte-compiling /home/wbb/ros2_ws/install/core/lib/python3.10/site-packages/core/types.py to types.cpython-310.pyc
[0.834s] byte-compiling /home/wbb/ros2_ws/install/core/lib/python3.10/site-packages/core/misc/test.py to test.cpython-310.pyc
[0.834s] byte-compiling /home/wbb/ros2_ws/install/core/lib/python3.10/site-packages/core/misc/lookup.py to lookup.cpython-310.pyc
[0.835s] byte-compiling /home/wbb/ros2_ws/install/core/lib/python3.10/site-packages/core/misc/numerics.py to numerics.cpython-310.pyc
[0.835s] byte-compiling /home/wbb/ros2_ws/install/core/lib/python3.10/site-packages/core/misc/benchmark.py to benchmark.cpython-310.pyc
[0.835s] byte-compiling /home/wbb/ros2_ws/install/core/lib/python3.10/site-packages/core/misc/numeric_traits.py to numeric_traits.cpython-310.pyc
[0.835s] byte-compiling /home/wbb/ros2_ws/install/core/lib/python3.10/site-packages/core/misc/__init__.py to __init__.cpython-310.pyc
[0.836s] byte-compiling /home/wbb/ros2_ws/install/core/lib/python3.10/site-packages/core/misc/linear_algebra.py to linear_algebra.cpython-310.pyc
[0.836s] byte-compiling /home/wbb/ros2_ws/install/core/lib/python3.10/site-packages/core/misc/buffer.py to buffer.cpython-310.pyc
[0.837s] byte-compiling /home/wbb/ros2_ws/install/core/lib/python3.10/site-packages/core/gait/test.py to test.cpython-310.pyc
[0.837s] byte-compiling /home/wbb/ros2_ws/install/core/lib/python3.10/site-packages/core/gait/mode_schedule.py to mode_schedule.cpython-310.pyc
[0.838s] byte-compiling /home/wbb/ros2_ws/install/core/lib/python3.10/site-packages/core/gait/motion_phase_definition.py to motion_phase_definition.cpython-310.pyc
[0.838s] byte-compiling /home/wbb/ros2_ws/install/core/lib/python3.10/site-packages/core/gait/__init__.py to __init__.cpython-310.pyc
[0.838s] byte-compiling /home/wbb/ros2_ws/install/core/lib/python3.10/site-packages/core/gait/leg_logic.py to leg_logic.cpython-310.pyc
[0.838s] byte-compiling /home/wbb/ros2_ws/install/core/lib/python3.10/site-packages/core/__init__.py to __init__.cpython-310.pyc
[0.838s] running install_data
[0.838s] creating /home/wbb/ros2_ws/install/core/share/ament_index
[0.838s] creating /home/wbb/ros2_ws/install/core/share/ament_index/resource_index
[0.839s] creating /home/wbb/ros2_ws/install/core/share/ament_index/resource_index/packages
[0.839s] copying resource/core -> /home/wbb/ros2_ws/install/core/share/ament_index/resource_index/packages
[0.839s] copying package.xml -> /home/wbb/ros2_ws/install/core/share/core
[0.839s] running install_egg_info
[0.840s] Copying ../../build/core/core.egg-info to /home/wbb/ros2_ws/install/core/lib/python3.10/site-packages/core-0.0.0-py3.10.egg-info
[0.840s] running install_scripts
[0.852s] writing list of installed files to '/home/wbb/ros2_ws/build/core/install.log'
[0.869s] Invoked command in '/home/wbb/ros2_ws/src/core' returned '0': PYTHONPATH=/home/wbb/ros2_ws/build/core/prefix_override:/usr/lib/python3/dist-packages/colcon_core/task/python/colcon_distutils_commands:/home/wbb/ros2_ws/install/core/lib/python3.10/site-packages:${PYTHONPATH} /usr/bin/python3 -W ignore:setup.py install is deprecated -W ignore:easy_install command is deprecated setup.py egg_info --egg-base ../../build/core build --build-base /home/wbb/ros2_ws/build/core/build install --record /home/wbb/ros2_ws/build/core/install.log --single-version-externally-managed install_data
