running egg_info
writing ../../../build/control/control.egg-info/PKG-INFO
writing dependency_links to ../../../build/control/control.egg-info/dependency_links.txt
writing entry points to ../../../build/control/control.egg-info/entry_points.txt
writing requirements to ../../../build/control/control.egg-info/requires.txt
writing top-level names to ../../../build/control/control.egg-info/top_level.txt
reading manifest file '../../../build/control/control.egg-info/SOURCES.txt'
writing manifest file '../../../build/control/control.egg-info/SOURCES.txt'
running build
running build_py
running install
running install_lib
creating /home/wbb/ros2_ws/install/control/lib/python3.10/site-packages/control
copying /home/wbb/ros2_ws/build/control/build/lib/control/trajectory_stabilization.py -> /home/wbb/ros2_ws/install/control/lib/python3.10/site-packages/control
copying /home/wbb/ros2_ws/build/control/build/lib/control/matrix_db.py -> /home/wbb/ros2_ws/install/control/lib/python3.10/site-packages/control
copying /home/wbb/ros2_ws/build/control/build/lib/control/whole_body_controller.py -> /home/wbb/ros2_ws/install/control/lib/python3.10/site-packages/control
copying /home/wbb/ros2_ws/build/control/build/lib/control/__init__.py -> /home/wbb/ros2_ws/install/control/lib/python3.10/site-packages/control
byte-compiling /home/wbb/ros2_ws/install/control/lib/python3.10/site-packages/control/trajectory_stabilization.py to trajectory_stabilization.cpython-310.pyc
byte-compiling /home/wbb/ros2_ws/install/control/lib/python3.10/site-packages/control/matrix_db.py to matrix_db.cpython-310.pyc
byte-compiling /home/wbb/ros2_ws/install/control/lib/python3.10/site-packages/control/whole_body_controller.py to whole_body_controller.cpython-310.pyc
byte-compiling /home/wbb/ros2_ws/install/control/lib/python3.10/site-packages/control/__init__.py to __init__.cpython-310.pyc
running install_data
creating /home/wbb/ros2_ws/install/control/share/ament_index
creating /home/wbb/ros2_ws/install/control/share/ament_index/resource_index
creating /home/wbb/ros2_ws/install/control/share/ament_index/resource_index/packages
copying resource/control -> /home/wbb/ros2_ws/install/control/share/ament_index/resource_index/packages
copying package.xml -> /home/wbb/ros2_ws/install/control/share/control
running install_egg_info
Copying ../../../build/control/control.egg-info to /home/wbb/ros2_ws/install/control/lib/python3.10/site-packages/control-0.0.0-py3.10.egg-info
running install_scripts
writing list of installed files to '/home/wbb/ros2_ws/build/control/install.log'
