[0.584s] Invoking command in '/home/wbb/ros2_ws/build/trans': CMAKE_PREFIX_PATH=${CMAKE_PREFIX_PATH}:/home/wbb/ros2_ws/install/third_party:/home/wbb/ros2_ws/install/sim:/home/wbb/ros2_ws/install/management:/home/wbb/ros2_ws/install/generation:/home/wbb/ros2_ws/install/gait:/home/wbb/ros2_ws/install/estimation:/home/wbb/ros2_ws/install/control:/home/wbb/ros2_ws/install/core:/home/wbb/ros2_ws/install/assets:/opt/ros/humble /usr/bin/cmake --build /home/wbb/ros2_ws/build/trans -- -j16 -l16
[0.633s] [ 12%] Built target trans__cpp
[0.633s] [ 12%] Built target trans__rosidl_generator_c
[0.635s] [ 12%] Built target ament_cmake_python_copy_trans
[0.656s] [ 23%] Built target trans__rosidl_typesupport_fastrtps_cpp
[0.657s] [ 34%] Built target trans__rosidl_typesupport_cpp
[0.658s] [ 45%] Built target trans__rosidl_typesupport_c
[0.658s] [ 56%] Built target trans__rosidl_typesupport_fastrtps_c
[0.661s] [ 67%] Built target trans__rosidl_typesupport_introspection_cpp
[0.662s] [ 78%] Built target trans__rosidl_typesupport_introspection_c
[0.682s] [ 78%] Built target trans
[0.707s] [ 80%] Built target trans__py
[0.731s] [ 89%] Built target trans__rosidl_generator_py
[0.755s] [ 96%] Built target trans__rosidl_typesupport_fastrtps_c__pyext
[0.755s] [ 96%] Built target trans__rosidl_typesupport_c__pyext
[0.758s] [100%] Built target trans__rosidl_typesupport_introspection_c__pyext
[0.784s] running egg_info
[0.785s] writing trans.egg-info/PKG-INFO
[0.785s] writing dependency_links to trans.egg-info/dependency_links.txt
[0.785s] writing top-level names to trans.egg-info/top_level.txt
[0.787s] reading manifest file 'trans.egg-info/SOURCES.txt'
[0.787s] writing manifest file 'trans.egg-info/SOURCES.txt'
[0.806s] [100%] Built target ament_cmake_python_build_trans_egg
