[0.668s] Invoking command in '/home/wbb/ros2_ws/build/trans': CMAKE_PREFIX_PATH=${CMAKE_PREFIX_PATH}:/home/wbb/ros2_ws/install/third_party:/home/wbb/ros2_ws/install/sim:/home/wbb/ros2_ws/install/management:/home/wbb/ros2_ws/install/generation:/home/wbb/ros2_ws/install/gait:/home/wbb/ros2_ws/install/estimation:/home/wbb/ros2_ws/install/control:/home/wbb/ros2_ws/install/core:/home/wbb/ros2_ws/install/assets:/opt/ros/humble /usr/bin/cmake --build /home/wbb/ros2_ws/build/trans -- -j16 -l16
[0.727s] [  1%] Built target trans__cpp
[0.731s] [ 12%] Built target trans__rosidl_generator_c
[0.734s] [ 12%] Built target ament_cmake_python_copy_trans
[0.757s] [ 23%] Built target trans__rosidl_typesupport_cpp
[0.763s] [ 34%] Built target trans__rosidl_typesupport_fastrtps_cpp
[0.763s] [ 45%] Built target trans__rosidl_typesupport_introspection_cpp
[0.765s] [ 56%] Built target trans__rosidl_typesupport_fastrtps_c
[0.765s] [ 67%] Built target trans__rosidl_typesupport_c
[0.768s] [ 78%] Built target trans__rosidl_typesupport_introspection_c
[0.800s] [ 78%] Built target trans
[0.832s] [ 80%] Built target trans__py
[0.866s] [ 89%] Built target trans__rosidl_generator_py
[0.899s] [ 92%] Built target trans__rosidl_typesupport_introspection_c__pyext
[0.899s] [ 96%] Built target trans__rosidl_typesupport_fastrtps_c__pyext
[0.900s] [100%] Built target trans__rosidl_typesupport_c__pyext
[1.029s] running egg_info
[1.030s] writing trans.egg-info/PKG-INFO
[1.030s] writing dependency_links to trans.egg-info/dependency_links.txt
[1.030s] writing top-level names to trans.egg-info/top_level.txt
[1.035s] reading manifest file 'trans.egg-info/SOURCES.txt'
[1.035s] writing manifest file 'trans.egg-info/SOURCES.txt'
[1.069s] [100%] Built target ament_cmake_python_build_trans_egg
[1.087s] Invoked command in '/home/wbb/ros2_ws/build/trans' returned '0': CMAKE_PREFIX_PATH=${CMAKE_PREFIX_PATH}:/home/wbb/ros2_ws/install/third_party:/home/wbb/ros2_ws/install/sim:/home/wbb/ros2_ws/install/management:/home/wbb/ros2_ws/install/generation:/home/wbb/ros2_ws/install/gait:/home/wbb/ros2_ws/install/estimation:/home/wbb/ros2_ws/install/control:/home/wbb/ros2_ws/install/core:/home/wbb/ros2_ws/install/assets:/opt/ros/humble /usr/bin/cmake --build /home/wbb/ros2_ws/build/trans -- -j16 -l16
[1.090s] Invoking command in '/home/wbb/ros2_ws/build/trans': CMAKE_PREFIX_PATH=${CMAKE_PREFIX_PATH}:/home/wbb/ros2_ws/install/third_party:/home/wbb/ros2_ws/install/sim:/home/wbb/ros2_ws/install/management:/home/wbb/ros2_ws/install/generation:/home/wbb/ros2_ws/install/gait:/home/wbb/ros2_ws/install/estimation:/home/wbb/ros2_ws/install/control:/home/wbb/ros2_ws/install/core:/home/wbb/ros2_ws/install/assets:/opt/ros/humble /usr/bin/cmake --install /home/wbb/ros2_ws/build/trans
[1.105s] -- Install configuration: ""
[1.105s] -- Up-to-date: /home/wbb/ros2_ws/install/trans/share/ament_index/resource_index/rosidl_interfaces/trans
[1.105s] -- Up-to-date: /home/wbb/ros2_ws/install/trans/include/trans/trans
[1.105s] -- Up-to-date: /home/wbb/ros2_ws/install/trans/include/trans/trans/msg
[1.105s] -- Up-to-date: /home/wbb/ros2_ws/install/trans/include/trans/trans/msg/detail
[1.106s] -- Up-to-date: /home/wbb/ros2_ws/install/trans/include/trans/trans/msg/detail/touch_sensor__functions.c
[1.106s] -- Up-to-date: /home/wbb/ros2_ws/install/trans/include/trans/trans/msg/detail/touch_sensor__functions.h
[1.106s] -- Up-to-date: /home/wbb/ros2_ws/install/trans/include/trans/trans/msg/detail/actuator_cmds__struct.h
[1.106s] -- Up-to-date: /home/wbb/ros2_ws/install/trans/include/trans/trans/msg/detail/actuator_cmds__functions.h
[1.106s] -- Up-to-date: /home/wbb/ros2_ws/install/trans/include/trans/trans/msg/detail/actuator_cmds__type_support.h
[1.107s] -- Up-to-date: /home/wbb/ros2_ws/install/trans/include/trans/trans/msg/detail/touch_sensor__type_support.h
[1.107s] -- Up-to-date: /home/wbb/ros2_ws/install/trans/include/trans/trans/msg/detail/actuator_cmds__functions.c
[1.107s] -- Up-to-date: /home/wbb/ros2_ws/install/trans/include/trans/trans/msg/detail/touch_sensor__struct.h
[1.107s] -- Up-to-date: /home/wbb/ros2_ws/install/trans/include/trans/trans/msg/actuator_cmds.h
[1.107s] -- Up-to-date: /home/wbb/ros2_ws/install/trans/include/trans/trans/msg/rosidl_generator_c__visibility_control.h
[1.108s] -- Up-to-date: /home/wbb/ros2_ws/install/trans/include/trans/trans/msg/touch_sensor.h
[1.108s] -- Up-to-date: /home/wbb/ros2_ws/install/trans/include/trans/trans/srv
[1.108s] -- Up-to-date: /home/wbb/ros2_ws/install/trans/include/trans/trans/srv/detail
[1.108s] -- Up-to-date: /home/wbb/ros2_ws/install/trans/include/trans/trans/srv/detail/simulation_reset__type_support.h
[1.108s] -- Up-to-date: /home/wbb/ros2_ws/install/trans/include/trans/trans/srv/detail/simulation_reset__functions.h
[1.108s] -- Up-to-date: /home/wbb/ros2_ws/install/trans/include/trans/trans/srv/detail/gait_switch__type_support.h
[1.108s] -- Up-to-date: /home/wbb/ros2_ws/install/trans/include/trans/trans/srv/detail/gait_switch__functions.c
[1.108s] -- Up-to-date: /home/wbb/ros2_ws/install/trans/include/trans/trans/srv/detail/gait_switch__functions.h
[1.109s] -- Up-to-date: /home/wbb/ros2_ws/install/trans/include/trans/trans/srv/detail/simulation_reset__functions.c
[1.109s] -- Up-to-date: /home/wbb/ros2_ws/install/trans/include/trans/trans/srv/detail/simulation_reset__struct.h
[1.109s] -- Up-to-date: /home/wbb/ros2_ws/install/trans/include/trans/trans/srv/detail/gait_switch__struct.h
[1.109s] -- Up-to-date: /home/wbb/ros2_ws/install/trans/include/trans/trans/srv/simulation_reset.h
[1.109s] -- Up-to-date: /home/wbb/ros2_ws/install/trans/include/trans/trans/srv/gait_switch.h
[1.109s] -- Up-to-date: /home/wbb/ros2_ws/install/trans/share/trans/environment/library_path.sh
[1.109s] -- Up-to-date: /home/wbb/ros2_ws/install/trans/share/trans/environment/library_path.dsv
[1.110s] -- Up-to-date: /home/wbb/ros2_ws/install/trans/lib/libtrans__rosidl_generator_c.so
[1.110s] -- Up-to-date: /home/wbb/ros2_ws/install/trans/include/trans/trans
[1.110s] -- Up-to-date: /home/wbb/ros2_ws/install/trans/include/trans/trans/msg
[1.110s] -- Up-to-date: /home/wbb/ros2_ws/install/trans/include/trans/trans/msg/detail
[1.110s] -- Up-to-date: /home/wbb/ros2_ws/install/trans/include/trans/trans/msg/detail/actuator_cmds__rosidl_typesupport_fastrtps_c.h
[1.110s] -- Up-to-date: /home/wbb/ros2_ws/install/trans/include/trans/trans/msg/detail/touch_sensor__rosidl_typesupport_fastrtps_c.h
[1.111s] -- Up-to-date: /home/wbb/ros2_ws/install/trans/include/trans/trans/msg/rosidl_typesupport_fastrtps_c__visibility_control.h
[1.111s] -- Up-to-date: /home/wbb/ros2_ws/install/trans/include/trans/trans/srv
[1.111s] -- Up-to-date: /home/wbb/ros2_ws/install/trans/include/trans/trans/srv/detail
[1.111s] -- Up-to-date: /home/wbb/ros2_ws/install/trans/include/trans/trans/srv/detail/gait_switch__rosidl_typesupport_fastrtps_c.h
[1.111s] -- Up-to-date: /home/wbb/ros2_ws/install/trans/include/trans/trans/srv/detail/simulation_reset__rosidl_typesupport_fastrtps_c.h
[1.111s] -- Up-to-date: /home/wbb/ros2_ws/install/trans/lib/libtrans__rosidl_typesupport_fastrtps_c.so
[1.111s] -- Up-to-date: /home/wbb/ros2_ws/install/trans/include/trans/trans
[1.111s] -- Up-to-date: /home/wbb/ros2_ws/install/trans/include/trans/trans/msg
[1.111s] -- Up-to-date: /home/wbb/ros2_ws/install/trans/include/trans/trans/msg/detail
[1.112s] -- Up-to-date: /home/wbb/ros2_ws/install/trans/include/trans/trans/msg/detail/touch_sensor__type_support.hpp
[1.112s] -- Up-to-date: /home/wbb/ros2_ws/install/trans/include/trans/trans/msg/detail/actuator_cmds__struct.hpp
[1.112s] -- Up-to-date: /home/wbb/ros2_ws/install/trans/include/trans/trans/msg/detail/actuator_cmds__traits.hpp
[1.112s] -- Up-to-date: /home/wbb/ros2_ws/install/trans/include/trans/trans/msg/detail/touch_sensor__builder.hpp
[1.112s] -- Up-to-date: /home/wbb/ros2_ws/install/trans/include/trans/trans/msg/detail/touch_sensor__struct.hpp
[1.112s] -- Up-to-date: /home/wbb/ros2_ws/install/trans/include/trans/trans/msg/detail/actuator_cmds__builder.hpp
[1.112s] -- Up-to-date: /home/wbb/ros2_ws/install/trans/include/trans/trans/msg/detail/touch_sensor__traits.hpp
[1.112s] -- Up-to-date: /home/wbb/ros2_ws/install/trans/include/trans/trans/msg/detail/actuator_cmds__type_support.hpp
[1.112s] -- Up-to-date: /home/wbb/ros2_ws/install/trans/include/trans/trans/msg/touch_sensor.hpp
[1.112s] -- Up-to-date: /home/wbb/ros2_ws/install/trans/include/trans/trans/msg/actuator_cmds.hpp
[1.112s] -- Up-to-date: /home/wbb/ros2_ws/install/trans/include/trans/trans/msg/rosidl_generator_cpp__visibility_control.hpp
[1.112s] -- Up-to-date: /home/wbb/ros2_ws/install/trans/include/trans/trans/srv
[1.112s] -- Up-to-date: /home/wbb/ros2_ws/install/trans/include/trans/trans/srv/detail
[1.112s] -- Up-to-date: /home/wbb/ros2_ws/install/trans/include/trans/trans/srv/detail/gait_switch__builder.hpp
[1.112s] -- Up-to-date: /home/wbb/ros2_ws/install/trans/include/trans/trans/srv/detail/gait_switch__type_support.hpp
[1.112s] -- Up-to-date: /home/wbb/ros2_ws/install/trans/include/trans/trans/srv/detail/gait_switch__struct.hpp
[1.112s] -- Up-to-date: /home/wbb/ros2_ws/install/trans/include/trans/trans/srv/detail/gait_switch__traits.hpp
[1.112s] -- Up-to-date: /home/wbb/ros2_ws/install/trans/include/trans/trans/srv/detail/simulation_reset__type_support.hpp
[1.113s] -- Up-to-date: /home/wbb/ros2_ws/install/trans/include/trans/trans/srv/detail/simulation_reset__struct.hpp
[1.113s] -- Up-to-date: /home/wbb/ros2_ws/install/trans/include/trans/trans/srv/detail/simulation_reset__traits.hpp
[1.113s] -- Up-to-date: /home/wbb/ros2_ws/install/trans/include/trans/trans/srv/detail/simulation_reset__builder.hpp
[1.113s] -- Up-to-date: /home/wbb/ros2_ws/install/trans/include/trans/trans/srv/simulation_reset.hpp
[1.113s] -- Up-to-date: /home/wbb/ros2_ws/install/trans/include/trans/trans/srv/gait_switch.hpp
[1.113s] -- Up-to-date: /home/wbb/ros2_ws/install/trans/include/trans/trans
[1.113s] -- Up-to-date: /home/wbb/ros2_ws/install/trans/include/trans/trans/msg
[1.113s] -- Up-to-date: /home/wbb/ros2_ws/install/trans/include/trans/trans/msg/detail
[1.113s] -- Up-to-date: /home/wbb/ros2_ws/install/trans/include/trans/trans/msg/detail/dds_fastrtps
[1.113s] -- Up-to-date: /home/wbb/ros2_ws/install/trans/include/trans/trans/msg/detail/actuator_cmds__rosidl_typesupport_fastrtps_cpp.hpp
[1.113s] -- Up-to-date: /home/wbb/ros2_ws/install/trans/include/trans/trans/msg/detail/touch_sensor__rosidl_typesupport_fastrtps_cpp.hpp
[1.113s] -- Up-to-date: /home/wbb/ros2_ws/install/trans/include/trans/trans/msg/rosidl_typesupport_fastrtps_cpp__visibility_control.h
[1.113s] -- Up-to-date: /home/wbb/ros2_ws/install/trans/include/trans/trans/srv
[1.113s] -- Up-to-date: /home/wbb/ros2_ws/install/trans/include/trans/trans/srv/detail
[1.113s] -- Up-to-date: /home/wbb/ros2_ws/install/trans/include/trans/trans/srv/detail/dds_fastrtps
[1.113s] -- Up-to-date: /home/wbb/ros2_ws/install/trans/include/trans/trans/srv/detail/gait_switch__rosidl_typesupport_fastrtps_cpp.hpp
[1.113s] -- Up-to-date: /home/wbb/ros2_ws/install/trans/include/trans/trans/srv/detail/simulation_reset__rosidl_typesupport_fastrtps_cpp.hpp
[1.113s] -- Up-to-date: /home/wbb/ros2_ws/install/trans/lib/libtrans__rosidl_typesupport_fastrtps_cpp.so
[1.113s] -- Up-to-date: /home/wbb/ros2_ws/install/trans/include/trans/trans
[1.114s] -- Up-to-date: /home/wbb/ros2_ws/install/trans/include/trans/trans/msg
[1.114s] -- Up-to-date: /home/wbb/ros2_ws/install/trans/include/trans/trans/msg/detail
[1.114s] -- Up-to-date: /home/wbb/ros2_ws/install/trans/include/trans/trans/msg/detail/actuator_cmds__type_support.c
[1.114s] -- Up-to-date: /home/wbb/ros2_ws/install/trans/include/trans/trans/msg/detail/touch_sensor__type_support.c
[1.114s] -- Up-to-date: /home/wbb/ros2_ws/install/trans/include/trans/trans/msg/detail/touch_sensor__rosidl_typesupport_introspection_c.h
[1.114s] -- Up-to-date: /home/wbb/ros2_ws/install/trans/include/trans/trans/msg/detail/actuator_cmds__rosidl_typesupport_introspection_c.h
[1.114s] -- Up-to-date: /home/wbb/ros2_ws/install/trans/include/trans/trans/msg/rosidl_typesupport_introspection_c__visibility_control.h
[1.114s] -- Up-to-date: /home/wbb/ros2_ws/install/trans/include/trans/trans/srv
[1.114s] -- Up-to-date: /home/wbb/ros2_ws/install/trans/include/trans/trans/srv/detail
[1.114s] -- Up-to-date: /home/wbb/ros2_ws/install/trans/include/trans/trans/srv/detail/simulation_reset__rosidl_typesupport_introspection_c.h
[1.114s] -- Up-to-date: /home/wbb/ros2_ws/install/trans/include/trans/trans/srv/detail/gait_switch__rosidl_typesupport_introspection_c.h
[1.114s] -- Up-to-date: /home/wbb/ros2_ws/install/trans/include/trans/trans/srv/detail/gait_switch__type_support.c
[1.114s] -- Up-to-date: /home/wbb/ros2_ws/install/trans/include/trans/trans/srv/detail/simulation_reset__type_support.c
[1.114s] -- Up-to-date: /home/wbb/ros2_ws/install/trans/lib/libtrans__rosidl_typesupport_introspection_c.so
[1.114s] -- Up-to-date: /home/wbb/ros2_ws/install/trans/lib/libtrans__rosidl_typesupport_c.so
[1.114s] -- Up-to-date: /home/wbb/ros2_ws/install/trans/include/trans/trans
[1.114s] -- Up-to-date: /home/wbb/ros2_ws/install/trans/include/trans/trans/msg
[1.114s] -- Up-to-date: /home/wbb/ros2_ws/install/trans/include/trans/trans/msg/detail
[1.114s] -- Up-to-date: /home/wbb/ros2_ws/install/trans/include/trans/trans/msg/detail/touch_sensor__rosidl_typesupport_introspection_cpp.hpp
[1.114s] -- Up-to-date: /home/wbb/ros2_ws/install/trans/include/trans/trans/msg/detail/actuator_cmds__rosidl_typesupport_introspection_cpp.hpp
[1.115s] -- Up-to-date: /home/wbb/ros2_ws/install/trans/include/trans/trans/msg/detail/actuator_cmds__type_support.cpp
[1.115s] -- Up-to-date: /home/wbb/ros2_ws/install/trans/include/trans/trans/msg/detail/touch_sensor__type_support.cpp
[1.115s] -- Up-to-date: /home/wbb/ros2_ws/install/trans/include/trans/trans/srv
[1.115s] -- Up-to-date: /home/wbb/ros2_ws/install/trans/include/trans/trans/srv/detail
[1.115s] -- Up-to-date: /home/wbb/ros2_ws/install/trans/include/trans/trans/srv/detail/simulation_reset__type_support.cpp
[1.115s] -- Up-to-date: /home/wbb/ros2_ws/install/trans/include/trans/trans/srv/detail/simulation_reset__rosidl_typesupport_introspection_cpp.hpp
[1.115s] -- Up-to-date: /home/wbb/ros2_ws/install/trans/include/trans/trans/srv/detail/gait_switch__rosidl_typesupport_introspection_cpp.hpp
[1.115s] -- Up-to-date: /home/wbb/ros2_ws/install/trans/include/trans/trans/srv/detail/gait_switch__type_support.cpp
[1.115s] -- Up-to-date: /home/wbb/ros2_ws/install/trans/lib/libtrans__rosidl_typesupport_introspection_cpp.so
[1.115s] -- Up-to-date: /home/wbb/ros2_ws/install/trans/lib/libtrans__rosidl_typesupport_cpp.so
[1.115s] -- Up-to-date: /home/wbb/ros2_ws/install/trans/share/trans/environment/pythonpath.sh
[1.115s] -- Up-to-date: /home/wbb/ros2_ws/install/trans/share/trans/environment/pythonpath.dsv
[1.115s] -- Up-to-date: /home/wbb/ros2_ws/install/trans/local/lib/python3.10/dist-packages/trans-0.0.0-py3.10.egg-info
[1.115s] -- Installing: /home/wbb/ros2_ws/install/trans/local/lib/python3.10/dist-packages/trans-0.0.0-py3.10.egg-info/PKG-INFO
[1.115s] -- Installing: /home/wbb/ros2_ws/install/trans/local/lib/python3.10/dist-packages/trans-0.0.0-py3.10.egg-info/dependency_links.txt
[1.115s] -- Installing: /home/wbb/ros2_ws/install/trans/local/lib/python3.10/dist-packages/trans-0.0.0-py3.10.egg-info/top_level.txt
[1.115s] -- Installing: /home/wbb/ros2_ws/install/trans/local/lib/python3.10/dist-packages/trans-0.0.0-py3.10.egg-info/SOURCES.txt
[1.116s] -- Up-to-date: /home/wbb/ros2_ws/install/trans/local/lib/python3.10/dist-packages/trans
[1.116s] -- Up-to-date: /home/wbb/ros2_ws/install/trans/local/lib/python3.10/dist-packages/trans/_trans_s.ep.rosidl_typesupport_introspection_c.c
[1.116s] -- Up-to-date: /home/wbb/ros2_ws/install/trans/local/lib/python3.10/dist-packages/trans/libtrans__rosidl_generator_py.so
[1.116s] -- Up-to-date: /home/wbb/ros2_ws/install/trans/local/lib/python3.10/dist-packages/trans/trans_s__rosidl_typesupport_introspection_c.cpython-310-x86_64-linux-gnu.so
[1.116s] -- Up-to-date: /home/wbb/ros2_ws/install/trans/local/lib/python3.10/dist-packages/trans/trans_s__rosidl_typesupport_c.cpython-310-x86_64-linux-gnu.so
[1.116s] -- Up-to-date: /home/wbb/ros2_ws/install/trans/local/lib/python3.10/dist-packages/trans/_trans_s.ep.rosidl_typesupport_c.c
[1.116s] -- Up-to-date: /home/wbb/ros2_ws/install/trans/local/lib/python3.10/dist-packages/trans/trans_s__rosidl_typesupport_fastrtps_c.cpython-310-x86_64-linux-gnu.so
[1.116s] -- Up-to-date: /home/wbb/ros2_ws/install/trans/local/lib/python3.10/dist-packages/trans/_trans_s.ep.rosidl_typesupport_fastrtps_c.c
[1.116s] -- Up-to-date: /home/wbb/ros2_ws/install/trans/local/lib/python3.10/dist-packages/trans/msg
[1.116s] -- Up-to-date: /home/wbb/ros2_ws/install/trans/local/lib/python3.10/dist-packages/trans/msg/_touch_sensor.py
[1.116s] -- Up-to-date: /home/wbb/ros2_ws/install/trans/local/lib/python3.10/dist-packages/trans/msg/_touch_sensor_s.c
[1.116s] -- Up-to-date: /home/wbb/ros2_ws/install/trans/local/lib/python3.10/dist-packages/trans/msg/_actuator_cmds.py
[1.116s] -- Up-to-date: /home/wbb/ros2_ws/install/trans/local/lib/python3.10/dist-packages/trans/msg/__init__.py
[1.116s] -- Up-to-date: /home/wbb/ros2_ws/install/trans/local/lib/python3.10/dist-packages/trans/msg/_actuator_cmds_s.c
[1.116s] -- Up-to-date: /home/wbb/ros2_ws/install/trans/local/lib/python3.10/dist-packages/trans/__init__.py
[1.116s] -- Up-to-date: /home/wbb/ros2_ws/install/trans/local/lib/python3.10/dist-packages/trans/srv
[1.117s] -- Up-to-date: /home/wbb/ros2_ws/install/trans/local/lib/python3.10/dist-packages/trans/srv/_simulation_reset.py
[1.117s] -- Up-to-date: /home/wbb/ros2_ws/install/trans/local/lib/python3.10/dist-packages/trans/srv/_gait_switch.py
[1.117s] -- Up-to-date: /home/wbb/ros2_ws/install/trans/local/lib/python3.10/dist-packages/trans/srv/_gait_switch_s.c
[1.117s] -- Up-to-date: /home/wbb/ros2_ws/install/trans/local/lib/python3.10/dist-packages/trans/srv/_simulation_reset_s.c
[1.117s] -- Up-to-date: /home/wbb/ros2_ws/install/trans/local/lib/python3.10/dist-packages/trans/srv/__init__.py
[1.156s] Listing '/home/wbb/ros2_ws/install/trans/local/lib/python3.10/dist-packages/trans'...
[1.156s] Listing '/home/wbb/ros2_ws/install/trans/local/lib/python3.10/dist-packages/trans/msg'...
[1.156s] Listing '/home/wbb/ros2_ws/install/trans/local/lib/python3.10/dist-packages/trans/srv'...
[1.161s] -- Up-to-date: /home/wbb/ros2_ws/install/trans/local/lib/python3.10/dist-packages/trans/trans_s__rosidl_typesupport_fastrtps_c.cpython-310-x86_64-linux-gnu.so
[1.161s] -- Up-to-date: /home/wbb/ros2_ws/install/trans/local/lib/python3.10/dist-packages/trans/trans_s__rosidl_typesupport_introspection_c.cpython-310-x86_64-linux-gnu.so
[1.162s] -- Up-to-date: /home/wbb/ros2_ws/install/trans/local/lib/python3.10/dist-packages/trans/trans_s__rosidl_typesupport_c.cpython-310-x86_64-linux-gnu.so
[1.162s] -- Up-to-date: /home/wbb/ros2_ws/install/trans/lib/libtrans__rosidl_generator_py.so
[1.162s] -- Up-to-date: /home/wbb/ros2_ws/install/trans/share/trans/msg/ActuatorCmds.idl
[1.163s] -- Up-to-date: /home/wbb/ros2_ws/install/trans/share/trans/msg/TouchSensor.idl
[1.163s] -- Up-to-date: /home/wbb/ros2_ws/install/trans/share/trans/srv/SimulationReset.idl
[1.163s] -- Up-to-date: /home/wbb/ros2_ws/install/trans/share/trans/srv/GaitSwitch.idl
[1.163s] -- Up-to-date: /home/wbb/ros2_ws/install/trans/share/trans/msgs/ActuatorCmds.msg
[1.163s] -- Up-to-date: /home/wbb/ros2_ws/install/trans/share/trans/msgs/TouchSensor.msg
[1.163s] -- Up-to-date: /home/wbb/ros2_ws/install/trans/share/trans/srv/SimulationReset.srv
[1.163s] -- Up-to-date: /home/wbb/ros2_ws/install/trans/share/trans/srv/SimulationReset_Request.msg
[1.163s] -- Up-to-date: /home/wbb/ros2_ws/install/trans/share/trans/srv/SimulationReset_Response.msg
[1.163s] -- Up-to-date: /home/wbb/ros2_ws/install/trans/share/trans/srv/GaitSwitch.srv
[1.163s] -- Up-to-date: /home/wbb/ros2_ws/install/trans/share/trans/srv/GaitSwitch_Request.msg
[1.164s] -- Up-to-date: /home/wbb/ros2_ws/install/trans/share/trans/srv/GaitSwitch_Response.msg
[1.164s] -- Up-to-date: /home/wbb/ros2_ws/install/trans/share/ament_index/resource_index/package_run_dependencies/trans
[1.164s] -- Up-to-date: /home/wbb/ros2_ws/install/trans/share/ament_index/resource_index/parent_prefix_path/trans
[1.164s] -- Up-to-date: /home/wbb/ros2_ws/install/trans/share/trans/environment/ament_prefix_path.sh
[1.164s] -- Up-to-date: /home/wbb/ros2_ws/install/trans/share/trans/environment/ament_prefix_path.dsv
[1.164s] -- Up-to-date: /home/wbb/ros2_ws/install/trans/share/trans/environment/path.sh
[1.164s] -- Up-to-date: /home/wbb/ros2_ws/install/trans/share/trans/environment/path.dsv
[1.164s] -- Up-to-date: /home/wbb/ros2_ws/install/trans/share/trans/local_setup.bash
[1.164s] -- Up-to-date: /home/wbb/ros2_ws/install/trans/share/trans/local_setup.sh
[1.164s] -- Up-to-date: /home/wbb/ros2_ws/install/trans/share/trans/local_setup.zsh
[1.164s] -- Up-to-date: /home/wbb/ros2_ws/install/trans/share/trans/local_setup.dsv
[1.164s] -- Installing: /home/wbb/ros2_ws/install/trans/share/trans/package.dsv
[1.164s] -- Up-to-date: /home/wbb/ros2_ws/install/trans/share/ament_index/resource_index/packages/trans
[1.164s] -- Up-to-date: /home/wbb/ros2_ws/install/trans/share/trans/cmake/export_trans__rosidl_generator_cExport.cmake
[1.164s] -- Up-to-date: /home/wbb/ros2_ws/install/trans/share/trans/cmake/export_trans__rosidl_generator_cExport-noconfig.cmake
[1.164s] -- Up-to-date: /home/wbb/ros2_ws/install/trans/share/trans/cmake/export_trans__rosidl_typesupport_fastrtps_cExport.cmake
[1.164s] -- Up-to-date: /home/wbb/ros2_ws/install/trans/share/trans/cmake/export_trans__rosidl_typesupport_fastrtps_cExport-noconfig.cmake
[1.165s] -- Up-to-date: /home/wbb/ros2_ws/install/trans/share/trans/cmake/export_trans__rosidl_generator_cppExport.cmake
[1.165s] -- Up-to-date: /home/wbb/ros2_ws/install/trans/share/trans/cmake/export_trans__rosidl_typesupport_fastrtps_cppExport.cmake
[1.165s] -- Up-to-date: /home/wbb/ros2_ws/install/trans/share/trans/cmake/export_trans__rosidl_typesupport_fastrtps_cppExport-noconfig.cmake
[1.165s] -- Up-to-date: /home/wbb/ros2_ws/install/trans/share/trans/cmake/trans__rosidl_typesupport_introspection_cExport.cmake
[1.165s] -- Up-to-date: /home/wbb/ros2_ws/install/trans/share/trans/cmake/trans__rosidl_typesupport_introspection_cExport-noconfig.cmake
[1.165s] -- Up-to-date: /home/wbb/ros2_ws/install/trans/share/trans/cmake/trans__rosidl_typesupport_cExport.cmake
[1.165s] -- Up-to-date: /home/wbb/ros2_ws/install/trans/share/trans/cmake/trans__rosidl_typesupport_cExport-noconfig.cmake
[1.165s] -- Up-to-date: /home/wbb/ros2_ws/install/trans/share/trans/cmake/trans__rosidl_typesupport_introspection_cppExport.cmake
[1.166s] -- Up-to-date: /home/wbb/ros2_ws/install/trans/share/trans/cmake/trans__rosidl_typesupport_introspection_cppExport-noconfig.cmake
[1.166s] -- Up-to-date: /home/wbb/ros2_ws/install/trans/share/trans/cmake/trans__rosidl_typesupport_cppExport.cmake
[1.166s] -- Up-to-date: /home/wbb/ros2_ws/install/trans/share/trans/cmake/trans__rosidl_typesupport_cppExport-noconfig.cmake
[1.166s] -- Up-to-date: /home/wbb/ros2_ws/install/trans/share/trans/cmake/export_trans__rosidl_generator_pyExport.cmake
[1.166s] -- Up-to-date: /home/wbb/ros2_ws/install/trans/share/trans/cmake/export_trans__rosidl_generator_pyExport-noconfig.cmake
[1.166s] -- Up-to-date: /home/wbb/ros2_ws/install/trans/share/trans/cmake/rosidl_cmake-extras.cmake
[1.166s] -- Up-to-date: /home/wbb/ros2_ws/install/trans/share/trans/cmake/ament_cmake_export_dependencies-extras.cmake
[1.167s] -- Up-to-date: /home/wbb/ros2_ws/install/trans/share/trans/cmake/ament_cmake_export_include_directories-extras.cmake
[1.167s] -- Up-to-date: /home/wbb/ros2_ws/install/trans/share/trans/cmake/ament_cmake_export_libraries-extras.cmake
[1.167s] -- Up-to-date: /home/wbb/ros2_ws/install/trans/share/trans/cmake/ament_cmake_export_targets-extras.cmake
[1.167s] -- Up-to-date: /home/wbb/ros2_ws/install/trans/share/trans/cmake/rosidl_cmake_export_typesupport_targets-extras.cmake
[1.167s] -- Up-to-date: /home/wbb/ros2_ws/install/trans/share/trans/cmake/rosidl_cmake_export_typesupport_libraries-extras.cmake
[1.167s] -- Up-to-date: /home/wbb/ros2_ws/install/trans/share/trans/cmake/transConfig.cmake
[1.167s] -- Up-to-date: /home/wbb/ros2_ws/install/trans/share/trans/cmake/transConfig-version.cmake
[1.167s] -- Up-to-date: /home/wbb/ros2_ws/install/trans/share/trans/package.xml
[1.168s] Invoked command in '/home/wbb/ros2_ws/build/trans' returned '0': CMAKE_PREFIX_PATH=${CMAKE_PREFIX_PATH}:/home/wbb/ros2_ws/install/third_party:/home/wbb/ros2_ws/install/sim:/home/wbb/ros2_ws/install/management:/home/wbb/ros2_ws/install/generation:/home/wbb/ros2_ws/install/gait:/home/wbb/ros2_ws/install/estimation:/home/wbb/ros2_ws/install/control:/home/wbb/ros2_ws/install/core:/home/wbb/ros2_ws/install/assets:/opt/ros/humble /usr/bin/cmake --install /home/wbb/ros2_ws/build/trans
