[0.437s] Invoking command in '/home/wbb/ros2_ws/build/trans': CMAKE_PREFIX_PATH=${CMAKE_PREFIX_PATH}:/home/wbb/ros2_ws/install/third_party:/home/wbb/ros2_ws/install/sim:/home/wbb/ros2_ws/install/management:/home/wbb/ros2_ws/install/generation:/home/wbb/ros2_ws/install/gait:/home/wbb/ros2_ws/install/estimation:/home/wbb/ros2_ws/install/control:/home/wbb/ros2_ws/install/core:/home/wbb/ros2_ws/install/assets:/opt/ros/humble /usr/bin/cmake /home/wbb/ros2_ws/src/trans -DCMAKE_INSTALL_PREFIX=/home/wbb/ros2_ws/install/trans
[0.512s] -- The C compiler identification is GNU 11.4.0
[0.574s] -- The CXX compiler identification is GNU 11.4.0
[0.580s] -- Detecting C compiler ABI info
[0.642s] -- Detecting C compiler ABI info - done
[0.650s] -- Check for working C compiler: /usr/bin/cc - skipped
[0.650s] -- Detecting C compile features
[0.651s] -- Detecting C compile features - done
[0.654s] -- Detecting CXX compiler ABI info
[0.727s] -- Detecting CXX compiler ABI info - done
[0.731s] -- Check for working CXX compiler: /usr/bin/c++ - skipped
[0.731s] -- Detecting CXX compile features
[0.732s] -- Detecting CXX compile features - done
[0.736s] -- Found ament_cmake: 1.3.11 (/opt/ros/humble/share/ament_cmake/cmake)
[0.898s] -- Found Python3: /usr/bin/python3 (found version "3.10.12") found components: Interpreter 
[0.968s] -- Found std_msgs: 4.2.4 (/opt/ros/humble/share/std_msgs/cmake)
[1.008s] -- Found rosidl_generator_c: 3.1.6 (/opt/ros/humble/share/rosidl_generator_c/cmake)
[1.015s] -- Found rosidl_adapter: 3.1.6 (/opt/ros/humble/share/rosidl_adapter/cmake)
[1.026s] -- Found rosidl_generator_cpp: 3.1.6 (/opt/ros/humble/share/rosidl_generator_cpp/cmake)
[1.043s] -- Using all available rosidl_typesupport_c: rosidl_typesupport_fastrtps_c;rosidl_typesupport_introspection_c
[1.065s] -- Using all available rosidl_typesupport_cpp: rosidl_typesupport_fastrtps_cpp;rosidl_typesupport_introspection_cpp
[1.097s] -- Found geometry_msgs: 4.2.4 (/opt/ros/humble/share/geometry_msgs/cmake)
[1.109s] -- Found sensor_msgs: 4.2.4 (/opt/ros/humble/share/sensor_msgs/cmake)
[1.122s] -- Found nav_msgs: 4.2.4 (/opt/ros/humble/share/nav_msgs/cmake)
[1.135s] -- Found rosidl_default_generators: 1.2.0 (/opt/ros/humble/share/rosidl_default_generators/cmake)
[1.386s] -- Found ament_cmake_ros: 0.10.0 (/opt/ros/humble/share/ament_cmake_ros/cmake)
[1.740s] -- Using all available rosidl_typesupport_c: rosidl_typesupport_fastrtps_c;rosidl_typesupport_introspection_c
[1.888s] -- Using all available rosidl_typesupport_cpp: rosidl_typesupport_fastrtps_cpp;rosidl_typesupport_introspection_cpp
[1.910s] -- Found PythonInterp: /usr/bin/python3 (found suitable version "3.10.12", minimum required is "3.6") 
[1.911s] -- Found python_cmake_module: 0.10.0 (/opt/ros/humble/share/python_cmake_module/cmake)
[1.935s] -- Found PythonLibs: /usr/lib/x86_64-linux-gnu/libpython3.10.so (found suitable version "3.10.12", minimum required is "3.5") 
[1.935s] -- Using PYTHON_EXECUTABLE: /usr/bin/python3
[1.935s] -- Using PYTHON_INCLUDE_DIRS: /usr/include/python3.10
[1.935s] -- Using PYTHON_LIBRARIES: /usr/lib/x86_64-linux-gnu/libpython3.10.so
[1.959s] -- Found PythonExtra: .so  
[2.042s] -- Configuring done
[2.086s] -- Generating done
[2.097s] -- Build files have been written to: /home/wbb/ros2_ws/build/trans
[2.104s] Invoked command in '/home/wbb/ros2_ws/build/trans' returned '0': CMAKE_PREFIX_PATH=${CMAKE_PREFIX_PATH}:/home/wbb/ros2_ws/install/third_party:/home/wbb/ros2_ws/install/sim:/home/wbb/ros2_ws/install/management:/home/wbb/ros2_ws/install/generation:/home/wbb/ros2_ws/install/gait:/home/wbb/ros2_ws/install/estimation:/home/wbb/ros2_ws/install/control:/home/wbb/ros2_ws/install/core:/home/wbb/ros2_ws/install/assets:/opt/ros/humble /usr/bin/cmake /home/wbb/ros2_ws/src/trans -DCMAKE_INSTALL_PREFIX=/home/wbb/ros2_ws/install/trans
[2.106s] Invoking command in '/home/wbb/ros2_ws/build/trans': CMAKE_PREFIX_PATH=${CMAKE_PREFIX_PATH}:/home/wbb/ros2_ws/install/third_party:/home/wbb/ros2_ws/install/sim:/home/wbb/ros2_ws/install/management:/home/wbb/ros2_ws/install/generation:/home/wbb/ros2_ws/install/gait:/home/wbb/ros2_ws/install/estimation:/home/wbb/ros2_ws/install/control:/home/wbb/ros2_ws/install/core:/home/wbb/ros2_ws/install/assets:/opt/ros/humble /usr/bin/cmake --build /home/wbb/ros2_ws/build/trans -- -j16 -l16
[2.141s] [  1%] [34m[1mGenerating C code for ROS interfaces[0m
[2.153s] [  3%] [34m[1mGenerating C++ code for ROS interfaces[0m
[2.156s] [  3%] Built target ament_cmake_python_copy_trans
[2.333s] running egg_info
[2.334s] creating trans.egg-info
[2.334s] writing trans.egg-info/PKG-INFO
[2.334s] writing dependency_links to trans.egg-info/dependency_links.txt
[2.334s] writing top-level names to trans.egg-info/top_level.txt
[2.334s] writing manifest file 'trans.egg-info/SOURCES.txt'
[2.335s] reading manifest file 'trans.egg-info/SOURCES.txt'
[2.335s] writing manifest file 'trans.egg-info/SOURCES.txt'
[2.355s] [  3%] Built target ament_cmake_python_build_trans_egg
[2.473s] [  3%] Built target trans__cpp
[2.481s] [  7%] [34m[1mGenerating C++ type support dispatch for ROS interfaces[0m
[2.481s] [  7%] [34m[1mGenerating C++ introspection for ROS interfaces[0m
[2.484s] [  9%] [34m[1mGenerating C++ type support for eProsima Fast-RTPS[0m
[2.664s] [ 16%] [32mBuilding C object CMakeFiles/trans__rosidl_generator_c.dir/rosidl_generator_c/trans/srv/detail/gait_switch__functions.c.o[0m
[2.665s] [ 16%] [32mBuilding C object CMakeFiles/trans__rosidl_generator_c.dir/rosidl_generator_c/trans/msg/detail/actuator_cmds__functions.c.o[0m
[2.665s] [ 16%] [32mBuilding C object CMakeFiles/trans__rosidl_generator_c.dir/rosidl_generator_c/trans/srv/detail/simulation_reset__functions.c.o[0m
[2.665s] [ 16%] [32mBuilding C object CMakeFiles/trans__rosidl_generator_c.dir/rosidl_generator_c/trans/msg/detail/touch_sensor__functions.c.o[0m
[2.727s] [ 18%] [32m[1mLinking C shared library libtrans__rosidl_generator_c.so[0m
[2.730s] [ 20%] [32mBuilding CXX object CMakeFiles/trans__rosidl_typesupport_cpp.dir/rosidl_typesupport_cpp/trans/srv/gait_switch__type_support.cpp.o[0m
[2.731s] [ 21%] [32mBuilding CXX object CMakeFiles/trans__rosidl_typesupport_cpp.dir/rosidl_typesupport_cpp/trans/msg/touch_sensor__type_support.cpp.o[0m
[2.731s] [ 23%] [32mBuilding CXX object CMakeFiles/trans__rosidl_typesupport_cpp.dir/rosidl_typesupport_cpp/trans/srv/simulation_reset__type_support.cpp.o[0m
[2.732s] [ 25%] [32mBuilding CXX object CMakeFiles/trans__rosidl_typesupport_cpp.dir/rosidl_typesupport_cpp/trans/msg/actuator_cmds__type_support.cpp.o[0m
[2.768s] [ 25%] Built target trans__rosidl_generator_c
[2.777s] [ 27%] [34m[1mGenerating C type support dispatch for ROS interfaces[0m
[2.778s] [ 30%] [34m[1mGenerating C introspection for ROS interfaces[0m
[2.778s] [ 30%] [34m[1mGenerating C type support for eProsima Fast-RTPS[0m
[2.823s] [ 32%] [32mBuilding CXX object CMakeFiles/trans__rosidl_typesupport_introspection_cpp.dir/rosidl_typesupport_introspection_cpp/trans/msg/detail/actuator_cmds__type_support.cpp.o[0m
[2.826s] [ 34%] [32mBuilding CXX object CMakeFiles/trans__rosidl_typesupport_introspection_cpp.dir/rosidl_typesupport_introspection_cpp/trans/srv/detail/gait_switch__type_support.cpp.o[0m
[2.826s] [ 38%] [32mBuilding CXX object CMakeFiles/trans__rosidl_typesupport_introspection_cpp.dir/rosidl_typesupport_introspection_cpp/trans/msg/detail/touch_sensor__type_support.cpp.o[0m
[2.826s] [ 38%] [32mBuilding CXX object CMakeFiles/trans__rosidl_typesupport_introspection_cpp.dir/rosidl_typesupport_introspection_cpp/trans/srv/detail/simulation_reset__type_support.cpp.o[0m
[2.891s] [ 45%] [32mBuilding CXX object CMakeFiles/trans__rosidl_typesupport_fastrtps_cpp.dir/rosidl_typesupport_fastrtps_cpp/trans/srv/detail/dds_fastrtps/simulation_reset__type_support.cpp.o[0m
[2.891s] [ 45%] [32mBuilding CXX object CMakeFiles/trans__rosidl_typesupport_fastrtps_cpp.dir/rosidl_typesupport_fastrtps_cpp/trans/msg/detail/dds_fastrtps/touch_sensor__type_support.cpp.o[0m
[2.891s] [ 45%] [32mBuilding CXX object CMakeFiles/trans__rosidl_typesupport_fastrtps_cpp.dir/rosidl_typesupport_fastrtps_cpp/trans/msg/detail/dds_fastrtps/actuator_cmds__type_support.cpp.o[0m
[2.891s] [ 45%] [32mBuilding CXX object CMakeFiles/trans__rosidl_typesupport_fastrtps_cpp.dir/rosidl_typesupport_fastrtps_cpp/trans/srv/detail/dds_fastrtps/gait_switch__type_support.cpp.o[0m
[3.041s] [ 47%] [32m[1mLinking CXX shared library libtrans__rosidl_typesupport_cpp.so[0m
[3.083s] [ 47%] Built target trans__rosidl_typesupport_cpp
[3.154s] [ 50%] [32mBuilding CXX object CMakeFiles/trans__rosidl_typesupport_c.dir/rosidl_typesupport_c/trans/srv/simulation_reset__type_support.cpp.o[0m
[3.154s] [ 50%] [32mBuilding CXX object CMakeFiles/trans__rosidl_typesupport_c.dir/rosidl_typesupport_c/trans/msg/touch_sensor__type_support.cpp.o[0m
[3.154s] [ 52%] [32mBuilding CXX object CMakeFiles/trans__rosidl_typesupport_c.dir/rosidl_typesupport_c/trans/srv/gait_switch__type_support.cpp.o[0m
[3.154s] [ 54%] [32mBuilding CXX object CMakeFiles/trans__rosidl_typesupport_c.dir/rosidl_typesupport_c/trans/msg/actuator_cmds__type_support.cpp.o[0m
[3.196s] [ 56%] [32m[1mLinking CXX shared library libtrans__rosidl_typesupport_c.so[0m
[3.202s] [ 58%] [32mBuilding C object CMakeFiles/trans__rosidl_typesupport_introspection_c.dir/rosidl_typesupport_introspection_c/trans/srv/detail/simulation_reset__type_support.c.o[0m
[3.202s] [ 60%] [32mBuilding C object CMakeFiles/trans__rosidl_typesupport_introspection_c.dir/rosidl_typesupport_introspection_c/trans/msg/detail/touch_sensor__type_support.c.o[0m
[3.202s] [ 61%] [32mBuilding C object CMakeFiles/trans__rosidl_typesupport_introspection_c.dir/rosidl_typesupport_introspection_c/trans/srv/detail/gait_switch__type_support.c.o[0m
[3.204s] [ 63%] [32mBuilding C object CMakeFiles/trans__rosidl_typesupport_introspection_c.dir/rosidl_typesupport_introspection_c/trans/msg/detail/actuator_cmds__type_support.c.o[0m
[3.237s] [ 63%] Built target trans__rosidl_typesupport_c
[3.248s] [ 65%] [32m[1mLinking C shared library libtrans__rosidl_typesupport_introspection_c.so[0m
[3.272s] [ 65%] Built target trans__rosidl_typesupport_introspection_c
[3.281s] [ 69%] [32mBuilding CXX object CMakeFiles/trans__rosidl_typesupport_fastrtps_c.dir/rosidl_typesupport_fastrtps_c/trans/srv/detail/gait_switch__type_support_c.cpp.o[0m
[3.281s] [ 69%] [32mBuilding CXX object CMakeFiles/trans__rosidl_typesupport_fastrtps_c.dir/rosidl_typesupport_fastrtps_c/trans/msg/detail/touch_sensor__type_support_c.cpp.o[0m
[3.283s] [ 70%] [32mBuilding CXX object CMakeFiles/trans__rosidl_typesupport_fastrtps_c.dir/rosidl_typesupport_fastrtps_c/trans/msg/detail/actuator_cmds__type_support_c.cpp.o[0m
[3.283s] [ 72%] [32mBuilding CXX object CMakeFiles/trans__rosidl_typesupport_fastrtps_c.dir/rosidl_typesupport_fastrtps_c/trans/srv/detail/simulation_reset__type_support_c.cpp.o[0m
[3.356s] [ 74%] [32m[1mLinking CXX shared library libtrans__rosidl_typesupport_introspection_cpp.so[0m
[3.423s] [ 74%] Built target trans__rosidl_typesupport_introspection_cpp
[3.465s] [ 76%] [32m[1mLinking CXX shared library libtrans__rosidl_typesupport_fastrtps_cpp.so[0m
[3.528s] [ 76%] Built target trans__rosidl_typesupport_fastrtps_cpp
[3.592s] [ 78%] [32m[1mLinking CXX shared library libtrans__rosidl_typesupport_fastrtps_c.so[0m
[3.648s] [ 78%] Built target trans__rosidl_typesupport_fastrtps_c
[3.666s] [ 78%] Built target trans
[3.684s] [ 80%] [34m[1mGenerating Python code for ROS interfaces[0m
[4.112s] [ 80%] Built target trans__py
[4.128s] [ 83%] [32mBuilding C object CMakeFiles/trans__rosidl_generator_py.dir/rosidl_generator_py/trans/srv/_simulation_reset_s.c.o[0m
[4.128s] [ 83%] [32mBuilding C object CMakeFiles/trans__rosidl_generator_py.dir/rosidl_generator_py/trans/msg/_actuator_cmds_s.c.o[0m
[4.129s] [ 85%] [32mBuilding C object CMakeFiles/trans__rosidl_generator_py.dir/rosidl_generator_py/trans/msg/_touch_sensor_s.c.o[0m
[4.129s] [ 87%] [32mBuilding C object CMakeFiles/trans__rosidl_generator_py.dir/rosidl_generator_py/trans/srv/_gait_switch_s.c.o[0m
[4.217s] [ 89%] [32m[1mLinking C shared library rosidl_generator_py/trans/libtrans__rosidl_generator_py.so[0m
[4.250s] [ 89%] Built target trans__rosidl_generator_py
[4.267s] [ 92%] [32mBuilding C object CMakeFiles/trans__rosidl_typesupport_c__pyext.dir/rosidl_generator_py/trans/_trans_s.ep.rosidl_typesupport_c.c.o[0m
[4.267s] [ 92%] [32mBuilding C object CMakeFiles/trans__rosidl_typesupport_fastrtps_c__pyext.dir/rosidl_generator_py/trans/_trans_s.ep.rosidl_typesupport_fastrtps_c.c.o[0m
[4.269s] [ 94%] [32mBuilding C object CMakeFiles/trans__rosidl_typesupport_introspection_c__pyext.dir/rosidl_generator_py/trans/_trans_s.ep.rosidl_typesupport_introspection_c.c.o[0m
[4.335s] [ 96%] [32m[1mLinking C shared library rosidl_generator_py/trans/trans_s__rosidl_typesupport_c.cpython-310-x86_64-linux-gnu.so[0m
[4.336s] [ 98%] [32m[1mLinking C shared library rosidl_generator_py/trans/trans_s__rosidl_typesupport_introspection_c.cpython-310-x86_64-linux-gnu.so[0m
[4.337s] [100%] [32m[1mLinking C shared library rosidl_generator_py/trans/trans_s__rosidl_typesupport_fastrtps_c.cpython-310-x86_64-linux-gnu.so[0m
[4.367s] [100%] Built target trans__rosidl_typesupport_introspection_c__pyext
[4.368s] [100%] Built target trans__rosidl_typesupport_fastrtps_c__pyext
[4.369s] [100%] Built target trans__rosidl_typesupport_c__pyext
[4.376s] Invoked command in '/home/wbb/ros2_ws/build/trans' returned '0': CMAKE_PREFIX_PATH=${CMAKE_PREFIX_PATH}:/home/wbb/ros2_ws/install/third_party:/home/wbb/ros2_ws/install/sim:/home/wbb/ros2_ws/install/management:/home/wbb/ros2_ws/install/generation:/home/wbb/ros2_ws/install/gait:/home/wbb/ros2_ws/install/estimation:/home/wbb/ros2_ws/install/control:/home/wbb/ros2_ws/install/core:/home/wbb/ros2_ws/install/assets:/opt/ros/humble /usr/bin/cmake --build /home/wbb/ros2_ws/build/trans -- -j16 -l16
[4.378s] Invoking command in '/home/wbb/ros2_ws/build/trans': CMAKE_PREFIX_PATH=${CMAKE_PREFIX_PATH}:/home/wbb/ros2_ws/install/third_party:/home/wbb/ros2_ws/install/sim:/home/wbb/ros2_ws/install/management:/home/wbb/ros2_ws/install/generation:/home/wbb/ros2_ws/install/gait:/home/wbb/ros2_ws/install/estimation:/home/wbb/ros2_ws/install/control:/home/wbb/ros2_ws/install/core:/home/wbb/ros2_ws/install/assets:/opt/ros/humble /usr/bin/cmake --install /home/wbb/ros2_ws/build/trans
[4.383s] -- Install configuration: ""
[4.383s] -- Installing: /home/wbb/ros2_ws/install/trans/share/ament_index/resource_index/rosidl_interfaces/trans
[4.383s] -- Installing: /home/wbb/ros2_ws/install/trans/include/trans/trans
[4.383s] -- Installing: /home/wbb/ros2_ws/install/trans/include/trans/trans/msg
[4.383s] -- Installing: /home/wbb/ros2_ws/install/trans/include/trans/trans/msg/detail
[4.383s] -- Installing: /home/wbb/ros2_ws/install/trans/include/trans/trans/msg/detail/touch_sensor__functions.c
[4.383s] -- Installing: /home/wbb/ros2_ws/install/trans/include/trans/trans/msg/detail/touch_sensor__functions.h
[4.384s] -- Installing: /home/wbb/ros2_ws/install/trans/include/trans/trans/msg/detail/actuator_cmds__struct.h
[4.384s] -- Installing: /home/wbb/ros2_ws/install/trans/include/trans/trans/msg/detail/actuator_cmds__functions.h
[4.384s] -- Installing: /home/wbb/ros2_ws/install/trans/include/trans/trans/msg/detail/actuator_cmds__type_support.h
[4.384s] -- Installing: /home/wbb/ros2_ws/install/trans/include/trans/trans/msg/detail/touch_sensor__type_support.h
[4.384s] -- Installing: /home/wbb/ros2_ws/install/trans/include/trans/trans/msg/detail/actuator_cmds__functions.c
[4.384s] -- Installing: /home/wbb/ros2_ws/install/trans/include/trans/trans/msg/detail/touch_sensor__struct.h
[4.384s] -- Installing: /home/wbb/ros2_ws/install/trans/include/trans/trans/msg/actuator_cmds.h
[4.384s] -- Installing: /home/wbb/ros2_ws/install/trans/include/trans/trans/msg/rosidl_generator_c__visibility_control.h
[4.384s] -- Installing: /home/wbb/ros2_ws/install/trans/include/trans/trans/msg/touch_sensor.h
[4.384s] -- Installing: /home/wbb/ros2_ws/install/trans/include/trans/trans/srv
[4.384s] -- Installing: /home/wbb/ros2_ws/install/trans/include/trans/trans/srv/detail
[4.384s] -- Installing: /home/wbb/ros2_ws/install/trans/include/trans/trans/srv/detail/simulation_reset__type_support.h
[4.384s] -- Installing: /home/wbb/ros2_ws/install/trans/include/trans/trans/srv/detail/simulation_reset__functions.h
[4.385s] -- Installing: /home/wbb/ros2_ws/install/trans/include/trans/trans/srv/detail/gait_switch__type_support.h
[4.385s] -- Installing: /home/wbb/ros2_ws/install/trans/include/trans/trans/srv/detail/gait_switch__functions.c
[4.385s] -- Installing: /home/wbb/ros2_ws/install/trans/include/trans/trans/srv/detail/gait_switch__functions.h
[4.385s] -- Installing: /home/wbb/ros2_ws/install/trans/include/trans/trans/srv/detail/simulation_reset__functions.c
[4.385s] -- Installing: /home/wbb/ros2_ws/install/trans/include/trans/trans/srv/detail/simulation_reset__struct.h
[4.385s] -- Installing: /home/wbb/ros2_ws/install/trans/include/trans/trans/srv/detail/gait_switch__struct.h
[4.385s] -- Installing: /home/wbb/ros2_ws/install/trans/include/trans/trans/srv/simulation_reset.h
[4.385s] -- Installing: /home/wbb/ros2_ws/install/trans/include/trans/trans/srv/gait_switch.h
[4.385s] -- Installing: /home/wbb/ros2_ws/install/trans/share/trans/environment/library_path.sh
[4.385s] -- Installing: /home/wbb/ros2_ws/install/trans/share/trans/environment/library_path.dsv
[4.385s] -- Installing: /home/wbb/ros2_ws/install/trans/lib/libtrans__rosidl_generator_c.so
[4.385s] -- Set runtime path of "/home/wbb/ros2_ws/install/trans/lib/libtrans__rosidl_generator_c.so" to ""
[4.385s] -- Up-to-date: /home/wbb/ros2_ws/install/trans/include/trans/trans
[4.385s] -- Up-to-date: /home/wbb/ros2_ws/install/trans/include/trans/trans/msg
[4.385s] -- Up-to-date: /home/wbb/ros2_ws/install/trans/include/trans/trans/msg/detail
[4.385s] -- Installing: /home/wbb/ros2_ws/install/trans/include/trans/trans/msg/detail/actuator_cmds__rosidl_typesupport_fastrtps_c.h
[4.385s] -- Installing: /home/wbb/ros2_ws/install/trans/include/trans/trans/msg/detail/touch_sensor__rosidl_typesupport_fastrtps_c.h
[4.385s] -- Installing: /home/wbb/ros2_ws/install/trans/include/trans/trans/msg/rosidl_typesupport_fastrtps_c__visibility_control.h
[4.385s] -- Up-to-date: /home/wbb/ros2_ws/install/trans/include/trans/trans/srv
[4.385s] -- Up-to-date: /home/wbb/ros2_ws/install/trans/include/trans/trans/srv/detail
[4.385s] -- Installing: /home/wbb/ros2_ws/install/trans/include/trans/trans/srv/detail/gait_switch__rosidl_typesupport_fastrtps_c.h
[4.385s] -- Installing: /home/wbb/ros2_ws/install/trans/include/trans/trans/srv/detail/simulation_reset__rosidl_typesupport_fastrtps_c.h
[4.385s] -- Installing: /home/wbb/ros2_ws/install/trans/lib/libtrans__rosidl_typesupport_fastrtps_c.so
[4.386s] -- Set runtime path of "/home/wbb/ros2_ws/install/trans/lib/libtrans__rosidl_typesupport_fastrtps_c.so" to ""
[4.386s] -- Up-to-date: /home/wbb/ros2_ws/install/trans/include/trans/trans
[4.386s] -- Up-to-date: /home/wbb/ros2_ws/install/trans/include/trans/trans/msg
[4.386s] -- Up-to-date: /home/wbb/ros2_ws/install/trans/include/trans/trans/msg/detail
[4.386s] -- Installing: /home/wbb/ros2_ws/install/trans/include/trans/trans/msg/detail/touch_sensor__type_support.hpp
[4.386s] -- Installing: /home/wbb/ros2_ws/install/trans/include/trans/trans/msg/detail/actuator_cmds__struct.hpp
[4.386s] -- Installing: /home/wbb/ros2_ws/install/trans/include/trans/trans/msg/detail/actuator_cmds__traits.hpp
[4.386s] -- Installing: /home/wbb/ros2_ws/install/trans/include/trans/trans/msg/detail/touch_sensor__builder.hpp
[4.386s] -- Installing: /home/wbb/ros2_ws/install/trans/include/trans/trans/msg/detail/touch_sensor__struct.hpp
[4.386s] -- Installing: /home/wbb/ros2_ws/install/trans/include/trans/trans/msg/detail/actuator_cmds__builder.hpp
[4.386s] -- Installing: /home/wbb/ros2_ws/install/trans/include/trans/trans/msg/detail/touch_sensor__traits.hpp
[4.386s] -- Installing: /home/wbb/ros2_ws/install/trans/include/trans/trans/msg/detail/actuator_cmds__type_support.hpp
[4.386s] -- Installing: /home/wbb/ros2_ws/install/trans/include/trans/trans/msg/touch_sensor.hpp
[4.386s] -- Installing: /home/wbb/ros2_ws/install/trans/include/trans/trans/msg/actuator_cmds.hpp
[4.386s] -- Installing: /home/wbb/ros2_ws/install/trans/include/trans/trans/msg/rosidl_generator_cpp__visibility_control.hpp
[4.386s] -- Up-to-date: /home/wbb/ros2_ws/install/trans/include/trans/trans/srv
[4.386s] -- Up-to-date: /home/wbb/ros2_ws/install/trans/include/trans/trans/srv/detail
[4.386s] -- Installing: /home/wbb/ros2_ws/install/trans/include/trans/trans/srv/detail/gait_switch__builder.hpp
[4.386s] -- Installing: /home/wbb/ros2_ws/install/trans/include/trans/trans/srv/detail/gait_switch__type_support.hpp
[4.386s] -- Installing: /home/wbb/ros2_ws/install/trans/include/trans/trans/srv/detail/gait_switch__struct.hpp
[4.386s] -- Installing: /home/wbb/ros2_ws/install/trans/include/trans/trans/srv/detail/gait_switch__traits.hpp
[4.386s] -- Installing: /home/wbb/ros2_ws/install/trans/include/trans/trans/srv/detail/simulation_reset__type_support.hpp
[4.386s] -- Installing: /home/wbb/ros2_ws/install/trans/include/trans/trans/srv/detail/simulation_reset__struct.hpp
[4.386s] -- Installing: /home/wbb/ros2_ws/install/trans/include/trans/trans/srv/detail/simulation_reset__traits.hpp
[4.386s] -- Installing: /home/wbb/ros2_ws/install/trans/include/trans/trans/srv/detail/simulation_reset__builder.hpp
[4.386s] -- Installing: /home/wbb/ros2_ws/install/trans/include/trans/trans/srv/simulation_reset.hpp
[4.386s] -- Installing: /home/wbb/ros2_ws/install/trans/include/trans/trans/srv/gait_switch.hpp
[4.386s] -- Up-to-date: /home/wbb/ros2_ws/install/trans/include/trans/trans
[4.386s] -- Up-to-date: /home/wbb/ros2_ws/install/trans/include/trans/trans/msg
[4.386s] -- Up-to-date: /home/wbb/ros2_ws/install/trans/include/trans/trans/msg/detail
[4.386s] -- Installing: /home/wbb/ros2_ws/install/trans/include/trans/trans/msg/detail/dds_fastrtps
[4.386s] -- Installing: /home/wbb/ros2_ws/install/trans/include/trans/trans/msg/detail/actuator_cmds__rosidl_typesupport_fastrtps_cpp.hpp
[4.386s] -- Installing: /home/wbb/ros2_ws/install/trans/include/trans/trans/msg/detail/touch_sensor__rosidl_typesupport_fastrtps_cpp.hpp
[4.386s] -- Installing: /home/wbb/ros2_ws/install/trans/include/trans/trans/msg/rosidl_typesupport_fastrtps_cpp__visibility_control.h
[4.386s] -- Up-to-date: /home/wbb/ros2_ws/install/trans/include/trans/trans/srv
[4.386s] -- Up-to-date: /home/wbb/ros2_ws/install/trans/include/trans/trans/srv/detail
[4.386s] -- Installing: /home/wbb/ros2_ws/install/trans/include/trans/trans/srv/detail/dds_fastrtps
[4.387s] -- Installing: /home/wbb/ros2_ws/install/trans/include/trans/trans/srv/detail/gait_switch__rosidl_typesupport_fastrtps_cpp.hpp
[4.387s] -- Installing: /home/wbb/ros2_ws/install/trans/include/trans/trans/srv/detail/simulation_reset__rosidl_typesupport_fastrtps_cpp.hpp
[4.387s] -- Installing: /home/wbb/ros2_ws/install/trans/lib/libtrans__rosidl_typesupport_fastrtps_cpp.so
[4.387s] -- Set runtime path of "/home/wbb/ros2_ws/install/trans/lib/libtrans__rosidl_typesupport_fastrtps_cpp.so" to ""
[4.387s] -- Up-to-date: /home/wbb/ros2_ws/install/trans/include/trans/trans
[4.387s] -- Up-to-date: /home/wbb/ros2_ws/install/trans/include/trans/trans/msg
[4.387s] -- Up-to-date: /home/wbb/ros2_ws/install/trans/include/trans/trans/msg/detail
[4.387s] -- Installing: /home/wbb/ros2_ws/install/trans/include/trans/trans/msg/detail/actuator_cmds__type_support.c
[4.387s] -- Installing: /home/wbb/ros2_ws/install/trans/include/trans/trans/msg/detail/touch_sensor__type_support.c
[4.387s] -- Installing: /home/wbb/ros2_ws/install/trans/include/trans/trans/msg/detail/touch_sensor__rosidl_typesupport_introspection_c.h
[4.387s] -- Installing: /home/wbb/ros2_ws/install/trans/include/trans/trans/msg/detail/actuator_cmds__rosidl_typesupport_introspection_c.h
[4.387s] -- Installing: /home/wbb/ros2_ws/install/trans/include/trans/trans/msg/rosidl_typesupport_introspection_c__visibility_control.h
[4.387s] -- Up-to-date: /home/wbb/ros2_ws/install/trans/include/trans/trans/srv
[4.387s] -- Up-to-date: /home/wbb/ros2_ws/install/trans/include/trans/trans/srv/detail
[4.387s] -- Installing: /home/wbb/ros2_ws/install/trans/include/trans/trans/srv/detail/simulation_reset__rosidl_typesupport_introspection_c.h
[4.387s] -- Installing: /home/wbb/ros2_ws/install/trans/include/trans/trans/srv/detail/gait_switch__rosidl_typesupport_introspection_c.h
[4.387s] -- Installing: /home/wbb/ros2_ws/install/trans/include/trans/trans/srv/detail/gait_switch__type_support.c
[4.387s] -- Installing: /home/wbb/ros2_ws/install/trans/include/trans/trans/srv/detail/simulation_reset__type_support.c
[4.387s] -- Installing: /home/wbb/ros2_ws/install/trans/lib/libtrans__rosidl_typesupport_introspection_c.so
[4.387s] -- Set runtime path of "/home/wbb/ros2_ws/install/trans/lib/libtrans__rosidl_typesupport_introspection_c.so" to ""
[4.387s] -- Installing: /home/wbb/ros2_ws/install/trans/lib/libtrans__rosidl_typesupport_c.so
[4.387s] -- Set runtime path of "/home/wbb/ros2_ws/install/trans/lib/libtrans__rosidl_typesupport_c.so" to ""
[4.387s] -- Up-to-date: /home/wbb/ros2_ws/install/trans/include/trans/trans
[4.387s] -- Up-to-date: /home/wbb/ros2_ws/install/trans/include/trans/trans/msg
[4.387s] -- Up-to-date: /home/wbb/ros2_ws/install/trans/include/trans/trans/msg/detail
[4.387s] -- Installing: /home/wbb/ros2_ws/install/trans/include/trans/trans/msg/detail/touch_sensor__rosidl_typesupport_introspection_cpp.hpp
[4.387s] -- Installing: /home/wbb/ros2_ws/install/trans/include/trans/trans/msg/detail/actuator_cmds__rosidl_typesupport_introspection_cpp.hpp
[4.387s] -- Installing: /home/wbb/ros2_ws/install/trans/include/trans/trans/msg/detail/actuator_cmds__type_support.cpp
[4.387s] -- Installing: /home/wbb/ros2_ws/install/trans/include/trans/trans/msg/detail/touch_sensor__type_support.cpp
[4.387s] -- Up-to-date: /home/wbb/ros2_ws/install/trans/include/trans/trans/srv
[4.387s] -- Up-to-date: /home/wbb/ros2_ws/install/trans/include/trans/trans/srv/detail
[4.388s] -- Installing: /home/wbb/ros2_ws/install/trans/include/trans/trans/srv/detail/simulation_reset__type_support.cpp
[4.388s] -- Installing: /home/wbb/ros2_ws/install/trans/include/trans/trans/srv/detail/simulation_reset__rosidl_typesupport_introspection_cpp.hpp
[4.388s] -- Installing: /home/wbb/ros2_ws/install/trans/include/trans/trans/srv/detail/gait_switch__rosidl_typesupport_introspection_cpp.hpp
[4.388s] -- Installing: /home/wbb/ros2_ws/install/trans/include/trans/trans/srv/detail/gait_switch__type_support.cpp
[4.388s] -- Installing: /home/wbb/ros2_ws/install/trans/lib/libtrans__rosidl_typesupport_introspection_cpp.so
[4.388s] -- Set runtime path of "/home/wbb/ros2_ws/install/trans/lib/libtrans__rosidl_typesupport_introspection_cpp.so" to ""
[4.388s] -- Installing: /home/wbb/ros2_ws/install/trans/lib/libtrans__rosidl_typesupport_cpp.so
[4.388s] -- Set runtime path of "/home/wbb/ros2_ws/install/trans/lib/libtrans__rosidl_typesupport_cpp.so" to ""
[4.388s] -- Installing: /home/wbb/ros2_ws/install/trans/share/trans/environment/pythonpath.sh
[4.388s] -- Installing: /home/wbb/ros2_ws/install/trans/share/trans/environment/pythonpath.dsv
[4.388s] -- Installing: /home/wbb/ros2_ws/install/trans/local/lib/python3.10/dist-packages/trans-0.0.0-py3.10.egg-info
[4.388s] -- Installing: /home/wbb/ros2_ws/install/trans/local/lib/python3.10/dist-packages/trans-0.0.0-py3.10.egg-info/PKG-INFO
[4.388s] -- Installing: /home/wbb/ros2_ws/install/trans/local/lib/python3.10/dist-packages/trans-0.0.0-py3.10.egg-info/dependency_links.txt
[4.388s] -- Installing: /home/wbb/ros2_ws/install/trans/local/lib/python3.10/dist-packages/trans-0.0.0-py3.10.egg-info/top_level.txt
[4.388s] -- Installing: /home/wbb/ros2_ws/install/trans/local/lib/python3.10/dist-packages/trans-0.0.0-py3.10.egg-info/SOURCES.txt
[4.388s] -- Installing: /home/wbb/ros2_ws/install/trans/local/lib/python3.10/dist-packages/trans
[4.388s] -- Installing: /home/wbb/ros2_ws/install/trans/local/lib/python3.10/dist-packages/trans/_trans_s.ep.rosidl_typesupport_introspection_c.c
[4.388s] -- Installing: /home/wbb/ros2_ws/install/trans/local/lib/python3.10/dist-packages/trans/libtrans__rosidl_generator_py.so
[4.388s] -- Installing: /home/wbb/ros2_ws/install/trans/local/lib/python3.10/dist-packages/trans/trans_s__rosidl_typesupport_introspection_c.cpython-310-x86_64-linux-gnu.so
[4.388s] -- Installing: /home/wbb/ros2_ws/install/trans/local/lib/python3.10/dist-packages/trans/trans_s__rosidl_typesupport_c.cpython-310-x86_64-linux-gnu.so
[4.388s] -- Installing: /home/wbb/ros2_ws/install/trans/local/lib/python3.10/dist-packages/trans/_trans_s.ep.rosidl_typesupport_c.c
[4.388s] -- Installing: /home/wbb/ros2_ws/install/trans/local/lib/python3.10/dist-packages/trans/trans_s__rosidl_typesupport_fastrtps_c.cpython-310-x86_64-linux-gnu.so
[4.388s] -- Installing: /home/wbb/ros2_ws/install/trans/local/lib/python3.10/dist-packages/trans/_trans_s.ep.rosidl_typesupport_fastrtps_c.c
[4.388s] -- Installing: /home/wbb/ros2_ws/install/trans/local/lib/python3.10/dist-packages/trans/msg
[4.388s] -- Installing: /home/wbb/ros2_ws/install/trans/local/lib/python3.10/dist-packages/trans/msg/_touch_sensor.py
[4.388s] -- Installing: /home/wbb/ros2_ws/install/trans/local/lib/python3.10/dist-packages/trans/msg/_touch_sensor_s.c
[4.389s] -- Installing: /home/wbb/ros2_ws/install/trans/local/lib/python3.10/dist-packages/trans/msg/_actuator_cmds.py
[4.389s] -- Installing: /home/wbb/ros2_ws/install/trans/local/lib/python3.10/dist-packages/trans/msg/__init__.py
[4.389s] -- Installing: /home/wbb/ros2_ws/install/trans/local/lib/python3.10/dist-packages/trans/msg/_actuator_cmds_s.c
[4.389s] -- Installing: /home/wbb/ros2_ws/install/trans/local/lib/python3.10/dist-packages/trans/__init__.py
[4.389s] -- Installing: /home/wbb/ros2_ws/install/trans/local/lib/python3.10/dist-packages/trans/srv
[4.389s] -- Installing: /home/wbb/ros2_ws/install/trans/local/lib/python3.10/dist-packages/trans/srv/_simulation_reset.py
[4.389s] -- Installing: /home/wbb/ros2_ws/install/trans/local/lib/python3.10/dist-packages/trans/srv/_gait_switch.py
[4.389s] -- Installing: /home/wbb/ros2_ws/install/trans/local/lib/python3.10/dist-packages/trans/srv/_gait_switch_s.c
[4.389s] -- Installing: /home/wbb/ros2_ws/install/trans/local/lib/python3.10/dist-packages/trans/srv/_simulation_reset_s.c
[4.389s] -- Installing: /home/wbb/ros2_ws/install/trans/local/lib/python3.10/dist-packages/trans/srv/__init__.py
[4.417s] Listing '/home/wbb/ros2_ws/install/trans/local/lib/python3.10/dist-packages/trans'...
[4.417s] Compiling '/home/wbb/ros2_ws/install/trans/local/lib/python3.10/dist-packages/trans/__init__.py'...
[4.417s] Listing '/home/wbb/ros2_ws/install/trans/local/lib/python3.10/dist-packages/trans/msg'...
[4.417s] Compiling '/home/wbb/ros2_ws/install/trans/local/lib/python3.10/dist-packages/trans/msg/__init__.py'...
[4.417s] Compiling '/home/wbb/ros2_ws/install/trans/local/lib/python3.10/dist-packages/trans/msg/_actuator_cmds.py'...
[4.417s] Compiling '/home/wbb/ros2_ws/install/trans/local/lib/python3.10/dist-packages/trans/msg/_touch_sensor.py'...
[4.417s] Listing '/home/wbb/ros2_ws/install/trans/local/lib/python3.10/dist-packages/trans/srv'...
[4.417s] Compiling '/home/wbb/ros2_ws/install/trans/local/lib/python3.10/dist-packages/trans/srv/__init__.py'...
[4.417s] Compiling '/home/wbb/ros2_ws/install/trans/local/lib/python3.10/dist-packages/trans/srv/_gait_switch.py'...
[4.417s] Compiling '/home/wbb/ros2_ws/install/trans/local/lib/python3.10/dist-packages/trans/srv/_simulation_reset.py'...
[4.420s] -- Installing: /home/wbb/ros2_ws/install/trans/local/lib/python3.10/dist-packages/trans/trans_s__rosidl_typesupport_fastrtps_c.cpython-310-x86_64-linux-gnu.so
[4.420s] -- Set runtime path of "/home/wbb/ros2_ws/install/trans/local/lib/python3.10/dist-packages/trans/trans_s__rosidl_typesupport_fastrtps_c.cpython-310-x86_64-linux-gnu.so" to ""
[4.420s] -- Installing: /home/wbb/ros2_ws/install/trans/local/lib/python3.10/dist-packages/trans/trans_s__rosidl_typesupport_introspection_c.cpython-310-x86_64-linux-gnu.so
[4.420s] -- Set runtime path of "/home/wbb/ros2_ws/install/trans/local/lib/python3.10/dist-packages/trans/trans_s__rosidl_typesupport_introspection_c.cpython-310-x86_64-linux-gnu.so" to ""
[4.420s] -- Installing: /home/wbb/ros2_ws/install/trans/local/lib/python3.10/dist-packages/trans/trans_s__rosidl_typesupport_c.cpython-310-x86_64-linux-gnu.so
[4.420s] -- Set runtime path of "/home/wbb/ros2_ws/install/trans/local/lib/python3.10/dist-packages/trans/trans_s__rosidl_typesupport_c.cpython-310-x86_64-linux-gnu.so" to ""
[4.420s] -- Installing: /home/wbb/ros2_ws/install/trans/lib/libtrans__rosidl_generator_py.so
[4.420s] -- Set runtime path of "/home/wbb/ros2_ws/install/trans/lib/libtrans__rosidl_generator_py.so" to ""
[4.420s] -- Installing: /home/wbb/ros2_ws/install/trans/share/trans/msg/ActuatorCmds.idl
[4.420s] -- Installing: /home/wbb/ros2_ws/install/trans/share/trans/msg/TouchSensor.idl
[4.420s] -- Installing: /home/wbb/ros2_ws/install/trans/share/trans/srv/SimulationReset.idl
[4.420s] -- Installing: /home/wbb/ros2_ws/install/trans/share/trans/srv/GaitSwitch.idl
[4.421s] -- Installing: /home/wbb/ros2_ws/install/trans/share/trans/msgs/ActuatorCmds.msg
[4.421s] -- Installing: /home/wbb/ros2_ws/install/trans/share/trans/msgs/TouchSensor.msg
[4.421s] -- Installing: /home/wbb/ros2_ws/install/trans/share/trans/srv/SimulationReset.srv
[4.421s] -- Installing: /home/wbb/ros2_ws/install/trans/share/trans/srv/SimulationReset_Request.msg
[4.421s] -- Installing: /home/wbb/ros2_ws/install/trans/share/trans/srv/SimulationReset_Response.msg
[4.421s] -- Installing: /home/wbb/ros2_ws/install/trans/share/trans/srv/GaitSwitch.srv
[4.421s] -- Installing: /home/wbb/ros2_ws/install/trans/share/trans/srv/GaitSwitch_Request.msg
[4.421s] -- Installing: /home/wbb/ros2_ws/install/trans/share/trans/srv/GaitSwitch_Response.msg
[4.421s] -- Installing: /home/wbb/ros2_ws/install/trans/share/ament_index/resource_index/package_run_dependencies/trans
[4.421s] -- Installing: /home/wbb/ros2_ws/install/trans/share/ament_index/resource_index/parent_prefix_path/trans
[4.421s] -- Installing: /home/wbb/ros2_ws/install/trans/share/trans/environment/ament_prefix_path.sh
[4.421s] -- Installing: /home/wbb/ros2_ws/install/trans/share/trans/environment/ament_prefix_path.dsv
[4.421s] -- Installing: /home/wbb/ros2_ws/install/trans/share/trans/environment/path.sh
[4.421s] -- Installing: /home/wbb/ros2_ws/install/trans/share/trans/environment/path.dsv
[4.421s] -- Installing: /home/wbb/ros2_ws/install/trans/share/trans/local_setup.bash
[4.421s] -- Installing: /home/wbb/ros2_ws/install/trans/share/trans/local_setup.sh
[4.421s] -- Installing: /home/wbb/ros2_ws/install/trans/share/trans/local_setup.zsh
[4.421s] -- Installing: /home/wbb/ros2_ws/install/trans/share/trans/local_setup.dsv
[4.421s] -- Installing: /home/wbb/ros2_ws/install/trans/share/trans/package.dsv
[4.421s] -- Installing: /home/wbb/ros2_ws/install/trans/share/ament_index/resource_index/packages/trans
[4.421s] -- Installing: /home/wbb/ros2_ws/install/trans/share/trans/cmake/export_trans__rosidl_generator_cExport.cmake
[4.421s] -- Installing: /home/wbb/ros2_ws/install/trans/share/trans/cmake/export_trans__rosidl_generator_cExport-noconfig.cmake
[4.421s] -- Installing: /home/wbb/ros2_ws/install/trans/share/trans/cmake/export_trans__rosidl_typesupport_fastrtps_cExport.cmake
[4.421s] -- Installing: /home/wbb/ros2_ws/install/trans/share/trans/cmake/export_trans__rosidl_typesupport_fastrtps_cExport-noconfig.cmake
[4.421s] -- Installing: /home/wbb/ros2_ws/install/trans/share/trans/cmake/export_trans__rosidl_generator_cppExport.cmake
[4.422s] -- Installing: /home/wbb/ros2_ws/install/trans/share/trans/cmake/export_trans__rosidl_typesupport_fastrtps_cppExport.cmake
[4.422s] -- Installing: /home/wbb/ros2_ws/install/trans/share/trans/cmake/export_trans__rosidl_typesupport_fastrtps_cppExport-noconfig.cmake
[4.422s] -- Installing: /home/wbb/ros2_ws/install/trans/share/trans/cmake/trans__rosidl_typesupport_introspection_cExport.cmake
[4.422s] -- Installing: /home/wbb/ros2_ws/install/trans/share/trans/cmake/trans__rosidl_typesupport_introspection_cExport-noconfig.cmake
[4.422s] -- Installing: /home/wbb/ros2_ws/install/trans/share/trans/cmake/trans__rosidl_typesupport_cExport.cmake
[4.422s] -- Installing: /home/wbb/ros2_ws/install/trans/share/trans/cmake/trans__rosidl_typesupport_cExport-noconfig.cmake
[4.422s] -- Installing: /home/wbb/ros2_ws/install/trans/share/trans/cmake/trans__rosidl_typesupport_introspection_cppExport.cmake
[4.422s] -- Installing: /home/wbb/ros2_ws/install/trans/share/trans/cmake/trans__rosidl_typesupport_introspection_cppExport-noconfig.cmake
[4.422s] -- Installing: /home/wbb/ros2_ws/install/trans/share/trans/cmake/trans__rosidl_typesupport_cppExport.cmake
[4.422s] -- Installing: /home/wbb/ros2_ws/install/trans/share/trans/cmake/trans__rosidl_typesupport_cppExport-noconfig.cmake
[4.422s] -- Installing: /home/wbb/ros2_ws/install/trans/share/trans/cmake/export_trans__rosidl_generator_pyExport.cmake
[4.422s] -- Installing: /home/wbb/ros2_ws/install/trans/share/trans/cmake/export_trans__rosidl_generator_pyExport-noconfig.cmake
[4.422s] -- Installing: /home/wbb/ros2_ws/install/trans/share/trans/cmake/rosidl_cmake-extras.cmake
[4.422s] -- Installing: /home/wbb/ros2_ws/install/trans/share/trans/cmake/ament_cmake_export_dependencies-extras.cmake
[4.422s] -- Installing: /home/wbb/ros2_ws/install/trans/share/trans/cmake/ament_cmake_export_include_directories-extras.cmake
[4.422s] -- Installing: /home/wbb/ros2_ws/install/trans/share/trans/cmake/ament_cmake_export_libraries-extras.cmake
[4.422s] -- Installing: /home/wbb/ros2_ws/install/trans/share/trans/cmake/ament_cmake_export_targets-extras.cmake
[4.422s] -- Installing: /home/wbb/ros2_ws/install/trans/share/trans/cmake/rosidl_cmake_export_typesupport_targets-extras.cmake
[4.422s] -- Installing: /home/wbb/ros2_ws/install/trans/share/trans/cmake/rosidl_cmake_export_typesupport_libraries-extras.cmake
[4.422s] -- Installing: /home/wbb/ros2_ws/install/trans/share/trans/cmake/transConfig.cmake
[4.422s] -- Installing: /home/wbb/ros2_ws/install/trans/share/trans/cmake/transConfig-version.cmake
[4.422s] -- Installing: /home/wbb/ros2_ws/install/trans/share/trans/package.xml
[4.424s] Invoked command in '/home/wbb/ros2_ws/build/trans' returned '0': CMAKE_PREFIX_PATH=${CMAKE_PREFIX_PATH}:/home/wbb/ros2_ws/install/third_party:/home/wbb/ros2_ws/install/sim:/home/wbb/ros2_ws/install/management:/home/wbb/ros2_ws/install/generation:/home/wbb/ros2_ws/install/gait:/home/wbb/ros2_ws/install/estimation:/home/wbb/ros2_ws/install/control:/home/wbb/ros2_ws/install/core:/home/wbb/ros2_ws/install/assets:/opt/ros/humble /usr/bin/cmake --install /home/wbb/ros2_ws/build/trans
