running egg_info
writing ../../build/sim/sim.egg-info/PKG-INFO
writing dependency_links to ../../build/sim/sim.egg-info/dependency_links.txt
writing entry points to ../../build/sim/sim.egg-info/entry_points.txt
writing requirements to ../../build/sim/sim.egg-info/requires.txt
writing top-level names to ../../build/sim/sim.egg-info/top_level.txt
reading manifest file '../../build/sim/sim.egg-info/SOURCES.txt'
writing manifest file '../../build/sim/sim.egg-info/SOURCES.txt'
running build
running build_py
copying sim/simulate.py -> /home/wbb/ros2_ws/build/sim/build/lib/sim
copying sim/main_sim.py -> /home/wbb/ros2_ws/build/sim/build/lib/sim
running install
running install_lib
copying /home/wbb/ros2_ws/build/sim/build/lib/sim/simulate.py -> /home/wbb/ros2_ws/install/sim/lib/python3.10/site-packages/sim
copying /home/wbb/ros2_ws/build/sim/build/lib/sim/main_sim.py -> /home/wbb/ros2_ws/install/sim/lib/python3.10/site-packages/sim
byte-compiling /home/wbb/ros2_ws/install/sim/lib/python3.10/site-packages/sim/simulate.py to simulate.cpython-310.pyc
byte-compiling /home/wbb/ros2_ws/install/sim/lib/python3.10/site-packages/sim/main_sim.py to main_sim.cpython-310.pyc
running install_data
running install_egg_info
removing '/home/wbb/ros2_ws/install/sim/lib/python3.10/site-packages/sim-0.0.0-py3.10.egg-info' (and everything under it)
Copying ../../build/sim/sim.egg-info to /home/wbb/ros2_ws/install/sim/lib/python3.10/site-packages/sim-0.0.0-py3.10.egg-info
running install_scripts
Installing main_sim script to /home/wbb/ros2_ws/install/sim/lib/sim
writing list of installed files to '/home/wbb/ros2_ws/build/sim/install.log'
