[0.462s] Invoking command in '/home/wbb/ros2_ws/src/assets': PYTHONPATH=/home/wbb/ros2_ws/build/assets/prefix_override:/usr/lib/python3/dist-packages/colcon_core/task/python/colcon_distutils_commands:/home/wbb/ros2_ws/install/assets/lib/python3.10/site-packages:${PYTHONPATH} /usr/bin/python3 -W ignore:setup.py install is deprecated -W ignore:easy_install command is deprecated setup.py egg_info --egg-base ../../build/assets build --build-base /home/wbb/ros2_ws/build/assets/build install --record /home/wbb/ros2_ws/build/assets/install.log --single-version-externally-managed install_data
[0.556s] running egg_info
[0.556s] creating ../../build/assets/assets.egg-info
[0.556s] writing ../../build/assets/assets.egg-info/PKG-INFO
[0.556s] writing dependency_links to ../../build/assets/assets.egg-info/dependency_links.txt
[0.557s] writing entry points to ../../build/assets/assets.egg-info/entry_points.txt
[0.557s] writing requirements to ../../build/assets/assets.egg-info/requires.txt
[0.557s] writing top-level names to ../../build/assets/assets.egg-info/top_level.txt
[0.557s] writing manifest file '../../build/assets/assets.egg-info/SOURCES.txt'
[0.557s] reading manifest file '../../build/assets/assets.egg-info/SOURCES.txt'
[0.557s] writing manifest file '../../build/assets/assets.egg-info/SOURCES.txt'
[0.557s] running build
[0.557s] running install
[0.557s] running install_data
[0.557s] creating /home/wbb/ros2_ws/install/assets/share/assets/p1
[0.557s] copying share/assets/p1/PF_A2.xml -> /home/wbb/ros2_ws/install/assets/share/assets/p1
[0.557s] copying share/assets/p1/config.yaml -> /home/wbb/ros2_ws/install/assets/share/assets/p1
[0.557s] copying share/assets/p1/PF_A.urdf -> /home/wbb/ros2_ws/install/assets/share/assets/p1
[0.557s] copying share/assets/p1/PF_A.xml -> /home/wbb/ros2_ws/install/assets/share/assets/p1
[0.557s] creating /home/wbb/ros2_ws/install/assets/share/assets/p1/meshes
[0.557s] copying share/assets/p1/meshes/hip_right_link.STL -> /home/wbb/ros2_ws/install/assets/share/assets/p1/meshes
[0.560s] copying share/assets/p1/meshes/foot_right_link.STL -> /home/wbb/ros2_ws/install/assets/share/assets/p1/meshes
[0.560s] copying share/assets/p1/meshes/abad_right_link.STL -> /home/wbb/ros2_ws/install/assets/share/assets/p1/meshes
[0.561s] copying share/assets/p1/meshes/knee_right_link.STL -> /home/wbb/ros2_ws/install/assets/share/assets/p1/meshes
[0.562s] copying share/assets/p1/meshes/knee_left_link.STL -> /home/wbb/ros2_ws/install/assets/share/assets/p1/meshes
[0.562s] copying share/assets/p1/meshes/abad_left_link.STL -> /home/wbb/ros2_ws/install/assets/share/assets/p1/meshes
[0.564s] copying share/assets/p1/meshes/base_link.STL -> /home/wbb/ros2_ws/install/assets/share/assets/p1/meshes
[0.566s] copying share/assets/p1/meshes/foot_left_link.STL -> /home/wbb/ros2_ws/install/assets/share/assets/p1/meshes
[0.566s] copying share/assets/p1/meshes/hip_left_link.STL -> /home/wbb/ros2_ws/install/assets/share/assets/p1/meshes
[0.569s] copying package.xml -> /home/wbb/ros2_ws/install/assets/share/assets
[0.569s] running install_egg_info
[0.571s] Copying ../../build/assets/assets.egg-info to /home/wbb/ros2_ws/install/assets/lib/python3.10/site-packages/assets-0.0.0-py3.10.egg-info
[0.571s] running install_scripts
[0.582s] writing list of installed files to '/home/wbb/ros2_ws/build/assets/install.log'
[0.717s] Invoked command in '/home/wbb/ros2_ws/src/assets' returned '0': PYTHONPATH=/home/wbb/ros2_ws/build/assets/prefix_override:/usr/lib/python3/dist-packages/colcon_core/task/python/colcon_distutils_commands:/home/wbb/ros2_ws/install/assets/lib/python3.10/site-packages:${PYTHONPATH} /usr/bin/python3 -W ignore:setup.py install is deprecated -W ignore:easy_install command is deprecated setup.py egg_info --egg-base ../../build/assets build --build-base /home/wbb/ros2_ws/build/assets/build install --record /home/wbb/ros2_ws/build/assets/install.log --single-version-externally-managed install_data
