/home/wbb/ros2_ws/install/generation/lib/python3.10/site-packages/generation/test.py
/home/wbb/ros2_ws/install/generation/lib/python3.10/site-packages/generation/convex_mpc.back2.py
/home/wbb/ros2_ws/install/generation/lib/python3.10/site-packages/generation/test2.py
/home/wbb/ros2_ws/install/generation/lib/python3.10/site-packages/generation/convex_mpc.back.py
/home/wbb/ros2_ws/install/generation/lib/python3.10/site-packages/generation/pinocchio_interface.py
/home/wbb/ros2_ws/install/generation/lib/python3.10/site-packages/generation/convex_mpc.back3.py
/home/wbb/ros2_ws/install/generation/lib/python3.10/site-packages/generation/convex_mpc.py
/home/wbb/ros2_ws/install/generation/lib/python3.10/site-packages/generation/trajectory_generation.py
/home/wbb/ros2_ws/install/generation/lib/python3.10/site-packages/generation/__init__.py
/home/wbb/ros2_ws/install/generation/lib/python3.10/site-packages/generation/foothold_optimization.py
/home/wbb/ros2_ws/install/generation/lib/python3.10/site-packages/generation/test3.py
/home/wbb/ros2_ws/install/generation/lib/python3.10/site-packages/generation/__pycache__/test.cpython-310.pyc
/home/wbb/ros2_ws/install/generation/lib/python3.10/site-packages/generation/__pycache__/convex_mpc.back2.cpython-310.pyc
/home/wbb/ros2_ws/install/generation/lib/python3.10/site-packages/generation/__pycache__/test2.cpython-310.pyc
/home/wbb/ros2_ws/install/generation/lib/python3.10/site-packages/generation/__pycache__/convex_mpc.back.cpython-310.pyc
/home/wbb/ros2_ws/install/generation/lib/python3.10/site-packages/generation/__pycache__/pinocchio_interface.cpython-310.pyc
/home/wbb/ros2_ws/install/generation/lib/python3.10/site-packages/generation/__pycache__/convex_mpc.back3.cpython-310.pyc
/home/wbb/ros2_ws/install/generation/lib/python3.10/site-packages/generation/__pycache__/convex_mpc.cpython-310.pyc
/home/wbb/ros2_ws/install/generation/lib/python3.10/site-packages/generation/__pycache__/trajectory_generation.cpython-310.pyc
/home/wbb/ros2_ws/install/generation/lib/python3.10/site-packages/generation/__pycache__/__init__.cpython-310.pyc
/home/wbb/ros2_ws/install/generation/lib/python3.10/site-packages/generation/__pycache__/foothold_optimization.cpython-310.pyc
/home/wbb/ros2_ws/install/generation/lib/python3.10/site-packages/generation/__pycache__/test3.cpython-310.pyc
/home/wbb/ros2_ws/install/generation/share/ament_index/resource_index/packages/generation
/home/wbb/ros2_ws/install/generation/share/generation/package.xml
/home/wbb/ros2_ws/install/generation/lib/python3.10/site-packages/generation-0.0.0-py3.10.egg-info/PKG-INFO
/home/wbb/ros2_ws/install/generation/lib/python3.10/site-packages/generation-0.0.0-py3.10.egg-info/zip-safe
/home/wbb/ros2_ws/install/generation/lib/python3.10/site-packages/generation-0.0.0-py3.10.egg-info/dependency_links.txt
/home/wbb/ros2_ws/install/generation/lib/python3.10/site-packages/generation-0.0.0-py3.10.egg-info/entry_points.txt
/home/wbb/ros2_ws/install/generation/lib/python3.10/site-packages/generation-0.0.0-py3.10.egg-info/top_level.txt
/home/wbb/ros2_ws/install/generation/lib/python3.10/site-packages/generation-0.0.0-py3.10.egg-info/requires.txt
/home/wbb/ros2_ws/install/generation/lib/python3.10/site-packages/generation-0.0.0-py3.10.egg-info/SOURCES.txt
