[0.897s] Invoking command in '/home/wbb/ros2_ws/build/visualization': CMAKE_PREFIX_PATH=${CMAKE_PREFIX_PATH}:/home/wbb/ros2_ws/install/third_party:/home/wbb/ros2_ws/install/sim:/home/wbb/ros2_ws/install/management:/home/wbb/ros2_ws/install/generation:/home/wbb/ros2_ws/install/gait:/home/wbb/ros2_ws/install/estimation:/home/wbb/ros2_ws/install/control:/home/wbb/ros2_ws/install/core:/home/wbb/ros2_ws/install/assets:/opt/ros/humble /usr/bin/cmake --build /home/wbb/ros2_ws/build/visualization -- -j16 -l16
[0.979s] Invoked command in '/home/wbb/ros2_ws/build/visualization' returned '0': CMAKE_PREFIX_PATH=${CMAKE_PREFIX_PATH}:/home/wbb/ros2_ws/install/third_party:/home/wbb/ros2_ws/install/sim:/home/wbb/ros2_ws/install/management:/home/wbb/ros2_ws/install/generation:/home/wbb/ros2_ws/install/gait:/home/wbb/ros2_ws/install/estimation:/home/wbb/ros2_ws/install/control:/home/wbb/ros2_ws/install/core:/home/wbb/ros2_ws/install/assets:/opt/ros/humble /usr/bin/cmake --build /home/wbb/ros2_ws/build/visualization -- -j16 -l16
[1.006s] Invoking command in '/home/wbb/ros2_ws/build/visualization': CMAKE_PREFIX_PATH=${CMAKE_PREFIX_PATH}:/home/wbb/ros2_ws/install/third_party:/home/wbb/ros2_ws/install/sim:/home/wbb/ros2_ws/install/management:/home/wbb/ros2_ws/install/generation:/home/wbb/ros2_ws/install/gait:/home/wbb/ros2_ws/install/estimation:/home/wbb/ros2_ws/install/control:/home/wbb/ros2_ws/install/core:/home/wbb/ros2_ws/install/assets:/opt/ros/humble /usr/bin/cmake --install /home/wbb/ros2_ws/build/visualization
[1.011s] -- Install configuration: ""
[1.011s] -- Up-to-date: /home/wbb/ros2_ws/install/visualization/share/visualization/launch
[1.012s] -- Up-to-date: /home/wbb/ros2_ws/install/visualization/share/visualization/launch/a1_vis_launch.py
[1.012s] -- Up-to-date: /home/wbb/ros2_ws/install/visualization/share/visualization/launch/aliengo_vis_launch.py
[1.012s] -- Up-to-date: /home/wbb/ros2_ws/install/visualization/share/visualization/config
[1.012s] -- Up-to-date: /home/wbb/ros2_ws/install/visualization/share/visualization/config/config.rviz
[1.012s] -- Up-to-date: /home/wbb/ros2_ws/install/visualization/share/visualization/config/atlas_config.rviz
[1.012s] -- Up-to-date: /home/wbb/ros2_ws/install/visualization/share/visualization/config/spot_config.rviz
[1.012s] -- Up-to-date: /home/wbb/ros2_ws/install/visualization/share/ament_index/resource_index/package_run_dependencies/visualization
[1.012s] -- Up-to-date: /home/wbb/ros2_ws/install/visualization/share/ament_index/resource_index/parent_prefix_path/visualization
[1.012s] -- Up-to-date: /home/wbb/ros2_ws/install/visualization/share/visualization/environment/ament_prefix_path.sh
[1.012s] -- Up-to-date: /home/wbb/ros2_ws/install/visualization/share/visualization/environment/ament_prefix_path.dsv
[1.013s] -- Up-to-date: /home/wbb/ros2_ws/install/visualization/share/visualization/environment/path.sh
[1.013s] -- Up-to-date: /home/wbb/ros2_ws/install/visualization/share/visualization/environment/path.dsv
[1.013s] -- Up-to-date: /home/wbb/ros2_ws/install/visualization/share/visualization/local_setup.bash
[1.013s] -- Up-to-date: /home/wbb/ros2_ws/install/visualization/share/visualization/local_setup.sh
[1.013s] -- Up-to-date: /home/wbb/ros2_ws/install/visualization/share/visualization/local_setup.zsh
[1.013s] -- Up-to-date: /home/wbb/ros2_ws/install/visualization/share/visualization/local_setup.dsv
[1.013s] -- Installing: /home/wbb/ros2_ws/install/visualization/share/visualization/package.dsv
[1.013s] -- Up-to-date: /home/wbb/ros2_ws/install/visualization/share/ament_index/resource_index/packages/visualization
[1.013s] -- Up-to-date: /home/wbb/ros2_ws/install/visualization/share/visualization/cmake/visualizationConfig.cmake
[1.013s] -- Up-to-date: /home/wbb/ros2_ws/install/visualization/share/visualization/cmake/visualizationConfig-version.cmake
[1.013s] -- Up-to-date: /home/wbb/ros2_ws/install/visualization/share/visualization/package.xml
[1.021s] Invoked command in '/home/wbb/ros2_ws/build/visualization' returned '0': CMAKE_PREFIX_PATH=${CMAKE_PREFIX_PATH}:/home/wbb/ros2_ws/install/third_party:/home/wbb/ros2_ws/install/sim:/home/wbb/ros2_ws/install/management:/home/wbb/ros2_ws/install/generation:/home/wbb/ros2_ws/install/gait:/home/wbb/ros2_ws/install/estimation:/home/wbb/ros2_ws/install/control:/home/wbb/ros2_ws/install/core:/home/wbb/ros2_ws/install/assets:/opt/ros/humble /usr/bin/cmake --install /home/wbb/ros2_ws/build/visualization
