[0.744s] Invoking command in '/home/wbb/ros2_ws/build/trans': CMAKE_PREFIX_PATH=${CMAKE_PREFIX_PATH}:/home/wbb/ros2_ws/install/third_party:/home/wbb/ros2_ws/install/sim:/home/wbb/ros2_ws/install/management:/home/wbb/ros2_ws/install/generation:/home/wbb/ros2_ws/install/gait:/home/wbb/ros2_ws/install/estimation:/home/wbb/ros2_ws/install/control:/home/wbb/ros2_ws/install/core:/home/wbb/ros2_ws/install/assets:/opt/ros/humble /usr/bin/cmake --build /home/wbb/ros2_ws/build/trans -- -j16 -l16
[0.796s] [ 10%] Built target trans__rosidl_generator_c
[0.799s] [ 12%] Built target trans__cpp
[0.814s] [ 12%] Built target ament_cmake_python_copy_trans
[0.831s] [ 23%] Built target trans__rosidl_typesupport_introspection_c
[0.832s] [ 38%] Built target trans__rosidl_typesupport_c
[0.832s] [ 45%] Built target trans__rosidl_typesupport_fastrtps_cpp
[0.834s] [ 61%] Built target trans__rosidl_typesupport_fastrtps_c
[0.834s] [ 67%] Built target trans__rosidl_typesupport_cpp
[0.839s] [ 78%] Built target trans__rosidl_typesupport_introspection_cpp
[0.868s] [ 78%] Built target trans
[0.899s] [ 80%] Built target trans__py
[0.933s] [ 89%] Built target trans__rosidl_generator_py
[0.962s] [ 92%] Built target trans__rosidl_typesupport_introspection_c__pyext
[0.966s] [ 96%] Built target trans__rosidl_typesupport_fastrtps_c__pyext
[0.971s] [100%] Built target trans__rosidl_typesupport_c__pyext
[1.126s] running egg_info
[1.127s] writing trans.egg-info/PKG-INFO
[1.127s] writing dependency_links to trans.egg-info/dependency_links.txt
[1.127s] writing top-level names to trans.egg-info/top_level.txt
[1.130s] reading manifest file 'trans.egg-info/SOURCES.txt'
[1.130s] writing manifest file 'trans.egg-info/SOURCES.txt'
[1.153s] [100%] Built target ament_cmake_python_build_trans_egg
[1.166s] Invoked command in '/home/wbb/ros2_ws/build/trans' returned '0': CMAKE_PREFIX_PATH=${CMAKE_PREFIX_PATH}:/home/wbb/ros2_ws/install/third_party:/home/wbb/ros2_ws/install/sim:/home/wbb/ros2_ws/install/management:/home/wbb/ros2_ws/install/generation:/home/wbb/ros2_ws/install/gait:/home/wbb/ros2_ws/install/estimation:/home/wbb/ros2_ws/install/control:/home/wbb/ros2_ws/install/core:/home/wbb/ros2_ws/install/assets:/opt/ros/humble /usr/bin/cmake --build /home/wbb/ros2_ws/build/trans -- -j16 -l16
[1.168s] Invoking command in '/home/wbb/ros2_ws/build/trans': CMAKE_PREFIX_PATH=${CMAKE_PREFIX_PATH}:/home/wbb/ros2_ws/install/third_party:/home/wbb/ros2_ws/install/sim:/home/wbb/ros2_ws/install/management:/home/wbb/ros2_ws/install/generation:/home/wbb/ros2_ws/install/gait:/home/wbb/ros2_ws/install/estimation:/home/wbb/ros2_ws/install/control:/home/wbb/ros2_ws/install/core:/home/wbb/ros2_ws/install/assets:/opt/ros/humble /usr/bin/cmake --install /home/wbb/ros2_ws/build/trans
[1.178s] -- Install configuration: ""
[1.178s] -- Up-to-date: /home/wbb/ros2_ws/install/trans/share/ament_index/resource_index/rosidl_interfaces/trans
[1.178s] -- Up-to-date: /home/wbb/ros2_ws/install/trans/include/trans/trans
[1.178s] -- Up-to-date: /home/wbb/ros2_ws/install/trans/include/trans/trans/msg
[1.179s] -- Up-to-date: /home/wbb/ros2_ws/install/trans/include/trans/trans/msg/detail
[1.179s] -- Up-to-date: /home/wbb/ros2_ws/install/trans/include/trans/trans/msg/detail/touch_sensor__functions.c
[1.179s] -- Up-to-date: /home/wbb/ros2_ws/install/trans/include/trans/trans/msg/detail/touch_sensor__functions.h
[1.179s] -- Up-to-date: /home/wbb/ros2_ws/install/trans/include/trans/trans/msg/detail/actuator_cmds__struct.h
[1.179s] -- Up-to-date: /home/wbb/ros2_ws/install/trans/include/trans/trans/msg/detail/actuator_cmds__functions.h
[1.179s] -- Up-to-date: /home/wbb/ros2_ws/install/trans/include/trans/trans/msg/detail/actuator_cmds__type_support.h
[1.179s] -- Up-to-date: /home/wbb/ros2_ws/install/trans/include/trans/trans/msg/detail/touch_sensor__type_support.h
[1.180s] -- Up-to-date: /home/wbb/ros2_ws/install/trans/include/trans/trans/msg/detail/actuator_cmds__functions.c
[1.180s] -- Up-to-date: /home/wbb/ros2_ws/install/trans/include/trans/trans/msg/detail/touch_sensor__struct.h
[1.180s] -- Up-to-date: /home/wbb/ros2_ws/install/trans/include/trans/trans/msg/actuator_cmds.h
[1.180s] -- Up-to-date: /home/wbb/ros2_ws/install/trans/include/trans/trans/msg/rosidl_generator_c__visibility_control.h
[1.181s] -- Up-to-date: /home/wbb/ros2_ws/install/trans/include/trans/trans/msg/touch_sensor.h
[1.181s] -- Up-to-date: /home/wbb/ros2_ws/install/trans/include/trans/trans/srv
[1.181s] -- Up-to-date: /home/wbb/ros2_ws/install/trans/include/trans/trans/srv/detail
[1.181s] -- Up-to-date: /home/wbb/ros2_ws/install/trans/include/trans/trans/srv/detail/simulation_reset__type_support.h
[1.181s] -- Up-to-date: /home/wbb/ros2_ws/install/trans/include/trans/trans/srv/detail/simulation_reset__functions.h
[1.181s] -- Up-to-date: /home/wbb/ros2_ws/install/trans/include/trans/trans/srv/detail/gait_switch__type_support.h
[1.182s] -- Up-to-date: /home/wbb/ros2_ws/install/trans/include/trans/trans/srv/detail/gait_switch__functions.c
[1.182s] -- Up-to-date: /home/wbb/ros2_ws/install/trans/include/trans/trans/srv/detail/gait_switch__functions.h
[1.182s] -- Up-to-date: /home/wbb/ros2_ws/install/trans/include/trans/trans/srv/detail/simulation_reset__functions.c
[1.182s] -- Up-to-date: /home/wbb/ros2_ws/install/trans/include/trans/trans/srv/detail/simulation_reset__struct.h
[1.182s] -- Up-to-date: /home/wbb/ros2_ws/install/trans/include/trans/trans/srv/detail/gait_switch__struct.h
[1.182s] -- Up-to-date: /home/wbb/ros2_ws/install/trans/include/trans/trans/srv/simulation_reset.h
[1.182s] -- Up-to-date: /home/wbb/ros2_ws/install/trans/include/trans/trans/srv/gait_switch.h
[1.183s] -- Up-to-date: /home/wbb/ros2_ws/install/trans/share/trans/environment/library_path.sh
[1.183s] -- Up-to-date: /home/wbb/ros2_ws/install/trans/share/trans/environment/library_path.dsv
[1.183s] -- Up-to-date: /home/wbb/ros2_ws/install/trans/lib/libtrans__rosidl_generator_c.so
[1.183s] -- Up-to-date: /home/wbb/ros2_ws/install/trans/include/trans/trans
[1.183s] -- Up-to-date: /home/wbb/ros2_ws/install/trans/include/trans/trans/msg
[1.183s] -- Up-to-date: /home/wbb/ros2_ws/install/trans/include/trans/trans/msg/detail
[1.183s] -- Up-to-date: /home/wbb/ros2_ws/install/trans/include/trans/trans/msg/detail/actuator_cmds__rosidl_typesupport_fastrtps_c.h
[1.183s] -- Up-to-date: /home/wbb/ros2_ws/install/trans/include/trans/trans/msg/detail/touch_sensor__rosidl_typesupport_fastrtps_c.h
[1.183s] -- Up-to-date: /home/wbb/ros2_ws/install/trans/include/trans/trans/msg/rosidl_typesupport_fastrtps_c__visibility_control.h
[1.183s] -- Up-to-date: /home/wbb/ros2_ws/install/trans/include/trans/trans/srv
[1.184s] -- Up-to-date: /home/wbb/ros2_ws/install/trans/include/trans/trans/srv/detail
[1.184s] -- Up-to-date: /home/wbb/ros2_ws/install/trans/include/trans/trans/srv/detail/gait_switch__rosidl_typesupport_fastrtps_c.h
[1.184s] -- Up-to-date: /home/wbb/ros2_ws/install/trans/include/trans/trans/srv/detail/simulation_reset__rosidl_typesupport_fastrtps_c.h
[1.184s] -- Up-to-date: /home/wbb/ros2_ws/install/trans/lib/libtrans__rosidl_typesupport_fastrtps_c.so
[1.184s] -- Up-to-date: /home/wbb/ros2_ws/install/trans/include/trans/trans
[1.184s] -- Up-to-date: /home/wbb/ros2_ws/install/trans/include/trans/trans/msg
[1.184s] -- Up-to-date: /home/wbb/ros2_ws/install/trans/include/trans/trans/msg/detail
[1.184s] -- Up-to-date: /home/wbb/ros2_ws/install/trans/include/trans/trans/msg/detail/touch_sensor__type_support.hpp
[1.184s] -- Up-to-date: /home/wbb/ros2_ws/install/trans/include/trans/trans/msg/detail/actuator_cmds__struct.hpp
[1.184s] -- Up-to-date: /home/wbb/ros2_ws/install/trans/include/trans/trans/msg/detail/actuator_cmds__traits.hpp
[1.185s] -- Up-to-date: /home/wbb/ros2_ws/install/trans/include/trans/trans/msg/detail/touch_sensor__builder.hpp
[1.185s] -- Up-to-date: /home/wbb/ros2_ws/install/trans/include/trans/trans/msg/detail/touch_sensor__struct.hpp
[1.185s] -- Up-to-date: /home/wbb/ros2_ws/install/trans/include/trans/trans/msg/detail/actuator_cmds__builder.hpp
[1.185s] -- Up-to-date: /home/wbb/ros2_ws/install/trans/include/trans/trans/msg/detail/touch_sensor__traits.hpp
[1.185s] -- Up-to-date: /home/wbb/ros2_ws/install/trans/include/trans/trans/msg/detail/actuator_cmds__type_support.hpp
[1.185s] -- Up-to-date: /home/wbb/ros2_ws/install/trans/include/trans/trans/msg/touch_sensor.hpp
[1.185s] -- Up-to-date: /home/wbb/ros2_ws/install/trans/include/trans/trans/msg/actuator_cmds.hpp
[1.185s] -- Up-to-date: /home/wbb/ros2_ws/install/trans/include/trans/trans/msg/rosidl_generator_cpp__visibility_control.hpp
[1.185s] -- Up-to-date: /home/wbb/ros2_ws/install/trans/include/trans/trans/srv
[1.185s] -- Up-to-date: /home/wbb/ros2_ws/install/trans/include/trans/trans/srv/detail
[1.186s] -- Up-to-date: /home/wbb/ros2_ws/install/trans/include/trans/trans/srv/detail/gait_switch__builder.hpp
[1.186s] -- Up-to-date: /home/wbb/ros2_ws/install/trans/include/trans/trans/srv/detail/gait_switch__type_support.hpp
[1.186s] -- Up-to-date: /home/wbb/ros2_ws/install/trans/include/trans/trans/srv/detail/gait_switch__struct.hpp
[1.186s] -- Up-to-date: /home/wbb/ros2_ws/install/trans/include/trans/trans/srv/detail/gait_switch__traits.hpp
[1.186s] -- Up-to-date: /home/wbb/ros2_ws/install/trans/include/trans/trans/srv/detail/simulation_reset__type_support.hpp
[1.186s] -- Up-to-date: /home/wbb/ros2_ws/install/trans/include/trans/trans/srv/detail/simulation_reset__struct.hpp
[1.186s] -- Up-to-date: /home/wbb/ros2_ws/install/trans/include/trans/trans/srv/detail/simulation_reset__traits.hpp
[1.186s] -- Up-to-date: /home/wbb/ros2_ws/install/trans/include/trans/trans/srv/detail/simulation_reset__builder.hpp
[1.186s] -- Up-to-date: /home/wbb/ros2_ws/install/trans/include/trans/trans/srv/simulation_reset.hpp
[1.186s] -- Up-to-date: /home/wbb/ros2_ws/install/trans/include/trans/trans/srv/gait_switch.hpp
[1.187s] -- Up-to-date: /home/wbb/ros2_ws/install/trans/include/trans/trans
[1.187s] -- Up-to-date: /home/wbb/ros2_ws/install/trans/include/trans/trans/msg
[1.187s] -- Up-to-date: /home/wbb/ros2_ws/install/trans/include/trans/trans/msg/detail
[1.187s] -- Up-to-date: /home/wbb/ros2_ws/install/trans/include/trans/trans/msg/detail/dds_fastrtps
[1.187s] -- Up-to-date: /home/wbb/ros2_ws/install/trans/include/trans/trans/msg/detail/actuator_cmds__rosidl_typesupport_fastrtps_cpp.hpp
[1.187s] -- Up-to-date: /home/wbb/ros2_ws/install/trans/include/trans/trans/msg/detail/touch_sensor__rosidl_typesupport_fastrtps_cpp.hpp
[1.187s] -- Up-to-date: /home/wbb/ros2_ws/install/trans/include/trans/trans/msg/rosidl_typesupport_fastrtps_cpp__visibility_control.h
[1.187s] -- Up-to-date: /home/wbb/ros2_ws/install/trans/include/trans/trans/srv
[1.187s] -- Up-to-date: /home/wbb/ros2_ws/install/trans/include/trans/trans/srv/detail
[1.187s] -- Up-to-date: /home/wbb/ros2_ws/install/trans/include/trans/trans/srv/detail/dds_fastrtps
[1.188s] -- Up-to-date: /home/wbb/ros2_ws/install/trans/include/trans/trans/srv/detail/gait_switch__rosidl_typesupport_fastrtps_cpp.hpp
[1.188s] -- Up-to-date: /home/wbb/ros2_ws/install/trans/include/trans/trans/srv/detail/simulation_reset__rosidl_typesupport_fastrtps_cpp.hpp
[1.188s] -- Up-to-date: /home/wbb/ros2_ws/install/trans/lib/libtrans__rosidl_typesupport_fastrtps_cpp.so
[1.188s] -- Up-to-date: /home/wbb/ros2_ws/install/trans/include/trans/trans
[1.188s] -- Up-to-date: /home/wbb/ros2_ws/install/trans/include/trans/trans/msg
[1.188s] -- Up-to-date: /home/wbb/ros2_ws/install/trans/include/trans/trans/msg/detail
[1.188s] -- Up-to-date: /home/wbb/ros2_ws/install/trans/include/trans/trans/msg/detail/actuator_cmds__type_support.c
[1.188s] -- Up-to-date: /home/wbb/ros2_ws/install/trans/include/trans/trans/msg/detail/touch_sensor__type_support.c
[1.188s] -- Up-to-date: /home/wbb/ros2_ws/install/trans/include/trans/trans/msg/detail/touch_sensor__rosidl_typesupport_introspection_c.h
[1.188s] -- Up-to-date: /home/wbb/ros2_ws/install/trans/include/trans/trans/msg/detail/actuator_cmds__rosidl_typesupport_introspection_c.h
[1.189s] -- Up-to-date: /home/wbb/ros2_ws/install/trans/include/trans/trans/msg/rosidl_typesupport_introspection_c__visibility_control.h
[1.189s] -- Up-to-date: /home/wbb/ros2_ws/install/trans/include/trans/trans/srv
[1.189s] -- Up-to-date: /home/wbb/ros2_ws/install/trans/include/trans/trans/srv/detail
[1.189s] -- Up-to-date: /home/wbb/ros2_ws/install/trans/include/trans/trans/srv/detail/simulation_reset__rosidl_typesupport_introspection_c.h
[1.189s] -- Up-to-date: /home/wbb/ros2_ws/install/trans/include/trans/trans/srv/detail/gait_switch__rosidl_typesupport_introspection_c.h
[1.189s] -- Up-to-date: /home/wbb/ros2_ws/install/trans/include/trans/trans/srv/detail/gait_switch__type_support.c
[1.189s] -- Up-to-date: /home/wbb/ros2_ws/install/trans/include/trans/trans/srv/detail/simulation_reset__type_support.c
[1.189s] -- Up-to-date: /home/wbb/ros2_ws/install/trans/lib/libtrans__rosidl_typesupport_introspection_c.so
[1.189s] -- Up-to-date: /home/wbb/ros2_ws/install/trans/lib/libtrans__rosidl_typesupport_c.so
[1.190s] -- Up-to-date: /home/wbb/ros2_ws/install/trans/include/trans/trans
[1.190s] -- Up-to-date: /home/wbb/ros2_ws/install/trans/include/trans/trans/msg
[1.190s] -- Up-to-date: /home/wbb/ros2_ws/install/trans/include/trans/trans/msg/detail
[1.190s] -- Up-to-date: /home/wbb/ros2_ws/install/trans/include/trans/trans/msg/detail/touch_sensor__rosidl_typesupport_introspection_cpp.hpp
[1.190s] -- Up-to-date: /home/wbb/ros2_ws/install/trans/include/trans/trans/msg/detail/actuator_cmds__rosidl_typesupport_introspection_cpp.hpp
[1.190s] -- Up-to-date: /home/wbb/ros2_ws/install/trans/include/trans/trans/msg/detail/actuator_cmds__type_support.cpp
[1.190s] -- Up-to-date: /home/wbb/ros2_ws/install/trans/include/trans/trans/msg/detail/touch_sensor__type_support.cpp
[1.190s] -- Up-to-date: /home/wbb/ros2_ws/install/trans/include/trans/trans/srv
[1.190s] -- Up-to-date: /home/wbb/ros2_ws/install/trans/include/trans/trans/srv/detail
[1.190s] -- Up-to-date: /home/wbb/ros2_ws/install/trans/include/trans/trans/srv/detail/simulation_reset__type_support.cpp
[1.191s] -- Up-to-date: /home/wbb/ros2_ws/install/trans/include/trans/trans/srv/detail/simulation_reset__rosidl_typesupport_introspection_cpp.hpp
[1.191s] -- Up-to-date: /home/wbb/ros2_ws/install/trans/include/trans/trans/srv/detail/gait_switch__rosidl_typesupport_introspection_cpp.hpp
[1.191s] -- Up-to-date: /home/wbb/ros2_ws/install/trans/include/trans/trans/srv/detail/gait_switch__type_support.cpp
[1.191s] -- Up-to-date: /home/wbb/ros2_ws/install/trans/lib/libtrans__rosidl_typesupport_introspection_cpp.so
[1.191s] -- Up-to-date: /home/wbb/ros2_ws/install/trans/lib/libtrans__rosidl_typesupport_cpp.so
[1.191s] -- Up-to-date: /home/wbb/ros2_ws/install/trans/share/trans/environment/pythonpath.sh
[1.191s] -- Up-to-date: /home/wbb/ros2_ws/install/trans/share/trans/environment/pythonpath.dsv
[1.191s] -- Up-to-date: /home/wbb/ros2_ws/install/trans/local/lib/python3.10/dist-packages/trans-0.0.0-py3.10.egg-info
[1.191s] -- Installing: /home/wbb/ros2_ws/install/trans/local/lib/python3.10/dist-packages/trans-0.0.0-py3.10.egg-info/PKG-INFO
[1.192s] -- Installing: /home/wbb/ros2_ws/install/trans/local/lib/python3.10/dist-packages/trans-0.0.0-py3.10.egg-info/dependency_links.txt
[1.192s] -- Installing: /home/wbb/ros2_ws/install/trans/local/lib/python3.10/dist-packages/trans-0.0.0-py3.10.egg-info/top_level.txt
[1.192s] -- Installing: /home/wbb/ros2_ws/install/trans/local/lib/python3.10/dist-packages/trans-0.0.0-py3.10.egg-info/SOURCES.txt
[1.192s] -- Up-to-date: /home/wbb/ros2_ws/install/trans/local/lib/python3.10/dist-packages/trans
[1.192s] -- Up-to-date: /home/wbb/ros2_ws/install/trans/local/lib/python3.10/dist-packages/trans/_trans_s.ep.rosidl_typesupport_introspection_c.c
[1.192s] -- Up-to-date: /home/wbb/ros2_ws/install/trans/local/lib/python3.10/dist-packages/trans/libtrans__rosidl_generator_py.so
[1.192s] -- Up-to-date: /home/wbb/ros2_ws/install/trans/local/lib/python3.10/dist-packages/trans/trans_s__rosidl_typesupport_introspection_c.cpython-310-x86_64-linux-gnu.so
[1.192s] -- Up-to-date: /home/wbb/ros2_ws/install/trans/local/lib/python3.10/dist-packages/trans/trans_s__rosidl_typesupport_c.cpython-310-x86_64-linux-gnu.so
[1.193s] -- Up-to-date: /home/wbb/ros2_ws/install/trans/local/lib/python3.10/dist-packages/trans/_trans_s.ep.rosidl_typesupport_c.c
[1.193s] -- Up-to-date: /home/wbb/ros2_ws/install/trans/local/lib/python3.10/dist-packages/trans/trans_s__rosidl_typesupport_fastrtps_c.cpython-310-x86_64-linux-gnu.so
[1.193s] -- Up-to-date: /home/wbb/ros2_ws/install/trans/local/lib/python3.10/dist-packages/trans/_trans_s.ep.rosidl_typesupport_fastrtps_c.c
[1.193s] -- Up-to-date: /home/wbb/ros2_ws/install/trans/local/lib/python3.10/dist-packages/trans/msg
[1.193s] -- Up-to-date: /home/wbb/ros2_ws/install/trans/local/lib/python3.10/dist-packages/trans/msg/_touch_sensor.py
[1.193s] -- Up-to-date: /home/wbb/ros2_ws/install/trans/local/lib/python3.10/dist-packages/trans/msg/_touch_sensor_s.c
[1.193s] -- Up-to-date: /home/wbb/ros2_ws/install/trans/local/lib/python3.10/dist-packages/trans/msg/_actuator_cmds.py
[1.193s] -- Up-to-date: /home/wbb/ros2_ws/install/trans/local/lib/python3.10/dist-packages/trans/msg/__init__.py
[1.193s] -- Up-to-date: /home/wbb/ros2_ws/install/trans/local/lib/python3.10/dist-packages/trans/msg/_actuator_cmds_s.c
[1.194s] -- Up-to-date: /home/wbb/ros2_ws/install/trans/local/lib/python3.10/dist-packages/trans/__init__.py
[1.194s] -- Up-to-date: /home/wbb/ros2_ws/install/trans/local/lib/python3.10/dist-packages/trans/srv
[1.194s] -- Up-to-date: /home/wbb/ros2_ws/install/trans/local/lib/python3.10/dist-packages/trans/srv/_simulation_reset.py
[1.194s] -- Up-to-date: /home/wbb/ros2_ws/install/trans/local/lib/python3.10/dist-packages/trans/srv/_gait_switch.py
[1.194s] -- Up-to-date: /home/wbb/ros2_ws/install/trans/local/lib/python3.10/dist-packages/trans/srv/_gait_switch_s.c
[1.194s] -- Up-to-date: /home/wbb/ros2_ws/install/trans/local/lib/python3.10/dist-packages/trans/srv/_simulation_reset_s.c
[1.194s] -- Up-to-date: /home/wbb/ros2_ws/install/trans/local/lib/python3.10/dist-packages/trans/srv/__init__.py
[1.219s] Listing '/home/wbb/ros2_ws/install/trans/local/lib/python3.10/dist-packages/trans'...
[1.219s] Listing '/home/wbb/ros2_ws/install/trans/local/lib/python3.10/dist-packages/trans/msg'...
[1.219s] Listing '/home/wbb/ros2_ws/install/trans/local/lib/python3.10/dist-packages/trans/srv'...
[1.220s] -- Up-to-date: /home/wbb/ros2_ws/install/trans/local/lib/python3.10/dist-packages/trans/trans_s__rosidl_typesupport_fastrtps_c.cpython-310-x86_64-linux-gnu.so
[1.220s] -- Up-to-date: /home/wbb/ros2_ws/install/trans/local/lib/python3.10/dist-packages/trans/trans_s__rosidl_typesupport_introspection_c.cpython-310-x86_64-linux-gnu.so
[1.221s] -- Up-to-date: /home/wbb/ros2_ws/install/trans/local/lib/python3.10/dist-packages/trans/trans_s__rosidl_typesupport_c.cpython-310-x86_64-linux-gnu.so
[1.221s] -- Up-to-date: /home/wbb/ros2_ws/install/trans/lib/libtrans__rosidl_generator_py.so
[1.221s] -- Up-to-date: /home/wbb/ros2_ws/install/trans/share/trans/msg/ActuatorCmds.idl
[1.221s] -- Up-to-date: /home/wbb/ros2_ws/install/trans/share/trans/msg/TouchSensor.idl
[1.221s] -- Up-to-date: /home/wbb/ros2_ws/install/trans/share/trans/srv/SimulationReset.idl
[1.222s] -- Up-to-date: /home/wbb/ros2_ws/install/trans/share/trans/srv/GaitSwitch.idl
[1.222s] -- Up-to-date: /home/wbb/ros2_ws/install/trans/share/trans/msgs/ActuatorCmds.msg
[1.222s] -- Up-to-date: /home/wbb/ros2_ws/install/trans/share/trans/msgs/TouchSensor.msg
[1.222s] -- Up-to-date: /home/wbb/ros2_ws/install/trans/share/trans/srv/SimulationReset.srv
[1.222s] -- Up-to-date: /home/wbb/ros2_ws/install/trans/share/trans/srv/SimulationReset_Request.msg
[1.222s] -- Up-to-date: /home/wbb/ros2_ws/install/trans/share/trans/srv/SimulationReset_Response.msg
[1.222s] -- Up-to-date: /home/wbb/ros2_ws/install/trans/share/trans/srv/GaitSwitch.srv
[1.222s] -- Up-to-date: /home/wbb/ros2_ws/install/trans/share/trans/srv/GaitSwitch_Request.msg
[1.222s] -- Up-to-date: /home/wbb/ros2_ws/install/trans/share/trans/srv/GaitSwitch_Response.msg
[1.222s] -- Up-to-date: /home/wbb/ros2_ws/install/trans/share/ament_index/resource_index/package_run_dependencies/trans
[1.222s] -- Up-to-date: /home/wbb/ros2_ws/install/trans/share/ament_index/resource_index/parent_prefix_path/trans
[1.222s] -- Up-to-date: /home/wbb/ros2_ws/install/trans/share/trans/environment/ament_prefix_path.sh
[1.222s] -- Up-to-date: /home/wbb/ros2_ws/install/trans/share/trans/environment/ament_prefix_path.dsv
[1.222s] -- Up-to-date: /home/wbb/ros2_ws/install/trans/share/trans/environment/path.sh
[1.222s] -- Up-to-date: /home/wbb/ros2_ws/install/trans/share/trans/environment/path.dsv
[1.222s] -- Up-to-date: /home/wbb/ros2_ws/install/trans/share/trans/local_setup.bash
[1.222s] -- Up-to-date: /home/wbb/ros2_ws/install/trans/share/trans/local_setup.sh
[1.222s] -- Up-to-date: /home/wbb/ros2_ws/install/trans/share/trans/local_setup.zsh
[1.222s] -- Up-to-date: /home/wbb/ros2_ws/install/trans/share/trans/local_setup.dsv
[1.223s] -- Installing: /home/wbb/ros2_ws/install/trans/share/trans/package.dsv
[1.223s] -- Up-to-date: /home/wbb/ros2_ws/install/trans/share/ament_index/resource_index/packages/trans
[1.223s] -- Up-to-date: /home/wbb/ros2_ws/install/trans/share/trans/cmake/export_trans__rosidl_generator_cExport.cmake
[1.223s] -- Up-to-date: /home/wbb/ros2_ws/install/trans/share/trans/cmake/export_trans__rosidl_generator_cExport-noconfig.cmake
[1.223s] -- Up-to-date: /home/wbb/ros2_ws/install/trans/share/trans/cmake/export_trans__rosidl_typesupport_fastrtps_cExport.cmake
[1.223s] -- Up-to-date: /home/wbb/ros2_ws/install/trans/share/trans/cmake/export_trans__rosidl_typesupport_fastrtps_cExport-noconfig.cmake
[1.223s] -- Up-to-date: /home/wbb/ros2_ws/install/trans/share/trans/cmake/export_trans__rosidl_generator_cppExport.cmake
[1.223s] -- Up-to-date: /home/wbb/ros2_ws/install/trans/share/trans/cmake/export_trans__rosidl_typesupport_fastrtps_cppExport.cmake
[1.223s] -- Up-to-date: /home/wbb/ros2_ws/install/trans/share/trans/cmake/export_trans__rosidl_typesupport_fastrtps_cppExport-noconfig.cmake
[1.223s] -- Up-to-date: /home/wbb/ros2_ws/install/trans/share/trans/cmake/trans__rosidl_typesupport_introspection_cExport.cmake
[1.223s] -- Up-to-date: /home/wbb/ros2_ws/install/trans/share/trans/cmake/trans__rosidl_typesupport_introspection_cExport-noconfig.cmake
[1.224s] -- Up-to-date: /home/wbb/ros2_ws/install/trans/share/trans/cmake/trans__rosidl_typesupport_cExport.cmake
[1.224s] -- Up-to-date: /home/wbb/ros2_ws/install/trans/share/trans/cmake/trans__rosidl_typesupport_cExport-noconfig.cmake
[1.224s] -- Up-to-date: /home/wbb/ros2_ws/install/trans/share/trans/cmake/trans__rosidl_typesupport_introspection_cppExport.cmake
[1.224s] -- Up-to-date: /home/wbb/ros2_ws/install/trans/share/trans/cmake/trans__rosidl_typesupport_introspection_cppExport-noconfig.cmake
[1.224s] -- Up-to-date: /home/wbb/ros2_ws/install/trans/share/trans/cmake/trans__rosidl_typesupport_cppExport.cmake
[1.224s] -- Up-to-date: /home/wbb/ros2_ws/install/trans/share/trans/cmake/trans__rosidl_typesupport_cppExport-noconfig.cmake
[1.224s] -- Up-to-date: /home/wbb/ros2_ws/install/trans/share/trans/cmake/export_trans__rosidl_generator_pyExport.cmake
[1.224s] -- Up-to-date: /home/wbb/ros2_ws/install/trans/share/trans/cmake/export_trans__rosidl_generator_pyExport-noconfig.cmake
[1.224s] -- Up-to-date: /home/wbb/ros2_ws/install/trans/share/trans/cmake/rosidl_cmake-extras.cmake
[1.225s] -- Up-to-date: /home/wbb/ros2_ws/install/trans/share/trans/cmake/ament_cmake_export_dependencies-extras.cmake
[1.225s] -- Up-to-date: /home/wbb/ros2_ws/install/trans/share/trans/cmake/ament_cmake_export_include_directories-extras.cmake
[1.225s] -- Up-to-date: /home/wbb/ros2_ws/install/trans/share/trans/cmake/ament_cmake_export_libraries-extras.cmake
[1.225s] -- Up-to-date: /home/wbb/ros2_ws/install/trans/share/trans/cmake/ament_cmake_export_targets-extras.cmake
[1.225s] -- Up-to-date: /home/wbb/ros2_ws/install/trans/share/trans/cmake/rosidl_cmake_export_typesupport_targets-extras.cmake
[1.225s] -- Up-to-date: /home/wbb/ros2_ws/install/trans/share/trans/cmake/rosidl_cmake_export_typesupport_libraries-extras.cmake
[1.225s] -- Up-to-date: /home/wbb/ros2_ws/install/trans/share/trans/cmake/transConfig.cmake
[1.225s] -- Up-to-date: /home/wbb/ros2_ws/install/trans/share/trans/cmake/transConfig-version.cmake
[1.225s] -- Up-to-date: /home/wbb/ros2_ws/install/trans/share/trans/package.xml
[1.228s] Invoked command in '/home/wbb/ros2_ws/build/trans' returned '0': CMAKE_PREFIX_PATH=${CMAKE_PREFIX_PATH}:/home/wbb/ros2_ws/install/third_party:/home/wbb/ros2_ws/install/sim:/home/wbb/ros2_ws/install/management:/home/wbb/ros2_ws/install/generation:/home/wbb/ros2_ws/install/gait:/home/wbb/ros2_ws/install/estimation:/home/wbb/ros2_ws/install/control:/home/wbb/ros2_ws/install/core:/home/wbb/ros2_ws/install/assets:/opt/ros/humble /usr/bin/cmake --install /home/wbb/ros2_ws/build/trans
