[0.653s] Invoking command in '/home/wbb/ros2_ws/src/assets': PYTHONPATH=/home/wbb/ros2_ws/build/assets/prefix_override:/usr/lib/python3/dist-packages/colcon_core/task/python/colcon_distutils_commands:/home/wbb/ros2_ws/install/assets/lib/python3.10/site-packages:${PYTHONPATH} /usr/bin/python3 -W ignore:setup.py install is deprecated -W ignore:easy_install command is deprecated setup.py egg_info --egg-base ../../build/assets build --build-base /home/wbb/ros2_ws/build/assets/build install --record /home/wbb/ros2_ws/build/assets/install.log --single-version-externally-managed install_data
[0.826s] running egg_info
[0.826s] creating ../../build/assets/assets.egg-info
[0.826s] writing ../../build/assets/assets.egg-info/PKG-INFO
[0.826s] writing dependency_links to ../../build/assets/assets.egg-info/dependency_links.txt
[0.826s] writing entry points to ../../build/assets/assets.egg-info/entry_points.txt
[0.826s] writing requirements to ../../build/assets/assets.egg-info/requires.txt
[0.827s] writing top-level names to ../../build/assets/assets.egg-info/top_level.txt
[0.827s] writing manifest file '../../build/assets/assets.egg-info/SOURCES.txt'
[0.828s] reading manifest file '../../build/assets/assets.egg-info/SOURCES.txt'
[0.828s] writing manifest file '../../build/assets/assets.egg-info/SOURCES.txt'
[0.828s] running build
[0.828s] running install
[0.828s] running install_data
[0.829s] creating /home/wbb/ros2_ws/install/assets/share/assets/p1
[0.829s] copying share/assets/p1/config.yaml -> /home/wbb/ros2_ws/install/assets/share/assets/p1
[0.829s] copying share/assets/p1/PF_A2.xml -> /home/wbb/ros2_ws/install/assets/share/assets/p1
[0.829s] copying share/assets/p1/PF_A.urdf -> /home/wbb/ros2_ws/install/assets/share/assets/p1
[0.829s] copying share/assets/p1/PF_A.xml -> /home/wbb/ros2_ws/install/assets/share/assets/p1
[0.830s] creating /home/wbb/ros2_ws/install/assets/share/assets/p1/meshes
[0.830s] copying share/assets/p1/meshes/foot_left_link.STL -> /home/wbb/ros2_ws/install/assets/share/assets/p1/meshes
[0.830s] copying share/assets/p1/meshes/abad_right_link.stl -> /home/wbb/ros2_ws/install/assets/share/assets/p1/meshes
[0.835s] copying share/assets/p1/meshes/foot_right_link.STL -> /home/wbb/ros2_ws/install/assets/share/assets/p1/meshes
[0.836s] copying share/assets/p1/meshes/abad_right_link.STL -> /home/wbb/ros2_ws/install/assets/share/assets/p1/meshes
[0.836s] copying share/assets/p1/meshes/foot_left_link.stl -> /home/wbb/ros2_ws/install/assets/share/assets/p1/meshes
[0.837s] copying share/assets/p1/meshes/knee_right_link.STL -> /home/wbb/ros2_ws/install/assets/share/assets/p1/meshes
[0.837s] copying share/assets/p1/meshes/base_link.stl -> /home/wbb/ros2_ws/install/assets/share/assets/p1/meshes
[0.842s] copying share/assets/p1/meshes/abad_left_link.STL -> /home/wbb/ros2_ws/install/assets/share/assets/p1/meshes
[0.843s] copying share/assets/p1/meshes/base_link.STL -> /home/wbb/ros2_ws/install/assets/share/assets/p1/meshes
[0.843s] copying share/assets/p1/meshes/hip_left_link.STL -> /home/wbb/ros2_ws/install/assets/share/assets/p1/meshes
[0.843s] copying share/assets/p1/meshes/knee_right_link.stl -> /home/wbb/ros2_ws/install/assets/share/assets/p1/meshes
[0.844s] copying share/assets/p1/meshes/foot_right_link.stl -> /home/wbb/ros2_ws/install/assets/share/assets/p1/meshes
[0.845s] copying share/assets/p1/meshes/hip_right_link.stl -> /home/wbb/ros2_ws/install/assets/share/assets/p1/meshes
[0.855s] copying share/assets/p1/meshes/abad_left_link.stl -> /home/wbb/ros2_ws/install/assets/share/assets/p1/meshes
[0.862s] copying share/assets/p1/meshes/hip_right_link.STL -> /home/wbb/ros2_ws/install/assets/share/assets/p1/meshes
[0.863s] copying share/assets/p1/meshes/hip_left_link.stl -> /home/wbb/ros2_ws/install/assets/share/assets/p1/meshes
[0.869s] copying share/assets/p1/meshes/knee_left_link.stl -> /home/wbb/ros2_ws/install/assets/share/assets/p1/meshes
[0.870s] copying share/assets/p1/meshes/knee_left_link.STL -> /home/wbb/ros2_ws/install/assets/share/assets/p1/meshes
[0.870s] copying package.xml -> /home/wbb/ros2_ws/install/assets/share/assets
[0.870s] running install_egg_info
[0.873s] Copying ../../build/assets/assets.egg-info to /home/wbb/ros2_ws/install/assets/lib/python3.10/site-packages/assets-0.0.0-py3.10.egg-info
[0.873s] running install_scripts
[0.887s] writing list of installed files to '/home/wbb/ros2_ws/build/assets/install.log'
[0.942s] Invoked command in '/home/wbb/ros2_ws/src/assets' returned '0': PYTHONPATH=/home/wbb/ros2_ws/build/assets/prefix_override:/usr/lib/python3/dist-packages/colcon_core/task/python/colcon_distutils_commands:/home/wbb/ros2_ws/install/assets/lib/python3.10/site-packages:${PYTHONPATH} /usr/bin/python3 -W ignore:setup.py install is deprecated -W ignore:easy_install command is deprecated setup.py egg_info --egg-base ../../build/assets build --build-base /home/wbb/ros2_ws/build/assets/build install --record /home/wbb/ros2_ws/build/assets/install.log --single-version-externally-managed install_data
