[2.008s] Invoking command in '/home/wbb/ros2_ws/src/motion/estimation': AMENT_PREFIX_PATH=/home/wbb/ros2_ws/install/core:/home/wbb/ros2_ws/install/visualization:/home/wbb/ros2_ws/install/trans:/home/wbb/ros2_ws/install/third_party:/home/wbb/ros2_ws/install/sim:/home/wbb/ros2_ws/install/management:/home/wbb/ros2_ws/install/generation:/home/wbb/ros2_ws/install/gait:/home/wbb/ros2_ws/install/estimation:/home/wbb/ros2_ws/install/control:/home/wbb/ros2_ws/install/assets:/opt/ros/humble PYTHONPATH=/home/wbb/ros2_ws/build/estimation/prefix_override:/usr/lib/python3/dist-packages/colcon_core/task/python/colcon_distutils_commands:/home/wbb/ros2_ws/install/estimation/lib/python3.10/site-packages:/home/wbb/ros2_ws/install/core/lib/python3.10/site-packages:/home/wbb/ros2_ws/install/trans/local/lib/python3.10/dist-packages:/home/wbb/ros2_ws/install/third_party/lib/python3.10/site-packages:/home/wbb/ros2_ws/install/sim/lib/python3.10/site-packages:/home/wbb/ros2_ws/install/management/lib/python3.10/site-packages:/home/wbb/ros2_ws/install/generation/lib/python3.10/site-packages:/home/wbb/ros2_ws/install/gait/lib/python3.10/site-packages:/home/wbb/ros2_ws/install/estimation/lib/python3.10/site-packages:/home/wbb/ros2_ws/install/control/lib/python3.10/site-packages:/home/wbb/ros2_ws/install/assets/lib/python3.10/site-packages:/opt/ros/humble/lib/python3.10/site-packages:/opt/ros/humble/local/lib/python3.10/dist-packages /usr/bin/python3 -W ignore:setup.py install is deprecated -W ignore:easy_install command is deprecated setup.py egg_info --egg-base ../../../build/estimation build --build-base /home/wbb/ros2_ws/build/estimation/build install --record /home/wbb/ros2_ws/build/estimation/install.log --single-version-externally-managed install_data
[2.186s] running egg_info
[2.186s] writing ../../../build/estimation/estimation.egg-info/PKG-INFO
[2.186s] writing dependency_links to ../../../build/estimation/estimation.egg-info/dependency_links.txt
[2.187s] writing entry points to ../../../build/estimation/estimation.egg-info/entry_points.txt
[2.187s] writing requirements to ../../../build/estimation/estimation.egg-info/requires.txt
[2.187s] writing top-level names to ../../../build/estimation/estimation.egg-info/top_level.txt
[2.188s] reading manifest file '../../../build/estimation/estimation.egg-info/SOURCES.txt'
[2.189s] writing manifest file '../../../build/estimation/estimation.egg-info/SOURCES.txt'
[2.189s] running build
[2.189s] running build_py
[2.189s] running install
[2.189s] running install_lib
[2.190s] running install_data
[2.190s] running install_egg_info
[2.191s] removing '/home/wbb/ros2_ws/install/estimation/lib/python3.10/site-packages/estimation-0.0.0-py3.10.egg-info' (and everything under it)
[2.191s] Copying ../../../build/estimation/estimation.egg-info to /home/wbb/ros2_ws/install/estimation/lib/python3.10/site-packages/estimation-0.0.0-py3.10.egg-info
[2.191s] running install_scripts
[2.204s] writing list of installed files to '/home/wbb/ros2_ws/build/estimation/install.log'
[2.217s] Invoked command in '/home/wbb/ros2_ws/src/motion/estimation' returned '0': AMENT_PREFIX_PATH=/home/wbb/ros2_ws/install/core:/home/wbb/ros2_ws/install/visualization:/home/wbb/ros2_ws/install/trans:/home/wbb/ros2_ws/install/third_party:/home/wbb/ros2_ws/install/sim:/home/wbb/ros2_ws/install/management:/home/wbb/ros2_ws/install/generation:/home/wbb/ros2_ws/install/gait:/home/wbb/ros2_ws/install/estimation:/home/wbb/ros2_ws/install/control:/home/wbb/ros2_ws/install/assets:/opt/ros/humble PYTHONPATH=/home/wbb/ros2_ws/build/estimation/prefix_override:/usr/lib/python3/dist-packages/colcon_core/task/python/colcon_distutils_commands:/home/wbb/ros2_ws/install/estimation/lib/python3.10/site-packages:/home/wbb/ros2_ws/install/core/lib/python3.10/site-packages:/home/wbb/ros2_ws/install/trans/local/lib/python3.10/dist-packages:/home/wbb/ros2_ws/install/third_party/lib/python3.10/site-packages:/home/wbb/ros2_ws/install/sim/lib/python3.10/site-packages:/home/wbb/ros2_ws/install/management/lib/python3.10/site-packages:/home/wbb/ros2_ws/install/generation/lib/python3.10/site-packages:/home/wbb/ros2_ws/install/gait/lib/python3.10/site-packages:/home/wbb/ros2_ws/install/estimation/lib/python3.10/site-packages:/home/wbb/ros2_ws/install/control/lib/python3.10/site-packages:/home/wbb/ros2_ws/install/assets/lib/python3.10/site-packages:/opt/ros/humble/lib/python3.10/site-packages:/opt/ros/humble/local/lib/python3.10/dist-packages /usr/bin/python3 -W ignore:setup.py install is deprecated -W ignore:easy_install command is deprecated setup.py egg_info --egg-base ../../../build/estimation build --build-base /home/wbb/ros2_ws/build/estimation/build install --record /home/wbb/ros2_ws/build/estimation/install.log --single-version-externally-managed install_data
