[1.134s] Invoking command in '/home/wbb/ros2_ws/src/motion/control': AMENT_PREFIX_PATH=/home/wbb/ros2_ws/install/core:/home/wbb/ros2_ws/install/assets:/home/wbb/ros2_ws/install/visualization:/home/wbb/ros2_ws/install/trans:/home/wbb/ros2_ws/install/third_party:/home/wbb/ros2_ws/install/sim:/home/wbb/ros2_ws/install/management:/home/wbb/ros2_ws/install/generation:/home/wbb/ros2_ws/install/gait:/home/wbb/ros2_ws/install/estimation:/home/wbb/ros2_ws/install/control:/opt/ros/humble PYTHONPATH=/home/wbb/ros2_ws/build/control/prefix_override:/usr/lib/python3/dist-packages/colcon_core/task/python/colcon_distutils_commands:/home/wbb/ros2_ws/install/control/lib/python3.10/site-packages:/home/wbb/ros2_ws/install/core/lib/python3.10/site-packages:/home/wbb/ros2_ws/install/assets/lib/python3.10/site-packages:/home/wbb/ros2_ws/install/trans/local/lib/python3.10/dist-packages:/home/wbb/ros2_ws/install/third_party/lib/python3.10/site-packages:/home/wbb/ros2_ws/install/sim/lib/python3.10/site-packages:/home/wbb/ros2_ws/install/management/lib/python3.10/site-packages:/home/wbb/ros2_ws/install/generation/lib/python3.10/site-packages:/home/wbb/ros2_ws/install/gait/lib/python3.10/site-packages:/home/wbb/ros2_ws/install/estimation/lib/python3.10/site-packages:/home/wbb/ros2_ws/install/control/lib/python3.10/site-packages:/opt/ros/humble/lib/python3.10/site-packages:/opt/ros/humble/local/lib/python3.10/dist-packages /usr/bin/python3 -W ignore:setup.py install is deprecated -W ignore:easy_install command is deprecated setup.py egg_info --egg-base ../../../build/control build --build-base /home/wbb/ros2_ws/build/control/build install --record /home/wbb/ros2_ws/build/control/install.log --single-version-externally-managed install_data
[1.279s] running egg_info
[1.279s] writing ../../../build/control/control.egg-info/PKG-INFO
[1.280s] writing dependency_links to ../../../build/control/control.egg-info/dependency_links.txt
[1.280s] writing entry points to ../../../build/control/control.egg-info/entry_points.txt
[1.280s] writing requirements to ../../../build/control/control.egg-info/requires.txt
[1.280s] writing top-level names to ../../../build/control/control.egg-info/top_level.txt
[1.282s] reading manifest file '../../../build/control/control.egg-info/SOURCES.txt'
[1.282s] writing manifest file '../../../build/control/control.egg-info/SOURCES.txt'
[1.282s] running build
[1.282s] running build_py
[1.282s] running install
[1.283s] running install_lib
[1.283s] running install_data
[1.284s] running install_egg_info
[1.287s] removing '/home/wbb/ros2_ws/install/control/lib/python3.10/site-packages/control-0.0.0-py3.10.egg-info' (and everything under it)
[1.287s] Copying ../../../build/control/control.egg-info to /home/wbb/ros2_ws/install/control/lib/python3.10/site-packages/control-0.0.0-py3.10.egg-info
[1.287s] running install_scripts
[1.298s] writing list of installed files to '/home/wbb/ros2_ws/build/control/install.log'
[1.316s] Invoked command in '/home/wbb/ros2_ws/src/motion/control' returned '0': AMENT_PREFIX_PATH=/home/wbb/ros2_ws/install/core:/home/wbb/ros2_ws/install/assets:/home/wbb/ros2_ws/install/visualization:/home/wbb/ros2_ws/install/trans:/home/wbb/ros2_ws/install/third_party:/home/wbb/ros2_ws/install/sim:/home/wbb/ros2_ws/install/management:/home/wbb/ros2_ws/install/generation:/home/wbb/ros2_ws/install/gait:/home/wbb/ros2_ws/install/estimation:/home/wbb/ros2_ws/install/control:/opt/ros/humble PYTHONPATH=/home/wbb/ros2_ws/build/control/prefix_override:/usr/lib/python3/dist-packages/colcon_core/task/python/colcon_distutils_commands:/home/wbb/ros2_ws/install/control/lib/python3.10/site-packages:/home/wbb/ros2_ws/install/core/lib/python3.10/site-packages:/home/wbb/ros2_ws/install/assets/lib/python3.10/site-packages:/home/wbb/ros2_ws/install/trans/local/lib/python3.10/dist-packages:/home/wbb/ros2_ws/install/third_party/lib/python3.10/site-packages:/home/wbb/ros2_ws/install/sim/lib/python3.10/site-packages:/home/wbb/ros2_ws/install/management/lib/python3.10/site-packages:/home/wbb/ros2_ws/install/generation/lib/python3.10/site-packages:/home/wbb/ros2_ws/install/gait/lib/python3.10/site-packages:/home/wbb/ros2_ws/install/estimation/lib/python3.10/site-packages:/home/wbb/ros2_ws/install/control/lib/python3.10/site-packages:/opt/ros/humble/lib/python3.10/site-packages:/opt/ros/humble/local/lib/python3.10/dist-packages /usr/bin/python3 -W ignore:setup.py install is deprecated -W ignore:easy_install command is deprecated setup.py egg_info --egg-base ../../../build/control build --build-base /home/wbb/ros2_ws/build/control/build install --record /home/wbb/ros2_ws/build/control/install.log --single-version-externally-managed install_data
