[  1%] Built target trans__cpp
[ 12%] Built target trans__rosidl_generator_c
[ 12%] Built target ament_cmake_python_copy_trans
[ 23%] Built target trans__rosidl_typesupport_introspection_cpp
[ 34%] Built target trans__rosidl_typesupport_fastrtps_cpp
[ 45%] Built target trans__rosidl_typesupport_cpp
[ 56%] Built target trans__rosidl_typesupport_fastrtps_c
[ 67%] Built target trans__rosidl_typesupport_introspection_c
[ 78%] Built target trans__rosidl_typesupport_c
[ 78%] Built target trans
[ 80%] Built target trans__py
[ 89%] Built target trans__rosidl_generator_py
[ 92%] Built target trans__rosidl_typesupport_introspection_c__pyext
[ 96%] Built target trans__rosidl_typesupport_fastrtps_c__pyext
[100%] Built target trans__rosidl_typesupport_c__pyext
running egg_info
writing trans.egg-info/PKG-INFO
writing dependency_links to trans.egg-info/dependency_links.txt
writing top-level names to trans.egg-info/top_level.txt
reading manifest file 'trans.egg-info/SOURCES.txt'
writing manifest file 'trans.egg-info/SOURCES.txt'
[100%] Built target ament_cmake_python_build_trans_egg
-- Install configuration: ""
-- Installing: /home/wbb/ros2_ws/install/trans/share/ament_index/resource_index/rosidl_interfaces/trans
-- Installing: /home/wbb/ros2_ws/install/trans/include/trans/trans
-- Installing: /home/wbb/ros2_ws/install/trans/include/trans/trans/msg
-- Installing: /home/wbb/ros2_ws/install/trans/include/trans/trans/msg/detail
-- Installing: /home/wbb/ros2_ws/install/trans/include/trans/trans/msg/detail/touch_sensor__functions.c
-- Installing: /home/wbb/ros2_ws/install/trans/include/trans/trans/msg/detail/touch_sensor__functions.h
-- Installing: /home/wbb/ros2_ws/install/trans/include/trans/trans/msg/detail/actuator_cmds__struct.h
-- Installing: /home/wbb/ros2_ws/install/trans/include/trans/trans/msg/detail/actuator_cmds__functions.h
-- Installing: /home/wbb/ros2_ws/install/trans/include/trans/trans/msg/detail/actuator_cmds__type_support.h
-- Installing: /home/wbb/ros2_ws/install/trans/include/trans/trans/msg/detail/touch_sensor__type_support.h
-- Installing: /home/wbb/ros2_ws/install/trans/include/trans/trans/msg/detail/actuator_cmds__functions.c
-- Installing: /home/wbb/ros2_ws/install/trans/include/trans/trans/msg/detail/touch_sensor__struct.h
-- Installing: /home/wbb/ros2_ws/install/trans/include/trans/trans/msg/actuator_cmds.h
-- Installing: /home/wbb/ros2_ws/install/trans/include/trans/trans/msg/rosidl_generator_c__visibility_control.h
-- Installing: /home/wbb/ros2_ws/install/trans/include/trans/trans/msg/touch_sensor.h
-- Installing: /home/wbb/ros2_ws/install/trans/include/trans/trans/srv
-- Installing: /home/wbb/ros2_ws/install/trans/include/trans/trans/srv/detail
-- Installing: /home/wbb/ros2_ws/install/trans/include/trans/trans/srv/detail/simulation_reset__type_support.h
-- Installing: /home/wbb/ros2_ws/install/trans/include/trans/trans/srv/detail/simulation_reset__functions.h
-- Installing: /home/wbb/ros2_ws/install/trans/include/trans/trans/srv/detail/gait_switch__type_support.h
-- Installing: /home/wbb/ros2_ws/install/trans/include/trans/trans/srv/detail/gait_switch__functions.c
-- Installing: /home/wbb/ros2_ws/install/trans/include/trans/trans/srv/detail/gait_switch__functions.h
-- Installing: /home/wbb/ros2_ws/install/trans/include/trans/trans/srv/detail/simulation_reset__functions.c
-- Installing: /home/wbb/ros2_ws/install/trans/include/trans/trans/srv/detail/simulation_reset__struct.h
-- Installing: /home/wbb/ros2_ws/install/trans/include/trans/trans/srv/detail/gait_switch__struct.h
-- Installing: /home/wbb/ros2_ws/install/trans/include/trans/trans/srv/simulation_reset.h
-- Installing: /home/wbb/ros2_ws/install/trans/include/trans/trans/srv/gait_switch.h
-- Installing: /home/wbb/ros2_ws/install/trans/share/trans/environment/library_path.sh
-- Installing: /home/wbb/ros2_ws/install/trans/share/trans/environment/library_path.dsv
-- Installing: /home/wbb/ros2_ws/install/trans/lib/libtrans__rosidl_generator_c.so
-- Set runtime path of "/home/wbb/ros2_ws/install/trans/lib/libtrans__rosidl_generator_c.so" to ""
-- Up-to-date: /home/wbb/ros2_ws/install/trans/include/trans/trans
-- Up-to-date: /home/wbb/ros2_ws/install/trans/include/trans/trans/msg
-- Up-to-date: /home/wbb/ros2_ws/install/trans/include/trans/trans/msg/detail
-- Installing: /home/wbb/ros2_ws/install/trans/include/trans/trans/msg/detail/actuator_cmds__rosidl_typesupport_fastrtps_c.h
-- Installing: /home/wbb/ros2_ws/install/trans/include/trans/trans/msg/detail/touch_sensor__rosidl_typesupport_fastrtps_c.h
-- Installing: /home/wbb/ros2_ws/install/trans/include/trans/trans/msg/rosidl_typesupport_fastrtps_c__visibility_control.h
-- Up-to-date: /home/wbb/ros2_ws/install/trans/include/trans/trans/srv
-- Up-to-date: /home/wbb/ros2_ws/install/trans/include/trans/trans/srv/detail
-- Installing: /home/wbb/ros2_ws/install/trans/include/trans/trans/srv/detail/gait_switch__rosidl_typesupport_fastrtps_c.h
-- Installing: /home/wbb/ros2_ws/install/trans/include/trans/trans/srv/detail/simulation_reset__rosidl_typesupport_fastrtps_c.h
-- Installing: /home/wbb/ros2_ws/install/trans/lib/libtrans__rosidl_typesupport_fastrtps_c.so
-- Set runtime path of "/home/wbb/ros2_ws/install/trans/lib/libtrans__rosidl_typesupport_fastrtps_c.so" to ""
-- Up-to-date: /home/wbb/ros2_ws/install/trans/include/trans/trans
-- Up-to-date: /home/wbb/ros2_ws/install/trans/include/trans/trans/msg
-- Up-to-date: /home/wbb/ros2_ws/install/trans/include/trans/trans/msg/detail
-- Installing: /home/wbb/ros2_ws/install/trans/include/trans/trans/msg/detail/touch_sensor__type_support.hpp
-- Installing: /home/wbb/ros2_ws/install/trans/include/trans/trans/msg/detail/actuator_cmds__struct.hpp
-- Installing: /home/wbb/ros2_ws/install/trans/include/trans/trans/msg/detail/actuator_cmds__traits.hpp
-- Installing: /home/wbb/ros2_ws/install/trans/include/trans/trans/msg/detail/touch_sensor__builder.hpp
-- Installing: /home/wbb/ros2_ws/install/trans/include/trans/trans/msg/detail/touch_sensor__struct.hpp
-- Installing: /home/wbb/ros2_ws/install/trans/include/trans/trans/msg/detail/actuator_cmds__builder.hpp
-- Installing: /home/wbb/ros2_ws/install/trans/include/trans/trans/msg/detail/touch_sensor__traits.hpp
-- Installing: /home/wbb/ros2_ws/install/trans/include/trans/trans/msg/detail/actuator_cmds__type_support.hpp
-- Installing: /home/wbb/ros2_ws/install/trans/include/trans/trans/msg/touch_sensor.hpp
-- Installing: /home/wbb/ros2_ws/install/trans/include/trans/trans/msg/actuator_cmds.hpp
-- Installing: /home/wbb/ros2_ws/install/trans/include/trans/trans/msg/rosidl_generator_cpp__visibility_control.hpp
-- Up-to-date: /home/wbb/ros2_ws/install/trans/include/trans/trans/srv
-- Up-to-date: /home/wbb/ros2_ws/install/trans/include/trans/trans/srv/detail
-- Installing: /home/wbb/ros2_ws/install/trans/include/trans/trans/srv/detail/gait_switch__builder.hpp
-- Installing: /home/wbb/ros2_ws/install/trans/include/trans/trans/srv/detail/gait_switch__type_support.hpp
-- Installing: /home/wbb/ros2_ws/install/trans/include/trans/trans/srv/detail/gait_switch__struct.hpp
-- Installing: /home/wbb/ros2_ws/install/trans/include/trans/trans/srv/detail/gait_switch__traits.hpp
-- Installing: /home/wbb/ros2_ws/install/trans/include/trans/trans/srv/detail/simulation_reset__type_support.hpp
-- Installing: /home/wbb/ros2_ws/install/trans/include/trans/trans/srv/detail/simulation_reset__struct.hpp
-- Installing: /home/wbb/ros2_ws/install/trans/include/trans/trans/srv/detail/simulation_reset__traits.hpp
-- Installing: /home/wbb/ros2_ws/install/trans/include/trans/trans/srv/detail/simulation_reset__builder.hpp
-- Installing: /home/wbb/ros2_ws/install/trans/include/trans/trans/srv/simulation_reset.hpp
-- Installing: /home/wbb/ros2_ws/install/trans/include/trans/trans/srv/gait_switch.hpp
-- Up-to-date: /home/wbb/ros2_ws/install/trans/include/trans/trans
-- Up-to-date: /home/wbb/ros2_ws/install/trans/include/trans/trans/msg
-- Up-to-date: /home/wbb/ros2_ws/install/trans/include/trans/trans/msg/detail
-- Installing: /home/wbb/ros2_ws/install/trans/include/trans/trans/msg/detail/dds_fastrtps
-- Installing: /home/wbb/ros2_ws/install/trans/include/trans/trans/msg/detail/actuator_cmds__rosidl_typesupport_fastrtps_cpp.hpp
-- Installing: /home/wbb/ros2_ws/install/trans/include/trans/trans/msg/detail/touch_sensor__rosidl_typesupport_fastrtps_cpp.hpp
-- Installing: /home/wbb/ros2_ws/install/trans/include/trans/trans/msg/rosidl_typesupport_fastrtps_cpp__visibility_control.h
-- Up-to-date: /home/wbb/ros2_ws/install/trans/include/trans/trans/srv
-- Up-to-date: /home/wbb/ros2_ws/install/trans/include/trans/trans/srv/detail
-- Installing: /home/wbb/ros2_ws/install/trans/include/trans/trans/srv/detail/dds_fastrtps
-- Installing: /home/wbb/ros2_ws/install/trans/include/trans/trans/srv/detail/gait_switch__rosidl_typesupport_fastrtps_cpp.hpp
-- Installing: /home/wbb/ros2_ws/install/trans/include/trans/trans/srv/detail/simulation_reset__rosidl_typesupport_fastrtps_cpp.hpp
-- Installing: /home/wbb/ros2_ws/install/trans/lib/libtrans__rosidl_typesupport_fastrtps_cpp.so
-- Set runtime path of "/home/wbb/ros2_ws/install/trans/lib/libtrans__rosidl_typesupport_fastrtps_cpp.so" to ""
-- Up-to-date: /home/wbb/ros2_ws/install/trans/include/trans/trans
-- Up-to-date: /home/wbb/ros2_ws/install/trans/include/trans/trans/msg
-- Up-to-date: /home/wbb/ros2_ws/install/trans/include/trans/trans/msg/detail
-- Installing: /home/wbb/ros2_ws/install/trans/include/trans/trans/msg/detail/actuator_cmds__type_support.c
-- Installing: /home/wbb/ros2_ws/install/trans/include/trans/trans/msg/detail/touch_sensor__type_support.c
-- Installing: /home/wbb/ros2_ws/install/trans/include/trans/trans/msg/detail/touch_sensor__rosidl_typesupport_introspection_c.h
-- Installing: /home/wbb/ros2_ws/install/trans/include/trans/trans/msg/detail/actuator_cmds__rosidl_typesupport_introspection_c.h
-- Installing: /home/wbb/ros2_ws/install/trans/include/trans/trans/msg/rosidl_typesupport_introspection_c__visibility_control.h
-- Up-to-date: /home/wbb/ros2_ws/install/trans/include/trans/trans/srv
-- Up-to-date: /home/wbb/ros2_ws/install/trans/include/trans/trans/srv/detail
-- Installing: /home/wbb/ros2_ws/install/trans/include/trans/trans/srv/detail/simulation_reset__rosidl_typesupport_introspection_c.h
-- Installing: /home/wbb/ros2_ws/install/trans/include/trans/trans/srv/detail/gait_switch__rosidl_typesupport_introspection_c.h
-- Installing: /home/wbb/ros2_ws/install/trans/include/trans/trans/srv/detail/gait_switch__type_support.c
-- Installing: /home/wbb/ros2_ws/install/trans/include/trans/trans/srv/detail/simulation_reset__type_support.c
-- Installing: /home/wbb/ros2_ws/install/trans/lib/libtrans__rosidl_typesupport_introspection_c.so
-- Set runtime path of "/home/wbb/ros2_ws/install/trans/lib/libtrans__rosidl_typesupport_introspection_c.so" to ""
-- Installing: /home/wbb/ros2_ws/install/trans/lib/libtrans__rosidl_typesupport_c.so
-- Set runtime path of "/home/wbb/ros2_ws/install/trans/lib/libtrans__rosidl_typesupport_c.so" to ""
-- Up-to-date: /home/wbb/ros2_ws/install/trans/include/trans/trans
-- Up-to-date: /home/wbb/ros2_ws/install/trans/include/trans/trans/msg
-- Up-to-date: /home/wbb/ros2_ws/install/trans/include/trans/trans/msg/detail
-- Installing: /home/wbb/ros2_ws/install/trans/include/trans/trans/msg/detail/touch_sensor__rosidl_typesupport_introspection_cpp.hpp
-- Installing: /home/wbb/ros2_ws/install/trans/include/trans/trans/msg/detail/actuator_cmds__rosidl_typesupport_introspection_cpp.hpp
-- Installing: /home/wbb/ros2_ws/install/trans/include/trans/trans/msg/detail/actuator_cmds__type_support.cpp
-- Installing: /home/wbb/ros2_ws/install/trans/include/trans/trans/msg/detail/touch_sensor__type_support.cpp
-- Up-to-date: /home/wbb/ros2_ws/install/trans/include/trans/trans/srv
-- Up-to-date: /home/wbb/ros2_ws/install/trans/include/trans/trans/srv/detail
-- Installing: /home/wbb/ros2_ws/install/trans/include/trans/trans/srv/detail/simulation_reset__type_support.cpp
-- Installing: /home/wbb/ros2_ws/install/trans/include/trans/trans/srv/detail/simulation_reset__rosidl_typesupport_introspection_cpp.hpp
-- Installing: /home/wbb/ros2_ws/install/trans/include/trans/trans/srv/detail/gait_switch__rosidl_typesupport_introspection_cpp.hpp
-- Installing: /home/wbb/ros2_ws/install/trans/include/trans/trans/srv/detail/gait_switch__type_support.cpp
-- Installing: /home/wbb/ros2_ws/install/trans/lib/libtrans__rosidl_typesupport_introspection_cpp.so
-- Set runtime path of "/home/wbb/ros2_ws/install/trans/lib/libtrans__rosidl_typesupport_introspection_cpp.so" to ""
-- Installing: /home/wbb/ros2_ws/install/trans/lib/libtrans__rosidl_typesupport_cpp.so
-- Set runtime path of "/home/wbb/ros2_ws/install/trans/lib/libtrans__rosidl_typesupport_cpp.so" to ""
-- Installing: /home/wbb/ros2_ws/install/trans/share/trans/environment/pythonpath.sh
-- Installing: /home/wbb/ros2_ws/install/trans/share/trans/environment/pythonpath.dsv
-- Installing: /home/wbb/ros2_ws/install/trans/local/lib/python3.10/dist-packages/trans-0.0.0-py3.10.egg-info
-- Installing: /home/wbb/ros2_ws/install/trans/local/lib/python3.10/dist-packages/trans-0.0.0-py3.10.egg-info/PKG-INFO
-- Installing: /home/wbb/ros2_ws/install/trans/local/lib/python3.10/dist-packages/trans-0.0.0-py3.10.egg-info/dependency_links.txt
-- Installing: /home/wbb/ros2_ws/install/trans/local/lib/python3.10/dist-packages/trans-0.0.0-py3.10.egg-info/top_level.txt
-- Installing: /home/wbb/ros2_ws/install/trans/local/lib/python3.10/dist-packages/trans-0.0.0-py3.10.egg-info/SOURCES.txt
-- Installing: /home/wbb/ros2_ws/install/trans/local/lib/python3.10/dist-packages/trans
-- Installing: /home/wbb/ros2_ws/install/trans/local/lib/python3.10/dist-packages/trans/_trans_s.ep.rosidl_typesupport_introspection_c.c
-- Installing: /home/wbb/ros2_ws/install/trans/local/lib/python3.10/dist-packages/trans/libtrans__rosidl_generator_py.so
-- Installing: /home/wbb/ros2_ws/install/trans/local/lib/python3.10/dist-packages/trans/trans_s__rosidl_typesupport_introspection_c.cpython-310-x86_64-linux-gnu.so
-- Installing: /home/wbb/ros2_ws/install/trans/local/lib/python3.10/dist-packages/trans/trans_s__rosidl_typesupport_c.cpython-310-x86_64-linux-gnu.so
-- Installing: /home/wbb/ros2_ws/install/trans/local/lib/python3.10/dist-packages/trans/_trans_s.ep.rosidl_typesupport_c.c
-- Installing: /home/wbb/ros2_ws/install/trans/local/lib/python3.10/dist-packages/trans/trans_s__rosidl_typesupport_fastrtps_c.cpython-310-x86_64-linux-gnu.so
-- Installing: /home/wbb/ros2_ws/install/trans/local/lib/python3.10/dist-packages/trans/_trans_s.ep.rosidl_typesupport_fastrtps_c.c
-- Installing: /home/wbb/ros2_ws/install/trans/local/lib/python3.10/dist-packages/trans/msg
-- Installing: /home/wbb/ros2_ws/install/trans/local/lib/python3.10/dist-packages/trans/msg/_touch_sensor.py
-- Installing: /home/wbb/ros2_ws/install/trans/local/lib/python3.10/dist-packages/trans/msg/_touch_sensor_s.c
-- Installing: /home/wbb/ros2_ws/install/trans/local/lib/python3.10/dist-packages/trans/msg/_actuator_cmds.py
-- Installing: /home/wbb/ros2_ws/install/trans/local/lib/python3.10/dist-packages/trans/msg/__init__.py
-- Installing: /home/wbb/ros2_ws/install/trans/local/lib/python3.10/dist-packages/trans/msg/_actuator_cmds_s.c
-- Installing: /home/wbb/ros2_ws/install/trans/local/lib/python3.10/dist-packages/trans/__init__.py
-- Installing: /home/wbb/ros2_ws/install/trans/local/lib/python3.10/dist-packages/trans/srv
-- Installing: /home/wbb/ros2_ws/install/trans/local/lib/python3.10/dist-packages/trans/srv/_simulation_reset.py
-- Installing: /home/wbb/ros2_ws/install/trans/local/lib/python3.10/dist-packages/trans/srv/_gait_switch.py
-- Installing: /home/wbb/ros2_ws/install/trans/local/lib/python3.10/dist-packages/trans/srv/_gait_switch_s.c
-- Installing: /home/wbb/ros2_ws/install/trans/local/lib/python3.10/dist-packages/trans/srv/_simulation_reset_s.c
-- Installing: /home/wbb/ros2_ws/install/trans/local/lib/python3.10/dist-packages/trans/srv/__init__.py
Listing '/home/wbb/ros2_ws/install/trans/local/lib/python3.10/dist-packages/trans'...
Compiling '/home/wbb/ros2_ws/install/trans/local/lib/python3.10/dist-packages/trans/__init__.py'...
Listing '/home/wbb/ros2_ws/install/trans/local/lib/python3.10/dist-packages/trans/msg'...
Compiling '/home/wbb/ros2_ws/install/trans/local/lib/python3.10/dist-packages/trans/msg/__init__.py'...
Compiling '/home/wbb/ros2_ws/install/trans/local/lib/python3.10/dist-packages/trans/msg/_actuator_cmds.py'...
Compiling '/home/wbb/ros2_ws/install/trans/local/lib/python3.10/dist-packages/trans/msg/_touch_sensor.py'...
Listing '/home/wbb/ros2_ws/install/trans/local/lib/python3.10/dist-packages/trans/srv'...
Compiling '/home/wbb/ros2_ws/install/trans/local/lib/python3.10/dist-packages/trans/srv/__init__.py'...
Compiling '/home/wbb/ros2_ws/install/trans/local/lib/python3.10/dist-packages/trans/srv/_gait_switch.py'...
Compiling '/home/wbb/ros2_ws/install/trans/local/lib/python3.10/dist-packages/trans/srv/_simulation_reset.py'...
-- Installing: /home/wbb/ros2_ws/install/trans/local/lib/python3.10/dist-packages/trans/trans_s__rosidl_typesupport_fastrtps_c.cpython-310-x86_64-linux-gnu.so
-- Set runtime path of "/home/wbb/ros2_ws/install/trans/local/lib/python3.10/dist-packages/trans/trans_s__rosidl_typesupport_fastrtps_c.cpython-310-x86_64-linux-gnu.so" to ""
-- Installing: /home/wbb/ros2_ws/install/trans/local/lib/python3.10/dist-packages/trans/trans_s__rosidl_typesupport_introspection_c.cpython-310-x86_64-linux-gnu.so
-- Set runtime path of "/home/wbb/ros2_ws/install/trans/local/lib/python3.10/dist-packages/trans/trans_s__rosidl_typesupport_introspection_c.cpython-310-x86_64-linux-gnu.so" to ""
-- Installing: /home/wbb/ros2_ws/install/trans/local/lib/python3.10/dist-packages/trans/trans_s__rosidl_typesupport_c.cpython-310-x86_64-linux-gnu.so
-- Set runtime path of "/home/wbb/ros2_ws/install/trans/local/lib/python3.10/dist-packages/trans/trans_s__rosidl_typesupport_c.cpython-310-x86_64-linux-gnu.so" to ""
-- Installing: /home/wbb/ros2_ws/install/trans/lib/libtrans__rosidl_generator_py.so
-- Set runtime path of "/home/wbb/ros2_ws/install/trans/lib/libtrans__rosidl_generator_py.so" to ""
-- Installing: /home/wbb/ros2_ws/install/trans/share/trans/msg/ActuatorCmds.idl
-- Installing: /home/wbb/ros2_ws/install/trans/share/trans/msg/TouchSensor.idl
-- Installing: /home/wbb/ros2_ws/install/trans/share/trans/srv/SimulationReset.idl
-- Installing: /home/wbb/ros2_ws/install/trans/share/trans/srv/GaitSwitch.idl
-- Installing: /home/wbb/ros2_ws/install/trans/share/trans/msgs/ActuatorCmds.msg
-- Installing: /home/wbb/ros2_ws/install/trans/share/trans/msgs/TouchSensor.msg
-- Installing: /home/wbb/ros2_ws/install/trans/share/trans/srv/SimulationReset.srv
-- Installing: /home/wbb/ros2_ws/install/trans/share/trans/srv/SimulationReset_Request.msg
-- Installing: /home/wbb/ros2_ws/install/trans/share/trans/srv/SimulationReset_Response.msg
-- Installing: /home/wbb/ros2_ws/install/trans/share/trans/srv/GaitSwitch.srv
-- Installing: /home/wbb/ros2_ws/install/trans/share/trans/srv/GaitSwitch_Request.msg
-- Installing: /home/wbb/ros2_ws/install/trans/share/trans/srv/GaitSwitch_Response.msg
-- Installing: /home/wbb/ros2_ws/install/trans/share/ament_index/resource_index/package_run_dependencies/trans
-- Installing: /home/wbb/ros2_ws/install/trans/share/ament_index/resource_index/parent_prefix_path/trans
-- Installing: /home/wbb/ros2_ws/install/trans/share/trans/environment/ament_prefix_path.sh
-- Installing: /home/wbb/ros2_ws/install/trans/share/trans/environment/ament_prefix_path.dsv
-- Installing: /home/wbb/ros2_ws/install/trans/share/trans/environment/path.sh
-- Installing: /home/wbb/ros2_ws/install/trans/share/trans/environment/path.dsv
-- Installing: /home/wbb/ros2_ws/install/trans/share/trans/local_setup.bash
-- Installing: /home/wbb/ros2_ws/install/trans/share/trans/local_setup.sh
-- Installing: /home/wbb/ros2_ws/install/trans/share/trans/local_setup.zsh
-- Installing: /home/wbb/ros2_ws/install/trans/share/trans/local_setup.dsv
-- Installing: /home/wbb/ros2_ws/install/trans/share/trans/package.dsv
-- Installing: /home/wbb/ros2_ws/install/trans/share/ament_index/resource_index/packages/trans
-- Installing: /home/wbb/ros2_ws/install/trans/share/trans/cmake/export_trans__rosidl_generator_cExport.cmake
-- Installing: /home/wbb/ros2_ws/install/trans/share/trans/cmake/export_trans__rosidl_generator_cExport-noconfig.cmake
-- Installing: /home/wbb/ros2_ws/install/trans/share/trans/cmake/export_trans__rosidl_typesupport_fastrtps_cExport.cmake
-- Installing: /home/wbb/ros2_ws/install/trans/share/trans/cmake/export_trans__rosidl_typesupport_fastrtps_cExport-noconfig.cmake
-- Installing: /home/wbb/ros2_ws/install/trans/share/trans/cmake/export_trans__rosidl_generator_cppExport.cmake
-- Installing: /home/wbb/ros2_ws/install/trans/share/trans/cmake/export_trans__rosidl_typesupport_fastrtps_cppExport.cmake
-- Installing: /home/wbb/ros2_ws/install/trans/share/trans/cmake/export_trans__rosidl_typesupport_fastrtps_cppExport-noconfig.cmake
-- Installing: /home/wbb/ros2_ws/install/trans/share/trans/cmake/trans__rosidl_typesupport_introspection_cExport.cmake
-- Installing: /home/wbb/ros2_ws/install/trans/share/trans/cmake/trans__rosidl_typesupport_introspection_cExport-noconfig.cmake
-- Installing: /home/wbb/ros2_ws/install/trans/share/trans/cmake/trans__rosidl_typesupport_cExport.cmake
-- Installing: /home/wbb/ros2_ws/install/trans/share/trans/cmake/trans__rosidl_typesupport_cExport-noconfig.cmake
-- Installing: /home/wbb/ros2_ws/install/trans/share/trans/cmake/trans__rosidl_typesupport_introspection_cppExport.cmake
-- Installing: /home/wbb/ros2_ws/install/trans/share/trans/cmake/trans__rosidl_typesupport_introspection_cppExport-noconfig.cmake
-- Installing: /home/wbb/ros2_ws/install/trans/share/trans/cmake/trans__rosidl_typesupport_cppExport.cmake
-- Installing: /home/wbb/ros2_ws/install/trans/share/trans/cmake/trans__rosidl_typesupport_cppExport-noconfig.cmake
-- Installing: /home/wbb/ros2_ws/install/trans/share/trans/cmake/export_trans__rosidl_generator_pyExport.cmake
-- Installing: /home/wbb/ros2_ws/install/trans/share/trans/cmake/export_trans__rosidl_generator_pyExport-noconfig.cmake
-- Installing: /home/wbb/ros2_ws/install/trans/share/trans/cmake/rosidl_cmake-extras.cmake
-- Installing: /home/wbb/ros2_ws/install/trans/share/trans/cmake/ament_cmake_export_dependencies-extras.cmake
-- Installing: /home/wbb/ros2_ws/install/trans/share/trans/cmake/ament_cmake_export_include_directories-extras.cmake
-- Installing: /home/wbb/ros2_ws/install/trans/share/trans/cmake/ament_cmake_export_libraries-extras.cmake
-- Installing: /home/wbb/ros2_ws/install/trans/share/trans/cmake/ament_cmake_export_targets-extras.cmake
-- Installing: /home/wbb/ros2_ws/install/trans/share/trans/cmake/rosidl_cmake_export_typesupport_targets-extras.cmake
-- Installing: /home/wbb/ros2_ws/install/trans/share/trans/cmake/rosidl_cmake_export_typesupport_libraries-extras.cmake
-- Installing: /home/wbb/ros2_ws/install/trans/share/trans/cmake/transConfig.cmake
-- Installing: /home/wbb/ros2_ws/install/trans/share/trans/cmake/transConfig-version.cmake
-- Installing: /home/wbb/ros2_ws/install/trans/share/trans/package.xml
