<<<<<<<< HEAD:log/build_2025-02-21_09-52-30/gait/streams.log
[1.311s] Invoking command in '/home/wbb/ros2_ws/src/motion/gait': AMENT_PREFIX_PATH=/home/wbb/ros2_ws/install/core:/home/wbb/ros2_ws/install/visualization:/home/wbb/ros2_ws/install/trans:/home/wbb/ros2_ws/install/third_party:/home/wbb/ros2_ws/install/sim:/home/wbb/ros2_ws/install/management:/home/wbb/ros2_ws/install/generation:/home/wbb/ros2_ws/install/gait:/home/wbb/ros2_ws/install/estimation:/home/wbb/ros2_ws/install/control:/home/wbb/ros2_ws/install/assets:/opt/ros/humble PYTHONPATH=/home/wbb/ros2_ws/build/gait/prefix_override:/usr/lib/python3/dist-packages/colcon_core/task/python/colcon_distutils_commands:/home/wbb/ros2_ws/install/gait/lib/python3.10/site-packages:/home/wbb/ros2_ws/install/core/lib/python3.10/site-packages:/home/wbb/ros2_ws/install/trans/local/lib/python3.10/dist-packages:/home/wbb/ros2_ws/install/third_party/lib/python3.10/site-packages:/home/wbb/ros2_ws/install/sim/lib/python3.10/site-packages:/home/wbb/ros2_ws/install/management/lib/python3.10/site-packages:/home/wbb/ros2_ws/install/generation/lib/python3.10/site-packages:/home/wbb/ros2_ws/install/gait/lib/python3.10/site-packages:/home/wbb/ros2_ws/install/estimation/lib/python3.10/site-packages:/home/wbb/ros2_ws/install/control/lib/python3.10/site-packages:/home/wbb/ros2_ws/install/assets/lib/python3.10/site-packages:/opt/ros/humble/lib/python3.10/site-packages:/opt/ros/humble/local/lib/python3.10/dist-packages /usr/bin/python3 -W ignore:setup.py install is deprecated -W ignore:easy_install command is deprecated setup.py egg_info --egg-base ../../../build/gait build --build-base /home/wbb/ros2_ws/build/gait/build install --record /home/wbb/ros2_ws/build/gait/install.log --single-version-externally-managed install_data
[1.529s] running egg_info
[1.530s] creating ../../../build/gait/gait.egg-info
[1.530s] writing ../../../build/gait/gait.egg-info/PKG-INFO
[1.530s] writing dependency_links to ../../../build/gait/gait.egg-info/dependency_links.txt
[1.530s] writing entry points to ../../../build/gait/gait.egg-info/entry_points.txt
[1.530s] writing requirements to ../../../build/gait/gait.egg-info/requires.txt
[1.530s] writing top-level names to ../../../build/gait/gait.egg-info/top_level.txt
[1.531s] writing manifest file '../../../build/gait/gait.egg-info/SOURCES.txt'
[1.533s] reading manifest file '../../../build/gait/gait.egg-info/SOURCES.txt'
[1.533s] writing manifest file '../../../build/gait/gait.egg-info/SOURCES.txt'
[1.533s] running build
[1.533s] running build_py
[1.533s] creating /home/wbb/ros2_ws/build/gait/build
[1.533s] creating /home/wbb/ros2_ws/build/gait/build/lib
[1.533s] creating /home/wbb/ros2_ws/build/gait/build/lib/gait
[1.534s] copying gait/gait_schedule.py -> /home/wbb/ros2_ws/build/gait/build/lib/gait
[1.534s] copying gait/__init__.py -> /home/wbb/ros2_ws/build/gait/build/lib/gait
[1.534s] copying gait/cycle_timer.py -> /home/wbb/ros2_ws/build/gait/build/lib/gait
[1.534s] running install
[1.534s] running install_lib
[1.534s] creating /home/wbb/ros2_ws/install/gait/lib/python3.10/site-packages/gait
[1.534s] copying /home/wbb/ros2_ws/build/gait/build/lib/gait/gait_schedule.py -> /home/wbb/ros2_ws/install/gait/lib/python3.10/site-packages/gait
[1.534s] copying /home/wbb/ros2_ws/build/gait/build/lib/gait/__init__.py -> /home/wbb/ros2_ws/install/gait/lib/python3.10/site-packages/gait
[1.535s] copying /home/wbb/ros2_ws/build/gait/build/lib/gait/cycle_timer.py -> /home/wbb/ros2_ws/install/gait/lib/python3.10/site-packages/gait
[1.535s] byte-compiling /home/wbb/ros2_ws/install/gait/lib/python3.10/site-packages/gait/gait_schedule.py to gait_schedule.cpython-310.pyc
[1.538s] byte-compiling /home/wbb/ros2_ws/install/gait/lib/python3.10/site-packages/gait/__init__.py to __init__.cpython-310.pyc
[1.539s] byte-compiling /home/wbb/ros2_ws/install/gait/lib/python3.10/site-packages/gait/cycle_timer.py to cycle_timer.cpython-310.pyc
[1.539s] running install_data
[1.539s] creating /home/wbb/ros2_ws/install/gait/share/ament_index
[1.539s] creating /home/wbb/ros2_ws/install/gait/share/ament_index/resource_index
[1.539s] creating /home/wbb/ros2_ws/install/gait/share/ament_index/resource_index/packages
[1.539s] copying resource/gait -> /home/wbb/ros2_ws/install/gait/share/ament_index/resource_index/packages
[1.539s] copying package.xml -> /home/wbb/ros2_ws/install/gait/share/gait
[1.539s] running install_egg_info
[1.542s] Copying ../../../build/gait/gait.egg-info to /home/wbb/ros2_ws/install/gait/lib/python3.10/site-packages/gait-0.0.0-py3.10.egg-info
[1.542s] running install_scripts
[1.565s] writing list of installed files to '/home/wbb/ros2_ws/build/gait/install.log'
[1.593s] Invoked command in '/home/wbb/ros2_ws/src/motion/gait' returned '0': AMENT_PREFIX_PATH=/home/wbb/ros2_ws/install/core:/home/wbb/ros2_ws/install/visualization:/home/wbb/ros2_ws/install/trans:/home/wbb/ros2_ws/install/third_party:/home/wbb/ros2_ws/install/sim:/home/wbb/ros2_ws/install/management:/home/wbb/ros2_ws/install/generation:/home/wbb/ros2_ws/install/gait:/home/wbb/ros2_ws/install/estimation:/home/wbb/ros2_ws/install/control:/home/wbb/ros2_ws/install/assets:/opt/ros/humble PYTHONPATH=/home/wbb/ros2_ws/build/gait/prefix_override:/usr/lib/python3/dist-packages/colcon_core/task/python/colcon_distutils_commands:/home/wbb/ros2_ws/install/gait/lib/python3.10/site-packages:/home/wbb/ros2_ws/install/core/lib/python3.10/site-packages:/home/wbb/ros2_ws/install/trans/local/lib/python3.10/dist-packages:/home/wbb/ros2_ws/install/third_party/lib/python3.10/site-packages:/home/wbb/ros2_ws/install/sim/lib/python3.10/site-packages:/home/wbb/ros2_ws/install/management/lib/python3.10/site-packages:/home/wbb/ros2_ws/install/generation/lib/python3.10/site-packages:/home/wbb/ros2_ws/install/gait/lib/python3.10/site-packages:/home/wbb/ros2_ws/install/estimation/lib/python3.10/site-packages:/home/wbb/ros2_ws/install/control/lib/python3.10/site-packages:/home/wbb/ros2_ws/install/assets/lib/python3.10/site-packages:/opt/ros/humble/lib/python3.10/site-packages:/opt/ros/humble/local/lib/python3.10/dist-packages /usr/bin/python3 -W ignore:setup.py install is deprecated -W ignore:easy_install command is deprecated setup.py egg_info --egg-base ../../../build/gait build --build-base /home/wbb/ros2_ws/build/gait/build install --record /home/wbb/ros2_ws/build/gait/install.log --single-version-externally-managed install_data
========
[0.708s] Invoking command in '/home/wbb/ros2_ws/src/motion/gait': AMENT_PREFIX_PATH=/home/wbb/ros2_ws/install/core:/home/wbb/ros2_ws/install/visualization:/home/wbb/ros2_ws/install/trans:/home/wbb/ros2_ws/install/third_party:/home/wbb/ros2_ws/install/sim:/home/wbb/ros2_ws/install/management:/home/wbb/ros2_ws/install/generation:/home/wbb/ros2_ws/install/gait:/home/wbb/ros2_ws/install/estimation:/home/wbb/ros2_ws/install/control:/home/wbb/ros2_ws/install/assets:/opt/ros/humble PYTHONPATH=/home/wbb/ros2_ws/build/gait/prefix_override:/usr/lib/python3/dist-packages/colcon_core/task/python/colcon_distutils_commands:/home/wbb/ros2_ws/install/gait/lib/python3.10/site-packages:/home/wbb/ros2_ws/install/core/lib/python3.10/site-packages:/home/wbb/ros2_ws/install/trans/local/lib/python3.10/dist-packages:/home/wbb/ros2_ws/install/third_party/lib/python3.10/site-packages:/home/wbb/ros2_ws/install/sim/lib/python3.10/site-packages:/home/wbb/ros2_ws/install/management/lib/python3.10/site-packages:/home/wbb/ros2_ws/install/generation/lib/python3.10/site-packages:/home/wbb/ros2_ws/install/gait/lib/python3.10/site-packages:/home/wbb/ros2_ws/install/estimation/lib/python3.10/site-packages:/home/wbb/ros2_ws/install/control/lib/python3.10/site-packages:/home/wbb/ros2_ws/install/assets/lib/python3.10/site-packages:/opt/ros/humble/lib/python3.10/site-packages:/opt/ros/humble/local/lib/python3.10/dist-packages /usr/bin/python3 -W ignore:setup.py install is deprecated -W ignore:easy_install command is deprecated setup.py egg_info --egg-base ../../../build/gait build --build-base /home/wbb/ros2_ws/build/gait/build install --record /home/wbb/ros2_ws/build/gait/install.log --single-version-externally-managed install_data
[0.800s] running egg_info
[0.800s] creating ../../../build/gait/gait.egg-info
[0.800s] writing ../../../build/gait/gait.egg-info/PKG-INFO
[0.800s] writing dependency_links to ../../../build/gait/gait.egg-info/dependency_links.txt
[0.800s] writing entry points to ../../../build/gait/gait.egg-info/entry_points.txt
[0.800s] writing requirements to ../../../build/gait/gait.egg-info/requires.txt
[0.800s] writing top-level names to ../../../build/gait/gait.egg-info/top_level.txt
[0.800s] writing manifest file '../../../build/gait/gait.egg-info/SOURCES.txt'
[0.801s] reading manifest file '../../../build/gait/gait.egg-info/SOURCES.txt'
[0.801s] writing manifest file '../../../build/gait/gait.egg-info/SOURCES.txt'
[0.801s] running build
[0.801s] running build_py
[0.801s] creating /home/wbb/ros2_ws/build/gait/build
[0.802s] creating /home/wbb/ros2_ws/build/gait/build/lib
[0.802s] creating /home/wbb/ros2_ws/build/gait/build/lib/gait
[0.802s] copying gait/__init__.py -> /home/wbb/ros2_ws/build/gait/build/lib/gait
[0.802s] copying gait/cycle_timer.py -> /home/wbb/ros2_ws/build/gait/build/lib/gait
[0.802s] copying gait/gait_schedule.py -> /home/wbb/ros2_ws/build/gait/build/lib/gait
[0.803s] running install
[0.803s] running install_lib
[0.803s] creating /home/wbb/ros2_ws/install/gait/lib/python3.10/site-packages/gait
[0.803s] copying /home/wbb/ros2_ws/build/gait/build/lib/gait/__init__.py -> /home/wbb/ros2_ws/install/gait/lib/python3.10/site-packages/gait
[0.803s] copying /home/wbb/ros2_ws/build/gait/build/lib/gait/cycle_timer.py -> /home/wbb/ros2_ws/install/gait/lib/python3.10/site-packages/gait
[0.803s] copying /home/wbb/ros2_ws/build/gait/build/lib/gait/gait_schedule.py -> /home/wbb/ros2_ws/install/gait/lib/python3.10/site-packages/gait
[0.803s] byte-compiling /home/wbb/ros2_ws/install/gait/lib/python3.10/site-packages/gait/__init__.py to __init__.cpython-310.pyc
[0.803s] byte-compiling /home/wbb/ros2_ws/install/gait/lib/python3.10/site-packages/gait/cycle_timer.py to cycle_timer.cpython-310.pyc
[0.803s] byte-compiling /home/wbb/ros2_ws/install/gait/lib/python3.10/site-packages/gait/gait_schedule.py to gait_schedule.cpython-310.pyc
[0.803s] running install_data
[0.803s] creating /home/wbb/ros2_ws/install/gait/share/ament_index
[0.803s] creating /home/wbb/ros2_ws/install/gait/share/ament_index/resource_index
[0.803s] creating /home/wbb/ros2_ws/install/gait/share/ament_index/resource_index/packages
[0.803s] copying resource/gait -> /home/wbb/ros2_ws/install/gait/share/ament_index/resource_index/packages
[0.803s] copying package.xml -> /home/wbb/ros2_ws/install/gait/share/gait
[0.803s] running install_egg_info
[0.808s] Copying ../../../build/gait/gait.egg-info to /home/wbb/ros2_ws/install/gait/lib/python3.10/site-packages/gait-0.0.0-py3.10.egg-info
[0.808s] running install_scripts
[0.816s] writing list of installed files to '/home/wbb/ros2_ws/build/gait/install.log'
[0.843s] Invoked command in '/home/wbb/ros2_ws/src/motion/gait' returned '0': AMENT_PREFIX_PATH=/home/wbb/ros2_ws/install/core:/home/wbb/ros2_ws/install/visualization:/home/wbb/ros2_ws/install/trans:/home/wbb/ros2_ws/install/third_party:/home/wbb/ros2_ws/install/sim:/home/wbb/ros2_ws/install/management:/home/wbb/ros2_ws/install/generation:/home/wbb/ros2_ws/install/gait:/home/wbb/ros2_ws/install/estimation:/home/wbb/ros2_ws/install/control:/home/wbb/ros2_ws/install/assets:/opt/ros/humble PYTHONPATH=/home/wbb/ros2_ws/build/gait/prefix_override:/usr/lib/python3/dist-packages/colcon_core/task/python/colcon_distutils_commands:/home/wbb/ros2_ws/install/gait/lib/python3.10/site-packages:/home/wbb/ros2_ws/install/core/lib/python3.10/site-packages:/home/wbb/ros2_ws/install/trans/local/lib/python3.10/dist-packages:/home/wbb/ros2_ws/install/third_party/lib/python3.10/site-packages:/home/wbb/ros2_ws/install/sim/lib/python3.10/site-packages:/home/wbb/ros2_ws/install/management/lib/python3.10/site-packages:/home/wbb/ros2_ws/install/generation/lib/python3.10/site-packages:/home/wbb/ros2_ws/install/gait/lib/python3.10/site-packages:/home/wbb/ros2_ws/install/estimation/lib/python3.10/site-packages:/home/wbb/ros2_ws/install/control/lib/python3.10/site-packages:/home/wbb/ros2_ws/install/assets/lib/python3.10/site-packages:/opt/ros/humble/lib/python3.10/site-packages:/opt/ros/humble/local/lib/python3.10/dist-packages /usr/bin/python3 -W ignore:setup.py install is deprecated -W ignore:easy_install command is deprecated setup.py egg_info --egg-base ../../../build/gait build --build-base /home/wbb/ros2_ws/build/gait/build install --record /home/wbb/ros2_ws/build/gait/install.log --single-version-externally-managed install_data
>>>>>>>> c5afa6f65fc98bc522d7c9b9963790e74e7f25a1:log/build_2025-02-19_19-42-52/gait/streams.log
