running egg_info
writing ../../../build/gait/gait.egg-info/PKG-INFO
writing dependency_links to ../../../build/gait/gait.egg-info/dependency_links.txt
writing entry points to ../../../build/gait/gait.egg-info/entry_points.txt
writing requirements to ../../../build/gait/gait.egg-info/requires.txt
writing top-level names to ../../../build/gait/gait.egg-info/top_level.txt
reading manifest file '../../../build/gait/gait.egg-info/SOURCES.txt'
writing manifest file '../../../build/gait/gait.egg-info/SOURCES.txt'
running build
running build_py
copying gait/cycle_timer.py -> /home/wbb/ros2_ws/build/gait/build/lib/gait
running install
running install_lib
copying /home/wbb/ros2_ws/build/gait/build/lib/gait/cycle_timer.py -> /home/wbb/ros2_ws/install/gait/lib/python3.10/site-packages/gait
byte-compiling /home/wbb/ros2_ws/install/gait/lib/python3.10/site-packages/gait/cycle_timer.py to cycle_timer.cpython-310.pyc
running install_data
running install_egg_info
removing '/home/wbb/ros2_ws/install/gait/lib/python3.10/site-packages/gait-0.0.0-py3.10.egg-info' (and everything under it)
Copying ../../../build/gait/gait.egg-info to /home/wbb/ros2_ws/install/gait/lib/python3.10/site-packages/gait-0.0.0-py3.10.egg-info
running install_scripts
writing list of installed files to '/home/wbb/ros2_ws/build/gait/install.log'
