[1.163s] Invoking command in '/home/wbb/ros2_ws/src/motion/gait': AMENT_PREFIX_PATH=/home/wbb/ros2_ws/install/core:/home/wbb/ros2_ws/install/visualization:/home/wbb/ros2_ws/install/trans:/home/wbb/ros2_ws/install/third_party:/home/wbb/ros2_ws/install/sim:/home/wbb/ros2_ws/install/management:/home/wbb/ros2_ws/install/generation:/home/wbb/ros2_ws/install/gait:/home/wbb/ros2_ws/install/estimation:/home/wbb/ros2_ws/install/control:/home/wbb/ros2_ws/install/assets:/opt/ros/humble PYTHONPATH=/home/wbb/ros2_ws/build/gait/prefix_override:/usr/lib/python3/dist-packages/colcon_core/task/python/colcon_distutils_commands:/home/wbb/ros2_ws/install/gait/lib/python3.10/site-packages:/home/wbb/ros2_ws/install/core/lib/python3.10/site-packages:/home/wbb/ros2_ws/install/trans/local/lib/python3.10/dist-packages:/home/wbb/ros2_ws/install/third_party/lib/python3.10/site-packages:/home/wbb/ros2_ws/install/sim/lib/python3.10/site-packages:/home/wbb/ros2_ws/install/management/lib/python3.10/site-packages:/home/wbb/ros2_ws/install/generation/lib/python3.10/site-packages:/home/wbb/ros2_ws/install/gait/lib/python3.10/site-packages:/home/wbb/ros2_ws/install/estimation/lib/python3.10/site-packages:/home/wbb/ros2_ws/install/control/lib/python3.10/site-packages:/home/wbb/ros2_ws/install/assets/lib/python3.10/site-packages:/opt/ros/humble/lib/python3.10/site-packages:/opt/ros/humble/local/lib/python3.10/dist-packages /usr/bin/python3 -W ignore:setup.py install is deprecated -W ignore:easy_install command is deprecated setup.py egg_info --egg-base ../../../build/gait build --build-base /home/wbb/ros2_ws/build/gait/build install --record /home/wbb/ros2_ws/build/gait/install.log --single-version-externally-managed install_data
[1.261s] Traceback (most recent call last):
[1.261s]   File "/home/wbb/ros2_ws/src/motion/gait/setup.py", line 1, in <module>
[1.261s]     from setuptools import find_packages, setup
[1.261s]   File "/usr/lib/python3/dist-packages/setuptools/__init__.py", line 16, in <module>
[1.261s]     import setuptools.version
[1.261s]   File "/usr/lib/python3/dist-packages/setuptools/version.py", line 1, in <module>
[1.261s]     import pkg_resources
[1.261s]   File "/usr/lib/python3/dist-packages/pkg_resources/__init__.py", line 3267, in <module>
[1.262s]     def _initialize_master_working_set():
[1.262s]   File "/usr/lib/python3/dist-packages/pkg_resources/__init__.py", line 3241, in _call_aside
[1.262s]     f(*args, **kwargs)
[1.262s]   File "/usr/lib/python3/dist-packages/pkg_resources/__init__.py", line 3302, in _initialize_master_working_set
[1.262s]     list(map(working_set.add_entry, sys.path))
[1.262s]   File "/usr/lib/python3/dist-packages/pkg_resources/__init__.py", line 613, in add_entry
[1.262s]     for dist in find_distributions(entry, True):
[1.262s]   File "/usr/lib/python3/dist-packages/pkg_resources/__init__.py", line 2077, in find_on_path
[1.262s]     for dist in factory(fullpath):
[1.262s]   File "/usr/lib/python3/dist-packages/pkg_resources/__init__.py", line 2142, in distributions_from_metadata
[1.262s]     yield Distribution.from_location(
[1.262s]   File "/usr/lib/python3/dist-packages/pkg_resources/__init__.py", line 2606, in from_location
[1.263s]     )._reload_version()
[1.263s]   File "/usr/lib/python3/dist-packages/pkg_resources/__init__.py", line 3004, in _reload_version
[1.263s]     md_version = self._get_version()
[1.263s]   File "/usr/lib/python3/dist-packages/pkg_resources/__init__.py", line 2785, in _get_version
[1.263s]     version = _version_from_file(lines)
[1.263s]   File "/usr/lib/python3/dist-packages/pkg_resources/__init__.py", line 2569, in _version_from_file
[1.263s]     line = next(iter(version_lines), '')
[1.263s]   File "/usr/lib/python3/dist-packages/pkg_resources/__init__.py", line 2780, in _get_metadata
[1.263s]     for line in self.get_metadata_lines(name):
[1.263s]   File "/usr/lib/python3/dist-packages/pkg_resources/__init__.py", line 1422, in get_metadata_lines
[1.263s]     return yield_lines(self.get_metadata(name))
[1.263s]   File "/usr/lib/python3/dist-packages/pkg_resources/__init__.py", line 1412, in get_metadata
[1.263s]     value = self._get(path)
[1.263s]   File "/usr/lib/python3/dist-packages/pkg_resources/__init__.py", line 1616, in _get
[1.263s]     with open(path, 'rb') as stream:
[1.264s] FileNotFoundError: [Errno 2] No such file or directory: '/home/wbb/ros2_ws/install/management/lib/python3.10/site-packages/management-0.0.0-py3.10.egg-info/PKG-INFO'
[1.273s] Invoked command in '/home/wbb/ros2_ws/src/motion/gait' returned '1': AMENT_PREFIX_PATH=/home/wbb/ros2_ws/install/core:/home/wbb/ros2_ws/install/visualization:/home/wbb/ros2_ws/install/trans:/home/wbb/ros2_ws/install/third_party:/home/wbb/ros2_ws/install/sim:/home/wbb/ros2_ws/install/management:/home/wbb/ros2_ws/install/generation:/home/wbb/ros2_ws/install/gait:/home/wbb/ros2_ws/install/estimation:/home/wbb/ros2_ws/install/control:/home/wbb/ros2_ws/install/assets:/opt/ros/humble PYTHONPATH=/home/wbb/ros2_ws/build/gait/prefix_override:/usr/lib/python3/dist-packages/colcon_core/task/python/colcon_distutils_commands:/home/wbb/ros2_ws/install/gait/lib/python3.10/site-packages:/home/wbb/ros2_ws/install/core/lib/python3.10/site-packages:/home/wbb/ros2_ws/install/trans/local/lib/python3.10/dist-packages:/home/wbb/ros2_ws/install/third_party/lib/python3.10/site-packages:/home/wbb/ros2_ws/install/sim/lib/python3.10/site-packages:/home/wbb/ros2_ws/install/management/lib/python3.10/site-packages:/home/wbb/ros2_ws/install/generation/lib/python3.10/site-packages:/home/wbb/ros2_ws/install/gait/lib/python3.10/site-packages:/home/wbb/ros2_ws/install/estimation/lib/python3.10/site-packages:/home/wbb/ros2_ws/install/control/lib/python3.10/site-packages:/home/wbb/ros2_ws/install/assets/lib/python3.10/site-packages:/opt/ros/humble/lib/python3.10/site-packages:/opt/ros/humble/local/lib/python3.10/dist-packages /usr/bin/python3 -W ignore:setup.py install is deprecated -W ignore:easy_install command is deprecated setup.py egg_info --egg-base ../../../build/gait build --build-base /home/wbb/ros2_ws/build/gait/build install --record /home/wbb/ros2_ws/build/gait/install.log --single-version-externally-managed install_data
