[0.991s] Invoking command in '/home/wbb/ros2_ws/src/motion/management': AMENT_PREFIX_PATH=/home/wbb/ros2_ws/install/core:/home/wbb/ros2_ws/install/visualization:/home/wbb/ros2_ws/install/trans:/home/wbb/ros2_ws/install/third_party:/home/wbb/ros2_ws/install/sim:/home/wbb/ros2_ws/install/management:/home/wbb/ros2_ws/install/generation:/home/wbb/ros2_ws/install/gait:/home/wbb/ros2_ws/install/estimation:/home/wbb/ros2_ws/install/control:/home/wbb/ros2_ws/install/assets:/opt/ros/humble PYTHONPATH=/home/wbb/ros2_ws/build/management/prefix_override:/usr/lib/python3/dist-packages/colcon_core/task/python/colcon_distutils_commands:/home/wbb/ros2_ws/install/management/lib/python3.10/site-packages:/home/wbb/ros2_ws/install/core/lib/python3.10/site-packages:/home/wbb/ros2_ws/install/trans/local/lib/python3.10/dist-packages:/home/wbb/ros2_ws/install/third_party/lib/python3.10/site-packages:/home/wbb/ros2_ws/install/sim/lib/python3.10/site-packages:/home/wbb/ros2_ws/install/management/lib/python3.10/site-packages:/home/wbb/ros2_ws/install/generation/lib/python3.10/site-packages:/home/wbb/ros2_ws/install/gait/lib/python3.10/site-packages:/home/wbb/ros2_ws/install/estimation/lib/python3.10/site-packages:/home/wbb/ros2_ws/install/control/lib/python3.10/site-packages:/home/wbb/ros2_ws/install/assets/lib/python3.10/site-packages:/opt/ros/humble/lib/python3.10/site-packages:/opt/ros/humble/local/lib/python3.10/dist-packages /usr/bin/python3 -W ignore:setup.py install is deprecated -W ignore:easy_install command is deprecated setup.py egg_info --egg-base ../../../build/management build --build-base /home/wbb/ros2_ws/build/management/build install --record /home/wbb/ros2_ws/build/management/install.log --single-version-externally-managed install_data
[1.153s] running egg_info
[1.153s] writing ../../../build/management/management.egg-info/PKG-INFO
[1.153s] writing dependency_links to ../../../build/management/management.egg-info/dependency_links.txt
[1.153s] writing entry points to ../../../build/management/management.egg-info/entry_points.txt
[1.154s] writing requirements to ../../../build/management/management.egg-info/requires.txt
[1.154s] writing top-level names to ../../../build/management/management.egg-info/top_level.txt
[1.156s] reading manifest file '../../../build/management/management.egg-info/SOURCES.txt'
[1.156s] writing manifest file '../../../build/management/management.egg-info/SOURCES.txt'
[1.156s] running build
[1.156s] running build_py
[1.156s] running install
[1.157s] running install_lib
[1.158s] running install_data
[1.158s] running install_egg_info
[1.159s] removing '/home/wbb/ros2_ws/install/management/lib/python3.10/site-packages/management-0.0.0-py3.10.egg-info' (and everything under it)
[1.159s] Copying ../../../build/management/management.egg-info to /home/wbb/ros2_ws/install/management/lib/python3.10/site-packages/management-0.0.0-py3.10.egg-info
[1.159s] running install_scripts
[1.173s] Installing joystick script to /home/wbb/ros2_ws/install/management/lib/management
[1.173s] Installing main script to /home/wbb/ros2_ws/install/management/lib/management
[1.173s] writing list of installed files to '/home/wbb/ros2_ws/build/management/install.log'
[1.192s] Invoked command in '/home/wbb/ros2_ws/src/motion/management' returned '0': AMENT_PREFIX_PATH=/home/wbb/ros2_ws/install/core:/home/wbb/ros2_ws/install/visualization:/home/wbb/ros2_ws/install/trans:/home/wbb/ros2_ws/install/third_party:/home/wbb/ros2_ws/install/sim:/home/wbb/ros2_ws/install/management:/home/wbb/ros2_ws/install/generation:/home/wbb/ros2_ws/install/gait:/home/wbb/ros2_ws/install/estimation:/home/wbb/ros2_ws/install/control:/home/wbb/ros2_ws/install/assets:/opt/ros/humble PYTHONPATH=/home/wbb/ros2_ws/build/management/prefix_override:/usr/lib/python3/dist-packages/colcon_core/task/python/colcon_distutils_commands:/home/wbb/ros2_ws/install/management/lib/python3.10/site-packages:/home/wbb/ros2_ws/install/core/lib/python3.10/site-packages:/home/wbb/ros2_ws/install/trans/local/lib/python3.10/dist-packages:/home/wbb/ros2_ws/install/third_party/lib/python3.10/site-packages:/home/wbb/ros2_ws/install/sim/lib/python3.10/site-packages:/home/wbb/ros2_ws/install/management/lib/python3.10/site-packages:/home/wbb/ros2_ws/install/generation/lib/python3.10/site-packages:/home/wbb/ros2_ws/install/gait/lib/python3.10/site-packages:/home/wbb/ros2_ws/install/estimation/lib/python3.10/site-packages:/home/wbb/ros2_ws/install/control/lib/python3.10/site-packages:/home/wbb/ros2_ws/install/assets/lib/python3.10/site-packages:/opt/ros/humble/lib/python3.10/site-packages:/opt/ros/humble/local/lib/python3.10/dist-packages /usr/bin/python3 -W ignore:setup.py install is deprecated -W ignore:easy_install command is deprecated setup.py egg_info --egg-base ../../../build/management build --build-base /home/wbb/ros2_ws/build/management/build install --record /home/wbb/ros2_ws/build/management/install.log --single-version-externally-managed install_data
