[0.422s] Invoking command in '/home/wbb/ros2_ws/build/visualization': CMAKE_PREFIX_PATH=${CMAKE_PREFIX_PATH}:/home/wbb/ros2_ws/install/third_party:/home/wbb/ros2_ws/install/sim:/home/wbb/ros2_ws/install/management:/home/wbb/ros2_ws/install/generation:/home/wbb/ros2_ws/install/gait:/home/wbb/ros2_ws/install/estimation:/home/wbb/ros2_ws/install/control:/home/wbb/ros2_ws/install/core:/home/wbb/ros2_ws/install/assets:/opt/ros/humble /usr/bin/cmake /home/wbb/ros2_ws/src/visualization -DCMAKE_INSTALL_PREFIX=/home/wbb/ros2_ws/install/visualization
[0.498s] -- The C compiler identification is GNU 11.4.0
[0.558s] -- The CXX compiler identification is GNU 11.4.0
[0.566s] -- Detecting C compiler ABI info
[0.631s] -- Detecting C compiler ABI info - done
[0.634s] -- Check for working C compiler: /usr/bin/cc - skipped
[0.634s] -- Detecting C compile features
[0.634s] -- Detecting C compile features - done
[0.636s] -- Detecting CXX compiler ABI info
[0.703s] -- Detecting CXX compiler ABI info - done
[0.708s] -- Check for working CXX compiler: /usr/bin/c++ - skipped
[0.708s] -- Detecting CXX compile features
[0.708s] -- Detecting CXX compile features - done
[0.710s] -- Found ament_cmake: 1.3.11 (/opt/ros/humble/share/ament_cmake/cmake)
[0.857s] -- Found Python3: /usr/bin/python3 (found version "3.10.12") found components: Interpreter 
[0.975s] -- Configuring done
[0.977s] -- Generating done
[0.979s] -- Build files have been written to: /home/wbb/ros2_ws/build/visualization
[1.000s] Invoked command in '/home/wbb/ros2_ws/build/visualization' returned '0': CMAKE_PREFIX_PATH=${CMAKE_PREFIX_PATH}:/home/wbb/ros2_ws/install/third_party:/home/wbb/ros2_ws/install/sim:/home/wbb/ros2_ws/install/management:/home/wbb/ros2_ws/install/generation:/home/wbb/ros2_ws/install/gait:/home/wbb/ros2_ws/install/estimation:/home/wbb/ros2_ws/install/control:/home/wbb/ros2_ws/install/core:/home/wbb/ros2_ws/install/assets:/opt/ros/humble /usr/bin/cmake /home/wbb/ros2_ws/src/visualization -DCMAKE_INSTALL_PREFIX=/home/wbb/ros2_ws/install/visualization
[1.002s] Invoking command in '/home/wbb/ros2_ws/build/visualization': CMAKE_PREFIX_PATH=${CMAKE_PREFIX_PATH}:/home/wbb/ros2_ws/install/third_party:/home/wbb/ros2_ws/install/sim:/home/wbb/ros2_ws/install/management:/home/wbb/ros2_ws/install/generation:/home/wbb/ros2_ws/install/gait:/home/wbb/ros2_ws/install/estimation:/home/wbb/ros2_ws/install/control:/home/wbb/ros2_ws/install/core:/home/wbb/ros2_ws/install/assets:/opt/ros/humble /usr/bin/cmake --build /home/wbb/ros2_ws/build/visualization -- -j16 -l16
[1.954s] Invoked command in '/home/wbb/ros2_ws/build/visualization' returned '0': CMAKE_PREFIX_PATH=${CMAKE_PREFIX_PATH}:/home/wbb/ros2_ws/install/third_party:/home/wbb/ros2_ws/install/sim:/home/wbb/ros2_ws/install/management:/home/wbb/ros2_ws/install/generation:/home/wbb/ros2_ws/install/gait:/home/wbb/ros2_ws/install/estimation:/home/wbb/ros2_ws/install/control:/home/wbb/ros2_ws/install/core:/home/wbb/ros2_ws/install/assets:/opt/ros/humble /usr/bin/cmake --build /home/wbb/ros2_ws/build/visualization -- -j16 -l16
[1.963s] Invoking command in '/home/wbb/ros2_ws/build/visualization': CMAKE_PREFIX_PATH=${CMAKE_PREFIX_PATH}:/home/wbb/ros2_ws/install/third_party:/home/wbb/ros2_ws/install/sim:/home/wbb/ros2_ws/install/management:/home/wbb/ros2_ws/install/generation:/home/wbb/ros2_ws/install/gait:/home/wbb/ros2_ws/install/estimation:/home/wbb/ros2_ws/install/control:/home/wbb/ros2_ws/install/core:/home/wbb/ros2_ws/install/assets:/opt/ros/humble /usr/bin/cmake --install /home/wbb/ros2_ws/build/visualization
[1.974s] -- Install configuration: ""
[1.974s] -- Installing: /home/wbb/ros2_ws/install/visualization/share/visualization/launch
[1.974s] -- Installing: /home/wbb/ros2_ws/install/visualization/share/visualization/launch/a1_vis_launch.py
[1.974s] -- Installing: /home/wbb/ros2_ws/install/visualization/share/visualization/launch/aliengo_vis_launch.py
[1.974s] -- Installing: /home/wbb/ros2_ws/install/visualization/share/visualization/config
[1.974s] -- Installing: /home/wbb/ros2_ws/install/visualization/share/visualization/config/config.rviz
[1.975s] -- Installing: /home/wbb/ros2_ws/install/visualization/share/visualization/config/atlas_config.rviz
[1.975s] -- Installing: /home/wbb/ros2_ws/install/visualization/share/visualization/config/spot_config.rviz
[1.975s] -- Installing: /home/wbb/ros2_ws/install/visualization/share/ament_index/resource_index/package_run_dependencies/visualization
[1.975s] -- Installing: /home/wbb/ros2_ws/install/visualization/share/ament_index/resource_index/parent_prefix_path/visualization
[1.975s] -- Installing: /home/wbb/ros2_ws/install/visualization/share/visualization/environment/ament_prefix_path.sh
[1.975s] -- Installing: /home/wbb/ros2_ws/install/visualization/share/visualization/environment/ament_prefix_path.dsv
[1.975s] -- Installing: /home/wbb/ros2_ws/install/visualization/share/visualization/environment/path.sh
[1.975s] -- Installing: /home/wbb/ros2_ws/install/visualization/share/visualization/environment/path.dsv
[1.975s] -- Installing: /home/wbb/ros2_ws/install/visualization/share/visualization/local_setup.bash
[1.975s] -- Installing: /home/wbb/ros2_ws/install/visualization/share/visualization/local_setup.sh
[1.975s] -- Installing: /home/wbb/ros2_ws/install/visualization/share/visualization/local_setup.zsh
[1.976s] -- Installing: /home/wbb/ros2_ws/install/visualization/share/visualization/local_setup.dsv
[1.976s] -- Installing: /home/wbb/ros2_ws/install/visualization/share/visualization/package.dsv
[1.976s] -- Installing: /home/wbb/ros2_ws/install/visualization/share/ament_index/resource_index/packages/visualization
[1.976s] -- Installing: /home/wbb/ros2_ws/install/visualization/share/visualization/cmake/visualizationConfig.cmake
[1.976s] -- Installing: /home/wbb/ros2_ws/install/visualization/share/visualization/cmake/visualizationConfig-version.cmake
[1.976s] -- Installing: /home/wbb/ros2_ws/install/visualization/share/visualization/package.xml
[1.981s] Invoked command in '/home/wbb/ros2_ws/build/visualization' returned '0': CMAKE_PREFIX_PATH=${CMAKE_PREFIX_PATH}:/home/wbb/ros2_ws/install/third_party:/home/wbb/ros2_ws/install/sim:/home/wbb/ros2_ws/install/management:/home/wbb/ros2_ws/install/generation:/home/wbb/ros2_ws/install/gait:/home/wbb/ros2_ws/install/estimation:/home/wbb/ros2_ws/install/control:/home/wbb/ros2_ws/install/core:/home/wbb/ros2_ws/install/assets:/opt/ros/humble /usr/bin/cmake --install /home/wbb/ros2_ws/build/visualization
