running egg_info
writing ../../../build/management/management.egg-info/PKG-INFO
writing dependency_links to ../../../build/management/management.egg-info/dependency_links.txt
writing entry points to ../../../build/management/management.egg-info/entry_points.txt
writing requirements to ../../../build/management/management.egg-info/requires.txt
writing top-level names to ../../../build/management/management.egg-info/top_level.txt
reading manifest file '../../../build/management/management.egg-info/SOURCES.txt'
writing manifest file '../../../build/management/management.egg-info/SOURCES.txt'
running build
running build_py
copying management/data_visualization.py -> /home/wbb/ros2_ws/build/management/build/lib/management
running install
running install_lib
copying /home/wbb/ros2_ws/build/management/build/lib/management/data_visualization.py -> /home/wbb/ros2_ws/install/management/lib/python3.10/site-packages/management
byte-compiling /home/wbb/ros2_ws/install/management/lib/python3.10/site-packages/management/data_visualization.py to data_visualization.cpython-310.pyc
running install_data
running install_egg_info
removing '/home/wbb/ros2_ws/install/management/lib/python3.10/site-packages/management-0.0.0-py3.10.egg-info' (and everything under it)
Copying ../../../build/management/management.egg-info to /home/wbb/ros2_ws/install/management/lib/python3.10/site-packages/management-0.0.0-py3.10.egg-info
running install_scripts
Installing joystick script to /home/wbb/ros2_ws/install/management/lib/management
Installing main script to /home/wbb/ros2_ws/install/management/lib/management
writing list of installed files to '/home/wbb/ros2_ws/build/management/install.log'
