[0.868s] Invoking command in '/home/wbb/ros2_ws/src/core': PYTHONPATH=/home/wbb/ros2_ws/build/core/prefix_override:/usr/lib/python3/dist-packages/colcon_core/task/python/colcon_distutils_commands:/home/wbb/ros2_ws/install/core/lib/python3.10/site-packages:${PYTHONPATH} /usr/bin/python3 -W ignore:setup.py install is deprecated -W ignore:easy_install command is deprecated setup.py egg_info --egg-base ../../build/core build --build-base /home/wbb/ros2_ws/build/core/build install --record /home/wbb/ros2_ws/build/core/install.log --single-version-externally-managed install_data
[1.014s] running egg_info
[1.014s] writing ../../build/core/core.egg-info/PKG-INFO
[1.014s] writing dependency_links to ../../build/core/core.egg-info/dependency_links.txt
[1.014s] writing entry points to ../../build/core/core.egg-info/entry_points.txt
[1.015s] writing requirements to ../../build/core/core.egg-info/requires.txt
[1.015s] writing top-level names to ../../build/core/core.egg-info/top_level.txt
[1.016s] reading manifest file '../../build/core/core.egg-info/SOURCES.txt'
[1.017s] writing manifest file '../../build/core/core.egg-info/SOURCES.txt'
[1.017s] running build
[1.017s] running build_py
[1.018s] running install
[1.018s] running install_lib
[1.019s] running install_data
[1.019s] running install_egg_info
[1.020s] removing '/home/wbb/ros2_ws/install/core/lib/python3.10/site-packages/core-0.0.0-py3.10.egg-info' (and everything under it)
[1.020s] Copying ../../build/core/core.egg-info to /home/wbb/ros2_ws/install/core/lib/python3.10/site-packages/core-0.0.0-py3.10.egg-info
[1.020s] running install_scripts
[1.033s] writing list of installed files to '/home/wbb/ros2_ws/build/core/install.log'
[1.048s] Invoked command in '/home/wbb/ros2_ws/src/core' returned '0': PYTHONPATH=/home/wbb/ros2_ws/build/core/prefix_override:/usr/lib/python3/dist-packages/colcon_core/task/python/colcon_distutils_commands:/home/wbb/ros2_ws/install/core/lib/python3.10/site-packages:${PYTHONPATH} /usr/bin/python3 -W ignore:setup.py install is deprecated -W ignore:easy_install command is deprecated setup.py egg_info --egg-base ../../build/core build --build-base /home/wbb/ros2_ws/build/core/build install --record /home/wbb/ros2_ws/build/core/install.log --single-version-externally-managed install_data
