[0.638s] Invoking command in '/home/wbb/ros2_ws/src/assets': PYTHONPATH=/home/wbb/ros2_ws/build/assets/prefix_override:/usr/lib/python3/dist-packages/colcon_core/task/python/colcon_distutils_commands:/home/wbb/ros2_ws/install/assets/lib/python3.10/site-packages:${PYTHONPATH} /usr/bin/python3 -W ignore:setup.py install is deprecated -W ignore:easy_install command is deprecated setup.py egg_info --egg-base ../../build/assets build --build-base /home/wbb/ros2_ws/build/assets/build install --record /home/wbb/ros2_ws/build/assets/install.log --single-version-externally-managed install_data
[0.776s] running egg_info
[0.776s] creating ../../build/assets/assets.egg-info
[0.776s] writing ../../build/assets/assets.egg-info/PKG-INFO
[0.776s] writing dependency_links to ../../build/assets/assets.egg-info/dependency_links.txt
[0.776s] writing entry points to ../../build/assets/assets.egg-info/entry_points.txt
[0.776s] writing requirements to ../../build/assets/assets.egg-info/requires.txt
[0.776s] writing top-level names to ../../build/assets/assets.egg-info/top_level.txt
[0.777s] writing manifest file '../../build/assets/assets.egg-info/SOURCES.txt'
[0.777s] reading manifest file '../../build/assets/assets.egg-info/SOURCES.txt'
[0.778s] writing manifest file '../../build/assets/assets.egg-info/SOURCES.txt'
[0.778s] running build
[0.778s] running install
[0.778s] running install_data
[0.778s] creating /home/wbb/ros2_ws/install/assets/share/assets/p1
[0.778s] copying share/assets/p1/config.yaml -> /home/wbb/ros2_ws/install/assets/share/assets/p1
[0.778s] copying share/assets/p1/PF_A.urdf -> /home/wbb/ros2_ws/install/assets/share/assets/p1
[0.778s] copying share/assets/p1/PF_A.xml -> /home/wbb/ros2_ws/install/assets/share/assets/p1
[0.778s] creating /home/wbb/ros2_ws/install/assets/share/assets/p1/meshes
[0.778s] copying share/assets/p1/meshes/foot_left_link.STL -> /home/wbb/ros2_ws/install/assets/share/assets/p1/meshes
[0.779s] copying share/assets/p1/meshes/foot_right_link.STL -> /home/wbb/ros2_ws/install/assets/share/assets/p1/meshes
[0.779s] copying share/assets/p1/meshes/abad_right_link.STL -> /home/wbb/ros2_ws/install/assets/share/assets/p1/meshes
[0.782s] copying share/assets/p1/meshes/knee_right_link.STL -> /home/wbb/ros2_ws/install/assets/share/assets/p1/meshes
[0.782s] copying share/assets/p1/meshes/abad_left_link.STL -> /home/wbb/ros2_ws/install/assets/share/assets/p1/meshes
[0.785s] copying share/assets/p1/meshes/base_link.STL -> /home/wbb/ros2_ws/install/assets/share/assets/p1/meshes
[0.789s] copying share/assets/p1/meshes/hip_left_link.STL -> /home/wbb/ros2_ws/install/assets/share/assets/p1/meshes
[0.793s] copying share/assets/p1/meshes/hip_right_link.STL -> /home/wbb/ros2_ws/install/assets/share/assets/p1/meshes
[0.797s] copying share/assets/p1/meshes/knee_left_link.STL -> /home/wbb/ros2_ws/install/assets/share/assets/p1/meshes
[0.797s] creating /home/wbb/ros2_ws/install/assets/share/assets/p1/meshes.back
[0.797s] copying share/assets/p1/meshes.back/foot_left_link.STL -> /home/wbb/ros2_ws/install/assets/share/assets/p1/meshes.back
[0.797s] copying share/assets/p1/meshes.back/foot_right_link.STL -> /home/wbb/ros2_ws/install/assets/share/assets/p1/meshes.back
[0.798s] copying share/assets/p1/meshes.back/abad_right_link.STL -> /home/wbb/ros2_ws/install/assets/share/assets/p1/meshes.back
[0.798s] copying share/assets/p1/meshes.back/knee_right_link.STL -> /home/wbb/ros2_ws/install/assets/share/assets/p1/meshes.back
[0.798s] copying share/assets/p1/meshes.back/abad_left_link.STL -> /home/wbb/ros2_ws/install/assets/share/assets/p1/meshes.back
[0.799s] copying share/assets/p1/meshes.back/base_link.STL -> /home/wbb/ros2_ws/install/assets/share/assets/p1/meshes.back
[0.800s] copying share/assets/p1/meshes.back/hip_left_link.STL -> /home/wbb/ros2_ws/install/assets/share/assets/p1/meshes.back
[0.801s] copying share/assets/p1/meshes.back/hip_right_link.STL -> /home/wbb/ros2_ws/install/assets/share/assets/p1/meshes.back
[0.801s] copying share/assets/p1/meshes.back/knee_left_link.STL -> /home/wbb/ros2_ws/install/assets/share/assets/p1/meshes.back
[0.802s] copying package.xml -> /home/wbb/ros2_ws/install/assets/share/assets
[0.802s] running install_egg_info
[0.803s] Copying ../../build/assets/assets.egg-info to /home/wbb/ros2_ws/install/assets/lib/python3.10/site-packages/assets-0.0.0-py3.10.egg-info
[0.804s] running install_scripts
[0.817s] writing list of installed files to '/home/wbb/ros2_ws/build/assets/install.log'
[0.834s] Invoked command in '/home/wbb/ros2_ws/src/assets' returned '0': PYTHONPATH=/home/wbb/ros2_ws/build/assets/prefix_override:/usr/lib/python3/dist-packages/colcon_core/task/python/colcon_distutils_commands:/home/wbb/ros2_ws/install/assets/lib/python3.10/site-packages:${PYTHONPATH} /usr/bin/python3 -W ignore:setup.py install is deprecated -W ignore:easy_install command is deprecated setup.py egg_info --egg-base ../../build/assets build --build-base /home/wbb/ros2_ws/build/assets/build install --record /home/wbb/ros2_ws/build/assets/install.log --single-version-externally-managed install_data
