[0.448s] Invoking command in '/home/wbb/ros2_ws/build/visualization': CMAKE_PREFIX_PATH=${CMAKE_PREFIX_PATH}:/home/wbb/ros2_ws/install/third_party:/home/wbb/ros2_ws/install/sim:/home/wbb/ros2_ws/install/management:/home/wbb/ros2_ws/install/generation:/home/wbb/ros2_ws/install/gait:/home/wbb/ros2_ws/install/estimation:/home/wbb/ros2_ws/install/control:/home/wbb/ros2_ws/install/core:/home/wbb/ros2_ws/install/assets:/opt/ros/humble /usr/bin/cmake --build /home/wbb/ros2_ws/build/visualization -- -j16 -l16
[0.488s] Invoked command in '/home/wbb/ros2_ws/build/visualization' returned '0': CMAKE_PREFIX_PATH=${CMAKE_PREFIX_PATH}:/home/wbb/ros2_ws/install/third_party:/home/wbb/ros2_ws/install/sim:/home/wbb/ros2_ws/install/management:/home/wbb/ros2_ws/install/generation:/home/wbb/ros2_ws/install/gait:/home/wbb/ros2_ws/install/estimation:/home/wbb/ros2_ws/install/control:/home/wbb/ros2_ws/install/core:/home/wbb/ros2_ws/install/assets:/opt/ros/humble /usr/bin/cmake --build /home/wbb/ros2_ws/build/visualization -- -j16 -l16
[0.496s] Invoking command in '/home/wbb/ros2_ws/build/visualization': CMAKE_PREFIX_PATH=${CMAKE_PREFIX_PATH}:/home/wbb/ros2_ws/install/third_party:/home/wbb/ros2_ws/install/sim:/home/wbb/ros2_ws/install/management:/home/wbb/ros2_ws/install/generation:/home/wbb/ros2_ws/install/gait:/home/wbb/ros2_ws/install/estimation:/home/wbb/ros2_ws/install/control:/home/wbb/ros2_ws/install/core:/home/wbb/ros2_ws/install/assets:/opt/ros/humble /usr/bin/cmake --install /home/wbb/ros2_ws/build/visualization
[0.504s] -- Install configuration: ""
[0.504s] -- Up-to-date: /home/wbb/ros2_ws/install/visualization/share/visualization/launch
[0.505s] -- Up-to-date: /home/wbb/ros2_ws/install/visualization/share/visualization/launch/a1_vis_launch.py
[0.505s] -- Up-to-date: /home/wbb/ros2_ws/install/visualization/share/visualization/launch/aliengo_vis_launch.py
[0.505s] -- Up-to-date: /home/wbb/ros2_ws/install/visualization/share/visualization/config
[0.505s] -- Up-to-date: /home/wbb/ros2_ws/install/visualization/share/visualization/config/config.rviz
[0.505s] -- Up-to-date: /home/wbb/ros2_ws/install/visualization/share/visualization/config/atlas_config.rviz
[0.505s] -- Up-to-date: /home/wbb/ros2_ws/install/visualization/share/visualization/config/spot_config.rviz
[0.505s] -- Up-to-date: /home/wbb/ros2_ws/install/visualization/share/ament_index/resource_index/package_run_dependencies/visualization
[0.505s] -- Up-to-date: /home/wbb/ros2_ws/install/visualization/share/ament_index/resource_index/parent_prefix_path/visualization
[0.505s] -- Up-to-date: /home/wbb/ros2_ws/install/visualization/share/visualization/environment/ament_prefix_path.sh
[0.505s] -- Up-to-date: /home/wbb/ros2_ws/install/visualization/share/visualization/environment/ament_prefix_path.dsv
[0.506s] -- Up-to-date: /home/wbb/ros2_ws/install/visualization/share/visualization/environment/path.sh
[0.506s] -- Up-to-date: /home/wbb/ros2_ws/install/visualization/share/visualization/environment/path.dsv
[0.506s] -- Up-to-date: /home/wbb/ros2_ws/install/visualization/share/visualization/local_setup.bash
[0.506s] -- Up-to-date: /home/wbb/ros2_ws/install/visualization/share/visualization/local_setup.sh
[0.506s] -- Up-to-date: /home/wbb/ros2_ws/install/visualization/share/visualization/local_setup.zsh
[0.506s] -- Up-to-date: /home/wbb/ros2_ws/install/visualization/share/visualization/local_setup.dsv
[0.506s] -- Installing: /home/wbb/ros2_ws/install/visualization/share/visualization/package.dsv
[0.506s] -- Up-to-date: /home/wbb/ros2_ws/install/visualization/share/ament_index/resource_index/packages/visualization
[0.506s] -- Up-to-date: /home/wbb/ros2_ws/install/visualization/share/visualization/cmake/visualizationConfig.cmake
[0.506s] -- Up-to-date: /home/wbb/ros2_ws/install/visualization/share/visualization/cmake/visualizationConfig-version.cmake
[0.506s] -- Up-to-date: /home/wbb/ros2_ws/install/visualization/share/visualization/package.xml
[0.507s] Invoked command in '/home/wbb/ros2_ws/build/visualization' returned '0': CMAKE_PREFIX_PATH=${CMAKE_PREFIX_PATH}:/home/wbb/ros2_ws/install/third_party:/home/wbb/ros2_ws/install/sim:/home/wbb/ros2_ws/install/management:/home/wbb/ros2_ws/install/generation:/home/wbb/ros2_ws/install/gait:/home/wbb/ros2_ws/install/estimation:/home/wbb/ros2_ws/install/control:/home/wbb/ros2_ws/install/core:/home/wbb/ros2_ws/install/assets:/opt/ros/humble /usr/bin/cmake --install /home/wbb/ros2_ws/build/visualization
