-- The C compiler identification is GNU 11.4.0
-- The CXX compiler identification is GNU 11.4.0
-- Detecting C compiler ABI info
-- Detecting C compiler ABI info - done
-- Check for working C compiler: /usr/bin/cc - skipped
-- Detecting C compile features
-- Detecting C compile features - done
-- Detecting CXX compiler ABI info
-- Detecting CXX compiler ABI info - done
-- Check for working CXX compiler: /usr/bin/c++ - skipped
-- Detecting CXX compile features
-- Detecting CXX compile features - done
-- Found ament_cmake: 1.3.11 (/opt/ros/humble/share/ament_cmake/cmake)
-- Found Python3: /usr/bin/python3 (found version "3.10.12") found components: Interpreter 
-- Found std_msgs: 4.2.4 (/opt/ros/humble/share/std_msgs/cmake)
-- Found rosidl_generator_c: 3.1.6 (/opt/ros/humble/share/rosidl_generator_c/cmake)
-- Found rosidl_adapter: 3.1.6 (/opt/ros/humble/share/rosidl_adapter/cmake)
-- Found rosidl_generator_cpp: 3.1.6 (/opt/ros/humble/share/rosidl_generator_cpp/cmake)
-- Using all available rosidl_typesupport_c: rosidl_typesupport_fastrtps_c;rosidl_typesupport_introspection_c
-- Using all available rosidl_typesupport_cpp: rosidl_typesupport_fastrtps_cpp;rosidl_typesupport_introspection_cpp
-- Found geometry_msgs: 4.2.4 (/opt/ros/humble/share/geometry_msgs/cmake)
-- Found sensor_msgs: 4.2.4 (/opt/ros/humble/share/sensor_msgs/cmake)
-- Found nav_msgs: 4.2.4 (/opt/ros/humble/share/nav_msgs/cmake)
-- Found rosidl_default_generators: 1.2.0 (/opt/ros/humble/share/rosidl_default_generators/cmake)
-- Found ament_cmake_ros: 0.10.0 (/opt/ros/humble/share/ament_cmake_ros/cmake)
-- Using all available rosidl_typesupport_c: rosidl_typesupport_fastrtps_c;rosidl_typesupport_introspection_c
-- Using all available rosidl_typesupport_cpp: rosidl_typesupport_fastrtps_cpp;rosidl_typesupport_introspection_cpp
-- Found PythonInterp: /usr/bin/python3 (found suitable version "3.10.12", minimum required is "3.6") 
-- Found python_cmake_module: 0.10.0 (/opt/ros/humble/share/python_cmake_module/cmake)
-- Found PythonLibs: /usr/lib/x86_64-linux-gnu/libpython3.10.so (found suitable version "3.10.12", minimum required is "3.5") 
-- Using PYTHON_EXECUTABLE: /usr/bin/python3
-- Using PYTHON_INCLUDE_DIRS: /usr/include/python3.10
-- Using PYTHON_LIBRARIES: /usr/lib/x86_64-linux-gnu/libpython3.10.so
-- Found PythonExtra: .so  
-- Configuring done
-- Generating done
-- Build files have been written to: /home/wbb/ros2_ws/build/trans
[  1%] [34m[1mGenerating C code for ROS interfaces[0m
[  1%] Built target ament_cmake_python_copy_trans
[  3%] [34m[1mGenerating C++ code for ROS interfaces[0m
running egg_info
creating trans.egg-info
writing trans.egg-info/PKG-INFO
writing dependency_links to trans.egg-info/dependency_links.txt
writing top-level names to trans.egg-info/top_level.txt
writing manifest file 'trans.egg-info/SOURCES.txt'
reading manifest file 'trans.egg-info/SOURCES.txt'
writing manifest file 'trans.egg-info/SOURCES.txt'
[  3%] Built target ament_cmake_python_build_trans_egg
[  5%] [32mBuilding C object CMakeFiles/trans__rosidl_generator_c.dir/rosidl_generator_c/trans/msg/detail/touch_sensor__functions.c.o[0m
[  7%] [32mBuilding C object CMakeFiles/trans__rosidl_generator_c.dir/rosidl_generator_c/trans/msg/detail/actuator_cmds__functions.c.o[0m
[  9%] [32mBuilding C object CMakeFiles/trans__rosidl_generator_c.dir/rosidl_generator_c/trans/srv/detail/gait_switch__functions.c.o[0m
[ 10%] [32mBuilding C object CMakeFiles/trans__rosidl_generator_c.dir/rosidl_generator_c/trans/srv/detail/simulation_reset__functions.c.o[0m
[ 10%] Built target trans__cpp
[ 14%] [34m[1mGenerating C++ type support for eProsima Fast-RTPS[0m
[ 16%] [34m[1mGenerating C++ type support dispatch for ROS interfaces[0m
[ 14%] [34m[1mGenerating C++ introspection for ROS interfaces[0m
[ 18%] [32m[1mLinking C shared library libtrans__rosidl_generator_c.so[0m
[ 18%] Built target trans__rosidl_generator_c
[ 21%] [34m[1mGenerating C introspection for ROS interfaces[0m
[ 21%] [34m[1mGenerating C type support dispatch for ROS interfaces[0m
[ 23%] [34m[1mGenerating C type support for eProsima Fast-RTPS[0m
[ 25%] [32mBuilding CXX object CMakeFiles/trans__rosidl_typesupport_cpp.dir/rosidl_typesupport_cpp/trans/srv/simulation_reset__type_support.cpp.o[0m
[ 27%] [32mBuilding CXX object CMakeFiles/trans__rosidl_typesupport_cpp.dir/rosidl_typesupport_cpp/trans/msg/touch_sensor__type_support.cpp.o[0m
[ 29%] [32mBuilding CXX object CMakeFiles/trans__rosidl_typesupport_cpp.dir/rosidl_typesupport_cpp/trans/msg/actuator_cmds__type_support.cpp.o[0m
[ 30%] [32mBuilding CXX object CMakeFiles/trans__rosidl_typesupport_cpp.dir/rosidl_typesupport_cpp/trans/srv/gait_switch__type_support.cpp.o[0m
[ 32%] [32mBuilding CXX object CMakeFiles/trans__rosidl_typesupport_introspection_cpp.dir/rosidl_typesupport_introspection_cpp/trans/srv/detail/gait_switch__type_support.cpp.o[0m
[ 34%] [32mBuilding CXX object CMakeFiles/trans__rosidl_typesupport_introspection_cpp.dir/rosidl_typesupport_introspection_cpp/trans/msg/detail/touch_sensor__type_support.cpp.o[0m
[ 38%] [32mBuilding CXX object CMakeFiles/trans__rosidl_typesupport_introspection_cpp.dir/rosidl_typesupport_introspection_cpp/trans/srv/detail/simulation_reset__type_support.cpp.o[0m
[ 38%] [32mBuilding CXX object CMakeFiles/trans__rosidl_typesupport_introspection_cpp.dir/rosidl_typesupport_introspection_cpp/trans/msg/detail/actuator_cmds__type_support.cpp.o[0m
[ 45%] [32mBuilding CXX object CMakeFiles/trans__rosidl_typesupport_fastrtps_cpp.dir/rosidl_typesupport_fastrtps_cpp/trans/srv/detail/dds_fastrtps/gait_switch__type_support.cpp.o[0m
[ 45%] [32mBuilding CXX object CMakeFiles/trans__rosidl_typesupport_fastrtps_cpp.dir/rosidl_typesupport_fastrtps_cpp/trans/msg/detail/dds_fastrtps/actuator_cmds__type_support.cpp.o[0m
[ 45%] [32mBuilding CXX object CMakeFiles/trans__rosidl_typesupport_fastrtps_cpp.dir/rosidl_typesupport_fastrtps_cpp/trans/srv/detail/dds_fastrtps/simulation_reset__type_support.cpp.o[0m
[ 45%] [32mBuilding CXX object CMakeFiles/trans__rosidl_typesupport_fastrtps_cpp.dir/rosidl_typesupport_fastrtps_cpp/trans/msg/detail/dds_fastrtps/touch_sensor__type_support.cpp.o[0m
[ 52%] [32mBuilding CXX object CMakeFiles/trans__rosidl_typesupport_c.dir/rosidl_typesupport_c/trans/msg/touch_sensor__type_support.cpp.o[0m
[ 52%] [32mBuilding CXX object CMakeFiles/trans__rosidl_typesupport_c.dir/rosidl_typesupport_c/trans/srv/simulation_reset__type_support.cpp.o[0m
[ 52%] [32mBuilding CXX object CMakeFiles/trans__rosidl_typesupport_c.dir/rosidl_typesupport_c/trans/msg/actuator_cmds__type_support.cpp.o[0m
[ 52%] [32mBuilding CXX object CMakeFiles/trans__rosidl_typesupport_c.dir/rosidl_typesupport_c/trans/srv/gait_switch__type_support.cpp.o[0m
[ 54%] [32m[1mLinking CXX shared library libtrans__rosidl_typesupport_c.so[0m
[ 56%] [32mBuilding C object CMakeFiles/trans__rosidl_typesupport_introspection_c.dir/rosidl_typesupport_introspection_c/trans/msg/detail/actuator_cmds__type_support.c.o[0m
[ 61%] [32mBuilding C object CMakeFiles/trans__rosidl_typesupport_introspection_c.dir/rosidl_typesupport_introspection_c/trans/srv/detail/simulation_reset__type_support.c.o[0m
[ 61%] [32mBuilding C object CMakeFiles/trans__rosidl_typesupport_introspection_c.dir/rosidl_typesupport_introspection_c/trans/srv/detail/gait_switch__type_support.c.o[0m
[ 61%] [32mBuilding C object CMakeFiles/trans__rosidl_typesupport_introspection_c.dir/rosidl_typesupport_introspection_c/trans/msg/detail/touch_sensor__type_support.c.o[0m
[ 67%] [32mBuilding CXX object CMakeFiles/trans__rosidl_typesupport_fastrtps_c.dir/rosidl_typesupport_fastrtps_c/trans/msg/detail/touch_sensor__type_support_c.cpp.o[0m
[ 67%] [32mBuilding CXX object CMakeFiles/trans__rosidl_typesupport_fastrtps_c.dir/rosidl_typesupport_fastrtps_c/trans/msg/detail/actuator_cmds__type_support_c.cpp.o[0m
[ 67%] [32mBuilding CXX object CMakeFiles/trans__rosidl_typesupport_fastrtps_c.dir/rosidl_typesupport_fastrtps_c/trans/srv/detail/simulation_reset__type_support_c.cpp.o[0m
[ 69%] [32mBuilding CXX object CMakeFiles/trans__rosidl_typesupport_fastrtps_c.dir/rosidl_typesupport_fastrtps_c/trans/srv/detail/gait_switch__type_support_c.cpp.o[0m
[ 70%] [32m[1mLinking C shared library libtrans__rosidl_typesupport_introspection_c.so[0m
[ 70%] Built target trans__rosidl_typesupport_c
[ 70%] Built target trans__rosidl_typesupport_introspection_c
[ 72%] [32m[1mLinking CXX shared library libtrans__rosidl_typesupport_cpp.so[0m
[ 72%] Built target trans__rosidl_typesupport_cpp
[ 74%] [32m[1mLinking CXX shared library libtrans__rosidl_typesupport_introspection_cpp.so[0m
[ 76%] [32m[1mLinking CXX shared library libtrans__rosidl_typesupport_fastrtps_cpp.so[0m
[ 78%] [32m[1mLinking CXX shared library libtrans__rosidl_typesupport_fastrtps_c.so[0m
[ 78%] Built target trans__rosidl_typesupport_introspection_cpp
[ 78%] Built target trans__rosidl_typesupport_fastrtps_cpp
[ 78%] Built target trans__rosidl_typesupport_fastrtps_c
[ 78%] Built target trans
[ 80%] [34m[1mGenerating Python code for ROS interfaces[0m
[ 80%] Built target trans__py
[ 81%] [32mBuilding C object CMakeFiles/trans__rosidl_generator_py.dir/rosidl_generator_py/trans/srv/_gait_switch_s.c.o[0m
[ 83%] [32mBuilding C object CMakeFiles/trans__rosidl_generator_py.dir/rosidl_generator_py/trans/msg/_actuator_cmds_s.c.o[0m
[ 85%] [32mBuilding C object CMakeFiles/trans__rosidl_generator_py.dir/rosidl_generator_py/trans/srv/_simulation_reset_s.c.o[0m
[ 87%] [32mBuilding C object CMakeFiles/trans__rosidl_generator_py.dir/rosidl_generator_py/trans/msg/_touch_sensor_s.c.o[0m
[ 89%] [32m[1mLinking C shared library rosidl_generator_py/trans/libtrans__rosidl_generator_py.so[0m
[ 89%] Built target trans__rosidl_generator_py
[ 90%] [32mBuilding C object CMakeFiles/trans__rosidl_typesupport_introspection_c__pyext.dir/rosidl_generator_py/trans/_trans_s.ep.rosidl_typesupport_introspection_c.c.o[0m
[ 92%] [32mBuilding C object CMakeFiles/trans__rosidl_typesupport_fastrtps_c__pyext.dir/rosidl_generator_py/trans/_trans_s.ep.rosidl_typesupport_fastrtps_c.c.o[0m
[ 94%] [32mBuilding C object CMakeFiles/trans__rosidl_typesupport_c__pyext.dir/rosidl_generator_py/trans/_trans_s.ep.rosidl_typesupport_c.c.o[0m
[ 98%] [32m[1mLinking C shared library rosidl_generator_py/trans/trans_s__rosidl_typesupport_fastrtps_c.cpython-310-x86_64-linux-gnu.so[0m
[ 98%] [32m[1mLinking C shared library rosidl_generator_py/trans/trans_s__rosidl_typesupport_introspection_c.cpython-310-x86_64-linux-gnu.so[0m
[100%] [32m[1mLinking C shared library rosidl_generator_py/trans/trans_s__rosidl_typesupport_c.cpython-310-x86_64-linux-gnu.so[0m
[100%] Built target trans__rosidl_typesupport_introspection_c__pyext
[100%] Built target trans__rosidl_typesupport_fastrtps_c__pyext
[100%] Built target trans__rosidl_typesupport_c__pyext
-- Install configuration: ""
-- Installing: /home/wbb/ros2_ws/install/trans/share/ament_index/resource_index/rosidl_interfaces/trans
-- Installing: /home/wbb/ros2_ws/install/trans/include/trans/trans
-- Installing: /home/wbb/ros2_ws/install/trans/include/trans/trans/srv
-- Installing: /home/wbb/ros2_ws/install/trans/include/trans/trans/srv/gait_switch.h
-- Installing: /home/wbb/ros2_ws/install/trans/include/trans/trans/srv/detail
-- Installing: /home/wbb/ros2_ws/install/trans/include/trans/trans/srv/detail/simulation_reset__functions.c
-- Installing: /home/wbb/ros2_ws/install/trans/include/trans/trans/srv/detail/simulation_reset__functions.h
-- Installing: /home/wbb/ros2_ws/install/trans/include/trans/trans/srv/detail/simulation_reset__struct.h
-- Installing: /home/wbb/ros2_ws/install/trans/include/trans/trans/srv/detail/gait_switch__type_support.h
-- Installing: /home/wbb/ros2_ws/install/trans/include/trans/trans/srv/detail/gait_switch__functions.h
-- Installing: /home/wbb/ros2_ws/install/trans/include/trans/trans/srv/detail/gait_switch__functions.c
-- Installing: /home/wbb/ros2_ws/install/trans/include/trans/trans/srv/detail/gait_switch__struct.h
-- Installing: /home/wbb/ros2_ws/install/trans/include/trans/trans/srv/detail/simulation_reset__type_support.h
-- Installing: /home/wbb/ros2_ws/install/trans/include/trans/trans/srv/simulation_reset.h
-- Installing: /home/wbb/ros2_ws/install/trans/include/trans/trans/msg
-- Installing: /home/wbb/ros2_ws/install/trans/include/trans/trans/msg/touch_sensor.h
-- Installing: /home/wbb/ros2_ws/install/trans/include/trans/trans/msg/actuator_cmds.h
-- Installing: /home/wbb/ros2_ws/install/trans/include/trans/trans/msg/rosidl_generator_c__visibility_control.h
-- Installing: /home/wbb/ros2_ws/install/trans/include/trans/trans/msg/detail
-- Installing: /home/wbb/ros2_ws/install/trans/include/trans/trans/msg/detail/actuator_cmds__type_support.h
-- Installing: /home/wbb/ros2_ws/install/trans/include/trans/trans/msg/detail/touch_sensor__functions.h
-- Installing: /home/wbb/ros2_ws/install/trans/include/trans/trans/msg/detail/touch_sensor__functions.c
-- Installing: /home/wbb/ros2_ws/install/trans/include/trans/trans/msg/detail/touch_sensor__type_support.h
-- Installing: /home/wbb/ros2_ws/install/trans/include/trans/trans/msg/detail/actuator_cmds__functions.h
-- Installing: /home/wbb/ros2_ws/install/trans/include/trans/trans/msg/detail/touch_sensor__struct.h
-- Installing: /home/wbb/ros2_ws/install/trans/include/trans/trans/msg/detail/actuator_cmds__functions.c
-- Installing: /home/wbb/ros2_ws/install/trans/include/trans/trans/msg/detail/actuator_cmds__struct.h
-- Installing: /home/wbb/ros2_ws/install/trans/share/trans/environment/library_path.sh
-- Installing: /home/wbb/ros2_ws/install/trans/share/trans/environment/library_path.dsv
-- Installing: /home/wbb/ros2_ws/install/trans/lib/libtrans__rosidl_generator_c.so
-- Set runtime path of "/home/wbb/ros2_ws/install/trans/lib/libtrans__rosidl_generator_c.so" to ""
-- Up-to-date: /home/wbb/ros2_ws/install/trans/include/trans/trans
-- Up-to-date: /home/wbb/ros2_ws/install/trans/include/trans/trans/srv
-- Up-to-date: /home/wbb/ros2_ws/install/trans/include/trans/trans/srv/detail
-- Installing: /home/wbb/ros2_ws/install/trans/include/trans/trans/srv/detail/gait_switch__rosidl_typesupport_fastrtps_c.h
-- Installing: /home/wbb/ros2_ws/install/trans/include/trans/trans/srv/detail/simulation_reset__rosidl_typesupport_fastrtps_c.h
-- Up-to-date: /home/wbb/ros2_ws/install/trans/include/trans/trans/msg
-- Installing: /home/wbb/ros2_ws/install/trans/include/trans/trans/msg/rosidl_typesupport_fastrtps_c__visibility_control.h
-- Up-to-date: /home/wbb/ros2_ws/install/trans/include/trans/trans/msg/detail
-- Installing: /home/wbb/ros2_ws/install/trans/include/trans/trans/msg/detail/touch_sensor__rosidl_typesupport_fastrtps_c.h
-- Installing: /home/wbb/ros2_ws/install/trans/include/trans/trans/msg/detail/actuator_cmds__rosidl_typesupport_fastrtps_c.h
-- Installing: /home/wbb/ros2_ws/install/trans/lib/libtrans__rosidl_typesupport_fastrtps_c.so
-- Set runtime path of "/home/wbb/ros2_ws/install/trans/lib/libtrans__rosidl_typesupport_fastrtps_c.so" to ""
-- Up-to-date: /home/wbb/ros2_ws/install/trans/include/trans/trans
-- Up-to-date: /home/wbb/ros2_ws/install/trans/include/trans/trans/srv
-- Installing: /home/wbb/ros2_ws/install/trans/include/trans/trans/srv/gait_switch.hpp
-- Installing: /home/wbb/ros2_ws/install/trans/include/trans/trans/srv/simulation_reset.hpp
-- Up-to-date: /home/wbb/ros2_ws/install/trans/include/trans/trans/srv/detail
-- Installing: /home/wbb/ros2_ws/install/trans/include/trans/trans/srv/detail/simulation_reset__traits.hpp
-- Installing: /home/wbb/ros2_ws/install/trans/include/trans/trans/srv/detail/simulation_reset__builder.hpp
-- Installing: /home/wbb/ros2_ws/install/trans/include/trans/trans/srv/detail/gait_switch__builder.hpp
-- Installing: /home/wbb/ros2_ws/install/trans/include/trans/trans/srv/detail/gait_switch__type_support.hpp
-- Installing: /home/wbb/ros2_ws/install/trans/include/trans/trans/srv/detail/simulation_reset__struct.hpp
-- Installing: /home/wbb/ros2_ws/install/trans/include/trans/trans/srv/detail/gait_switch__traits.hpp
-- Installing: /home/wbb/ros2_ws/install/trans/include/trans/trans/srv/detail/gait_switch__struct.hpp
-- Installing: /home/wbb/ros2_ws/install/trans/include/trans/trans/srv/detail/simulation_reset__type_support.hpp
-- Up-to-date: /home/wbb/ros2_ws/install/trans/include/trans/trans/msg
-- Installing: /home/wbb/ros2_ws/install/trans/include/trans/trans/msg/touch_sensor.hpp
-- Installing: /home/wbb/ros2_ws/install/trans/include/trans/trans/msg/actuator_cmds.hpp
-- Up-to-date: /home/wbb/ros2_ws/install/trans/include/trans/trans/msg/detail
-- Installing: /home/wbb/ros2_ws/install/trans/include/trans/trans/msg/detail/actuator_cmds__struct.hpp
-- Installing: /home/wbb/ros2_ws/install/trans/include/trans/trans/msg/detail/touch_sensor__builder.hpp
-- Installing: /home/wbb/ros2_ws/install/trans/include/trans/trans/msg/detail/touch_sensor__type_support.hpp
-- Installing: /home/wbb/ros2_ws/install/trans/include/trans/trans/msg/detail/actuator_cmds__builder.hpp
-- Installing: /home/wbb/ros2_ws/install/trans/include/trans/trans/msg/detail/actuator_cmds__traits.hpp
-- Installing: /home/wbb/ros2_ws/install/trans/include/trans/trans/msg/detail/actuator_cmds__type_support.hpp
-- Installing: /home/wbb/ros2_ws/install/trans/include/trans/trans/msg/detail/touch_sensor__traits.hpp
-- Installing: /home/wbb/ros2_ws/install/trans/include/trans/trans/msg/detail/touch_sensor__struct.hpp
-- Installing: /home/wbb/ros2_ws/install/trans/include/trans/trans/msg/rosidl_generator_cpp__visibility_control.hpp
-- Up-to-date: /home/wbb/ros2_ws/install/trans/include/trans/trans
-- Up-to-date: /home/wbb/ros2_ws/install/trans/include/trans/trans/srv
-- Up-to-date: /home/wbb/ros2_ws/install/trans/include/trans/trans/srv/detail
-- Installing: /home/wbb/ros2_ws/install/trans/include/trans/trans/srv/detail/dds_fastrtps
-- Installing: /home/wbb/ros2_ws/install/trans/include/trans/trans/srv/detail/simulation_reset__rosidl_typesupport_fastrtps_cpp.hpp
-- Installing: /home/wbb/ros2_ws/install/trans/include/trans/trans/srv/detail/gait_switch__rosidl_typesupport_fastrtps_cpp.hpp
-- Up-to-date: /home/wbb/ros2_ws/install/trans/include/trans/trans/msg
-- Installing: /home/wbb/ros2_ws/install/trans/include/trans/trans/msg/rosidl_typesupport_fastrtps_cpp__visibility_control.h
-- Up-to-date: /home/wbb/ros2_ws/install/trans/include/trans/trans/msg/detail
-- Installing: /home/wbb/ros2_ws/install/trans/include/trans/trans/msg/detail/dds_fastrtps
-- Installing: /home/wbb/ros2_ws/install/trans/include/trans/trans/msg/detail/actuator_cmds__rosidl_typesupport_fastrtps_cpp.hpp
-- Installing: /home/wbb/ros2_ws/install/trans/include/trans/trans/msg/detail/touch_sensor__rosidl_typesupport_fastrtps_cpp.hpp
-- Installing: /home/wbb/ros2_ws/install/trans/lib/libtrans__rosidl_typesupport_fastrtps_cpp.so
-- Set runtime path of "/home/wbb/ros2_ws/install/trans/lib/libtrans__rosidl_typesupport_fastrtps_cpp.so" to ""
-- Up-to-date: /home/wbb/ros2_ws/install/trans/include/trans/trans
-- Up-to-date: /home/wbb/ros2_ws/install/trans/include/trans/trans/srv
-- Up-to-date: /home/wbb/ros2_ws/install/trans/include/trans/trans/srv/detail
-- Installing: /home/wbb/ros2_ws/install/trans/include/trans/trans/srv/detail/gait_switch__type_support.c
-- Installing: /home/wbb/ros2_ws/install/trans/include/trans/trans/srv/detail/simulation_reset__type_support.c
-- Installing: /home/wbb/ros2_ws/install/trans/include/trans/trans/srv/detail/simulation_reset__rosidl_typesupport_introspection_c.h
-- Installing: /home/wbb/ros2_ws/install/trans/include/trans/trans/srv/detail/gait_switch__rosidl_typesupport_introspection_c.h
-- Up-to-date: /home/wbb/ros2_ws/install/trans/include/trans/trans/msg
-- Installing: /home/wbb/ros2_ws/install/trans/include/trans/trans/msg/rosidl_typesupport_introspection_c__visibility_control.h
-- Up-to-date: /home/wbb/ros2_ws/install/trans/include/trans/trans/msg/detail
-- Installing: /home/wbb/ros2_ws/install/trans/include/trans/trans/msg/detail/touch_sensor__rosidl_typesupport_introspection_c.h
-- Installing: /home/wbb/ros2_ws/install/trans/include/trans/trans/msg/detail/touch_sensor__type_support.c
-- Installing: /home/wbb/ros2_ws/install/trans/include/trans/trans/msg/detail/actuator_cmds__type_support.c
-- Installing: /home/wbb/ros2_ws/install/trans/include/trans/trans/msg/detail/actuator_cmds__rosidl_typesupport_introspection_c.h
-- Installing: /home/wbb/ros2_ws/install/trans/lib/libtrans__rosidl_typesupport_introspection_c.so
-- Set runtime path of "/home/wbb/ros2_ws/install/trans/lib/libtrans__rosidl_typesupport_introspection_c.so" to ""
-- Installing: /home/wbb/ros2_ws/install/trans/lib/libtrans__rosidl_typesupport_c.so
-- Set runtime path of "/home/wbb/ros2_ws/install/trans/lib/libtrans__rosidl_typesupport_c.so" to ""
-- Up-to-date: /home/wbb/ros2_ws/install/trans/include/trans/trans
-- Up-to-date: /home/wbb/ros2_ws/install/trans/include/trans/trans/srv
-- Up-to-date: /home/wbb/ros2_ws/install/trans/include/trans/trans/srv/detail
-- Installing: /home/wbb/ros2_ws/install/trans/include/trans/trans/srv/detail/gait_switch__type_support.cpp
-- Installing: /home/wbb/ros2_ws/install/trans/include/trans/trans/srv/detail/simulation_reset__type_support.cpp
-- Installing: /home/wbb/ros2_ws/install/trans/include/trans/trans/srv/detail/simulation_reset__rosidl_typesupport_introspection_cpp.hpp
-- Installing: /home/wbb/ros2_ws/install/trans/include/trans/trans/srv/detail/gait_switch__rosidl_typesupport_introspection_cpp.hpp
-- Up-to-date: /home/wbb/ros2_ws/install/trans/include/trans/trans/msg
-- Up-to-date: /home/wbb/ros2_ws/install/trans/include/trans/trans/msg/detail
-- Installing: /home/wbb/ros2_ws/install/trans/include/trans/trans/msg/detail/touch_sensor__rosidl_typesupport_introspection_cpp.hpp
-- Installing: /home/wbb/ros2_ws/install/trans/include/trans/trans/msg/detail/actuator_cmds__rosidl_typesupport_introspection_cpp.hpp
-- Installing: /home/wbb/ros2_ws/install/trans/include/trans/trans/msg/detail/touch_sensor__type_support.cpp
-- Installing: /home/wbb/ros2_ws/install/trans/include/trans/trans/msg/detail/actuator_cmds__type_support.cpp
-- Installing: /home/wbb/ros2_ws/install/trans/lib/libtrans__rosidl_typesupport_introspection_cpp.so
-- Set runtime path of "/home/wbb/ros2_ws/install/trans/lib/libtrans__rosidl_typesupport_introspection_cpp.so" to ""
-- Installing: /home/wbb/ros2_ws/install/trans/lib/libtrans__rosidl_typesupport_cpp.so
-- Set runtime path of "/home/wbb/ros2_ws/install/trans/lib/libtrans__rosidl_typesupport_cpp.so" to ""
-- Installing: /home/wbb/ros2_ws/install/trans/share/trans/environment/pythonpath.sh
-- Installing: /home/wbb/ros2_ws/install/trans/share/trans/environment/pythonpath.dsv
-- Installing: /home/wbb/ros2_ws/install/trans/local/lib/python3.10/dist-packages/trans-0.0.0-py3.10.egg-info
-- Installing: /home/wbb/ros2_ws/install/trans/local/lib/python3.10/dist-packages/trans-0.0.0-py3.10.egg-info/dependency_links.txt
-- Installing: /home/wbb/ros2_ws/install/trans/local/lib/python3.10/dist-packages/trans-0.0.0-py3.10.egg-info/SOURCES.txt
-- Installing: /home/wbb/ros2_ws/install/trans/local/lib/python3.10/dist-packages/trans-0.0.0-py3.10.egg-info/top_level.txt
-- Installing: /home/wbb/ros2_ws/install/trans/local/lib/python3.10/dist-packages/trans-0.0.0-py3.10.egg-info/PKG-INFO
-- Installing: /home/wbb/ros2_ws/install/trans/local/lib/python3.10/dist-packages/trans
-- Installing: /home/wbb/ros2_ws/install/trans/local/lib/python3.10/dist-packages/trans/trans_s__rosidl_typesupport_introspection_c.cpython-310-x86_64-linux-gnu.so
-- Installing: /home/wbb/ros2_ws/install/trans/local/lib/python3.10/dist-packages/trans/__init__.py
-- Installing: /home/wbb/ros2_ws/install/trans/local/lib/python3.10/dist-packages/trans/trans_s__rosidl_typesupport_c.cpython-310-x86_64-linux-gnu.so
-- Installing: /home/wbb/ros2_ws/install/trans/local/lib/python3.10/dist-packages/trans/_trans_s.ep.rosidl_typesupport_fastrtps_c.c
-- Installing: /home/wbb/ros2_ws/install/trans/local/lib/python3.10/dist-packages/trans/libtrans__rosidl_generator_py.so
-- Installing: /home/wbb/ros2_ws/install/trans/local/lib/python3.10/dist-packages/trans/srv
-- Installing: /home/wbb/ros2_ws/install/trans/local/lib/python3.10/dist-packages/trans/srv/__init__.py
-- Installing: /home/wbb/ros2_ws/install/trans/local/lib/python3.10/dist-packages/trans/srv/_gait_switch_s.c
-- Installing: /home/wbb/ros2_ws/install/trans/local/lib/python3.10/dist-packages/trans/srv/_simulation_reset_s.c
-- Installing: /home/wbb/ros2_ws/install/trans/local/lib/python3.10/dist-packages/trans/srv/_simulation_reset.py
-- Installing: /home/wbb/ros2_ws/install/trans/local/lib/python3.10/dist-packages/trans/srv/_gait_switch.py
-- Installing: /home/wbb/ros2_ws/install/trans/local/lib/python3.10/dist-packages/trans/msg
-- Installing: /home/wbb/ros2_ws/install/trans/local/lib/python3.10/dist-packages/trans/msg/__init__.py
-- Installing: /home/wbb/ros2_ws/install/trans/local/lib/python3.10/dist-packages/trans/msg/_touch_sensor.py
-- Installing: /home/wbb/ros2_ws/install/trans/local/lib/python3.10/dist-packages/trans/msg/_actuator_cmds_s.c
-- Installing: /home/wbb/ros2_ws/install/trans/local/lib/python3.10/dist-packages/trans/msg/_actuator_cmds.py
-- Installing: /home/wbb/ros2_ws/install/trans/local/lib/python3.10/dist-packages/trans/msg/_touch_sensor_s.c
-- Installing: /home/wbb/ros2_ws/install/trans/local/lib/python3.10/dist-packages/trans/_trans_s.ep.rosidl_typesupport_c.c
-- Installing: /home/wbb/ros2_ws/install/trans/local/lib/python3.10/dist-packages/trans/trans_s__rosidl_typesupport_fastrtps_c.cpython-310-x86_64-linux-gnu.so
-- Installing: /home/wbb/ros2_ws/install/trans/local/lib/python3.10/dist-packages/trans/_trans_s.ep.rosidl_typesupport_introspection_c.c
Listing '/home/wbb/ros2_ws/install/trans/local/lib/python3.10/dist-packages/trans'...
Compiling '/home/wbb/ros2_ws/install/trans/local/lib/python3.10/dist-packages/trans/__init__.py'...
Listing '/home/wbb/ros2_ws/install/trans/local/lib/python3.10/dist-packages/trans/msg'...
Compiling '/home/wbb/ros2_ws/install/trans/local/lib/python3.10/dist-packages/trans/msg/__init__.py'...
Compiling '/home/wbb/ros2_ws/install/trans/local/lib/python3.10/dist-packages/trans/msg/_actuator_cmds.py'...
Compiling '/home/wbb/ros2_ws/install/trans/local/lib/python3.10/dist-packages/trans/msg/_touch_sensor.py'...
Listing '/home/wbb/ros2_ws/install/trans/local/lib/python3.10/dist-packages/trans/srv'...
Compiling '/home/wbb/ros2_ws/install/trans/local/lib/python3.10/dist-packages/trans/srv/__init__.py'...
Compiling '/home/wbb/ros2_ws/install/trans/local/lib/python3.10/dist-packages/trans/srv/_gait_switch.py'...
Compiling '/home/wbb/ros2_ws/install/trans/local/lib/python3.10/dist-packages/trans/srv/_simulation_reset.py'...
-- Installing: /home/wbb/ros2_ws/install/trans/local/lib/python3.10/dist-packages/trans/trans_s__rosidl_typesupport_fastrtps_c.cpython-310-x86_64-linux-gnu.so
-- Set runtime path of "/home/wbb/ros2_ws/install/trans/local/lib/python3.10/dist-packages/trans/trans_s__rosidl_typesupport_fastrtps_c.cpython-310-x86_64-linux-gnu.so" to ""
-- Installing: /home/wbb/ros2_ws/install/trans/local/lib/python3.10/dist-packages/trans/trans_s__rosidl_typesupport_introspection_c.cpython-310-x86_64-linux-gnu.so
-- Set runtime path of "/home/wbb/ros2_ws/install/trans/local/lib/python3.10/dist-packages/trans/trans_s__rosidl_typesupport_introspection_c.cpython-310-x86_64-linux-gnu.so" to ""
-- Installing: /home/wbb/ros2_ws/install/trans/local/lib/python3.10/dist-packages/trans/trans_s__rosidl_typesupport_c.cpython-310-x86_64-linux-gnu.so
-- Set runtime path of "/home/wbb/ros2_ws/install/trans/local/lib/python3.10/dist-packages/trans/trans_s__rosidl_typesupport_c.cpython-310-x86_64-linux-gnu.so" to ""
-- Installing: /home/wbb/ros2_ws/install/trans/lib/libtrans__rosidl_generator_py.so
-- Set runtime path of "/home/wbb/ros2_ws/install/trans/lib/libtrans__rosidl_generator_py.so" to ""
-- Installing: /home/wbb/ros2_ws/install/trans/share/trans/msg/ActuatorCmds.idl
-- Installing: /home/wbb/ros2_ws/install/trans/share/trans/msg/TouchSensor.idl
-- Installing: /home/wbb/ros2_ws/install/trans/share/trans/srv/SimulationReset.idl
-- Installing: /home/wbb/ros2_ws/install/trans/share/trans/srv/GaitSwitch.idl
-- Installing: /home/wbb/ros2_ws/install/trans/share/trans/msgs/ActuatorCmds.msg
-- Installing: /home/wbb/ros2_ws/install/trans/share/trans/msgs/TouchSensor.msg
-- Installing: /home/wbb/ros2_ws/install/trans/share/trans/srv/SimulationReset.srv
-- Installing: /home/wbb/ros2_ws/install/trans/share/trans/srv/SimulationReset_Request.msg
-- Installing: /home/wbb/ros2_ws/install/trans/share/trans/srv/SimulationReset_Response.msg
-- Installing: /home/wbb/ros2_ws/install/trans/share/trans/srv/GaitSwitch.srv
-- Installing: /home/wbb/ros2_ws/install/trans/share/trans/srv/GaitSwitch_Request.msg
-- Installing: /home/wbb/ros2_ws/install/trans/share/trans/srv/GaitSwitch_Response.msg
-- Installing: /home/wbb/ros2_ws/install/trans/share/ament_index/resource_index/package_run_dependencies/trans
-- Installing: /home/wbb/ros2_ws/install/trans/share/ament_index/resource_index/parent_prefix_path/trans
-- Installing: /home/wbb/ros2_ws/install/trans/share/trans/environment/ament_prefix_path.sh
-- Installing: /home/wbb/ros2_ws/install/trans/share/trans/environment/ament_prefix_path.dsv
-- Installing: /home/wbb/ros2_ws/install/trans/share/trans/environment/path.sh
-- Installing: /home/wbb/ros2_ws/install/trans/share/trans/environment/path.dsv
-- Installing: /home/wbb/ros2_ws/install/trans/share/trans/local_setup.bash
-- Installing: /home/wbb/ros2_ws/install/trans/share/trans/local_setup.sh
-- Installing: /home/wbb/ros2_ws/install/trans/share/trans/local_setup.zsh
-- Installing: /home/wbb/ros2_ws/install/trans/share/trans/local_setup.dsv
-- Installing: /home/wbb/ros2_ws/install/trans/share/trans/package.dsv
-- Installing: /home/wbb/ros2_ws/install/trans/share/ament_index/resource_index/packages/trans
-- Installing: /home/wbb/ros2_ws/install/trans/share/trans/cmake/export_trans__rosidl_generator_cExport.cmake
-- Installing: /home/wbb/ros2_ws/install/trans/share/trans/cmake/export_trans__rosidl_generator_cExport-noconfig.cmake
-- Installing: /home/wbb/ros2_ws/install/trans/share/trans/cmake/export_trans__rosidl_typesupport_fastrtps_cExport.cmake
-- Installing: /home/wbb/ros2_ws/install/trans/share/trans/cmake/export_trans__rosidl_typesupport_fastrtps_cExport-noconfig.cmake
-- Installing: /home/wbb/ros2_ws/install/trans/share/trans/cmake/export_trans__rosidl_generator_cppExport.cmake
-- Installing: /home/wbb/ros2_ws/install/trans/share/trans/cmake/export_trans__rosidl_typesupport_fastrtps_cppExport.cmake
-- Installing: /home/wbb/ros2_ws/install/trans/share/trans/cmake/export_trans__rosidl_typesupport_fastrtps_cppExport-noconfig.cmake
-- Installing: /home/wbb/ros2_ws/install/trans/share/trans/cmake/trans__rosidl_typesupport_introspection_cExport.cmake
-- Installing: /home/wbb/ros2_ws/install/trans/share/trans/cmake/trans__rosidl_typesupport_introspection_cExport-noconfig.cmake
-- Installing: /home/wbb/ros2_ws/install/trans/share/trans/cmake/trans__rosidl_typesupport_cExport.cmake
-- Installing: /home/wbb/ros2_ws/install/trans/share/trans/cmake/trans__rosidl_typesupport_cExport-noconfig.cmake
-- Installing: /home/wbb/ros2_ws/install/trans/share/trans/cmake/trans__rosidl_typesupport_introspection_cppExport.cmake
-- Installing: /home/wbb/ros2_ws/install/trans/share/trans/cmake/trans__rosidl_typesupport_introspection_cppExport-noconfig.cmake
-- Installing: /home/wbb/ros2_ws/install/trans/share/trans/cmake/trans__rosidl_typesupport_cppExport.cmake
-- Installing: /home/wbb/ros2_ws/install/trans/share/trans/cmake/trans__rosidl_typesupport_cppExport-noconfig.cmake
-- Installing: /home/wbb/ros2_ws/install/trans/share/trans/cmake/export_trans__rosidl_generator_pyExport.cmake
-- Installing: /home/wbb/ros2_ws/install/trans/share/trans/cmake/export_trans__rosidl_generator_pyExport-noconfig.cmake
-- Installing: /home/wbb/ros2_ws/install/trans/share/trans/cmake/rosidl_cmake-extras.cmake
-- Installing: /home/wbb/ros2_ws/install/trans/share/trans/cmake/ament_cmake_export_dependencies-extras.cmake
-- Installing: /home/wbb/ros2_ws/install/trans/share/trans/cmake/ament_cmake_export_include_directories-extras.cmake
-- Installing: /home/wbb/ros2_ws/install/trans/share/trans/cmake/ament_cmake_export_libraries-extras.cmake
-- Installing: /home/wbb/ros2_ws/install/trans/share/trans/cmake/ament_cmake_export_targets-extras.cmake
-- Installing: /home/wbb/ros2_ws/install/trans/share/trans/cmake/rosidl_cmake_export_typesupport_targets-extras.cmake
-- Installing: /home/wbb/ros2_ws/install/trans/share/trans/cmake/rosidl_cmake_export_typesupport_libraries-extras.cmake
-- Installing: /home/wbb/ros2_ws/install/trans/share/trans/cmake/transConfig.cmake
-- Installing: /home/wbb/ros2_ws/install/trans/share/trans/cmake/transConfig-version.cmake
-- Installing: /home/wbb/ros2_ws/install/trans/share/trans/package.xml
