[0.298s] Invoking command in '/home/wbb/ros2_ws/build/trans': CMAKE_PREFIX_PATH=${CMAKE_PREFIX_PATH}:/home/wbb/ros2_ws/install/third_party:/home/wbb/ros2_ws/install/sim:/home/wbb/ros2_ws/install/management:/home/wbb/ros2_ws/install/generation:/home/wbb/ros2_ws/install/gait:/home/wbb/ros2_ws/install/estimation:/home/wbb/ros2_ws/install/control:/home/wbb/ros2_ws/install/core:/home/wbb/ros2_ws/install/assets:/opt/ros/humble /usr/bin/cmake /home/wbb/ros2_ws/src/trans -DCMAKE_INSTALL_PREFIX=/home/wbb/ros2_ws/install/trans
[0.344s] -- The C compiler identification is GNU 11.4.0
[0.373s] -- The CXX compiler identification is GNU 11.4.0
[0.380s] -- Detecting C compiler ABI info
[0.420s] -- Detecting C compiler ABI info - done
[0.420s] -- Check for working C compiler: /usr/bin/cc - skipped
[0.421s] -- Detecting C compile features
[0.421s] -- Detecting C compile features - done
[0.423s] -- Detecting CXX compiler ABI info
[0.477s] -- Detecting CXX compiler ABI info - done
[0.481s] -- Check for working CXX compiler: /usr/bin/c++ - skipped
[0.482s] -- Detecting CXX compile features
[0.482s] -- Detecting CXX compile features - done
[0.482s] -- Found ament_cmake: 1.3.11 (/opt/ros/humble/share/ament_cmake/cmake)
[0.560s] -- Found Python3: /usr/bin/python3 (found version "3.10.12") found components: Interpreter 
[0.603s] -- Found std_msgs: 4.2.4 (/opt/ros/humble/share/std_msgs/cmake)
[0.621s] -- Found rosidl_generator_c: 3.1.6 (/opt/ros/humble/share/rosidl_generator_c/cmake)
[0.625s] -- Found rosidl_adapter: 3.1.6 (/opt/ros/humble/share/rosidl_adapter/cmake)
[0.626s] -- Found rosidl_generator_cpp: 3.1.6 (/opt/ros/humble/share/rosidl_generator_cpp/cmake)
[0.631s] -- Using all available rosidl_typesupport_c: rosidl_typesupport_fastrtps_c;rosidl_typesupport_introspection_c
[0.637s] -- Using all available rosidl_typesupport_cpp: rosidl_typesupport_fastrtps_cpp;rosidl_typesupport_introspection_cpp
[0.648s] -- Found geometry_msgs: 4.2.4 (/opt/ros/humble/share/geometry_msgs/cmake)
[0.654s] -- Found sensor_msgs: 4.2.4 (/opt/ros/humble/share/sensor_msgs/cmake)
[0.661s] -- Found nav_msgs: 4.2.4 (/opt/ros/humble/share/nav_msgs/cmake)
[0.668s] -- Found rosidl_default_generators: 1.2.0 (/opt/ros/humble/share/rosidl_default_generators/cmake)
[0.825s] -- Found ament_cmake_ros: 0.10.0 (/opt/ros/humble/share/ament_cmake_ros/cmake)
[1.062s] -- Using all available rosidl_typesupport_c: rosidl_typesupport_fastrtps_c;rosidl_typesupport_introspection_c
[1.158s] -- Using all available rosidl_typesupport_cpp: rosidl_typesupport_fastrtps_cpp;rosidl_typesupport_introspection_cpp
[1.169s] -- Found PythonInterp: /usr/bin/python3 (found suitable version "3.10.12", minimum required is "3.6") 
[1.170s] -- Found python_cmake_module: 0.10.0 (/opt/ros/humble/share/python_cmake_module/cmake)
[1.186s] -- Found PythonLibs: /usr/lib/x86_64-linux-gnu/libpython3.10.so (found suitable version "3.10.12", minimum required is "3.5") 
[1.186s] -- Using PYTHON_EXECUTABLE: /usr/bin/python3
[1.186s] -- Using PYTHON_INCLUDE_DIRS: /usr/include/python3.10
[1.186s] -- Using PYTHON_LIBRARIES: /usr/lib/x86_64-linux-gnu/libpython3.10.so
[1.199s] -- Found PythonExtra: .so  
[1.242s] -- Configuring done
[1.262s] -- Generating done
[1.265s] -- Build files have been written to: /home/wbb/ros2_ws/build/trans
[1.285s] Invoked command in '/home/wbb/ros2_ws/build/trans' returned '0': CMAKE_PREFIX_PATH=${CMAKE_PREFIX_PATH}:/home/wbb/ros2_ws/install/third_party:/home/wbb/ros2_ws/install/sim:/home/wbb/ros2_ws/install/management:/home/wbb/ros2_ws/install/generation:/home/wbb/ros2_ws/install/gait:/home/wbb/ros2_ws/install/estimation:/home/wbb/ros2_ws/install/control:/home/wbb/ros2_ws/install/core:/home/wbb/ros2_ws/install/assets:/opt/ros/humble /usr/bin/cmake /home/wbb/ros2_ws/src/trans -DCMAKE_INSTALL_PREFIX=/home/wbb/ros2_ws/install/trans
[1.285s] Invoking command in '/home/wbb/ros2_ws/build/trans': CMAKE_PREFIX_PATH=${CMAKE_PREFIX_PATH}:/home/wbb/ros2_ws/install/third_party:/home/wbb/ros2_ws/install/sim:/home/wbb/ros2_ws/install/management:/home/wbb/ros2_ws/install/generation:/home/wbb/ros2_ws/install/gait:/home/wbb/ros2_ws/install/estimation:/home/wbb/ros2_ws/install/control:/home/wbb/ros2_ws/install/core:/home/wbb/ros2_ws/install/assets:/opt/ros/humble /usr/bin/cmake --build /home/wbb/ros2_ws/build/trans -- -j20 -l20
[1.317s] [  1%] [34m[1mGenerating C code for ROS interfaces[0m
[1.329s] [  1%] Built target ament_cmake_python_copy_trans
[1.334s] [  3%] [34m[1mGenerating C++ code for ROS interfaces[0m
[1.440s] running egg_info
[1.440s] creating trans.egg-info
[1.440s] writing trans.egg-info/PKG-INFO
[1.440s] writing dependency_links to trans.egg-info/dependency_links.txt
[1.440s] writing top-level names to trans.egg-info/top_level.txt
[1.440s] writing manifest file 'trans.egg-info/SOURCES.txt'
[1.441s] reading manifest file 'trans.egg-info/SOURCES.txt'
[1.441s] writing manifest file 'trans.egg-info/SOURCES.txt'
[1.455s] [  3%] Built target ament_cmake_python_build_trans_egg
[1.538s] [  5%] [32mBuilding C object CMakeFiles/trans__rosidl_generator_c.dir/rosidl_generator_c/trans/msg/detail/touch_sensor__functions.c.o[0m
[1.540s] [  7%] [32mBuilding C object CMakeFiles/trans__rosidl_generator_c.dir/rosidl_generator_c/trans/msg/detail/actuator_cmds__functions.c.o[0m
[1.540s] [  9%] [32mBuilding C object CMakeFiles/trans__rosidl_generator_c.dir/rosidl_generator_c/trans/srv/detail/gait_switch__functions.c.o[0m
[1.540s] [ 10%] [32mBuilding C object CMakeFiles/trans__rosidl_generator_c.dir/rosidl_generator_c/trans/srv/detail/simulation_reset__functions.c.o[0m
[1.548s] [ 10%] Built target trans__cpp
[1.553s] [ 14%] [34m[1mGenerating C++ type support for eProsima Fast-RTPS[0m
[1.553s] [ 16%] [34m[1mGenerating C++ type support dispatch for ROS interfaces[0m
[1.553s] [ 14%] [34m[1mGenerating C++ introspection for ROS interfaces[0m
[1.568s] [ 18%] [32m[1mLinking C shared library libtrans__rosidl_generator_c.so[0m
[1.592s] [ 18%] Built target trans__rosidl_generator_c
[1.603s] [ 21%] [34m[1mGenerating C introspection for ROS interfaces[0m
[1.603s] [ 21%] [34m[1mGenerating C type support dispatch for ROS interfaces[0m
[1.607s] [ 23%] [34m[1mGenerating C type support for eProsima Fast-RTPS[0m
[1.719s] [ 25%] [32mBuilding CXX object CMakeFiles/trans__rosidl_typesupport_cpp.dir/rosidl_typesupport_cpp/trans/srv/simulation_reset__type_support.cpp.o[0m
[1.720s] [ 27%] [32mBuilding CXX object CMakeFiles/trans__rosidl_typesupport_cpp.dir/rosidl_typesupport_cpp/trans/msg/touch_sensor__type_support.cpp.o[0m
[1.720s] [ 29%] [32mBuilding CXX object CMakeFiles/trans__rosidl_typesupport_cpp.dir/rosidl_typesupport_cpp/trans/msg/actuator_cmds__type_support.cpp.o[0m
[1.720s] [ 30%] [32mBuilding CXX object CMakeFiles/trans__rosidl_typesupport_cpp.dir/rosidl_typesupport_cpp/trans/srv/gait_switch__type_support.cpp.o[0m
[1.727s] [ 32%] [32mBuilding CXX object CMakeFiles/trans__rosidl_typesupport_introspection_cpp.dir/rosidl_typesupport_introspection_cpp/trans/srv/detail/gait_switch__type_support.cpp.o[0m
[1.727s] [ 34%] [32mBuilding CXX object CMakeFiles/trans__rosidl_typesupport_introspection_cpp.dir/rosidl_typesupport_introspection_cpp/trans/msg/detail/touch_sensor__type_support.cpp.o[0m
[1.727s] [ 38%] [32mBuilding CXX object CMakeFiles/trans__rosidl_typesupport_introspection_cpp.dir/rosidl_typesupport_introspection_cpp/trans/srv/detail/simulation_reset__type_support.cpp.o[0m
[1.727s] [ 38%] [32mBuilding CXX object CMakeFiles/trans__rosidl_typesupport_introspection_cpp.dir/rosidl_typesupport_introspection_cpp/trans/msg/detail/actuator_cmds__type_support.cpp.o[0m
[1.733s] [ 45%] [32mBuilding CXX object CMakeFiles/trans__rosidl_typesupport_fastrtps_cpp.dir/rosidl_typesupport_fastrtps_cpp/trans/srv/detail/dds_fastrtps/gait_switch__type_support.cpp.o[0m
[1.733s] [ 45%] [32mBuilding CXX object CMakeFiles/trans__rosidl_typesupport_fastrtps_cpp.dir/rosidl_typesupport_fastrtps_cpp/trans/msg/detail/dds_fastrtps/actuator_cmds__type_support.cpp.o[0m
[1.733s] [ 45%] [32mBuilding CXX object CMakeFiles/trans__rosidl_typesupport_fastrtps_cpp.dir/rosidl_typesupport_fastrtps_cpp/trans/srv/detail/dds_fastrtps/simulation_reset__type_support.cpp.o[0m
[1.736s] [ 45%] [32mBuilding CXX object CMakeFiles/trans__rosidl_typesupport_fastrtps_cpp.dir/rosidl_typesupport_fastrtps_cpp/trans/msg/detail/dds_fastrtps/touch_sensor__type_support.cpp.o[0m
[1.760s] [ 52%] [32mBuilding CXX object CMakeFiles/trans__rosidl_typesupport_c.dir/rosidl_typesupport_c/trans/msg/touch_sensor__type_support.cpp.o[0m
[1.760s] [ 52%] [32mBuilding CXX object CMakeFiles/trans__rosidl_typesupport_c.dir/rosidl_typesupport_c/trans/srv/simulation_reset__type_support.cpp.o[0m
[1.760s] [ 52%] [32mBuilding CXX object CMakeFiles/trans__rosidl_typesupport_c.dir/rosidl_typesupport_c/trans/msg/actuator_cmds__type_support.cpp.o[0m
[1.760s] [ 52%] [32mBuilding CXX object CMakeFiles/trans__rosidl_typesupport_c.dir/rosidl_typesupport_c/trans/srv/gait_switch__type_support.cpp.o[0m
[1.783s] [ 54%] [32m[1mLinking CXX shared library libtrans__rosidl_typesupport_c.so[0m
[1.787s] [ 56%] [32mBuilding C object CMakeFiles/trans__rosidl_typesupport_introspection_c.dir/rosidl_typesupport_introspection_c/trans/msg/detail/actuator_cmds__type_support.c.o[0m
[1.788s] [ 61%] [32mBuilding C object CMakeFiles/trans__rosidl_typesupport_introspection_c.dir/rosidl_typesupport_introspection_c/trans/srv/detail/simulation_reset__type_support.c.o[0m
[1.788s] [ 61%] [32mBuilding C object CMakeFiles/trans__rosidl_typesupport_introspection_c.dir/rosidl_typesupport_introspection_c/trans/srv/detail/gait_switch__type_support.c.o[0m
[1.788s] [ 61%] [32mBuilding C object CMakeFiles/trans__rosidl_typesupport_introspection_c.dir/rosidl_typesupport_introspection_c/trans/msg/detail/touch_sensor__type_support.c.o[0m
[1.798s] [ 67%] [32mBuilding CXX object CMakeFiles/trans__rosidl_typesupport_fastrtps_c.dir/rosidl_typesupport_fastrtps_c/trans/msg/detail/touch_sensor__type_support_c.cpp.o[0m
[1.798s] [ 67%] [32mBuilding CXX object CMakeFiles/trans__rosidl_typesupport_fastrtps_c.dir/rosidl_typesupport_fastrtps_c/trans/msg/detail/actuator_cmds__type_support_c.cpp.o[0m
[1.798s] [ 67%] [32mBuilding CXX object CMakeFiles/trans__rosidl_typesupport_fastrtps_c.dir/rosidl_typesupport_fastrtps_c/trans/srv/detail/simulation_reset__type_support_c.cpp.o[0m
[1.811s] [ 69%] [32mBuilding CXX object CMakeFiles/trans__rosidl_typesupport_fastrtps_c.dir/rosidl_typesupport_fastrtps_c/trans/srv/detail/gait_switch__type_support_c.cpp.o[0m
[1.812s] [ 70%] [32m[1mLinking C shared library libtrans__rosidl_typesupport_introspection_c.so[0m
[1.812s] [ 70%] Built target trans__rosidl_typesupport_c
[1.833s] [ 70%] Built target trans__rosidl_typesupport_introspection_c
[1.840s] [ 72%] [32m[1mLinking CXX shared library libtrans__rosidl_typesupport_cpp.so[0m
[1.867s] [ 72%] Built target trans__rosidl_typesupport_cpp
[1.952s] [ 74%] [32m[1mLinking CXX shared library libtrans__rosidl_typesupport_introspection_cpp.so[0m
[1.967s] [ 76%] [32m[1mLinking CXX shared library libtrans__rosidl_typesupport_fastrtps_cpp.so[0m
[1.982s] [ 78%] [32m[1mLinking CXX shared library libtrans__rosidl_typesupport_fastrtps_c.so[0m
[2.001s] [ 78%] Built target trans__rosidl_typesupport_introspection_cpp
[2.010s] [ 78%] Built target trans__rosidl_typesupport_fastrtps_cpp
[2.022s] [ 78%] Built target trans__rosidl_typesupport_fastrtps_c
[2.033s] [ 78%] Built target trans
[2.047s] [ 80%] [34m[1mGenerating Python code for ROS interfaces[0m
[2.350s] [ 80%] Built target trans__py
[2.365s] [ 81%] [32mBuilding C object CMakeFiles/trans__rosidl_generator_py.dir/rosidl_generator_py/trans/srv/_gait_switch_s.c.o[0m
[2.365s] [ 83%] [32mBuilding C object CMakeFiles/trans__rosidl_generator_py.dir/rosidl_generator_py/trans/msg/_actuator_cmds_s.c.o[0m
[2.367s] [ 85%] [32mBuilding C object CMakeFiles/trans__rosidl_generator_py.dir/rosidl_generator_py/trans/srv/_simulation_reset_s.c.o[0m
[2.369s] [ 87%] [32mBuilding C object CMakeFiles/trans__rosidl_generator_py.dir/rosidl_generator_py/trans/msg/_touch_sensor_s.c.o[0m
[2.430s] [ 89%] [32m[1mLinking C shared library rosidl_generator_py/trans/libtrans__rosidl_generator_py.so[0m
[2.464s] [ 89%] Built target trans__rosidl_generator_py
[2.478s] [ 90%] [32mBuilding C object CMakeFiles/trans__rosidl_typesupport_introspection_c__pyext.dir/rosidl_generator_py/trans/_trans_s.ep.rosidl_typesupport_introspection_c.c.o[0m
[2.484s] [ 92%] [32mBuilding C object CMakeFiles/trans__rosidl_typesupport_fastrtps_c__pyext.dir/rosidl_generator_py/trans/_trans_s.ep.rosidl_typesupport_fastrtps_c.c.o[0m
[2.484s] [ 94%] [32mBuilding C object CMakeFiles/trans__rosidl_typesupport_c__pyext.dir/rosidl_generator_py/trans/_trans_s.ep.rosidl_typesupport_c.c.o[0m
[2.539s] [ 98%] [32m[1mLinking C shared library rosidl_generator_py/trans/trans_s__rosidl_typesupport_fastrtps_c.cpython-310-x86_64-linux-gnu.so[0m
[2.539s] [ 98%] [32m[1mLinking C shared library rosidl_generator_py/trans/trans_s__rosidl_typesupport_introspection_c.cpython-310-x86_64-linux-gnu.so[0m
[2.542s] [100%] [32m[1mLinking C shared library rosidl_generator_py/trans/trans_s__rosidl_typesupport_c.cpython-310-x86_64-linux-gnu.so[0m
[2.571s] [100%] Built target trans__rosidl_typesupport_introspection_c__pyext
[2.571s] [100%] Built target trans__rosidl_typesupport_fastrtps_c__pyext
[2.572s] [100%] Built target trans__rosidl_typesupport_c__pyext
[2.583s] Invoked command in '/home/wbb/ros2_ws/build/trans' returned '0': CMAKE_PREFIX_PATH=${CMAKE_PREFIX_PATH}:/home/wbb/ros2_ws/install/third_party:/home/wbb/ros2_ws/install/sim:/home/wbb/ros2_ws/install/management:/home/wbb/ros2_ws/install/generation:/home/wbb/ros2_ws/install/gait:/home/wbb/ros2_ws/install/estimation:/home/wbb/ros2_ws/install/control:/home/wbb/ros2_ws/install/core:/home/wbb/ros2_ws/install/assets:/opt/ros/humble /usr/bin/cmake --build /home/wbb/ros2_ws/build/trans -- -j20 -l20
[2.584s] Invoking command in '/home/wbb/ros2_ws/build/trans': CMAKE_PREFIX_PATH=${CMAKE_PREFIX_PATH}:/home/wbb/ros2_ws/install/third_party:/home/wbb/ros2_ws/install/sim:/home/wbb/ros2_ws/install/management:/home/wbb/ros2_ws/install/generation:/home/wbb/ros2_ws/install/gait:/home/wbb/ros2_ws/install/estimation:/home/wbb/ros2_ws/install/control:/home/wbb/ros2_ws/install/core:/home/wbb/ros2_ws/install/assets:/opt/ros/humble /usr/bin/cmake --install /home/wbb/ros2_ws/build/trans
[2.588s] -- Install configuration: ""
[2.588s] -- Installing: /home/wbb/ros2_ws/install/trans/share/ament_index/resource_index/rosidl_interfaces/trans
[2.588s] -- Installing: /home/wbb/ros2_ws/install/trans/include/trans/trans
[2.588s] -- Installing: /home/wbb/ros2_ws/install/trans/include/trans/trans/srv
[2.588s] -- Installing: /home/wbb/ros2_ws/install/trans/include/trans/trans/srv/gait_switch.h
[2.588s] -- Installing: /home/wbb/ros2_ws/install/trans/include/trans/trans/srv/detail
[2.588s] -- Installing: /home/wbb/ros2_ws/install/trans/include/trans/trans/srv/detail/simulation_reset__functions.c
[2.588s] -- Installing: /home/wbb/ros2_ws/install/trans/include/trans/trans/srv/detail/simulation_reset__functions.h
[2.589s] -- Installing: /home/wbb/ros2_ws/install/trans/include/trans/trans/srv/detail/simulation_reset__struct.h
[2.589s] -- Installing: /home/wbb/ros2_ws/install/trans/include/trans/trans/srv/detail/gait_switch__type_support.h
[2.589s] -- Installing: /home/wbb/ros2_ws/install/trans/include/trans/trans/srv/detail/gait_switch__functions.h
[2.589s] -- Installing: /home/wbb/ros2_ws/install/trans/include/trans/trans/srv/detail/gait_switch__functions.c
[2.589s] -- Installing: /home/wbb/ros2_ws/install/trans/include/trans/trans/srv/detail/gait_switch__struct.h
[2.589s] -- Installing: /home/wbb/ros2_ws/install/trans/include/trans/trans/srv/detail/simulation_reset__type_support.h
[2.589s] -- Installing: /home/wbb/ros2_ws/install/trans/include/trans/trans/srv/simulation_reset.h
[2.589s] -- Installing: /home/wbb/ros2_ws/install/trans/include/trans/trans/msg
[2.589s] -- Installing: /home/wbb/ros2_ws/install/trans/include/trans/trans/msg/touch_sensor.h
[2.589s] -- Installing: /home/wbb/ros2_ws/install/trans/include/trans/trans/msg/actuator_cmds.h
[2.589s] -- Installing: /home/wbb/ros2_ws/install/trans/include/trans/trans/msg/rosidl_generator_c__visibility_control.h
[2.589s] -- Installing: /home/wbb/ros2_ws/install/trans/include/trans/trans/msg/detail
[2.589s] -- Installing: /home/wbb/ros2_ws/install/trans/include/trans/trans/msg/detail/actuator_cmds__type_support.h
[2.590s] -- Installing: /home/wbb/ros2_ws/install/trans/include/trans/trans/msg/detail/touch_sensor__functions.h
[2.590s] -- Installing: /home/wbb/ros2_ws/install/trans/include/trans/trans/msg/detail/touch_sensor__functions.c
[2.590s] -- Installing: /home/wbb/ros2_ws/install/trans/include/trans/trans/msg/detail/touch_sensor__type_support.h
[2.590s] -- Installing: /home/wbb/ros2_ws/install/trans/include/trans/trans/msg/detail/actuator_cmds__functions.h
[2.590s] -- Installing: /home/wbb/ros2_ws/install/trans/include/trans/trans/msg/detail/touch_sensor__struct.h
[2.590s] -- Installing: /home/wbb/ros2_ws/install/trans/include/trans/trans/msg/detail/actuator_cmds__functions.c
[2.590s] -- Installing: /home/wbb/ros2_ws/install/trans/include/trans/trans/msg/detail/actuator_cmds__struct.h
[2.590s] -- Installing: /home/wbb/ros2_ws/install/trans/share/trans/environment/library_path.sh
[2.590s] -- Installing: /home/wbb/ros2_ws/install/trans/share/trans/environment/library_path.dsv
[2.590s] -- Installing: /home/wbb/ros2_ws/install/trans/lib/libtrans__rosidl_generator_c.so
[2.590s] -- Set runtime path of "/home/wbb/ros2_ws/install/trans/lib/libtrans__rosidl_generator_c.so" to ""
[2.590s] -- Up-to-date: /home/wbb/ros2_ws/install/trans/include/trans/trans
[2.590s] -- Up-to-date: /home/wbb/ros2_ws/install/trans/include/trans/trans/srv
[2.590s] -- Up-to-date: /home/wbb/ros2_ws/install/trans/include/trans/trans/srv/detail
[2.590s] -- Installing: /home/wbb/ros2_ws/install/trans/include/trans/trans/srv/detail/gait_switch__rosidl_typesupport_fastrtps_c.h
[2.590s] -- Installing: /home/wbb/ros2_ws/install/trans/include/trans/trans/srv/detail/simulation_reset__rosidl_typesupport_fastrtps_c.h
[2.590s] -- Up-to-date: /home/wbb/ros2_ws/install/trans/include/trans/trans/msg
[2.590s] -- Installing: /home/wbb/ros2_ws/install/trans/include/trans/trans/msg/rosidl_typesupport_fastrtps_c__visibility_control.h
[2.590s] -- Up-to-date: /home/wbb/ros2_ws/install/trans/include/trans/trans/msg/detail
[2.590s] -- Installing: /home/wbb/ros2_ws/install/trans/include/trans/trans/msg/detail/touch_sensor__rosidl_typesupport_fastrtps_c.h
[2.590s] -- Installing: /home/wbb/ros2_ws/install/trans/include/trans/trans/msg/detail/actuator_cmds__rosidl_typesupport_fastrtps_c.h
[2.590s] -- Installing: /home/wbb/ros2_ws/install/trans/lib/libtrans__rosidl_typesupport_fastrtps_c.so
[2.590s] -- Set runtime path of "/home/wbb/ros2_ws/install/trans/lib/libtrans__rosidl_typesupport_fastrtps_c.so" to ""
[2.590s] -- Up-to-date: /home/wbb/ros2_ws/install/trans/include/trans/trans
[2.591s] -- Up-to-date: /home/wbb/ros2_ws/install/trans/include/trans/trans/srv
[2.591s] -- Installing: /home/wbb/ros2_ws/install/trans/include/trans/trans/srv/gait_switch.hpp
[2.591s] -- Installing: /home/wbb/ros2_ws/install/trans/include/trans/trans/srv/simulation_reset.hpp
[2.591s] -- Up-to-date: /home/wbb/ros2_ws/install/trans/include/trans/trans/srv/detail
[2.591s] -- Installing: /home/wbb/ros2_ws/install/trans/include/trans/trans/srv/detail/simulation_reset__traits.hpp
[2.591s] -- Installing: /home/wbb/ros2_ws/install/trans/include/trans/trans/srv/detail/simulation_reset__builder.hpp
[2.591s] -- Installing: /home/wbb/ros2_ws/install/trans/include/trans/trans/srv/detail/gait_switch__builder.hpp
[2.591s] -- Installing: /home/wbb/ros2_ws/install/trans/include/trans/trans/srv/detail/gait_switch__type_support.hpp
[2.591s] -- Installing: /home/wbb/ros2_ws/install/trans/include/trans/trans/srv/detail/simulation_reset__struct.hpp
[2.591s] -- Installing: /home/wbb/ros2_ws/install/trans/include/trans/trans/srv/detail/gait_switch__traits.hpp
[2.591s] -- Installing: /home/wbb/ros2_ws/install/trans/include/trans/trans/srv/detail/gait_switch__struct.hpp
[2.591s] -- Installing: /home/wbb/ros2_ws/install/trans/include/trans/trans/srv/detail/simulation_reset__type_support.hpp
[2.591s] -- Up-to-date: /home/wbb/ros2_ws/install/trans/include/trans/trans/msg
[2.591s] -- Installing: /home/wbb/ros2_ws/install/trans/include/trans/trans/msg/touch_sensor.hpp
[2.591s] -- Installing: /home/wbb/ros2_ws/install/trans/include/trans/trans/msg/actuator_cmds.hpp
[2.591s] -- Up-to-date: /home/wbb/ros2_ws/install/trans/include/trans/trans/msg/detail
[2.591s] -- Installing: /home/wbb/ros2_ws/install/trans/include/trans/trans/msg/detail/actuator_cmds__struct.hpp
[2.591s] -- Installing: /home/wbb/ros2_ws/install/trans/include/trans/trans/msg/detail/touch_sensor__builder.hpp
[2.591s] -- Installing: /home/wbb/ros2_ws/install/trans/include/trans/trans/msg/detail/touch_sensor__type_support.hpp
[2.591s] -- Installing: /home/wbb/ros2_ws/install/trans/include/trans/trans/msg/detail/actuator_cmds__builder.hpp
[2.591s] -- Installing: /home/wbb/ros2_ws/install/trans/include/trans/trans/msg/detail/actuator_cmds__traits.hpp
[2.591s] -- Installing: /home/wbb/ros2_ws/install/trans/include/trans/trans/msg/detail/actuator_cmds__type_support.hpp
[2.591s] -- Installing: /home/wbb/ros2_ws/install/trans/include/trans/trans/msg/detail/touch_sensor__traits.hpp
[2.591s] -- Installing: /home/wbb/ros2_ws/install/trans/include/trans/trans/msg/detail/touch_sensor__struct.hpp
[2.591s] -- Installing: /home/wbb/ros2_ws/install/trans/include/trans/trans/msg/rosidl_generator_cpp__visibility_control.hpp
[2.591s] -- Up-to-date: /home/wbb/ros2_ws/install/trans/include/trans/trans
[2.591s] -- Up-to-date: /home/wbb/ros2_ws/install/trans/include/trans/trans/srv
[2.591s] -- Up-to-date: /home/wbb/ros2_ws/install/trans/include/trans/trans/srv/detail
[2.591s] -- Installing: /home/wbb/ros2_ws/install/trans/include/trans/trans/srv/detail/dds_fastrtps
[2.591s] -- Installing: /home/wbb/ros2_ws/install/trans/include/trans/trans/srv/detail/simulation_reset__rosidl_typesupport_fastrtps_cpp.hpp
[2.591s] -- Installing: /home/wbb/ros2_ws/install/trans/include/trans/trans/srv/detail/gait_switch__rosidl_typesupport_fastrtps_cpp.hpp
[2.591s] -- Up-to-date: /home/wbb/ros2_ws/install/trans/include/trans/trans/msg
[2.591s] -- Installing: /home/wbb/ros2_ws/install/trans/include/trans/trans/msg/rosidl_typesupport_fastrtps_cpp__visibility_control.h
[2.591s] -- Up-to-date: /home/wbb/ros2_ws/install/trans/include/trans/trans/msg/detail
[2.591s] -- Installing: /home/wbb/ros2_ws/install/trans/include/trans/trans/msg/detail/dds_fastrtps
[2.591s] -- Installing: /home/wbb/ros2_ws/install/trans/include/trans/trans/msg/detail/actuator_cmds__rosidl_typesupport_fastrtps_cpp.hpp
[2.591s] -- Installing: /home/wbb/ros2_ws/install/trans/include/trans/trans/msg/detail/touch_sensor__rosidl_typesupport_fastrtps_cpp.hpp
[2.591s] -- Installing: /home/wbb/ros2_ws/install/trans/lib/libtrans__rosidl_typesupport_fastrtps_cpp.so
[2.591s] -- Set runtime path of "/home/wbb/ros2_ws/install/trans/lib/libtrans__rosidl_typesupport_fastrtps_cpp.so" to ""
[2.591s] -- Up-to-date: /home/wbb/ros2_ws/install/trans/include/trans/trans
[2.591s] -- Up-to-date: /home/wbb/ros2_ws/install/trans/include/trans/trans/srv
[2.591s] -- Up-to-date: /home/wbb/ros2_ws/install/trans/include/trans/trans/srv/detail
[2.591s] -- Installing: /home/wbb/ros2_ws/install/trans/include/trans/trans/srv/detail/gait_switch__type_support.c
[2.591s] -- Installing: /home/wbb/ros2_ws/install/trans/include/trans/trans/srv/detail/simulation_reset__type_support.c
[2.591s] -- Installing: /home/wbb/ros2_ws/install/trans/include/trans/trans/srv/detail/simulation_reset__rosidl_typesupport_introspection_c.h
[2.591s] -- Installing: /home/wbb/ros2_ws/install/trans/include/trans/trans/srv/detail/gait_switch__rosidl_typesupport_introspection_c.h
[2.592s] -- Up-to-date: /home/wbb/ros2_ws/install/trans/include/trans/trans/msg
[2.592s] -- Installing: /home/wbb/ros2_ws/install/trans/include/trans/trans/msg/rosidl_typesupport_introspection_c__visibility_control.h
[2.592s] -- Up-to-date: /home/wbb/ros2_ws/install/trans/include/trans/trans/msg/detail
[2.592s] -- Installing: /home/wbb/ros2_ws/install/trans/include/trans/trans/msg/detail/touch_sensor__rosidl_typesupport_introspection_c.h
[2.592s] -- Installing: /home/wbb/ros2_ws/install/trans/include/trans/trans/msg/detail/touch_sensor__type_support.c
[2.592s] -- Installing: /home/wbb/ros2_ws/install/trans/include/trans/trans/msg/detail/actuator_cmds__type_support.c
[2.592s] -- Installing: /home/wbb/ros2_ws/install/trans/include/trans/trans/msg/detail/actuator_cmds__rosidl_typesupport_introspection_c.h
[2.592s] -- Installing: /home/wbb/ros2_ws/install/trans/lib/libtrans__rosidl_typesupport_introspection_c.so
[2.592s] -- Set runtime path of "/home/wbb/ros2_ws/install/trans/lib/libtrans__rosidl_typesupport_introspection_c.so" to ""
[2.592s] -- Installing: /home/wbb/ros2_ws/install/trans/lib/libtrans__rosidl_typesupport_c.so
[2.592s] -- Set runtime path of "/home/wbb/ros2_ws/install/trans/lib/libtrans__rosidl_typesupport_c.so" to ""
[2.592s] -- Up-to-date: /home/wbb/ros2_ws/install/trans/include/trans/trans
[2.592s] -- Up-to-date: /home/wbb/ros2_ws/install/trans/include/trans/trans/srv
[2.592s] -- Up-to-date: /home/wbb/ros2_ws/install/trans/include/trans/trans/srv/detail
[2.592s] -- Installing: /home/wbb/ros2_ws/install/trans/include/trans/trans/srv/detail/gait_switch__type_support.cpp
[2.592s] -- Installing: /home/wbb/ros2_ws/install/trans/include/trans/trans/srv/detail/simulation_reset__type_support.cpp
[2.592s] -- Installing: /home/wbb/ros2_ws/install/trans/include/trans/trans/srv/detail/simulation_reset__rosidl_typesupport_introspection_cpp.hpp
[2.592s] -- Installing: /home/wbb/ros2_ws/install/trans/include/trans/trans/srv/detail/gait_switch__rosidl_typesupport_introspection_cpp.hpp
[2.592s] -- Up-to-date: /home/wbb/ros2_ws/install/trans/include/trans/trans/msg
[2.592s] -- Up-to-date: /home/wbb/ros2_ws/install/trans/include/trans/trans/msg/detail
[2.592s] -- Installing: /home/wbb/ros2_ws/install/trans/include/trans/trans/msg/detail/touch_sensor__rosidl_typesupport_introspection_cpp.hpp
[2.592s] -- Installing: /home/wbb/ros2_ws/install/trans/include/trans/trans/msg/detail/actuator_cmds__rosidl_typesupport_introspection_cpp.hpp
[2.592s] -- Installing: /home/wbb/ros2_ws/install/trans/include/trans/trans/msg/detail/touch_sensor__type_support.cpp
[2.592s] -- Installing: /home/wbb/ros2_ws/install/trans/include/trans/trans/msg/detail/actuator_cmds__type_support.cpp
[2.592s] -- Installing: /home/wbb/ros2_ws/install/trans/lib/libtrans__rosidl_typesupport_introspection_cpp.so
[2.592s] -- Set runtime path of "/home/wbb/ros2_ws/install/trans/lib/libtrans__rosidl_typesupport_introspection_cpp.so" to ""
[2.592s] -- Installing: /home/wbb/ros2_ws/install/trans/lib/libtrans__rosidl_typesupport_cpp.so
[2.592s] -- Set runtime path of "/home/wbb/ros2_ws/install/trans/lib/libtrans__rosidl_typesupport_cpp.so" to ""
[2.592s] -- Installing: /home/wbb/ros2_ws/install/trans/share/trans/environment/pythonpath.sh
[2.592s] -- Installing: /home/wbb/ros2_ws/install/trans/share/trans/environment/pythonpath.dsv
[2.592s] -- Installing: /home/wbb/ros2_ws/install/trans/local/lib/python3.10/dist-packages/trans-0.0.0-py3.10.egg-info
[2.592s] -- Installing: /home/wbb/ros2_ws/install/trans/local/lib/python3.10/dist-packages/trans-0.0.0-py3.10.egg-info/dependency_links.txt
[2.592s] -- Installing: /home/wbb/ros2_ws/install/trans/local/lib/python3.10/dist-packages/trans-0.0.0-py3.10.egg-info/SOURCES.txt
[2.592s] -- Installing: /home/wbb/ros2_ws/install/trans/local/lib/python3.10/dist-packages/trans-0.0.0-py3.10.egg-info/top_level.txt
[2.592s] -- Installing: /home/wbb/ros2_ws/install/trans/local/lib/python3.10/dist-packages/trans-0.0.0-py3.10.egg-info/PKG-INFO
[2.592s] -- Installing: /home/wbb/ros2_ws/install/trans/local/lib/python3.10/dist-packages/trans
[2.592s] -- Installing: /home/wbb/ros2_ws/install/trans/local/lib/python3.10/dist-packages/trans/trans_s__rosidl_typesupport_introspection_c.cpython-310-x86_64-linux-gnu.so
[2.592s] -- Installing: /home/wbb/ros2_ws/install/trans/local/lib/python3.10/dist-packages/trans/__init__.py
[2.592s] -- Installing: /home/wbb/ros2_ws/install/trans/local/lib/python3.10/dist-packages/trans/trans_s__rosidl_typesupport_c.cpython-310-x86_64-linux-gnu.so
[2.592s] -- Installing: /home/wbb/ros2_ws/install/trans/local/lib/python3.10/dist-packages/trans/_trans_s.ep.rosidl_typesupport_fastrtps_c.c
[2.592s] -- Installing: /home/wbb/ros2_ws/install/trans/local/lib/python3.10/dist-packages/trans/libtrans__rosidl_generator_py.so
[2.592s] -- Installing: /home/wbb/ros2_ws/install/trans/local/lib/python3.10/dist-packages/trans/srv
[2.592s] -- Installing: /home/wbb/ros2_ws/install/trans/local/lib/python3.10/dist-packages/trans/srv/__init__.py
[2.592s] -- Installing: /home/wbb/ros2_ws/install/trans/local/lib/python3.10/dist-packages/trans/srv/_gait_switch_s.c
[2.592s] -- Installing: /home/wbb/ros2_ws/install/trans/local/lib/python3.10/dist-packages/trans/srv/_simulation_reset_s.c
[2.592s] -- Installing: /home/wbb/ros2_ws/install/trans/local/lib/python3.10/dist-packages/trans/srv/_simulation_reset.py
[2.592s] -- Installing: /home/wbb/ros2_ws/install/trans/local/lib/python3.10/dist-packages/trans/srv/_gait_switch.py
[2.592s] -- Installing: /home/wbb/ros2_ws/install/trans/local/lib/python3.10/dist-packages/trans/msg
[2.592s] -- Installing: /home/wbb/ros2_ws/install/trans/local/lib/python3.10/dist-packages/trans/msg/__init__.py
[2.592s] -- Installing: /home/wbb/ros2_ws/install/trans/local/lib/python3.10/dist-packages/trans/msg/_touch_sensor.py
[2.592s] -- Installing: /home/wbb/ros2_ws/install/trans/local/lib/python3.10/dist-packages/trans/msg/_actuator_cmds_s.c
[2.592s] -- Installing: /home/wbb/ros2_ws/install/trans/local/lib/python3.10/dist-packages/trans/msg/_actuator_cmds.py
[2.592s] -- Installing: /home/wbb/ros2_ws/install/trans/local/lib/python3.10/dist-packages/trans/msg/_touch_sensor_s.c
[2.592s] -- Installing: /home/wbb/ros2_ws/install/trans/local/lib/python3.10/dist-packages/trans/_trans_s.ep.rosidl_typesupport_c.c
[2.592s] -- Installing: /home/wbb/ros2_ws/install/trans/local/lib/python3.10/dist-packages/trans/trans_s__rosidl_typesupport_fastrtps_c.cpython-310-x86_64-linux-gnu.so
[2.592s] -- Installing: /home/wbb/ros2_ws/install/trans/local/lib/python3.10/dist-packages/trans/_trans_s.ep.rosidl_typesupport_introspection_c.c
[2.613s] Listing '/home/wbb/ros2_ws/install/trans/local/lib/python3.10/dist-packages/trans'...
[2.613s] Compiling '/home/wbb/ros2_ws/install/trans/local/lib/python3.10/dist-packages/trans/__init__.py'...
[2.613s] Listing '/home/wbb/ros2_ws/install/trans/local/lib/python3.10/dist-packages/trans/msg'...
[2.613s] Compiling '/home/wbb/ros2_ws/install/trans/local/lib/python3.10/dist-packages/trans/msg/__init__.py'...
[2.614s] Compiling '/home/wbb/ros2_ws/install/trans/local/lib/python3.10/dist-packages/trans/msg/_actuator_cmds.py'...
[2.614s] Compiling '/home/wbb/ros2_ws/install/trans/local/lib/python3.10/dist-packages/trans/msg/_touch_sensor.py'...
[2.614s] Listing '/home/wbb/ros2_ws/install/trans/local/lib/python3.10/dist-packages/trans/srv'...
[2.614s] Compiling '/home/wbb/ros2_ws/install/trans/local/lib/python3.10/dist-packages/trans/srv/__init__.py'...
[2.614s] Compiling '/home/wbb/ros2_ws/install/trans/local/lib/python3.10/dist-packages/trans/srv/_gait_switch.py'...
[2.614s] Compiling '/home/wbb/ros2_ws/install/trans/local/lib/python3.10/dist-packages/trans/srv/_simulation_reset.py'...
[2.616s] -- Installing: /home/wbb/ros2_ws/install/trans/local/lib/python3.10/dist-packages/trans/trans_s__rosidl_typesupport_fastrtps_c.cpython-310-x86_64-linux-gnu.so
[2.616s] -- Set runtime path of "/home/wbb/ros2_ws/install/trans/local/lib/python3.10/dist-packages/trans/trans_s__rosidl_typesupport_fastrtps_c.cpython-310-x86_64-linux-gnu.so" to ""
[2.616s] -- Installing: /home/wbb/ros2_ws/install/trans/local/lib/python3.10/dist-packages/trans/trans_s__rosidl_typesupport_introspection_c.cpython-310-x86_64-linux-gnu.so
[2.616s] -- Set runtime path of "/home/wbb/ros2_ws/install/trans/local/lib/python3.10/dist-packages/trans/trans_s__rosidl_typesupport_introspection_c.cpython-310-x86_64-linux-gnu.so" to ""
[2.616s] -- Installing: /home/wbb/ros2_ws/install/trans/local/lib/python3.10/dist-packages/trans/trans_s__rosidl_typesupport_c.cpython-310-x86_64-linux-gnu.so
[2.616s] -- Set runtime path of "/home/wbb/ros2_ws/install/trans/local/lib/python3.10/dist-packages/trans/trans_s__rosidl_typesupport_c.cpython-310-x86_64-linux-gnu.so" to ""
[2.616s] -- Installing: /home/wbb/ros2_ws/install/trans/lib/libtrans__rosidl_generator_py.so
[2.616s] -- Set runtime path of "/home/wbb/ros2_ws/install/trans/lib/libtrans__rosidl_generator_py.so" to ""
[2.617s] -- Installing: /home/wbb/ros2_ws/install/trans/share/trans/msg/ActuatorCmds.idl
[2.617s] -- Installing: /home/wbb/ros2_ws/install/trans/share/trans/msg/TouchSensor.idl
[2.617s] -- Installing: /home/wbb/ros2_ws/install/trans/share/trans/srv/SimulationReset.idl
[2.617s] -- Installing: /home/wbb/ros2_ws/install/trans/share/trans/srv/GaitSwitch.idl
[2.617s] -- Installing: /home/wbb/ros2_ws/install/trans/share/trans/msgs/ActuatorCmds.msg
[2.617s] -- Installing: /home/wbb/ros2_ws/install/trans/share/trans/msgs/TouchSensor.msg
[2.617s] -- Installing: /home/wbb/ros2_ws/install/trans/share/trans/srv/SimulationReset.srv
[2.617s] -- Installing: /home/wbb/ros2_ws/install/trans/share/trans/srv/SimulationReset_Request.msg
[2.617s] -- Installing: /home/wbb/ros2_ws/install/trans/share/trans/srv/SimulationReset_Response.msg
[2.617s] -- Installing: /home/wbb/ros2_ws/install/trans/share/trans/srv/GaitSwitch.srv
[2.617s] -- Installing: /home/wbb/ros2_ws/install/trans/share/trans/srv/GaitSwitch_Request.msg
[2.617s] -- Installing: /home/wbb/ros2_ws/install/trans/share/trans/srv/GaitSwitch_Response.msg
[2.617s] -- Installing: /home/wbb/ros2_ws/install/trans/share/ament_index/resource_index/package_run_dependencies/trans
[2.617s] -- Installing: /home/wbb/ros2_ws/install/trans/share/ament_index/resource_index/parent_prefix_path/trans
[2.618s] -- Installing: /home/wbb/ros2_ws/install/trans/share/trans/environment/ament_prefix_path.sh
[2.618s] -- Installing: /home/wbb/ros2_ws/install/trans/share/trans/environment/ament_prefix_path.dsv
[2.618s] -- Installing: /home/wbb/ros2_ws/install/trans/share/trans/environment/path.sh
[2.618s] -- Installing: /home/wbb/ros2_ws/install/trans/share/trans/environment/path.dsv
[2.618s] -- Installing: /home/wbb/ros2_ws/install/trans/share/trans/local_setup.bash
[2.618s] -- Installing: /home/wbb/ros2_ws/install/trans/share/trans/local_setup.sh
[2.618s] -- Installing: /home/wbb/ros2_ws/install/trans/share/trans/local_setup.zsh
[2.618s] -- Installing: /home/wbb/ros2_ws/install/trans/share/trans/local_setup.dsv
[2.618s] -- Installing: /home/wbb/ros2_ws/install/trans/share/trans/package.dsv
[2.618s] -- Installing: /home/wbb/ros2_ws/install/trans/share/ament_index/resource_index/packages/trans
[2.618s] -- Installing: /home/wbb/ros2_ws/install/trans/share/trans/cmake/export_trans__rosidl_generator_cExport.cmake
[2.618s] -- Installing: /home/wbb/ros2_ws/install/trans/share/trans/cmake/export_trans__rosidl_generator_cExport-noconfig.cmake
[2.618s] -- Installing: /home/wbb/ros2_ws/install/trans/share/trans/cmake/export_trans__rosidl_typesupport_fastrtps_cExport.cmake
[2.618s] -- Installing: /home/wbb/ros2_ws/install/trans/share/trans/cmake/export_trans__rosidl_typesupport_fastrtps_cExport-noconfig.cmake
[2.618s] -- Installing: /home/wbb/ros2_ws/install/trans/share/trans/cmake/export_trans__rosidl_generator_cppExport.cmake
[2.619s] -- Installing: /home/wbb/ros2_ws/install/trans/share/trans/cmake/export_trans__rosidl_typesupport_fastrtps_cppExport.cmake
[2.619s] -- Installing: /home/wbb/ros2_ws/install/trans/share/trans/cmake/export_trans__rosidl_typesupport_fastrtps_cppExport-noconfig.cmake
[2.619s] -- Installing: /home/wbb/ros2_ws/install/trans/share/trans/cmake/trans__rosidl_typesupport_introspection_cExport.cmake
[2.619s] -- Installing: /home/wbb/ros2_ws/install/trans/share/trans/cmake/trans__rosidl_typesupport_introspection_cExport-noconfig.cmake
[2.619s] -- Installing: /home/wbb/ros2_ws/install/trans/share/trans/cmake/trans__rosidl_typesupport_cExport.cmake
[2.619s] -- Installing: /home/wbb/ros2_ws/install/trans/share/trans/cmake/trans__rosidl_typesupport_cExport-noconfig.cmake
[2.619s] -- Installing: /home/wbb/ros2_ws/install/trans/share/trans/cmake/trans__rosidl_typesupport_introspection_cppExport.cmake
[2.619s] -- Installing: /home/wbb/ros2_ws/install/trans/share/trans/cmake/trans__rosidl_typesupport_introspection_cppExport-noconfig.cmake
[2.619s] -- Installing: /home/wbb/ros2_ws/install/trans/share/trans/cmake/trans__rosidl_typesupport_cppExport.cmake
[2.619s] -- Installing: /home/wbb/ros2_ws/install/trans/share/trans/cmake/trans__rosidl_typesupport_cppExport-noconfig.cmake
[2.619s] -- Installing: /home/wbb/ros2_ws/install/trans/share/trans/cmake/export_trans__rosidl_generator_pyExport.cmake
[2.619s] -- Installing: /home/wbb/ros2_ws/install/trans/share/trans/cmake/export_trans__rosidl_generator_pyExport-noconfig.cmake
[2.620s] -- Installing: /home/wbb/ros2_ws/install/trans/share/trans/cmake/rosidl_cmake-extras.cmake
[2.620s] -- Installing: /home/wbb/ros2_ws/install/trans/share/trans/cmake/ament_cmake_export_dependencies-extras.cmake
[2.620s] -- Installing: /home/wbb/ros2_ws/install/trans/share/trans/cmake/ament_cmake_export_include_directories-extras.cmake
[2.620s] -- Installing: /home/wbb/ros2_ws/install/trans/share/trans/cmake/ament_cmake_export_libraries-extras.cmake
[2.620s] -- Installing: /home/wbb/ros2_ws/install/trans/share/trans/cmake/ament_cmake_export_targets-extras.cmake
[2.620s] -- Installing: /home/wbb/ros2_ws/install/trans/share/trans/cmake/rosidl_cmake_export_typesupport_targets-extras.cmake
[2.620s] -- Installing: /home/wbb/ros2_ws/install/trans/share/trans/cmake/rosidl_cmake_export_typesupport_libraries-extras.cmake
[2.620s] -- Installing: /home/wbb/ros2_ws/install/trans/share/trans/cmake/transConfig.cmake
[2.620s] -- Installing: /home/wbb/ros2_ws/install/trans/share/trans/cmake/transConfig-version.cmake
[2.621s] -- Installing: /home/wbb/ros2_ws/install/trans/share/trans/package.xml
[2.622s] Invoked command in '/home/wbb/ros2_ws/build/trans' returned '0': CMAKE_PREFIX_PATH=${CMAKE_PREFIX_PATH}:/home/wbb/ros2_ws/install/third_party:/home/wbb/ros2_ws/install/sim:/home/wbb/ros2_ws/install/management:/home/wbb/ros2_ws/install/generation:/home/wbb/ros2_ws/install/gait:/home/wbb/ros2_ws/install/estimation:/home/wbb/ros2_ws/install/control:/home/wbb/ros2_ws/install/core:/home/wbb/ros2_ws/install/assets:/opt/ros/humble /usr/bin/cmake --install /home/wbb/ros2_ws/build/trans
