running egg_info
creating ../../build/core/core.egg-info
writing ../../build/core/core.egg-info/PKG-INFO
writing dependency_links to ../../build/core/core.egg-info/dependency_links.txt
writing entry points to ../../build/core/core.egg-info/entry_points.txt
writing requirements to ../../build/core/core.egg-info/requires.txt
writing top-level names to ../../build/core/core.egg-info/top_level.txt
writing manifest file '../../build/core/core.egg-info/SOURCES.txt'
reading manifest file '../../build/core/core.egg-info/SOURCES.txt'
writing manifest file '../../build/core/core.egg-info/SOURCES.txt'
running build
running build_py
creating /home/wbb/ros2_ws/build/core/build
creating /home/wbb/ros2_ws/build/core/build/lib
creating /home/wbb/ros2_ws/build/core/build/lib/core
copying core/types.py -> /home/wbb/ros2_ws/build/core/build/lib/core
copying core/__init__.py -> /home/wbb/ros2_ws/build/core/build/lib/core
creating /home/wbb/ros2_ws/build/core/build/lib/core/trajectory
copying core/trajectory/trajectory_base.py -> /home/wbb/ros2_ws/build/core/build/lib/core/trajectory
copying core/trajectory/cubic_spline_trajectory.py -> /home/wbb/ros2_ws/build/core/build/lib/core/trajectory
copying core/trajectory/__init__.py -> /home/wbb/ros2_ws/build/core/build/lib/core/trajectory
copying core/trajectory/reference_buffer.py -> /home/wbb/ros2_ws/build/core/build/lib/core/trajectory
copying core/trajectory/cubic_spline_interpolation.py -> /home/wbb/ros2_ws/build/core/build/lib/core/trajectory
creating /home/wbb/ros2_ws/build/core/build/lib/core/misc
copying core/misc/test.py -> /home/wbb/ros2_ws/build/core/build/lib/core/misc
copying core/misc/lookup.py -> /home/wbb/ros2_ws/build/core/build/lib/core/misc
copying core/misc/numerics.py -> /home/wbb/ros2_ws/build/core/build/lib/core/misc
copying core/misc/benchmark.py -> /home/wbb/ros2_ws/build/core/build/lib/core/misc
copying core/misc/numeric_traits.py -> /home/wbb/ros2_ws/build/core/build/lib/core/misc
copying core/misc/__init__.py -> /home/wbb/ros2_ws/build/core/build/lib/core/misc
copying core/misc/linear_algebra.py -> /home/wbb/ros2_ws/build/core/build/lib/core/misc
copying core/misc/buffer.py -> /home/wbb/ros2_ws/build/core/build/lib/core/misc
creating /home/wbb/ros2_ws/build/core/build/lib/core/gait
copying core/gait/test.py -> /home/wbb/ros2_ws/build/core/build/lib/core/gait
copying core/gait/mode_schedule.py -> /home/wbb/ros2_ws/build/core/build/lib/core/gait
copying core/gait/motion_phase_definition.py -> /home/wbb/ros2_ws/build/core/build/lib/core/gait
copying core/gait/__init__.py -> /home/wbb/ros2_ws/build/core/build/lib/core/gait
copying core/gait/leg_logic.py -> /home/wbb/ros2_ws/build/core/build/lib/core/gait
running install
running install_lib
creating /home/wbb/ros2_ws/install/core/lib/python3.10/site-packages/core
creating /home/wbb/ros2_ws/install/core/lib/python3.10/site-packages/core/trajectory
copying /home/wbb/ros2_ws/build/core/build/lib/core/trajectory/trajectory_base.py -> /home/wbb/ros2_ws/install/core/lib/python3.10/site-packages/core/trajectory
copying /home/wbb/ros2_ws/build/core/build/lib/core/trajectory/cubic_spline_trajectory.py -> /home/wbb/ros2_ws/install/core/lib/python3.10/site-packages/core/trajectory
copying /home/wbb/ros2_ws/build/core/build/lib/core/trajectory/__init__.py -> /home/wbb/ros2_ws/install/core/lib/python3.10/site-packages/core/trajectory
copying /home/wbb/ros2_ws/build/core/build/lib/core/trajectory/reference_buffer.py -> /home/wbb/ros2_ws/install/core/lib/python3.10/site-packages/core/trajectory
copying /home/wbb/ros2_ws/build/core/build/lib/core/trajectory/cubic_spline_interpolation.py -> /home/wbb/ros2_ws/install/core/lib/python3.10/site-packages/core/trajectory
copying /home/wbb/ros2_ws/build/core/build/lib/core/types.py -> /home/wbb/ros2_ws/install/core/lib/python3.10/site-packages/core
creating /home/wbb/ros2_ws/install/core/lib/python3.10/site-packages/core/misc
copying /home/wbb/ros2_ws/build/core/build/lib/core/misc/test.py -> /home/wbb/ros2_ws/install/core/lib/python3.10/site-packages/core/misc
copying /home/wbb/ros2_ws/build/core/build/lib/core/misc/lookup.py -> /home/wbb/ros2_ws/install/core/lib/python3.10/site-packages/core/misc
copying /home/wbb/ros2_ws/build/core/build/lib/core/misc/numerics.py -> /home/wbb/ros2_ws/install/core/lib/python3.10/site-packages/core/misc
copying /home/wbb/ros2_ws/build/core/build/lib/core/misc/benchmark.py -> /home/wbb/ros2_ws/install/core/lib/python3.10/site-packages/core/misc
copying /home/wbb/ros2_ws/build/core/build/lib/core/misc/numeric_traits.py -> /home/wbb/ros2_ws/install/core/lib/python3.10/site-packages/core/misc
copying /home/wbb/ros2_ws/build/core/build/lib/core/misc/__init__.py -> /home/wbb/ros2_ws/install/core/lib/python3.10/site-packages/core/misc
copying /home/wbb/ros2_ws/build/core/build/lib/core/misc/linear_algebra.py -> /home/wbb/ros2_ws/install/core/lib/python3.10/site-packages/core/misc
copying /home/wbb/ros2_ws/build/core/build/lib/core/misc/buffer.py -> /home/wbb/ros2_ws/install/core/lib/python3.10/site-packages/core/misc
creating /home/wbb/ros2_ws/install/core/lib/python3.10/site-packages/core/gait
copying /home/wbb/ros2_ws/build/core/build/lib/core/gait/test.py -> /home/wbb/ros2_ws/install/core/lib/python3.10/site-packages/core/gait
copying /home/wbb/ros2_ws/build/core/build/lib/core/gait/mode_schedule.py -> /home/wbb/ros2_ws/install/core/lib/python3.10/site-packages/core/gait
copying /home/wbb/ros2_ws/build/core/build/lib/core/gait/motion_phase_definition.py -> /home/wbb/ros2_ws/install/core/lib/python3.10/site-packages/core/gait
copying /home/wbb/ros2_ws/build/core/build/lib/core/gait/__init__.py -> /home/wbb/ros2_ws/install/core/lib/python3.10/site-packages/core/gait
copying /home/wbb/ros2_ws/build/core/build/lib/core/gait/leg_logic.py -> /home/wbb/ros2_ws/install/core/lib/python3.10/site-packages/core/gait
copying /home/wbb/ros2_ws/build/core/build/lib/core/__init__.py -> /home/wbb/ros2_ws/install/core/lib/python3.10/site-packages/core
byte-compiling /home/wbb/ros2_ws/install/core/lib/python3.10/site-packages/core/trajectory/trajectory_base.py to trajectory_base.cpython-310.pyc
byte-compiling /home/wbb/ros2_ws/install/core/lib/python3.10/site-packages/core/trajectory/cubic_spline_trajectory.py to cubic_spline_trajectory.cpython-310.pyc
byte-compiling /home/wbb/ros2_ws/install/core/lib/python3.10/site-packages/core/trajectory/__init__.py to __init__.cpython-310.pyc
byte-compiling /home/wbb/ros2_ws/install/core/lib/python3.10/site-packages/core/trajectory/reference_buffer.py to reference_buffer.cpython-310.pyc
byte-compiling /home/wbb/ros2_ws/install/core/lib/python3.10/site-packages/core/trajectory/cubic_spline_interpolation.py to cubic_spline_interpolation.cpython-310.pyc
byte-compiling /home/wbb/ros2_ws/install/core/lib/python3.10/site-packages/core/types.py to types.cpython-310.pyc
byte-compiling /home/wbb/ros2_ws/install/core/lib/python3.10/site-packages/core/misc/test.py to test.cpython-310.pyc
byte-compiling /home/wbb/ros2_ws/install/core/lib/python3.10/site-packages/core/misc/lookup.py to lookup.cpython-310.pyc
byte-compiling /home/wbb/ros2_ws/install/core/lib/python3.10/site-packages/core/misc/numerics.py to numerics.cpython-310.pyc
byte-compiling /home/wbb/ros2_ws/install/core/lib/python3.10/site-packages/core/misc/benchmark.py to benchmark.cpython-310.pyc
byte-compiling /home/wbb/ros2_ws/install/core/lib/python3.10/site-packages/core/misc/numeric_traits.py to numeric_traits.cpython-310.pyc
byte-compiling /home/wbb/ros2_ws/install/core/lib/python3.10/site-packages/core/misc/__init__.py to __init__.cpython-310.pyc
byte-compiling /home/wbb/ros2_ws/install/core/lib/python3.10/site-packages/core/misc/linear_algebra.py to linear_algebra.cpython-310.pyc
byte-compiling /home/wbb/ros2_ws/install/core/lib/python3.10/site-packages/core/misc/buffer.py to buffer.cpython-310.pyc
byte-compiling /home/wbb/ros2_ws/install/core/lib/python3.10/site-packages/core/gait/test.py to test.cpython-310.pyc
byte-compiling /home/wbb/ros2_ws/install/core/lib/python3.10/site-packages/core/gait/mode_schedule.py to mode_schedule.cpython-310.pyc
byte-compiling /home/wbb/ros2_ws/install/core/lib/python3.10/site-packages/core/gait/motion_phase_definition.py to motion_phase_definition.cpython-310.pyc
byte-compiling /home/wbb/ros2_ws/install/core/lib/python3.10/site-packages/core/gait/__init__.py to __init__.cpython-310.pyc
byte-compiling /home/wbb/ros2_ws/install/core/lib/python3.10/site-packages/core/gait/leg_logic.py to leg_logic.cpython-310.pyc
byte-compiling /home/wbb/ros2_ws/install/core/lib/python3.10/site-packages/core/__init__.py to __init__.cpython-310.pyc
running install_data
creating /home/wbb/ros2_ws/install/core/share/ament_index
creating /home/wbb/ros2_ws/install/core/share/ament_index/resource_index
creating /home/wbb/ros2_ws/install/core/share/ament_index/resource_index/packages
copying resource/core -> /home/wbb/ros2_ws/install/core/share/ament_index/resource_index/packages
copying package.xml -> /home/wbb/ros2_ws/install/core/share/core
running install_egg_info
Copying ../../build/core/core.egg-info to /home/wbb/ros2_ws/install/core/lib/python3.10/site-packages/core-0.0.0-py3.10.egg-info
running install_scripts
writing list of installed files to '/home/wbb/ros2_ws/build/core/install.log'
