[0.674s] Invoking command in '/home/wbb/ros2_ws/src/core': PYTHONPATH=/home/wbb/ros2_ws/build/core/prefix_override:/usr/lib/python3/dist-packages/colcon_core/task/python/colcon_distutils_commands:/home/wbb/ros2_ws/install/core/lib/python3.10/site-packages:${PYTHONPATH} /usr/bin/python3 -W ignore:setup.py install is deprecated -W ignore:easy_install command is deprecated setup.py egg_info --egg-base ../../build/core build --build-base /home/wbb/ros2_ws/build/core/build install --record /home/wbb/ros2_ws/build/core/install.log --single-version-externally-managed install_data
[0.924s] running egg_info
[0.925s] creating ../../build/core/core.egg-info
[0.925s] writing ../../build/core/core.egg-info/PKG-INFO
[0.925s] writing dependency_links to ../../build/core/core.egg-info/dependency_links.txt
[0.925s] writing entry points to ../../build/core/core.egg-info/entry_points.txt
[0.925s] writing requirements to ../../build/core/core.egg-info/requires.txt
[0.925s] writing top-level names to ../../build/core/core.egg-info/top_level.txt
[0.927s] writing manifest file '../../build/core/core.egg-info/SOURCES.txt'
[0.929s] reading manifest file '../../build/core/core.egg-info/SOURCES.txt'
[0.929s] writing manifest file '../../build/core/core.egg-info/SOURCES.txt'
[0.929s] running build
[0.929s] running build_py
[0.930s] creating /home/wbb/ros2_ws/build/core/build
[0.930s] creating /home/wbb/ros2_ws/build/core/build/lib
[0.930s] creating /home/wbb/ros2_ws/build/core/build/lib/core
[0.930s] copying core/types.py -> /home/wbb/ros2_ws/build/core/build/lib/core
[0.930s] copying core/__init__.py -> /home/wbb/ros2_ws/build/core/build/lib/core
[0.930s] creating /home/wbb/ros2_ws/build/core/build/lib/core/trajectory
[0.930s] copying core/trajectory/trajectory_base.py -> /home/wbb/ros2_ws/build/core/build/lib/core/trajectory
[0.930s] copying core/trajectory/cubic_spline_trajectory.py -> /home/wbb/ros2_ws/build/core/build/lib/core/trajectory
[0.931s] copying core/trajectory/__init__.py -> /home/wbb/ros2_ws/build/core/build/lib/core/trajectory
[0.931s] copying core/trajectory/reference_buffer.py -> /home/wbb/ros2_ws/build/core/build/lib/core/trajectory
[0.931s] copying core/trajectory/cubic_spline_interpolation.py -> /home/wbb/ros2_ws/build/core/build/lib/core/trajectory
[0.931s] creating /home/wbb/ros2_ws/build/core/build/lib/core/misc
[0.931s] copying core/misc/test.py -> /home/wbb/ros2_ws/build/core/build/lib/core/misc
[0.931s] copying core/misc/lookup.py -> /home/wbb/ros2_ws/build/core/build/lib/core/misc
[0.931s] copying core/misc/numerics.py -> /home/wbb/ros2_ws/build/core/build/lib/core/misc
[0.931s] copying core/misc/benchmark.py -> /home/wbb/ros2_ws/build/core/build/lib/core/misc
[0.931s] copying core/misc/numeric_traits.py -> /home/wbb/ros2_ws/build/core/build/lib/core/misc
[0.932s] copying core/misc/__init__.py -> /home/wbb/ros2_ws/build/core/build/lib/core/misc
[0.932s] copying core/misc/linear_algebra.py -> /home/wbb/ros2_ws/build/core/build/lib/core/misc
[0.932s] copying core/misc/buffer.py -> /home/wbb/ros2_ws/build/core/build/lib/core/misc
[0.932s] creating /home/wbb/ros2_ws/build/core/build/lib/core/gait
[0.932s] copying core/gait/test.py -> /home/wbb/ros2_ws/build/core/build/lib/core/gait
[0.932s] copying core/gait/mode_schedule.py -> /home/wbb/ros2_ws/build/core/build/lib/core/gait
[0.932s] copying core/gait/motion_phase_definition.py -> /home/wbb/ros2_ws/build/core/build/lib/core/gait
[0.932s] copying core/gait/__init__.py -> /home/wbb/ros2_ws/build/core/build/lib/core/gait
[0.932s] copying core/gait/leg_logic.py -> /home/wbb/ros2_ws/build/core/build/lib/core/gait
[0.933s] running install
[0.933s] running install_lib
[0.934s] creating /home/wbb/ros2_ws/install/core/lib/python3.10/site-packages/core
[0.934s] creating /home/wbb/ros2_ws/install/core/lib/python3.10/site-packages/core/trajectory
[0.934s] copying /home/wbb/ros2_ws/build/core/build/lib/core/trajectory/trajectory_base.py -> /home/wbb/ros2_ws/install/core/lib/python3.10/site-packages/core/trajectory
[0.934s] copying /home/wbb/ros2_ws/build/core/build/lib/core/trajectory/cubic_spline_trajectory.py -> /home/wbb/ros2_ws/install/core/lib/python3.10/site-packages/core/trajectory
[0.935s] copying /home/wbb/ros2_ws/build/core/build/lib/core/trajectory/__init__.py -> /home/wbb/ros2_ws/install/core/lib/python3.10/site-packages/core/trajectory
[0.935s] copying /home/wbb/ros2_ws/build/core/build/lib/core/trajectory/reference_buffer.py -> /home/wbb/ros2_ws/install/core/lib/python3.10/site-packages/core/trajectory
[0.935s] copying /home/wbb/ros2_ws/build/core/build/lib/core/trajectory/cubic_spline_interpolation.py -> /home/wbb/ros2_ws/install/core/lib/python3.10/site-packages/core/trajectory
[0.935s] copying /home/wbb/ros2_ws/build/core/build/lib/core/types.py -> /home/wbb/ros2_ws/install/core/lib/python3.10/site-packages/core
[0.935s] creating /home/wbb/ros2_ws/install/core/lib/python3.10/site-packages/core/misc
[0.935s] copying /home/wbb/ros2_ws/build/core/build/lib/core/misc/test.py -> /home/wbb/ros2_ws/install/core/lib/python3.10/site-packages/core/misc
[0.935s] copying /home/wbb/ros2_ws/build/core/build/lib/core/misc/lookup.py -> /home/wbb/ros2_ws/install/core/lib/python3.10/site-packages/core/misc
[0.935s] copying /home/wbb/ros2_ws/build/core/build/lib/core/misc/numerics.py -> /home/wbb/ros2_ws/install/core/lib/python3.10/site-packages/core/misc
[0.935s] copying /home/wbb/ros2_ws/build/core/build/lib/core/misc/benchmark.py -> /home/wbb/ros2_ws/install/core/lib/python3.10/site-packages/core/misc
[0.935s] copying /home/wbb/ros2_ws/build/core/build/lib/core/misc/numeric_traits.py -> /home/wbb/ros2_ws/install/core/lib/python3.10/site-packages/core/misc
[0.935s] copying /home/wbb/ros2_ws/build/core/build/lib/core/misc/__init__.py -> /home/wbb/ros2_ws/install/core/lib/python3.10/site-packages/core/misc
[0.936s] copying /home/wbb/ros2_ws/build/core/build/lib/core/misc/linear_algebra.py -> /home/wbb/ros2_ws/install/core/lib/python3.10/site-packages/core/misc
[0.936s] copying /home/wbb/ros2_ws/build/core/build/lib/core/misc/buffer.py -> /home/wbb/ros2_ws/install/core/lib/python3.10/site-packages/core/misc
[0.936s] creating /home/wbb/ros2_ws/install/core/lib/python3.10/site-packages/core/gait
[0.936s] copying /home/wbb/ros2_ws/build/core/build/lib/core/gait/test.py -> /home/wbb/ros2_ws/install/core/lib/python3.10/site-packages/core/gait
[0.936s] copying /home/wbb/ros2_ws/build/core/build/lib/core/gait/mode_schedule.py -> /home/wbb/ros2_ws/install/core/lib/python3.10/site-packages/core/gait
[0.936s] copying /home/wbb/ros2_ws/build/core/build/lib/core/gait/motion_phase_definition.py -> /home/wbb/ros2_ws/install/core/lib/python3.10/site-packages/core/gait
[0.936s] copying /home/wbb/ros2_ws/build/core/build/lib/core/gait/__init__.py -> /home/wbb/ros2_ws/install/core/lib/python3.10/site-packages/core/gait
[0.936s] copying /home/wbb/ros2_ws/build/core/build/lib/core/gait/leg_logic.py -> /home/wbb/ros2_ws/install/core/lib/python3.10/site-packages/core/gait
[0.936s] copying /home/wbb/ros2_ws/build/core/build/lib/core/__init__.py -> /home/wbb/ros2_ws/install/core/lib/python3.10/site-packages/core
[0.937s] byte-compiling /home/wbb/ros2_ws/install/core/lib/python3.10/site-packages/core/trajectory/trajectory_base.py to trajectory_base.cpython-310.pyc
[0.938s] byte-compiling /home/wbb/ros2_ws/install/core/lib/python3.10/site-packages/core/trajectory/cubic_spline_trajectory.py to cubic_spline_trajectory.cpython-310.pyc
[0.939s] byte-compiling /home/wbb/ros2_ws/install/core/lib/python3.10/site-packages/core/trajectory/__init__.py to __init__.cpython-310.pyc
[0.939s] byte-compiling /home/wbb/ros2_ws/install/core/lib/python3.10/site-packages/core/trajectory/reference_buffer.py to reference_buffer.cpython-310.pyc
[0.940s] byte-compiling /home/wbb/ros2_ws/install/core/lib/python3.10/site-packages/core/trajectory/cubic_spline_interpolation.py to cubic_spline_interpolation.cpython-310.pyc
[0.943s] byte-compiling /home/wbb/ros2_ws/install/core/lib/python3.10/site-packages/core/types.py to types.cpython-310.pyc
[0.946s] byte-compiling /home/wbb/ros2_ws/install/core/lib/python3.10/site-packages/core/misc/test.py to test.cpython-310.pyc
[0.946s] byte-compiling /home/wbb/ros2_ws/install/core/lib/python3.10/site-packages/core/misc/lookup.py to lookup.cpython-310.pyc
[0.947s] byte-compiling /home/wbb/ros2_ws/install/core/lib/python3.10/site-packages/core/misc/numerics.py to numerics.cpython-310.pyc
[0.947s] byte-compiling /home/wbb/ros2_ws/install/core/lib/python3.10/site-packages/core/misc/benchmark.py to benchmark.cpython-310.pyc
[0.948s] byte-compiling /home/wbb/ros2_ws/install/core/lib/python3.10/site-packages/core/misc/numeric_traits.py to numeric_traits.cpython-310.pyc
[0.948s] byte-compiling /home/wbb/ros2_ws/install/core/lib/python3.10/site-packages/core/misc/__init__.py to __init__.cpython-310.pyc
[0.948s] byte-compiling /home/wbb/ros2_ws/install/core/lib/python3.10/site-packages/core/misc/linear_algebra.py to linear_algebra.cpython-310.pyc
[0.950s] byte-compiling /home/wbb/ros2_ws/install/core/lib/python3.10/site-packages/core/misc/buffer.py to buffer.cpython-310.pyc
[0.950s] byte-compiling /home/wbb/ros2_ws/install/core/lib/python3.10/site-packages/core/gait/test.py to test.cpython-310.pyc
[0.950s] byte-compiling /home/wbb/ros2_ws/install/core/lib/python3.10/site-packages/core/gait/mode_schedule.py to mode_schedule.cpython-310.pyc
[0.951s] byte-compiling /home/wbb/ros2_ws/install/core/lib/python3.10/site-packages/core/gait/motion_phase_definition.py to motion_phase_definition.cpython-310.pyc
[0.951s] byte-compiling /home/wbb/ros2_ws/install/core/lib/python3.10/site-packages/core/gait/__init__.py to __init__.cpython-310.pyc
[0.951s] byte-compiling /home/wbb/ros2_ws/install/core/lib/python3.10/site-packages/core/gait/leg_logic.py to leg_logic.cpython-310.pyc
[0.952s] byte-compiling /home/wbb/ros2_ws/install/core/lib/python3.10/site-packages/core/__init__.py to __init__.cpython-310.pyc
[0.952s] running install_data
[0.952s] creating /home/wbb/ros2_ws/install/core/share/ament_index
[0.952s] creating /home/wbb/ros2_ws/install/core/share/ament_index/resource_index
[0.952s] creating /home/wbb/ros2_ws/install/core/share/ament_index/resource_index/packages
[0.952s] copying resource/core -> /home/wbb/ros2_ws/install/core/share/ament_index/resource_index/packages
[0.952s] copying package.xml -> /home/wbb/ros2_ws/install/core/share/core
[0.952s] running install_egg_info
[0.954s] Copying ../../build/core/core.egg-info to /home/wbb/ros2_ws/install/core/lib/python3.10/site-packages/core-0.0.0-py3.10.egg-info
[0.954s] running install_scripts
[0.968s] writing list of installed files to '/home/wbb/ros2_ws/build/core/install.log'
[0.987s] Invoked command in '/home/wbb/ros2_ws/src/core' returned '0': PYTHONPATH=/home/wbb/ros2_ws/build/core/prefix_override:/usr/lib/python3/dist-packages/colcon_core/task/python/colcon_distutils_commands:/home/wbb/ros2_ws/install/core/lib/python3.10/site-packages:${PYTHONPATH} /usr/bin/python3 -W ignore:setup.py install is deprecated -W ignore:easy_install command is deprecated setup.py egg_info --egg-base ../../build/core build --build-base /home/wbb/ros2_ws/build/core/build install --record /home/wbb/ros2_ws/build/core/install.log --single-version-externally-managed install_data
