running egg_info
writing ../../../build/control/control.egg-info/PKG-INFO
writing dependency_links to ../../../build/control/control.egg-info/dependency_links.txt
writing entry points to ../../../build/control/control.egg-info/entry_points.txt
writing requirements to ../../../build/control/control.egg-info/requires.txt
writing top-level names to ../../../build/control/control.egg-info/top_level.txt
reading manifest file '../../../build/control/control.egg-info/SOURCES.txt'
writing manifest file '../../../build/control/control.egg-info/SOURCES.txt'
running build
running build_py
copying control/trajectory_stabilization.py -> /home/wbb/ros2_ws/build/control/build/lib/control
running install
running install_lib
copying /home/wbb/ros2_ws/build/control/build/lib/control/trajectory_stabilization.py -> /home/wbb/ros2_ws/install/control/lib/python3.10/site-packages/control
byte-compiling /home/wbb/ros2_ws/install/control/lib/python3.10/site-packages/control/trajectory_stabilization.py to trajectory_stabilization.cpython-310.pyc
running install_data
running install_egg_info
removing '/home/wbb/ros2_ws/install/control/lib/python3.10/site-packages/control-0.0.0-py3.10.egg-info' (and everything under it)
Copying ../../../build/control/control.egg-info to /home/wbb/ros2_ws/install/control/lib/python3.10/site-packages/control-0.0.0-py3.10.egg-info
running install_scripts
writing list of installed files to '/home/wbb/ros2_ws/build/control/install.log'
