[0.956s] Invoking command in '/home/wbb/ros2_ws/src/motion/gait': AMENT_PREFIX_PATH=/home/wbb/ros2_ws/install/core:/home/wbb/ros2_ws/install/visualization:/home/wbb/ros2_ws/install/trans:/home/wbb/ros2_ws/install/third_party:/home/wbb/ros2_ws/install/sim:/home/wbb/ros2_ws/install/management:/home/wbb/ros2_ws/install/generation:/home/wbb/ros2_ws/install/gait:/home/wbb/ros2_ws/install/estimation:/home/wbb/ros2_ws/install/control:/home/wbb/ros2_ws/install/assets:/opt/ros/humble PYTHONPATH=/home/wbb/ros2_ws/build/gait/prefix_override:/usr/lib/python3/dist-packages/colcon_core/task/python/colcon_distutils_commands:/home/wbb/ros2_ws/install/gait/lib/python3.10/site-packages:/home/wbb/ros2_ws/install/core/lib/python3.10/site-packages:/home/wbb/ros2_ws/install/trans/local/lib/python3.10/dist-packages:/home/wbb/ros2_ws/install/third_party/lib/python3.10/site-packages:/home/wbb/ros2_ws/install/sim/lib/python3.10/site-packages:/home/wbb/ros2_ws/install/management/lib/python3.10/site-packages:/home/wbb/ros2_ws/install/generation/lib/python3.10/site-packages:/home/wbb/ros2_ws/install/gait/lib/python3.10/site-packages:/home/wbb/ros2_ws/install/estimation/lib/python3.10/site-packages:/home/wbb/ros2_ws/install/control/lib/python3.10/site-packages:/home/wbb/ros2_ws/install/assets/lib/python3.10/site-packages:/opt/ros/humble/lib/python3.10/site-packages:/opt/ros/humble/local/lib/python3.10/dist-packages /usr/bin/python3 -W ignore:setup.py install is deprecated -W ignore:easy_install command is deprecated setup.py egg_info --egg-base ../../../build/gait build --build-base /home/wbb/ros2_ws/build/gait/build install --record /home/wbb/ros2_ws/build/gait/install.log --single-version-externally-managed install_data
[1.192s] running egg_info
[1.192s] writing ../../../build/gait/gait.egg-info/PKG-INFO
[1.192s] writing dependency_links to ../../../build/gait/gait.egg-info/dependency_links.txt
[1.193s] writing entry points to ../../../build/gait/gait.egg-info/entry_points.txt
[1.193s] writing requirements to ../../../build/gait/gait.egg-info/requires.txt
[1.193s] writing top-level names to ../../../build/gait/gait.egg-info/top_level.txt
[1.195s] reading manifest file '../../../build/gait/gait.egg-info/SOURCES.txt'
[1.195s] writing manifest file '../../../build/gait/gait.egg-info/SOURCES.txt'
[1.195s] running build
[1.196s] running build_py
[1.196s] copying gait/gait_schedule.py -> /home/wbb/ros2_ws/build/gait/build/lib/gait
[1.196s] copying gait/cycle_timer.py -> /home/wbb/ros2_ws/build/gait/build/lib/gait
[1.196s] running install
[1.196s] running install_lib
[1.196s] copying /home/wbb/ros2_ws/build/gait/build/lib/gait/gait_schedule.py -> /home/wbb/ros2_ws/install/gait/lib/python3.10/site-packages/gait
[1.196s] copying /home/wbb/ros2_ws/build/gait/build/lib/gait/cycle_timer.py -> /home/wbb/ros2_ws/install/gait/lib/python3.10/site-packages/gait
[1.197s] byte-compiling /home/wbb/ros2_ws/install/gait/lib/python3.10/site-packages/gait/gait_schedule.py to gait_schedule.cpython-310.pyc
[1.198s] byte-compiling /home/wbb/ros2_ws/install/gait/lib/python3.10/site-packages/gait/cycle_timer.py to cycle_timer.cpython-310.pyc
[1.198s] running install_data
[1.198s] running install_egg_info
[1.200s] removing '/home/wbb/ros2_ws/install/gait/lib/python3.10/site-packages/gait-0.0.0-py3.10.egg-info' (and everything under it)
[1.200s] Copying ../../../build/gait/gait.egg-info to /home/wbb/ros2_ws/install/gait/lib/python3.10/site-packages/gait-0.0.0-py3.10.egg-info
[1.200s] running install_scripts
[1.214s] writing list of installed files to '/home/wbb/ros2_ws/build/gait/install.log'
[1.229s] Invoked command in '/home/wbb/ros2_ws/src/motion/gait' returned '0': AMENT_PREFIX_PATH=/home/wbb/ros2_ws/install/core:/home/wbb/ros2_ws/install/visualization:/home/wbb/ros2_ws/install/trans:/home/wbb/ros2_ws/install/third_party:/home/wbb/ros2_ws/install/sim:/home/wbb/ros2_ws/install/management:/home/wbb/ros2_ws/install/generation:/home/wbb/ros2_ws/install/gait:/home/wbb/ros2_ws/install/estimation:/home/wbb/ros2_ws/install/control:/home/wbb/ros2_ws/install/assets:/opt/ros/humble PYTHONPATH=/home/wbb/ros2_ws/build/gait/prefix_override:/usr/lib/python3/dist-packages/colcon_core/task/python/colcon_distutils_commands:/home/wbb/ros2_ws/install/gait/lib/python3.10/site-packages:/home/wbb/ros2_ws/install/core/lib/python3.10/site-packages:/home/wbb/ros2_ws/install/trans/local/lib/python3.10/dist-packages:/home/wbb/ros2_ws/install/third_party/lib/python3.10/site-packages:/home/wbb/ros2_ws/install/sim/lib/python3.10/site-packages:/home/wbb/ros2_ws/install/management/lib/python3.10/site-packages:/home/wbb/ros2_ws/install/generation/lib/python3.10/site-packages:/home/wbb/ros2_ws/install/gait/lib/python3.10/site-packages:/home/wbb/ros2_ws/install/estimation/lib/python3.10/site-packages:/home/wbb/ros2_ws/install/control/lib/python3.10/site-packages:/home/wbb/ros2_ws/install/assets/lib/python3.10/site-packages:/opt/ros/humble/lib/python3.10/site-packages:/opt/ros/humble/local/lib/python3.10/dist-packages /usr/bin/python3 -W ignore:setup.py install is deprecated -W ignore:easy_install command is deprecated setup.py egg_info --egg-base ../../../build/gait build --build-base /home/wbb/ros2_ws/build/gait/build install --record /home/wbb/ros2_ws/build/gait/install.log --single-version-externally-managed install_data
