[0.701s] Invoking command in '/home/wbb/ros2_ws/src/motion/management': AMENT_PREFIX_PATH=/home/wbb/ros2_ws/install/core:/home/wbb/ros2_ws/install/visualization:/home/wbb/ros2_ws/install/trans:/home/wbb/ros2_ws/install/third_party:/home/wbb/ros2_ws/install/sim:/home/wbb/ros2_ws/install/management:/home/wbb/ros2_ws/install/generation:/home/wbb/ros2_ws/install/gait:/home/wbb/ros2_ws/install/estimation:/home/wbb/ros2_ws/install/control:/home/wbb/ros2_ws/install/assets:/opt/ros/humble PYTHONPATH=/home/wbb/ros2_ws/build/management/prefix_override:/usr/lib/python3/dist-packages/colcon_core/task/python/colcon_distutils_commands:/home/wbb/ros2_ws/install/management/lib/python3.10/site-packages:/home/wbb/ros2_ws/install/core/lib/python3.10/site-packages:/home/wbb/ros2_ws/install/trans/local/lib/python3.10/dist-packages:/home/wbb/ros2_ws/install/third_party/lib/python3.10/site-packages:/home/wbb/ros2_ws/install/sim/lib/python3.10/site-packages:/home/wbb/ros2_ws/install/management/lib/python3.10/site-packages:/home/wbb/ros2_ws/install/generation/lib/python3.10/site-packages:/home/wbb/ros2_ws/install/gait/lib/python3.10/site-packages:/home/wbb/ros2_ws/install/estimation/lib/python3.10/site-packages:/home/wbb/ros2_ws/install/control/lib/python3.10/site-packages:/home/wbb/ros2_ws/install/assets/lib/python3.10/site-packages:/opt/ros/humble/lib/python3.10/site-packages:/opt/ros/humble/local/lib/python3.10/dist-packages /usr/bin/python3 -W ignore:setup.py install is deprecated -W ignore:easy_install command is deprecated setup.py egg_info --egg-base ../../../build/management build --build-base /home/wbb/ros2_ws/build/management/build install --record /home/wbb/ros2_ws/build/management/install.log --single-version-externally-managed install_data
[0.789s] running egg_info
[0.789s] creating ../../../build/management/management.egg-info
[0.789s] writing ../../../build/management/management.egg-info/PKG-INFO
[0.790s] writing dependency_links to ../../../build/management/management.egg-info/dependency_links.txt
[0.790s] writing entry points to ../../../build/management/management.egg-info/entry_points.txt
[0.790s] writing requirements to ../../../build/management/management.egg-info/requires.txt
[0.790s] writing top-level names to ../../../build/management/management.egg-info/top_level.txt
[0.790s] writing manifest file '../../../build/management/management.egg-info/SOURCES.txt'
[0.791s] reading manifest file '../../../build/management/management.egg-info/SOURCES.txt'
[0.791s] writing manifest file '../../../build/management/management.egg-info/SOURCES.txt'
[0.791s] running build
[0.791s] running build_py
[0.791s] creating /home/wbb/ros2_ws/build/management/build
[0.791s] creating /home/wbb/ros2_ws/build/management/build/lib
[0.791s] creating /home/wbb/ros2_ws/build/management/build/lib/management
[0.791s] copying management/motion_manager.py -> /home/wbb/ros2_ws/build/management/build/lib/management
[0.791s] copying management/data_visualization.py -> /home/wbb/ros2_ws/build/management/build/lib/management
[0.791s] copying management/joystick.py -> /home/wbb/ros2_ws/build/management/build/lib/management
[0.791s] copying management/initialization.py -> /home/wbb/ros2_ws/build/management/build/lib/management
[0.791s] copying management/__init__.py -> /home/wbb/ros2_ws/build/management/build/lib/management
[0.791s] copying management/test.py -> /home/wbb/ros2_ws/build/management/build/lib/management
[0.791s] copying management/main.py -> /home/wbb/ros2_ws/build/management/build/lib/management
[0.791s] running install
[0.791s] running install_lib
[0.791s] creating /home/wbb/ros2_ws/install/management/lib/python3.10/site-packages/management
[0.792s] copying /home/wbb/ros2_ws/build/management/build/lib/management/motion_manager.py -> /home/wbb/ros2_ws/install/management/lib/python3.10/site-packages/management
[0.792s] copying /home/wbb/ros2_ws/build/management/build/lib/management/data_visualization.py -> /home/wbb/ros2_ws/install/management/lib/python3.10/site-packages/management
[0.792s] copying /home/wbb/ros2_ws/build/management/build/lib/management/joystick.py -> /home/wbb/ros2_ws/install/management/lib/python3.10/site-packages/management
[0.792s] copying /home/wbb/ros2_ws/build/management/build/lib/management/initialization.py -> /home/wbb/ros2_ws/install/management/lib/python3.10/site-packages/management
[0.792s] copying /home/wbb/ros2_ws/build/management/build/lib/management/__init__.py -> /home/wbb/ros2_ws/install/management/lib/python3.10/site-packages/management
[0.792s] copying /home/wbb/ros2_ws/build/management/build/lib/management/test.py -> /home/wbb/ros2_ws/install/management/lib/python3.10/site-packages/management
[0.792s] copying /home/wbb/ros2_ws/build/management/build/lib/management/main.py -> /home/wbb/ros2_ws/install/management/lib/python3.10/site-packages/management
[0.792s] byte-compiling /home/wbb/ros2_ws/install/management/lib/python3.10/site-packages/management/motion_manager.py to motion_manager.cpython-310.pyc
[0.792s] byte-compiling /home/wbb/ros2_ws/install/management/lib/python3.10/site-packages/management/data_visualization.py to data_visualization.cpython-310.pyc
[0.794s] byte-compiling /home/wbb/ros2_ws/install/management/lib/python3.10/site-packages/management/joystick.py to joystick.cpython-310.pyc
[0.794s] byte-compiling /home/wbb/ros2_ws/install/management/lib/python3.10/site-packages/management/initialization.py to initialization.cpython-310.pyc
[0.794s] byte-compiling /home/wbb/ros2_ws/install/management/lib/python3.10/site-packages/management/__init__.py to __init__.cpython-310.pyc
[0.794s] byte-compiling /home/wbb/ros2_ws/install/management/lib/python3.10/site-packages/management/test.py to test.cpython-310.pyc
[0.794s] byte-compiling /home/wbb/ros2_ws/install/management/lib/python3.10/site-packages/management/main.py to main.cpython-310.pyc
[0.794s] running install_data
[0.794s] creating /home/wbb/ros2_ws/install/management/share/management/launch
[0.794s] copying launch/management.launch.py -> /home/wbb/ros2_ws/install/management/share/management/launch
[0.794s] copying package.xml -> /home/wbb/ros2_ws/install/management/share/management
[0.794s] running install_egg_info
[0.796s] Copying ../../../build/management/management.egg-info to /home/wbb/ros2_ws/install/management/lib/python3.10/site-packages/management-0.0.0-py3.10.egg-info
[0.796s] running install_scripts
[0.809s] Installing joystick script to /home/wbb/ros2_ws/install/management/lib/management
[0.809s] Installing main script to /home/wbb/ros2_ws/install/management/lib/management
[0.809s] writing list of installed files to '/home/wbb/ros2_ws/build/management/install.log'
[0.833s] Invoked command in '/home/wbb/ros2_ws/src/motion/management' returned '0': AMENT_PREFIX_PATH=/home/wbb/ros2_ws/install/core:/home/wbb/ros2_ws/install/visualization:/home/wbb/ros2_ws/install/trans:/home/wbb/ros2_ws/install/third_party:/home/wbb/ros2_ws/install/sim:/home/wbb/ros2_ws/install/management:/home/wbb/ros2_ws/install/generation:/home/wbb/ros2_ws/install/gait:/home/wbb/ros2_ws/install/estimation:/home/wbb/ros2_ws/install/control:/home/wbb/ros2_ws/install/assets:/opt/ros/humble PYTHONPATH=/home/wbb/ros2_ws/build/management/prefix_override:/usr/lib/python3/dist-packages/colcon_core/task/python/colcon_distutils_commands:/home/wbb/ros2_ws/install/management/lib/python3.10/site-packages:/home/wbb/ros2_ws/install/core/lib/python3.10/site-packages:/home/wbb/ros2_ws/install/trans/local/lib/python3.10/dist-packages:/home/wbb/ros2_ws/install/third_party/lib/python3.10/site-packages:/home/wbb/ros2_ws/install/sim/lib/python3.10/site-packages:/home/wbb/ros2_ws/install/management/lib/python3.10/site-packages:/home/wbb/ros2_ws/install/generation/lib/python3.10/site-packages:/home/wbb/ros2_ws/install/gait/lib/python3.10/site-packages:/home/wbb/ros2_ws/install/estimation/lib/python3.10/site-packages:/home/wbb/ros2_ws/install/control/lib/python3.10/site-packages:/home/wbb/ros2_ws/install/assets/lib/python3.10/site-packages:/opt/ros/humble/lib/python3.10/site-packages:/opt/ros/humble/local/lib/python3.10/dist-packages /usr/bin/python3 -W ignore:setup.py install is deprecated -W ignore:easy_install command is deprecated setup.py egg_info --egg-base ../../../build/management build --build-base /home/wbb/ros2_ws/build/management/build install --record /home/wbb/ros2_ws/build/management/install.log --single-version-externally-managed install_data
