[1.179s] Invoking command in '/home/wbb/ros2_ws/src/motion/estimation': AMENT_PREFIX_PATH=/home/wbb/ros2_ws/install/core:/home/wbb/ros2_ws/install/visualization:/home/wbb/ros2_ws/install/trans:/home/wbb/ros2_ws/install/third_party:/home/wbb/ros2_ws/install/sim:/home/wbb/ros2_ws/install/management:/home/wbb/ros2_ws/install/generation:/home/wbb/ros2_ws/install/gait:/home/wbb/ros2_ws/install/estimation:/home/wbb/ros2_ws/install/control:/home/wbb/ros2_ws/install/assets:/opt/ros/humble PYTHONPATH=/home/wbb/ros2_ws/build/estimation/prefix_override:/usr/lib/python3/dist-packages/colcon_core/task/python/colcon_distutils_commands:/home/wbb/ros2_ws/install/estimation/lib/python3.10/site-packages:/home/wbb/ros2_ws/install/core/lib/python3.10/site-packages:/home/wbb/ros2_ws/install/trans/local/lib/python3.10/dist-packages:/home/wbb/ros2_ws/install/third_party/lib/python3.10/site-packages:/home/wbb/ros2_ws/install/sim/lib/python3.10/site-packages:/home/wbb/ros2_ws/install/management/lib/python3.10/site-packages:/home/wbb/ros2_ws/install/generation/lib/python3.10/site-packages:/home/wbb/ros2_ws/install/gait/lib/python3.10/site-packages:/home/wbb/ros2_ws/install/estimation/lib/python3.10/site-packages:/home/wbb/ros2_ws/install/control/lib/python3.10/site-packages:/home/wbb/ros2_ws/install/assets/lib/python3.10/site-packages:/opt/ros/humble/lib/python3.10/site-packages:/opt/ros/humble/local/lib/python3.10/dist-packages /usr/bin/python3 -W ignore:setup.py install is deprecated -W ignore:easy_install command is deprecated setup.py egg_info --egg-base ../../../build/estimation build --build-base /home/wbb/ros2_ws/build/estimation/build install --record /home/wbb/ros2_ws/build/estimation/install.log --single-version-externally-managed install_data
[1.342s] running egg_info
[1.343s] writing ../../../build/estimation/estimation.egg-info/PKG-INFO
[1.343s] writing dependency_links to ../../../build/estimation/estimation.egg-info/dependency_links.txt
[1.343s] writing entry points to ../../../build/estimation/estimation.egg-info/entry_points.txt
[1.343s] writing requirements to ../../../build/estimation/estimation.egg-info/requires.txt
[1.343s] writing top-level names to ../../../build/estimation/estimation.egg-info/top_level.txt
[1.345s] reading manifest file '../../../build/estimation/estimation.egg-info/SOURCES.txt'
[1.345s] writing manifest file '../../../build/estimation/estimation.egg-info/SOURCES.txt'
[1.345s] running build
[1.345s] running build_py
[1.345s] running install
[1.346s] running install_lib
[1.346s] creating /home/wbb/ros2_ws/install/estimation/lib/python3.10/site-packages/estimation
[1.347s] copying /home/wbb/ros2_ws/build/estimation/build/lib/estimation/test.py -> /home/wbb/ros2_ws/install/estimation/lib/python3.10/site-packages/estimation
[1.347s] copying /home/wbb/ros2_ws/build/estimation/build/lib/estimation/test2.py -> /home/wbb/ros2_ws/install/estimation/lib/python3.10/site-packages/estimation
[1.347s] copying /home/wbb/ros2_ws/build/estimation/build/lib/estimation/state_estimation_lkf.py -> /home/wbb/ros2_ws/install/estimation/lib/python3.10/site-packages/estimation
[1.347s] copying /home/wbb/ros2_ws/build/estimation/build/lib/estimation/__init__.py -> /home/wbb/ros2_ws/install/estimation/lib/python3.10/site-packages/estimation
[1.347s] byte-compiling /home/wbb/ros2_ws/install/estimation/lib/python3.10/site-packages/estimation/test.py to test.cpython-310.pyc
[1.347s] byte-compiling /home/wbb/ros2_ws/install/estimation/lib/python3.10/site-packages/estimation/test2.py to test2.cpython-310.pyc
[1.347s] byte-compiling /home/wbb/ros2_ws/install/estimation/lib/python3.10/site-packages/estimation/state_estimation_lkf.py to state_estimation_lkf.cpython-310.pyc
[1.349s] byte-compiling /home/wbb/ros2_ws/install/estimation/lib/python3.10/site-packages/estimation/__init__.py to __init__.cpython-310.pyc
[1.349s] running install_data
[1.350s] creating /home/wbb/ros2_ws/install/estimation/share/ament_index
[1.350s] creating /home/wbb/ros2_ws/install/estimation/share/ament_index/resource_index
[1.350s] creating /home/wbb/ros2_ws/install/estimation/share/ament_index/resource_index/packages
[1.350s] copying resource/estimation -> /home/wbb/ros2_ws/install/estimation/share/ament_index/resource_index/packages
[1.350s] copying package.xml -> /home/wbb/ros2_ws/install/estimation/share/estimation
[1.350s] running install_egg_info
[1.351s] Copying ../../../build/estimation/estimation.egg-info to /home/wbb/ros2_ws/install/estimation/lib/python3.10/site-packages/estimation-0.0.0-py3.10.egg-info
[1.351s] running install_scripts
[1.365s] writing list of installed files to '/home/wbb/ros2_ws/build/estimation/install.log'
[1.381s] Invoked command in '/home/wbb/ros2_ws/src/motion/estimation' returned '0': AMENT_PREFIX_PATH=/home/wbb/ros2_ws/install/core:/home/wbb/ros2_ws/install/visualization:/home/wbb/ros2_ws/install/trans:/home/wbb/ros2_ws/install/third_party:/home/wbb/ros2_ws/install/sim:/home/wbb/ros2_ws/install/management:/home/wbb/ros2_ws/install/generation:/home/wbb/ros2_ws/install/gait:/home/wbb/ros2_ws/install/estimation:/home/wbb/ros2_ws/install/control:/home/wbb/ros2_ws/install/assets:/opt/ros/humble PYTHONPATH=/home/wbb/ros2_ws/build/estimation/prefix_override:/usr/lib/python3/dist-packages/colcon_core/task/python/colcon_distutils_commands:/home/wbb/ros2_ws/install/estimation/lib/python3.10/site-packages:/home/wbb/ros2_ws/install/core/lib/python3.10/site-packages:/home/wbb/ros2_ws/install/trans/local/lib/python3.10/dist-packages:/home/wbb/ros2_ws/install/third_party/lib/python3.10/site-packages:/home/wbb/ros2_ws/install/sim/lib/python3.10/site-packages:/home/wbb/ros2_ws/install/management/lib/python3.10/site-packages:/home/wbb/ros2_ws/install/generation/lib/python3.10/site-packages:/home/wbb/ros2_ws/install/gait/lib/python3.10/site-packages:/home/wbb/ros2_ws/install/estimation/lib/python3.10/site-packages:/home/wbb/ros2_ws/install/control/lib/python3.10/site-packages:/home/wbb/ros2_ws/install/assets/lib/python3.10/site-packages:/opt/ros/humble/lib/python3.10/site-packages:/opt/ros/humble/local/lib/python3.10/dist-packages /usr/bin/python3 -W ignore:setup.py install is deprecated -W ignore:easy_install command is deprecated setup.py egg_info --egg-base ../../../build/estimation build --build-base /home/wbb/ros2_ws/build/estimation/build install --record /home/wbb/ros2_ws/build/estimation/install.log --single-version-externally-managed install_data
