<<<<<<<< HEAD:log/build_2025-02-21_09-52-30/visualization/streams.log
[0.437s] Invoking command in '/home/wbb/ros2_ws/build/visualization': CMAKE_PREFIX_PATH=${CMAKE_PREFIX_PATH}:/home/wbb/ros2_ws/install/third_party:/home/wbb/ros2_ws/install/sim:/home/wbb/ros2_ws/install/management:/home/wbb/ros2_ws/install/generation:/home/wbb/ros2_ws/install/gait:/home/wbb/ros2_ws/install/estimation:/home/wbb/ros2_ws/install/control:/home/wbb/ros2_ws/install/core:/home/wbb/ros2_ws/install/assets:/opt/ros/humble /usr/bin/cmake /home/wbb/ros2_ws/src/visualization -DCMAKE_INSTALL_PREFIX=/home/wbb/ros2_ws/install/visualization
[0.507s] -- The C compiler identification is GNU 11.4.0
[0.569s] -- The CXX compiler identification is GNU 11.4.0
[0.577s] -- Detecting C compiler ABI info
[0.643s] -- Detecting C compiler ABI info - done
[0.648s] -- Check for working C compiler: /usr/bin/cc - skipped
[0.648s] -- Detecting C compile features
[0.649s] -- Detecting C compile features - done
[0.651s] -- Detecting CXX compiler ABI info
[0.724s] -- Detecting CXX compiler ABI info - done
[0.732s] -- Check for working CXX compiler: /usr/bin/c++ - skipped
[0.732s] -- Detecting CXX compile features
[0.732s] -- Detecting CXX compile features - done
[0.734s] -- Found ament_cmake: 1.3.11 (/opt/ros/humble/share/ament_cmake/cmake)
[0.901s] -- Found Python3: /usr/bin/python3 (found version "3.10.12") found components: Interpreter 
[1.057s] -- Configuring done
[1.059s] -- Generating done
[1.061s] -- Build files have been written to: /home/wbb/ros2_ws/build/visualization
[1.775s] Invoked command in '/home/wbb/ros2_ws/build/visualization' returned '0': CMAKE_PREFIX_PATH=${CMAKE_PREFIX_PATH}:/home/wbb/ros2_ws/install/third_party:/home/wbb/ros2_ws/install/sim:/home/wbb/ros2_ws/install/management:/home/wbb/ros2_ws/install/generation:/home/wbb/ros2_ws/install/gait:/home/wbb/ros2_ws/install/estimation:/home/wbb/ros2_ws/install/control:/home/wbb/ros2_ws/install/core:/home/wbb/ros2_ws/install/assets:/opt/ros/humble /usr/bin/cmake /home/wbb/ros2_ws/src/visualization -DCMAKE_INSTALL_PREFIX=/home/wbb/ros2_ws/install/visualization
[1.776s] Invoking command in '/home/wbb/ros2_ws/build/visualization': CMAKE_PREFIX_PATH=${CMAKE_PREFIX_PATH}:/home/wbb/ros2_ws/install/third_party:/home/wbb/ros2_ws/install/sim:/home/wbb/ros2_ws/install/management:/home/wbb/ros2_ws/install/generation:/home/wbb/ros2_ws/install/gait:/home/wbb/ros2_ws/install/estimation:/home/wbb/ros2_ws/install/control:/home/wbb/ros2_ws/install/core:/home/wbb/ros2_ws/install/assets:/opt/ros/humble /usr/bin/cmake --build /home/wbb/ros2_ws/build/visualization -- -j16 -l16
[1.950s] Invoked command in '/home/wbb/ros2_ws/build/visualization' returned '0': CMAKE_PREFIX_PATH=${CMAKE_PREFIX_PATH}:/home/wbb/ros2_ws/install/third_party:/home/wbb/ros2_ws/install/sim:/home/wbb/ros2_ws/install/management:/home/wbb/ros2_ws/install/generation:/home/wbb/ros2_ws/install/gait:/home/wbb/ros2_ws/install/estimation:/home/wbb/ros2_ws/install/control:/home/wbb/ros2_ws/install/core:/home/wbb/ros2_ws/install/assets:/opt/ros/humble /usr/bin/cmake --build /home/wbb/ros2_ws/build/visualization -- -j16 -l16
[1.958s] Invoking command in '/home/wbb/ros2_ws/build/visualization': CMAKE_PREFIX_PATH=${CMAKE_PREFIX_PATH}:/home/wbb/ros2_ws/install/third_party:/home/wbb/ros2_ws/install/sim:/home/wbb/ros2_ws/install/management:/home/wbb/ros2_ws/install/generation:/home/wbb/ros2_ws/install/gait:/home/wbb/ros2_ws/install/estimation:/home/wbb/ros2_ws/install/control:/home/wbb/ros2_ws/install/core:/home/wbb/ros2_ws/install/assets:/opt/ros/humble /usr/bin/cmake --install /home/wbb/ros2_ws/build/visualization
[1.966s] -- Install configuration: ""
[1.966s] -- Installing: /home/wbb/ros2_ws/install/visualization/share/visualization/launch
[1.966s] -- Installing: /home/wbb/ros2_ws/install/visualization/share/visualization/launch/a1_vis_launch.py
[1.966s] -- Installing: /home/wbb/ros2_ws/install/visualization/share/visualization/launch/aliengo_vis_launch.py
[1.966s] -- Installing: /home/wbb/ros2_ws/install/visualization/share/visualization/config
[1.966s] -- Installing: /home/wbb/ros2_ws/install/visualization/share/visualization/config/config.rviz
[1.967s] -- Installing: /home/wbb/ros2_ws/install/visualization/share/visualization/config/atlas_config.rviz
[1.967s] -- Installing: /home/wbb/ros2_ws/install/visualization/share/visualization/config/spot_config.rviz
[1.967s] -- Installing: /home/wbb/ros2_ws/install/visualization/share/ament_index/resource_index/package_run_dependencies/visualization
[1.967s] -- Installing: /home/wbb/ros2_ws/install/visualization/share/ament_index/resource_index/parent_prefix_path/visualization
[1.968s] -- Installing: /home/wbb/ros2_ws/install/visualization/share/visualization/environment/ament_prefix_path.sh
[1.968s] -- Installing: /home/wbb/ros2_ws/install/visualization/share/visualization/environment/ament_prefix_path.dsv
[1.968s] -- Installing: /home/wbb/ros2_ws/install/visualization/share/visualization/environment/path.sh
[1.968s] -- Installing: /home/wbb/ros2_ws/install/visualization/share/visualization/environment/path.dsv
[1.968s] -- Installing: /home/wbb/ros2_ws/install/visualization/share/visualization/local_setup.bash
[1.968s] -- Installing: /home/wbb/ros2_ws/install/visualization/share/visualization/local_setup.sh
[1.969s] -- Installing: /home/wbb/ros2_ws/install/visualization/share/visualization/local_setup.zsh
[1.969s] -- Installing: /home/wbb/ros2_ws/install/visualization/share/visualization/local_setup.dsv
[1.969s] -- Installing: /home/wbb/ros2_ws/install/visualization/share/visualization/package.dsv
[1.969s] -- Installing: /home/wbb/ros2_ws/install/visualization/share/ament_index/resource_index/packages/visualization
[1.969s] -- Installing: /home/wbb/ros2_ws/install/visualization/share/visualization/cmake/visualizationConfig.cmake
[1.969s] -- Installing: /home/wbb/ros2_ws/install/visualization/share/visualization/cmake/visualizationConfig-version.cmake
[1.969s] -- Installing: /home/wbb/ros2_ws/install/visualization/share/visualization/package.xml
[1.970s] Invoked command in '/home/wbb/ros2_ws/build/visualization' returned '0': CMAKE_PREFIX_PATH=${CMAKE_PREFIX_PATH}:/home/wbb/ros2_ws/install/third_party:/home/wbb/ros2_ws/install/sim:/home/wbb/ros2_ws/install/management:/home/wbb/ros2_ws/install/generation:/home/wbb/ros2_ws/install/gait:/home/wbb/ros2_ws/install/estimation:/home/wbb/ros2_ws/install/control:/home/wbb/ros2_ws/install/core:/home/wbb/ros2_ws/install/assets:/opt/ros/humble /usr/bin/cmake --install /home/wbb/ros2_ws/build/visualization
========
[0.302s] Invoking command in '/home/wbb/ros2_ws/build/visualization': CMAKE_PREFIX_PATH=${CMAKE_PREFIX_PATH}:/home/wbb/ros2_ws/install/third_party:/home/wbb/ros2_ws/install/sim:/home/wbb/ros2_ws/install/management:/home/wbb/ros2_ws/install/generation:/home/wbb/ros2_ws/install/gait:/home/wbb/ros2_ws/install/estimation:/home/wbb/ros2_ws/install/control:/home/wbb/ros2_ws/install/core:/home/wbb/ros2_ws/install/assets:/opt/ros/humble /usr/bin/cmake /home/wbb/ros2_ws/src/visualization -DCMAKE_INSTALL_PREFIX=/home/wbb/ros2_ws/install/visualization
[0.342s] -- The C compiler identification is GNU 11.4.0
[0.374s] -- The CXX compiler identification is GNU 11.4.0
[0.378s] -- Detecting C compiler ABI info
[0.420s] -- Detecting C compiler ABI info - done
[0.420s] -- Check for working C compiler: /usr/bin/cc - skipped
[0.421s] -- Detecting C compile features
[0.424s] -- Detecting C compile features - done
[0.424s] -- Detecting CXX compiler ABI info
[0.478s] -- Detecting CXX compiler ABI info - done
[0.481s] -- Check for working CXX compiler: /usr/bin/c++ - skipped
[0.481s] -- Detecting CXX compile features
[0.481s] -- Detecting CXX compile features - done
[0.482s] -- Found ament_cmake: 1.3.11 (/opt/ros/humble/share/ament_cmake/cmake)
[0.562s] -- Found Python3: /usr/bin/python3 (found version "3.10.12") found components: Interpreter 
[0.634s] -- Configuring done
[0.636s] -- Generating done
[0.636s] -- Build files have been written to: /home/wbb/ros2_ws/build/visualization
[1.127s] Invoked command in '/home/wbb/ros2_ws/build/visualization' returned '0': CMAKE_PREFIX_PATH=${CMAKE_PREFIX_PATH}:/home/wbb/ros2_ws/install/third_party:/home/wbb/ros2_ws/install/sim:/home/wbb/ros2_ws/install/management:/home/wbb/ros2_ws/install/generation:/home/wbb/ros2_ws/install/gait:/home/wbb/ros2_ws/install/estimation:/home/wbb/ros2_ws/install/control:/home/wbb/ros2_ws/install/core:/home/wbb/ros2_ws/install/assets:/opt/ros/humble /usr/bin/cmake /home/wbb/ros2_ws/src/visualization -DCMAKE_INSTALL_PREFIX=/home/wbb/ros2_ws/install/visualization
[1.127s] Invoking command in '/home/wbb/ros2_ws/build/visualization': CMAKE_PREFIX_PATH=${CMAKE_PREFIX_PATH}:/home/wbb/ros2_ws/install/third_party:/home/wbb/ros2_ws/install/sim:/home/wbb/ros2_ws/install/management:/home/wbb/ros2_ws/install/generation:/home/wbb/ros2_ws/install/gait:/home/wbb/ros2_ws/install/estimation:/home/wbb/ros2_ws/install/control:/home/wbb/ros2_ws/install/core:/home/wbb/ros2_ws/install/assets:/opt/ros/humble /usr/bin/cmake --build /home/wbb/ros2_ws/build/visualization -- -j20 -l20
[1.242s] Invoked command in '/home/wbb/ros2_ws/build/visualization' returned '0': CMAKE_PREFIX_PATH=${CMAKE_PREFIX_PATH}:/home/wbb/ros2_ws/install/third_party:/home/wbb/ros2_ws/install/sim:/home/wbb/ros2_ws/install/management:/home/wbb/ros2_ws/install/generation:/home/wbb/ros2_ws/install/gait:/home/wbb/ros2_ws/install/estimation:/home/wbb/ros2_ws/install/control:/home/wbb/ros2_ws/install/core:/home/wbb/ros2_ws/install/assets:/opt/ros/humble /usr/bin/cmake --build /home/wbb/ros2_ws/build/visualization -- -j20 -l20
[1.249s] Invoking command in '/home/wbb/ros2_ws/build/visualization': CMAKE_PREFIX_PATH=${CMAKE_PREFIX_PATH}:/home/wbb/ros2_ws/install/third_party:/home/wbb/ros2_ws/install/sim:/home/wbb/ros2_ws/install/management:/home/wbb/ros2_ws/install/generation:/home/wbb/ros2_ws/install/gait:/home/wbb/ros2_ws/install/estimation:/home/wbb/ros2_ws/install/control:/home/wbb/ros2_ws/install/core:/home/wbb/ros2_ws/install/assets:/opt/ros/humble /usr/bin/cmake --install /home/wbb/ros2_ws/build/visualization
[1.256s] -- Install configuration: ""
[1.257s] -- Installing: /home/wbb/ros2_ws/install/visualization/share/visualization/launch
[1.257s] -- Installing: /home/wbb/ros2_ws/install/visualization/share/visualization/launch/aliengo_vis_launch.py
[1.257s] -- Installing: /home/wbb/ros2_ws/install/visualization/share/visualization/launch/a1_vis_launch.py
[1.257s] -- Installing: /home/wbb/ros2_ws/install/visualization/share/visualization/config
[1.257s] -- Installing: /home/wbb/ros2_ws/install/visualization/share/visualization/config/spot_config.rviz
[1.258s] -- Installing: /home/wbb/ros2_ws/install/visualization/share/visualization/config/atlas_config.rviz
[1.258s] -- Installing: /home/wbb/ros2_ws/install/visualization/share/visualization/config/config.rviz
[1.258s] -- Installing: /home/wbb/ros2_ws/install/visualization/share/ament_index/resource_index/package_run_dependencies/visualization
[1.258s] -- Installing: /home/wbb/ros2_ws/install/visualization/share/ament_index/resource_index/parent_prefix_path/visualization
[1.258s] -- Installing: /home/wbb/ros2_ws/install/visualization/share/visualization/environment/ament_prefix_path.sh
[1.258s] -- Installing: /home/wbb/ros2_ws/install/visualization/share/visualization/environment/ament_prefix_path.dsv
[1.259s] -- Installing: /home/wbb/ros2_ws/install/visualization/share/visualization/environment/path.sh
[1.259s] -- Installing: /home/wbb/ros2_ws/install/visualization/share/visualization/environment/path.dsv
[1.259s] -- Installing: /home/wbb/ros2_ws/install/visualization/share/visualization/local_setup.bash
[1.260s] -- Installing: /home/wbb/ros2_ws/install/visualization/share/visualization/local_setup.sh
[1.260s] -- Installing: /home/wbb/ros2_ws/install/visualization/share/visualization/local_setup.zsh
[1.260s] -- Installing: /home/wbb/ros2_ws/install/visualization/share/visualization/local_setup.dsv
[1.260s] -- Installing: /home/wbb/ros2_ws/install/visualization/share/visualization/package.dsv
[1.260s] -- Installing: /home/wbb/ros2_ws/install/visualization/share/ament_index/resource_index/packages/visualization
[1.260s] -- Installing: /home/wbb/ros2_ws/install/visualization/share/visualization/cmake/visualizationConfig.cmake
[1.260s] -- Installing: /home/wbb/ros2_ws/install/visualization/share/visualization/cmake/visualizationConfig-version.cmake
[1.260s] -- Installing: /home/wbb/ros2_ws/install/visualization/share/visualization/package.xml
[1.261s] Invoked command in '/home/wbb/ros2_ws/build/visualization' returned '0': CMAKE_PREFIX_PATH=${CMAKE_PREFIX_PATH}:/home/wbb/ros2_ws/install/third_party:/home/wbb/ros2_ws/install/sim:/home/wbb/ros2_ws/install/management:/home/wbb/ros2_ws/install/generation:/home/wbb/ros2_ws/install/gait:/home/wbb/ros2_ws/install/estimation:/home/wbb/ros2_ws/install/control:/home/wbb/ros2_ws/install/core:/home/wbb/ros2_ws/install/assets:/opt/ros/humble /usr/bin/cmake --install /home/wbb/ros2_ws/build/visualization
>>>>>>>> c5afa6f65fc98bc522d7c9b9963790e74e7f25a1:log/build_2025-02-19_19-42-52/visualization/streams.log
