[1.021s] Invoking command in '/home/wbb/ros2_ws/src/motion/generation': AMENT_PREFIX_PATH=/home/wbb/ros2_ws/install/core:/home/wbb/ros2_ws/install/visualization:/home/wbb/ros2_ws/install/trans:/home/wbb/ros2_ws/install/third_party:/home/wbb/ros2_ws/install/sim:/home/wbb/ros2_ws/install/management:/home/wbb/ros2_ws/install/generation:/home/wbb/ros2_ws/install/gait:/home/wbb/ros2_ws/install/estimation:/home/wbb/ros2_ws/install/control:/home/wbb/ros2_ws/install/assets:/opt/ros/humble PYTHONPATH=/home/wbb/ros2_ws/build/generation/prefix_override:/usr/lib/python3/dist-packages/colcon_core/task/python/colcon_distutils_commands:/home/wbb/ros2_ws/install/generation/lib/python3.10/site-packages:/home/wbb/ros2_ws/install/core/lib/python3.10/site-packages:/home/wbb/ros2_ws/install/trans/local/lib/python3.10/dist-packages:/home/wbb/ros2_ws/install/third_party/lib/python3.10/site-packages:/home/wbb/ros2_ws/install/sim/lib/python3.10/site-packages:/home/wbb/ros2_ws/install/management/lib/python3.10/site-packages:/home/wbb/ros2_ws/install/generation/lib/python3.10/site-packages:/home/wbb/ros2_ws/install/gait/lib/python3.10/site-packages:/home/wbb/ros2_ws/install/estimation/lib/python3.10/site-packages:/home/wbb/ros2_ws/install/control/lib/python3.10/site-packages:/home/wbb/ros2_ws/install/assets/lib/python3.10/site-packages:/opt/ros/humble/lib/python3.10/site-packages:/opt/ros/humble/local/lib/python3.10/dist-packages /usr/bin/python3 -W ignore:setup.py install is deprecated -W ignore:easy_install command is deprecated setup.py egg_info --egg-base ../../../build/generation build --build-base /home/wbb/ros2_ws/build/generation/build install --record /home/wbb/ros2_ws/build/generation/install.log --single-version-externally-managed install_data
[1.163s] running egg_info
[1.163s] writing ../../../build/generation/generation.egg-info/PKG-INFO
[1.164s] writing dependency_links to ../../../build/generation/generation.egg-info/dependency_links.txt
[1.164s] writing entry points to ../../../build/generation/generation.egg-info/entry_points.txt
[1.164s] writing requirements to ../../../build/generation/generation.egg-info/requires.txt
[1.164s] writing top-level names to ../../../build/generation/generation.egg-info/top_level.txt
[1.167s] reading manifest file '../../../build/generation/generation.egg-info/SOURCES.txt'
[1.167s] writing manifest file '../../../build/generation/generation.egg-info/SOURCES.txt'
[1.167s] running build
[1.167s] running build_py
[1.168s] running install
[1.168s] running install_lib
[1.169s] running install_data
[1.169s] running install_egg_info
[1.171s] removing '/home/wbb/ros2_ws/install/generation/lib/python3.10/site-packages/generation-0.0.0-py3.10.egg-info' (and everything under it)
[1.171s] Copying ../../../build/generation/generation.egg-info to /home/wbb/ros2_ws/install/generation/lib/python3.10/site-packages/generation-0.0.0-py3.10.egg-info
[1.171s] running install_scripts
[1.186s] writing list of installed files to '/home/wbb/ros2_ws/build/generation/install.log'
[1.204s] Invoked command in '/home/wbb/ros2_ws/src/motion/generation' returned '0': AMENT_PREFIX_PATH=/home/wbb/ros2_ws/install/core:/home/wbb/ros2_ws/install/visualization:/home/wbb/ros2_ws/install/trans:/home/wbb/ros2_ws/install/third_party:/home/wbb/ros2_ws/install/sim:/home/wbb/ros2_ws/install/management:/home/wbb/ros2_ws/install/generation:/home/wbb/ros2_ws/install/gait:/home/wbb/ros2_ws/install/estimation:/home/wbb/ros2_ws/install/control:/home/wbb/ros2_ws/install/assets:/opt/ros/humble PYTHONPATH=/home/wbb/ros2_ws/build/generation/prefix_override:/usr/lib/python3/dist-packages/colcon_core/task/python/colcon_distutils_commands:/home/wbb/ros2_ws/install/generation/lib/python3.10/site-packages:/home/wbb/ros2_ws/install/core/lib/python3.10/site-packages:/home/wbb/ros2_ws/install/trans/local/lib/python3.10/dist-packages:/home/wbb/ros2_ws/install/third_party/lib/python3.10/site-packages:/home/wbb/ros2_ws/install/sim/lib/python3.10/site-packages:/home/wbb/ros2_ws/install/management/lib/python3.10/site-packages:/home/wbb/ros2_ws/install/generation/lib/python3.10/site-packages:/home/wbb/ros2_ws/install/gait/lib/python3.10/site-packages:/home/wbb/ros2_ws/install/estimation/lib/python3.10/site-packages:/home/wbb/ros2_ws/install/control/lib/python3.10/site-packages:/home/wbb/ros2_ws/install/assets/lib/python3.10/site-packages:/opt/ros/humble/lib/python3.10/site-packages:/opt/ros/humble/local/lib/python3.10/dist-packages /usr/bin/python3 -W ignore:setup.py install is deprecated -W ignore:easy_install command is deprecated setup.py egg_info --egg-base ../../../build/generation build --build-base /home/wbb/ros2_ws/build/generation/build install --record /home/wbb/ros2_ws/build/generation/install.log --single-version-externally-managed install_data
