[0.564s] Invoking command in '/home/wbb/ros2_ws/build/trans': CMAKE_PREFIX_PATH=${CMAKE_PREFIX_PATH}:/home/wbb/ros2_ws/install/third_party:/home/wbb/ros2_ws/install/sim:/home/wbb/ros2_ws/install/management:/home/wbb/ros2_ws/install/generation:/home/wbb/ros2_ws/install/gait:/home/wbb/ros2_ws/install/estimation:/home/wbb/ros2_ws/install/control:/home/wbb/ros2_ws/install/core:/home/wbb/ros2_ws/install/assets:/opt/ros/humble /usr/bin/cmake --build /home/wbb/ros2_ws/build/trans -- -j16 -l16
[0.617s] [  3%] Built target trans__cpp
[0.617s] [ 12%] Built target trans__rosidl_generator_c
[0.631s] [ 12%] Built target ament_cmake_python_copy_trans
[0.638s] [ 23%] Built target trans__rosidl_typesupport_cpp
[0.642s] [ 34%] Built target trans__rosidl_typesupport_fastrtps_cpp
[0.653s] [ 45%] Built target trans__rosidl_typesupport_c
[0.653s] [ 56%] Built target trans__rosidl_typesupport_introspection_c
[0.654s] [ 67%] Built target trans__rosidl_typesupport_fastrtps_c
[0.654s] [ 78%] Built target trans__rosidl_typesupport_introspection_cpp
[0.677s] [ 78%] Built target trans
[0.695s] [ 80%] Built target trans__py
[0.716s] [ 89%] Built target trans__rosidl_generator_py
[0.735s] [ 92%] Built target trans__rosidl_typesupport_fastrtps_c__pyext
[0.735s] [ 96%] Built target trans__rosidl_typesupport_introspection_c__pyext
[0.736s] [100%] Built target trans__rosidl_typesupport_c__pyext
[0.924s] running egg_info
[0.925s] writing trans.egg-info/PKG-INFO
[0.925s] writing dependency_links to trans.egg-info/dependency_links.txt
[0.925s] writing top-level names to trans.egg-info/top_level.txt
[0.930s] reading manifest file 'trans.egg-info/SOURCES.txt'
[0.931s] writing manifest file 'trans.egg-info/SOURCES.txt'
[0.964s] [100%] Built target ament_cmake_python_build_trans_egg
[0.977s] Invoked command in '/home/wbb/ros2_ws/build/trans' returned '0': CMAKE_PREFIX_PATH=${CMAKE_PREFIX_PATH}:/home/wbb/ros2_ws/install/third_party:/home/wbb/ros2_ws/install/sim:/home/wbb/ros2_ws/install/management:/home/wbb/ros2_ws/install/generation:/home/wbb/ros2_ws/install/gait:/home/wbb/ros2_ws/install/estimation:/home/wbb/ros2_ws/install/control:/home/wbb/ros2_ws/install/core:/home/wbb/ros2_ws/install/assets:/opt/ros/humble /usr/bin/cmake --build /home/wbb/ros2_ws/build/trans -- -j16 -l16
[0.978s] Invoking command in '/home/wbb/ros2_ws/build/trans': CMAKE_PREFIX_PATH=${CMAKE_PREFIX_PATH}:/home/wbb/ros2_ws/install/third_party:/home/wbb/ros2_ws/install/sim:/home/wbb/ros2_ws/install/management:/home/wbb/ros2_ws/install/generation:/home/wbb/ros2_ws/install/gait:/home/wbb/ros2_ws/install/estimation:/home/wbb/ros2_ws/install/control:/home/wbb/ros2_ws/install/core:/home/wbb/ros2_ws/install/assets:/opt/ros/humble /usr/bin/cmake --install /home/wbb/ros2_ws/build/trans
[0.984s] -- Install configuration: ""
[0.984s] -- Up-to-date: /home/wbb/ros2_ws/install/trans/share/ament_index/resource_index/rosidl_interfaces/trans
[0.984s] -- Up-to-date: /home/wbb/ros2_ws/install/trans/include/trans/trans
[0.984s] -- Up-to-date: /home/wbb/ros2_ws/install/trans/include/trans/trans/msg
[0.984s] -- Up-to-date: /home/wbb/ros2_ws/install/trans/include/trans/trans/msg/detail
[0.984s] -- Up-to-date: /home/wbb/ros2_ws/install/trans/include/trans/trans/msg/detail/touch_sensor__functions.c
[0.984s] -- Up-to-date: /home/wbb/ros2_ws/install/trans/include/trans/trans/msg/detail/touch_sensor__functions.h
[0.984s] -- Up-to-date: /home/wbb/ros2_ws/install/trans/include/trans/trans/msg/detail/actuator_cmds__struct.h
[0.984s] -- Up-to-date: /home/wbb/ros2_ws/install/trans/include/trans/trans/msg/detail/actuator_cmds__functions.h
[0.984s] -- Up-to-date: /home/wbb/ros2_ws/install/trans/include/trans/trans/msg/detail/actuator_cmds__type_support.h
[0.984s] -- Up-to-date: /home/wbb/ros2_ws/install/trans/include/trans/trans/msg/detail/touch_sensor__type_support.h
[0.984s] -- Up-to-date: /home/wbb/ros2_ws/install/trans/include/trans/trans/msg/detail/actuator_cmds__functions.c
[0.984s] -- Up-to-date: /home/wbb/ros2_ws/install/trans/include/trans/trans/msg/detail/touch_sensor__struct.h
[0.985s] -- Up-to-date: /home/wbb/ros2_ws/install/trans/include/trans/trans/msg/actuator_cmds.h
[0.985s] -- Up-to-date: /home/wbb/ros2_ws/install/trans/include/trans/trans/msg/rosidl_generator_c__visibility_control.h
[0.985s] -- Up-to-date: /home/wbb/ros2_ws/install/trans/include/trans/trans/msg/touch_sensor.h
[0.985s] -- Up-to-date: /home/wbb/ros2_ws/install/trans/include/trans/trans/srv
[0.985s] -- Up-to-date: /home/wbb/ros2_ws/install/trans/include/trans/trans/srv/detail
[0.985s] -- Up-to-date: /home/wbb/ros2_ws/install/trans/include/trans/trans/srv/detail/simulation_reset__type_support.h
[0.985s] -- Up-to-date: /home/wbb/ros2_ws/install/trans/include/trans/trans/srv/detail/simulation_reset__functions.h
[0.985s] -- Up-to-date: /home/wbb/ros2_ws/install/trans/include/trans/trans/srv/detail/gait_switch__type_support.h
[0.985s] -- Up-to-date: /home/wbb/ros2_ws/install/trans/include/trans/trans/srv/detail/gait_switch__functions.c
[0.985s] -- Up-to-date: /home/wbb/ros2_ws/install/trans/include/trans/trans/srv/detail/gait_switch__functions.h
[0.985s] -- Up-to-date: /home/wbb/ros2_ws/install/trans/include/trans/trans/srv/detail/simulation_reset__functions.c
[0.985s] -- Up-to-date: /home/wbb/ros2_ws/install/trans/include/trans/trans/srv/detail/simulation_reset__struct.h
[0.985s] -- Up-to-date: /home/wbb/ros2_ws/install/trans/include/trans/trans/srv/detail/gait_switch__struct.h
[0.985s] -- Up-to-date: /home/wbb/ros2_ws/install/trans/include/trans/trans/srv/simulation_reset.h
[0.985s] -- Up-to-date: /home/wbb/ros2_ws/install/trans/include/trans/trans/srv/gait_switch.h
[0.985s] -- Up-to-date: /home/wbb/ros2_ws/install/trans/share/trans/environment/library_path.sh
[0.986s] -- Up-to-date: /home/wbb/ros2_ws/install/trans/share/trans/environment/library_path.dsv
[0.986s] -- Up-to-date: /home/wbb/ros2_ws/install/trans/lib/libtrans__rosidl_generator_c.so
[0.986s] -- Up-to-date: /home/wbb/ros2_ws/install/trans/include/trans/trans
[0.986s] -- Up-to-date: /home/wbb/ros2_ws/install/trans/include/trans/trans/msg
[0.986s] -- Up-to-date: /home/wbb/ros2_ws/install/trans/include/trans/trans/msg/detail
[0.986s] -- Up-to-date: /home/wbb/ros2_ws/install/trans/include/trans/trans/msg/detail/actuator_cmds__rosidl_typesupport_fastrtps_c.h
[0.986s] -- Up-to-date: /home/wbb/ros2_ws/install/trans/include/trans/trans/msg/detail/touch_sensor__rosidl_typesupport_fastrtps_c.h
[0.986s] -- Up-to-date: /home/wbb/ros2_ws/install/trans/include/trans/trans/msg/rosidl_typesupport_fastrtps_c__visibility_control.h
[0.986s] -- Up-to-date: /home/wbb/ros2_ws/install/trans/include/trans/trans/srv
[0.986s] -- Up-to-date: /home/wbb/ros2_ws/install/trans/include/trans/trans/srv/detail
[0.986s] -- Up-to-date: /home/wbb/ros2_ws/install/trans/include/trans/trans/srv/detail/gait_switch__rosidl_typesupport_fastrtps_c.h
[0.987s] -- Up-to-date: /home/wbb/ros2_ws/install/trans/include/trans/trans/srv/detail/simulation_reset__rosidl_typesupport_fastrtps_c.h
[0.987s] -- Up-to-date: /home/wbb/ros2_ws/install/trans/lib/libtrans__rosidl_typesupport_fastrtps_c.so
[0.987s] -- Up-to-date: /home/wbb/ros2_ws/install/trans/include/trans/trans
[0.987s] -- Up-to-date: /home/wbb/ros2_ws/install/trans/include/trans/trans/msg
[0.987s] -- Up-to-date: /home/wbb/ros2_ws/install/trans/include/trans/trans/msg/detail
[0.987s] -- Up-to-date: /home/wbb/ros2_ws/install/trans/include/trans/trans/msg/detail/touch_sensor__type_support.hpp
[0.987s] -- Up-to-date: /home/wbb/ros2_ws/install/trans/include/trans/trans/msg/detail/actuator_cmds__struct.hpp
[0.987s] -- Up-to-date: /home/wbb/ros2_ws/install/trans/include/trans/trans/msg/detail/actuator_cmds__traits.hpp
[0.987s] -- Up-to-date: /home/wbb/ros2_ws/install/trans/include/trans/trans/msg/detail/touch_sensor__builder.hpp
[0.987s] -- Up-to-date: /home/wbb/ros2_ws/install/trans/include/trans/trans/msg/detail/touch_sensor__struct.hpp
[0.987s] -- Up-to-date: /home/wbb/ros2_ws/install/trans/include/trans/trans/msg/detail/actuator_cmds__builder.hpp
[0.987s] -- Up-to-date: /home/wbb/ros2_ws/install/trans/include/trans/trans/msg/detail/touch_sensor__traits.hpp
[0.987s] -- Up-to-date: /home/wbb/ros2_ws/install/trans/include/trans/trans/msg/detail/actuator_cmds__type_support.hpp
[0.987s] -- Up-to-date: /home/wbb/ros2_ws/install/trans/include/trans/trans/msg/touch_sensor.hpp
[0.987s] -- Up-to-date: /home/wbb/ros2_ws/install/trans/include/trans/trans/msg/actuator_cmds.hpp
[0.987s] -- Up-to-date: /home/wbb/ros2_ws/install/trans/include/trans/trans/msg/rosidl_generator_cpp__visibility_control.hpp
[0.987s] -- Up-to-date: /home/wbb/ros2_ws/install/trans/include/trans/trans/srv
[0.988s] -- Up-to-date: /home/wbb/ros2_ws/install/trans/include/trans/trans/srv/detail
[0.988s] -- Up-to-date: /home/wbb/ros2_ws/install/trans/include/trans/trans/srv/detail/gait_switch__builder.hpp
[0.988s] -- Up-to-date: /home/wbb/ros2_ws/install/trans/include/trans/trans/srv/detail/gait_switch__type_support.hpp
[0.988s] -- Up-to-date: /home/wbb/ros2_ws/install/trans/include/trans/trans/srv/detail/gait_switch__struct.hpp
[0.988s] -- Up-to-date: /home/wbb/ros2_ws/install/trans/include/trans/trans/srv/detail/gait_switch__traits.hpp
[0.988s] -- Up-to-date: /home/wbb/ros2_ws/install/trans/include/trans/trans/srv/detail/simulation_reset__type_support.hpp
[0.988s] -- Up-to-date: /home/wbb/ros2_ws/install/trans/include/trans/trans/srv/detail/simulation_reset__struct.hpp
[0.988s] -- Up-to-date: /home/wbb/ros2_ws/install/trans/include/trans/trans/srv/detail/simulation_reset__traits.hpp
[0.988s] -- Up-to-date: /home/wbb/ros2_ws/install/trans/include/trans/trans/srv/detail/simulation_reset__builder.hpp
[0.988s] -- Up-to-date: /home/wbb/ros2_ws/install/trans/include/trans/trans/srv/simulation_reset.hpp
[0.988s] -- Up-to-date: /home/wbb/ros2_ws/install/trans/include/trans/trans/srv/gait_switch.hpp
[0.988s] -- Up-to-date: /home/wbb/ros2_ws/install/trans/include/trans/trans
[0.988s] -- Up-to-date: /home/wbb/ros2_ws/install/trans/include/trans/trans/msg
[0.988s] -- Up-to-date: /home/wbb/ros2_ws/install/trans/include/trans/trans/msg/detail
[0.989s] -- Up-to-date: /home/wbb/ros2_ws/install/trans/include/trans/trans/msg/detail/dds_fastrtps
[0.989s] -- Up-to-date: /home/wbb/ros2_ws/install/trans/include/trans/trans/msg/detail/actuator_cmds__rosidl_typesupport_fastrtps_cpp.hpp
[0.989s] -- Up-to-date: /home/wbb/ros2_ws/install/trans/include/trans/trans/msg/detail/touch_sensor__rosidl_typesupport_fastrtps_cpp.hpp
[0.989s] -- Up-to-date: /home/wbb/ros2_ws/install/trans/include/trans/trans/msg/rosidl_typesupport_fastrtps_cpp__visibility_control.h
[0.989s] -- Up-to-date: /home/wbb/ros2_ws/install/trans/include/trans/trans/srv
[0.989s] -- Up-to-date: /home/wbb/ros2_ws/install/trans/include/trans/trans/srv/detail
[0.989s] -- Up-to-date: /home/wbb/ros2_ws/install/trans/include/trans/trans/srv/detail/dds_fastrtps
[0.989s] -- Up-to-date: /home/wbb/ros2_ws/install/trans/include/trans/trans/srv/detail/gait_switch__rosidl_typesupport_fastrtps_cpp.hpp
[0.989s] -- Up-to-date: /home/wbb/ros2_ws/install/trans/include/trans/trans/srv/detail/simulation_reset__rosidl_typesupport_fastrtps_cpp.hpp
[0.989s] -- Up-to-date: /home/wbb/ros2_ws/install/trans/lib/libtrans__rosidl_typesupport_fastrtps_cpp.so
[0.989s] -- Up-to-date: /home/wbb/ros2_ws/install/trans/include/trans/trans
[0.989s] -- Up-to-date: /home/wbb/ros2_ws/install/trans/include/trans/trans/msg
[0.989s] -- Up-to-date: /home/wbb/ros2_ws/install/trans/include/trans/trans/msg/detail
[0.989s] -- Up-to-date: /home/wbb/ros2_ws/install/trans/include/trans/trans/msg/detail/actuator_cmds__type_support.c
[0.990s] -- Up-to-date: /home/wbb/ros2_ws/install/trans/include/trans/trans/msg/detail/touch_sensor__type_support.c
[0.990s] -- Up-to-date: /home/wbb/ros2_ws/install/trans/include/trans/trans/msg/detail/touch_sensor__rosidl_typesupport_introspection_c.h
[0.990s] -- Up-to-date: /home/wbb/ros2_ws/install/trans/include/trans/trans/msg/detail/actuator_cmds__rosidl_typesupport_introspection_c.h
[0.990s] -- Up-to-date: /home/wbb/ros2_ws/install/trans/include/trans/trans/msg/rosidl_typesupport_introspection_c__visibility_control.h
[0.990s] -- Up-to-date: /home/wbb/ros2_ws/install/trans/include/trans/trans/srv
[0.990s] -- Up-to-date: /home/wbb/ros2_ws/install/trans/include/trans/trans/srv/detail
[0.990s] -- Up-to-date: /home/wbb/ros2_ws/install/trans/include/trans/trans/srv/detail/simulation_reset__rosidl_typesupport_introspection_c.h
[0.990s] -- Up-to-date: /home/wbb/ros2_ws/install/trans/include/trans/trans/srv/detail/gait_switch__rosidl_typesupport_introspection_c.h
[0.990s] -- Up-to-date: /home/wbb/ros2_ws/install/trans/include/trans/trans/srv/detail/gait_switch__type_support.c
[0.990s] -- Up-to-date: /home/wbb/ros2_ws/install/trans/include/trans/trans/srv/detail/simulation_reset__type_support.c
[0.990s] -- Up-to-date: /home/wbb/ros2_ws/install/trans/lib/libtrans__rosidl_typesupport_introspection_c.so
[0.990s] -- Up-to-date: /home/wbb/ros2_ws/install/trans/lib/libtrans__rosidl_typesupport_c.so
[0.990s] -- Up-to-date: /home/wbb/ros2_ws/install/trans/include/trans/trans
[0.990s] -- Up-to-date: /home/wbb/ros2_ws/install/trans/include/trans/trans/msg
[0.991s] -- Up-to-date: /home/wbb/ros2_ws/install/trans/include/trans/trans/msg/detail
[0.991s] -- Up-to-date: /home/wbb/ros2_ws/install/trans/include/trans/trans/msg/detail/touch_sensor__rosidl_typesupport_introspection_cpp.hpp
[0.991s] -- Up-to-date: /home/wbb/ros2_ws/install/trans/include/trans/trans/msg/detail/actuator_cmds__rosidl_typesupport_introspection_cpp.hpp
[0.991s] -- Up-to-date: /home/wbb/ros2_ws/install/trans/include/trans/trans/msg/detail/actuator_cmds__type_support.cpp
[0.991s] -- Up-to-date: /home/wbb/ros2_ws/install/trans/include/trans/trans/msg/detail/touch_sensor__type_support.cpp
[0.991s] -- Up-to-date: /home/wbb/ros2_ws/install/trans/include/trans/trans/srv
[0.991s] -- Up-to-date: /home/wbb/ros2_ws/install/trans/include/trans/trans/srv/detail
[0.991s] -- Up-to-date: /home/wbb/ros2_ws/install/trans/include/trans/trans/srv/detail/simulation_reset__type_support.cpp
[0.991s] -- Up-to-date: /home/wbb/ros2_ws/install/trans/include/trans/trans/srv/detail/simulation_reset__rosidl_typesupport_introspection_cpp.hpp
[0.991s] -- Up-to-date: /home/wbb/ros2_ws/install/trans/include/trans/trans/srv/detail/gait_switch__rosidl_typesupport_introspection_cpp.hpp
[0.991s] -- Up-to-date: /home/wbb/ros2_ws/install/trans/include/trans/trans/srv/detail/gait_switch__type_support.cpp
[0.991s] -- Up-to-date: /home/wbb/ros2_ws/install/trans/lib/libtrans__rosidl_typesupport_introspection_cpp.so
[0.992s] -- Up-to-date: /home/wbb/ros2_ws/install/trans/lib/libtrans__rosidl_typesupport_cpp.so
[0.992s] -- Up-to-date: /home/wbb/ros2_ws/install/trans/share/trans/environment/pythonpath.sh
[0.992s] -- Up-to-date: /home/wbb/ros2_ws/install/trans/share/trans/environment/pythonpath.dsv
[0.992s] -- Up-to-date: /home/wbb/ros2_ws/install/trans/local/lib/python3.10/dist-packages/trans-0.0.0-py3.10.egg-info
[0.992s] -- Installing: /home/wbb/ros2_ws/install/trans/local/lib/python3.10/dist-packages/trans-0.0.0-py3.10.egg-info/PKG-INFO
[0.992s] -- Installing: /home/wbb/ros2_ws/install/trans/local/lib/python3.10/dist-packages/trans-0.0.0-py3.10.egg-info/dependency_links.txt
[0.992s] -- Installing: /home/wbb/ros2_ws/install/trans/local/lib/python3.10/dist-packages/trans-0.0.0-py3.10.egg-info/top_level.txt
[0.992s] -- Installing: /home/wbb/ros2_ws/install/trans/local/lib/python3.10/dist-packages/trans-0.0.0-py3.10.egg-info/SOURCES.txt
[0.992s] -- Up-to-date: /home/wbb/ros2_ws/install/trans/local/lib/python3.10/dist-packages/trans
[0.992s] -- Up-to-date: /home/wbb/ros2_ws/install/trans/local/lib/python3.10/dist-packages/trans/_trans_s.ep.rosidl_typesupport_introspection_c.c
[0.992s] -- Up-to-date: /home/wbb/ros2_ws/install/trans/local/lib/python3.10/dist-packages/trans/libtrans__rosidl_generator_py.so
[0.992s] -- Up-to-date: /home/wbb/ros2_ws/install/trans/local/lib/python3.10/dist-packages/trans/trans_s__rosidl_typesupport_introspection_c.cpython-310-x86_64-linux-gnu.so
[0.992s] -- Up-to-date: /home/wbb/ros2_ws/install/trans/local/lib/python3.10/dist-packages/trans/trans_s__rosidl_typesupport_c.cpython-310-x86_64-linux-gnu.so
[0.992s] -- Up-to-date: /home/wbb/ros2_ws/install/trans/local/lib/python3.10/dist-packages/trans/_trans_s.ep.rosidl_typesupport_c.c
[0.992s] -- Up-to-date: /home/wbb/ros2_ws/install/trans/local/lib/python3.10/dist-packages/trans/trans_s__rosidl_typesupport_fastrtps_c.cpython-310-x86_64-linux-gnu.so
[0.993s] -- Up-to-date: /home/wbb/ros2_ws/install/trans/local/lib/python3.10/dist-packages/trans/_trans_s.ep.rosidl_typesupport_fastrtps_c.c
[0.993s] -- Up-to-date: /home/wbb/ros2_ws/install/trans/local/lib/python3.10/dist-packages/trans/msg
[0.993s] -- Up-to-date: /home/wbb/ros2_ws/install/trans/local/lib/python3.10/dist-packages/trans/msg/_touch_sensor.py
[0.993s] -- Up-to-date: /home/wbb/ros2_ws/install/trans/local/lib/python3.10/dist-packages/trans/msg/_touch_sensor_s.c
[0.993s] -- Up-to-date: /home/wbb/ros2_ws/install/trans/local/lib/python3.10/dist-packages/trans/msg/_actuator_cmds.py
[0.993s] -- Up-to-date: /home/wbb/ros2_ws/install/trans/local/lib/python3.10/dist-packages/trans/msg/__init__.py
[0.993s] -- Up-to-date: /home/wbb/ros2_ws/install/trans/local/lib/python3.10/dist-packages/trans/msg/_actuator_cmds_s.c
[0.993s] -- Up-to-date: /home/wbb/ros2_ws/install/trans/local/lib/python3.10/dist-packages/trans/__init__.py
[0.993s] -- Up-to-date: /home/wbb/ros2_ws/install/trans/local/lib/python3.10/dist-packages/trans/srv
[0.993s] -- Up-to-date: /home/wbb/ros2_ws/install/trans/local/lib/python3.10/dist-packages/trans/srv/_simulation_reset.py
[0.993s] -- Up-to-date: /home/wbb/ros2_ws/install/trans/local/lib/python3.10/dist-packages/trans/srv/_gait_switch.py
[0.993s] -- Up-to-date: /home/wbb/ros2_ws/install/trans/local/lib/python3.10/dist-packages/trans/srv/_gait_switch_s.c
[0.993s] -- Up-to-date: /home/wbb/ros2_ws/install/trans/local/lib/python3.10/dist-packages/trans/srv/_simulation_reset_s.c
[0.993s] -- Up-to-date: /home/wbb/ros2_ws/install/trans/local/lib/python3.10/dist-packages/trans/srv/__init__.py
[1.028s] Listing '/home/wbb/ros2_ws/install/trans/local/lib/python3.10/dist-packages/trans'...
[1.028s] Listing '/home/wbb/ros2_ws/install/trans/local/lib/python3.10/dist-packages/trans/msg'...
[1.028s] Listing '/home/wbb/ros2_ws/install/trans/local/lib/python3.10/dist-packages/trans/srv'...
[1.033s] -- Up-to-date: /home/wbb/ros2_ws/install/trans/local/lib/python3.10/dist-packages/trans/trans_s__rosidl_typesupport_fastrtps_c.cpython-310-x86_64-linux-gnu.so
[1.033s] -- Up-to-date: /home/wbb/ros2_ws/install/trans/local/lib/python3.10/dist-packages/trans/trans_s__rosidl_typesupport_introspection_c.cpython-310-x86_64-linux-gnu.so
[1.033s] -- Up-to-date: /home/wbb/ros2_ws/install/trans/local/lib/python3.10/dist-packages/trans/trans_s__rosidl_typesupport_c.cpython-310-x86_64-linux-gnu.so
[1.033s] -- Up-to-date: /home/wbb/ros2_ws/install/trans/lib/libtrans__rosidl_generator_py.so
[1.034s] -- Up-to-date: /home/wbb/ros2_ws/install/trans/share/trans/msg/ActuatorCmds.idl
[1.034s] -- Up-to-date: /home/wbb/ros2_ws/install/trans/share/trans/msg/TouchSensor.idl
[1.034s] -- Up-to-date: /home/wbb/ros2_ws/install/trans/share/trans/srv/SimulationReset.idl
[1.034s] -- Up-to-date: /home/wbb/ros2_ws/install/trans/share/trans/srv/GaitSwitch.idl
[1.034s] -- Up-to-date: /home/wbb/ros2_ws/install/trans/share/trans/msgs/ActuatorCmds.msg
[1.034s] -- Up-to-date: /home/wbb/ros2_ws/install/trans/share/trans/msgs/TouchSensor.msg
[1.034s] -- Up-to-date: /home/wbb/ros2_ws/install/trans/share/trans/srv/SimulationReset.srv
[1.034s] -- Up-to-date: /home/wbb/ros2_ws/install/trans/share/trans/srv/SimulationReset_Request.msg
[1.034s] -- Up-to-date: /home/wbb/ros2_ws/install/trans/share/trans/srv/SimulationReset_Response.msg
[1.034s] -- Up-to-date: /home/wbb/ros2_ws/install/trans/share/trans/srv/GaitSwitch.srv
[1.034s] -- Up-to-date: /home/wbb/ros2_ws/install/trans/share/trans/srv/GaitSwitch_Request.msg
[1.034s] -- Up-to-date: /home/wbb/ros2_ws/install/trans/share/trans/srv/GaitSwitch_Response.msg
[1.034s] -- Up-to-date: /home/wbb/ros2_ws/install/trans/share/ament_index/resource_index/package_run_dependencies/trans
[1.034s] -- Up-to-date: /home/wbb/ros2_ws/install/trans/share/ament_index/resource_index/parent_prefix_path/trans
[1.034s] -- Up-to-date: /home/wbb/ros2_ws/install/trans/share/trans/environment/ament_prefix_path.sh
[1.034s] -- Up-to-date: /home/wbb/ros2_ws/install/trans/share/trans/environment/ament_prefix_path.dsv
[1.034s] -- Up-to-date: /home/wbb/ros2_ws/install/trans/share/trans/environment/path.sh
[1.035s] -- Up-to-date: /home/wbb/ros2_ws/install/trans/share/trans/environment/path.dsv
[1.035s] -- Up-to-date: /home/wbb/ros2_ws/install/trans/share/trans/local_setup.bash
[1.035s] -- Up-to-date: /home/wbb/ros2_ws/install/trans/share/trans/local_setup.sh
[1.035s] -- Up-to-date: /home/wbb/ros2_ws/install/trans/share/trans/local_setup.zsh
[1.035s] -- Up-to-date: /home/wbb/ros2_ws/install/trans/share/trans/local_setup.dsv
[1.035s] -- Installing: /home/wbb/ros2_ws/install/trans/share/trans/package.dsv
[1.035s] -- Up-to-date: /home/wbb/ros2_ws/install/trans/share/ament_index/resource_index/packages/trans
[1.035s] -- Up-to-date: /home/wbb/ros2_ws/install/trans/share/trans/cmake/export_trans__rosidl_generator_cExport.cmake
[1.035s] -- Up-to-date: /home/wbb/ros2_ws/install/trans/share/trans/cmake/export_trans__rosidl_generator_cExport-noconfig.cmake
[1.035s] -- Up-to-date: /home/wbb/ros2_ws/install/trans/share/trans/cmake/export_trans__rosidl_typesupport_fastrtps_cExport.cmake
[1.035s] -- Up-to-date: /home/wbb/ros2_ws/install/trans/share/trans/cmake/export_trans__rosidl_typesupport_fastrtps_cExport-noconfig.cmake
[1.035s] -- Up-to-date: /home/wbb/ros2_ws/install/trans/share/trans/cmake/export_trans__rosidl_generator_cppExport.cmake
[1.035s] -- Up-to-date: /home/wbb/ros2_ws/install/trans/share/trans/cmake/export_trans__rosidl_typesupport_fastrtps_cppExport.cmake
[1.035s] -- Up-to-date: /home/wbb/ros2_ws/install/trans/share/trans/cmake/export_trans__rosidl_typesupport_fastrtps_cppExport-noconfig.cmake
[1.035s] -- Up-to-date: /home/wbb/ros2_ws/install/trans/share/trans/cmake/trans__rosidl_typesupport_introspection_cExport.cmake
[1.035s] -- Up-to-date: /home/wbb/ros2_ws/install/trans/share/trans/cmake/trans__rosidl_typesupport_introspection_cExport-noconfig.cmake
[1.035s] -- Up-to-date: /home/wbb/ros2_ws/install/trans/share/trans/cmake/trans__rosidl_typesupport_cExport.cmake
[1.036s] -- Up-to-date: /home/wbb/ros2_ws/install/trans/share/trans/cmake/trans__rosidl_typesupport_cExport-noconfig.cmake
[1.036s] -- Up-to-date: /home/wbb/ros2_ws/install/trans/share/trans/cmake/trans__rosidl_typesupport_introspection_cppExport.cmake
[1.036s] -- Up-to-date: /home/wbb/ros2_ws/install/trans/share/trans/cmake/trans__rosidl_typesupport_introspection_cppExport-noconfig.cmake
[1.036s] -- Up-to-date: /home/wbb/ros2_ws/install/trans/share/trans/cmake/trans__rosidl_typesupport_cppExport.cmake
[1.036s] -- Up-to-date: /home/wbb/ros2_ws/install/trans/share/trans/cmake/trans__rosidl_typesupport_cppExport-noconfig.cmake
[1.036s] -- Up-to-date: /home/wbb/ros2_ws/install/trans/share/trans/cmake/export_trans__rosidl_generator_pyExport.cmake
[1.036s] -- Up-to-date: /home/wbb/ros2_ws/install/trans/share/trans/cmake/export_trans__rosidl_generator_pyExport-noconfig.cmake
[1.036s] -- Up-to-date: /home/wbb/ros2_ws/install/trans/share/trans/cmake/rosidl_cmake-extras.cmake
[1.036s] -- Up-to-date: /home/wbb/ros2_ws/install/trans/share/trans/cmake/ament_cmake_export_dependencies-extras.cmake
[1.036s] -- Up-to-date: /home/wbb/ros2_ws/install/trans/share/trans/cmake/ament_cmake_export_include_directories-extras.cmake
[1.036s] -- Up-to-date: /home/wbb/ros2_ws/install/trans/share/trans/cmake/ament_cmake_export_libraries-extras.cmake
[1.036s] -- Up-to-date: /home/wbb/ros2_ws/install/trans/share/trans/cmake/ament_cmake_export_targets-extras.cmake
[1.036s] -- Up-to-date: /home/wbb/ros2_ws/install/trans/share/trans/cmake/rosidl_cmake_export_typesupport_targets-extras.cmake
[1.036s] -- Up-to-date: /home/wbb/ros2_ws/install/trans/share/trans/cmake/rosidl_cmake_export_typesupport_libraries-extras.cmake
[1.036s] -- Up-to-date: /home/wbb/ros2_ws/install/trans/share/trans/cmake/transConfig.cmake
[1.036s] -- Up-to-date: /home/wbb/ros2_ws/install/trans/share/trans/cmake/transConfig-version.cmake
[1.036s] -- Up-to-date: /home/wbb/ros2_ws/install/trans/share/trans/package.xml
[1.038s] Invoked command in '/home/wbb/ros2_ws/build/trans' returned '0': CMAKE_PREFIX_PATH=${CMAKE_PREFIX_PATH}:/home/wbb/ros2_ws/install/third_party:/home/wbb/ros2_ws/install/sim:/home/wbb/ros2_ws/install/management:/home/wbb/ros2_ws/install/generation:/home/wbb/ros2_ws/install/gait:/home/wbb/ros2_ws/install/estimation:/home/wbb/ros2_ws/install/control:/home/wbb/ros2_ws/install/core:/home/wbb/ros2_ws/install/assets:/opt/ros/humble /usr/bin/cmake --install /home/wbb/ros2_ws/build/trans
