[0.699s] Invoking command in '/home/wbb/ros2_ws/src/core': PYTHONPATH=/home/wbb/ros2_ws/build/core/prefix_override:/usr/lib/python3/dist-packages/colcon_core/task/python/colcon_distutils_commands:/home/wbb/ros2_ws/install/core/lib/python3.10/site-packages:${PYTHONPATH} /usr/bin/python3 -W ignore:setup.py install is deprecated -W ignore:easy_install command is deprecated setup.py egg_info --egg-base ../../build/core build --build-base /home/wbb/ros2_ws/build/core/build install --record /home/wbb/ros2_ws/build/core/install.log --single-version-externally-managed install_data
[0.870s] running egg_info
[0.871s] writing ../../build/core/core.egg-info/PKG-INFO
[0.871s] writing dependency_links to ../../build/core/core.egg-info/dependency_links.txt
[0.872s] writing entry points to ../../build/core/core.egg-info/entry_points.txt
[0.872s] writing requirements to ../../build/core/core.egg-info/requires.txt
[0.872s] writing top-level names to ../../build/core/core.egg-info/top_level.txt
[0.873s] reading manifest file '../../build/core/core.egg-info/SOURCES.txt'
[0.874s] writing manifest file '../../build/core/core.egg-info/SOURCES.txt'
[0.874s] running build
[0.874s] running build_py
[0.875s] running install
[0.875s] running install_lib
[0.876s] running install_data
[0.876s] running install_egg_info
[0.877s] removing '/home/wbb/ros2_ws/install/core/lib/python3.10/site-packages/core-0.0.0-py3.10.egg-info' (and everything under it)
[0.877s] Copying ../../build/core/core.egg-info to /home/wbb/ros2_ws/install/core/lib/python3.10/site-packages/core-0.0.0-py3.10.egg-info
[0.877s] running install_scripts
[0.890s] writing list of installed files to '/home/wbb/ros2_ws/build/core/install.log'
[0.904s] Invoked command in '/home/wbb/ros2_ws/src/core' returned '0': PYTHONPATH=/home/wbb/ros2_ws/build/core/prefix_override:/usr/lib/python3/dist-packages/colcon_core/task/python/colcon_distutils_commands:/home/wbb/ros2_ws/install/core/lib/python3.10/site-packages:${PYTHONPATH} /usr/bin/python3 -W ignore:setup.py install is deprecated -W ignore:easy_install command is deprecated setup.py egg_info --egg-base ../../build/core build --build-base /home/wbb/ros2_ws/build/core/build install --record /home/wbb/ros2_ws/build/core/install.log --single-version-externally-managed install_data
