[ 10%] Built target trans__rosidl_generator_c
[ 12%] Built target trans__cpp
[ 12%] Built target ament_cmake_python_copy_trans
[ 23%] Built target trans__rosidl_typesupport_fastrtps_cpp
[ 43%] Built target trans__rosidl_typesupport_fastrtps_c
[ 45%] Built target trans__rosidl_typesupport_introspection_c
[ 56%] Built target trans__rosidl_typesupport_introspection_cpp
[ 67%] Built target trans__rosidl_typesupport_c
[ 78%] Built target trans__rosidl_typesupport_cpp
[ 78%] Built target trans
[ 80%] Built target trans__py
[ 89%] Built target trans__rosidl_generator_py
[ 92%] Built target trans__rosidl_typesupport_introspection_c__pyext
[ 96%] Built target trans__rosidl_typesupport_c__pyext
[100%] Built target trans__rosidl_typesupport_fastrtps_c__pyext
running egg_info
writing trans.egg-info/PKG-INFO
writing dependency_links to trans.egg-info/dependency_links.txt
writing top-level names to trans.egg-info/top_level.txt
reading manifest file 'trans.egg-info/SOURCES.txt'
writing manifest file 'trans.egg-info/SOURCES.txt'
[100%] Built target ament_cmake_python_build_trans_egg
