/home/wbb/ros2_ws/install/core/lib/python3.10/site-packages/core/__init__.py
/home/wbb/ros2_ws/install/core/lib/python3.10/site-packages/core/types.py
/home/wbb/ros2_ws/install/core/lib/python3.10/site-packages/core/gait/__init__.py
/home/wbb/ros2_ws/install/core/lib/python3.10/site-packages/core/gait/test.py
/home/wbb/ros2_ws/install/core/lib/python3.10/site-packages/core/gait/mode_schedule.py
/home/wbb/ros2_ws/install/core/lib/python3.10/site-packages/core/gait/motion_phase_definition.py
/home/wbb/ros2_ws/install/core/lib/python3.10/site-packages/core/gait/leg_logic.py
/home/wbb/ros2_ws/install/core/lib/python3.10/site-packages/core/misc/linear_algebra.py
/home/wbb/ros2_ws/install/core/lib/python3.10/site-packages/core/misc/numerics.py
/home/wbb/ros2_ws/install/core/lib/python3.10/site-packages/core/misc/lookup.py
/home/wbb/ros2_ws/install/core/lib/python3.10/site-packages/core/misc/benchmark.py
/home/wbb/ros2_ws/install/core/lib/python3.10/site-packages/core/misc/__init__.py
/home/wbb/ros2_ws/install/core/lib/python3.10/site-packages/core/misc/test.py
/home/wbb/ros2_ws/install/core/lib/python3.10/site-packages/core/misc/numeric_traits.py
/home/wbb/ros2_ws/install/core/lib/python3.10/site-packages/core/misc/buffer.py
/home/wbb/ros2_ws/install/core/lib/python3.10/site-packages/core/trajectory/__init__.py
/home/wbb/ros2_ws/install/core/lib/python3.10/site-packages/core/trajectory/cubic_spline_interpolation.py
/home/wbb/ros2_ws/install/core/lib/python3.10/site-packages/core/trajectory/cubic_spline_trajectory.py
/home/wbb/ros2_ws/install/core/lib/python3.10/site-packages/core/trajectory/trajectory_base.py
/home/wbb/ros2_ws/install/core/lib/python3.10/site-packages/core/trajectory/reference_buffer.py
/home/wbb/ros2_ws/install/core/lib/python3.10/site-packages/core/__pycache__/__init__.cpython-310.pyc
/home/wbb/ros2_ws/install/core/lib/python3.10/site-packages/core/__pycache__/types.cpython-310.pyc
/home/wbb/ros2_ws/install/core/lib/python3.10/site-packages/core/gait/__pycache__/__init__.cpython-310.pyc
/home/wbb/ros2_ws/install/core/lib/python3.10/site-packages/core/gait/__pycache__/test.cpython-310.pyc
/home/wbb/ros2_ws/install/core/lib/python3.10/site-packages/core/gait/__pycache__/mode_schedule.cpython-310.pyc
/home/wbb/ros2_ws/install/core/lib/python3.10/site-packages/core/gait/__pycache__/motion_phase_definition.cpython-310.pyc
/home/wbb/ros2_ws/install/core/lib/python3.10/site-packages/core/gait/__pycache__/leg_logic.cpython-310.pyc
/home/wbb/ros2_ws/install/core/lib/python3.10/site-packages/core/misc/__pycache__/linear_algebra.cpython-310.pyc
/home/wbb/ros2_ws/install/core/lib/python3.10/site-packages/core/misc/__pycache__/numerics.cpython-310.pyc
/home/wbb/ros2_ws/install/core/lib/python3.10/site-packages/core/misc/__pycache__/lookup.cpython-310.pyc
/home/wbb/ros2_ws/install/core/lib/python3.10/site-packages/core/misc/__pycache__/benchmark.cpython-310.pyc
/home/wbb/ros2_ws/install/core/lib/python3.10/site-packages/core/misc/__pycache__/__init__.cpython-310.pyc
/home/wbb/ros2_ws/install/core/lib/python3.10/site-packages/core/misc/__pycache__/test.cpython-310.pyc
/home/wbb/ros2_ws/install/core/lib/python3.10/site-packages/core/misc/__pycache__/numeric_traits.cpython-310.pyc
/home/wbb/ros2_ws/install/core/lib/python3.10/site-packages/core/misc/__pycache__/buffer.cpython-310.pyc
/home/wbb/ros2_ws/install/core/lib/python3.10/site-packages/core/trajectory/__pycache__/__init__.cpython-310.pyc
/home/wbb/ros2_ws/install/core/lib/python3.10/site-packages/core/trajectory/__pycache__/cubic_spline_interpolation.cpython-310.pyc
/home/wbb/ros2_ws/install/core/lib/python3.10/site-packages/core/trajectory/__pycache__/cubic_spline_trajectory.cpython-310.pyc
/home/wbb/ros2_ws/install/core/lib/python3.10/site-packages/core/trajectory/__pycache__/trajectory_base.cpython-310.pyc
/home/wbb/ros2_ws/install/core/lib/python3.10/site-packages/core/trajectory/__pycache__/reference_buffer.cpython-310.pyc
/home/wbb/ros2_ws/install/core/share/ament_index/resource_index/packages/core
/home/wbb/ros2_ws/install/core/share/core/package.xml
/home/wbb/ros2_ws/install/core/lib/python3.10/site-packages/core-0.0.0-py3.10.egg-info/requires.txt
/home/wbb/ros2_ws/install/core/lib/python3.10/site-packages/core-0.0.0-py3.10.egg-info/dependency_links.txt
/home/wbb/ros2_ws/install/core/lib/python3.10/site-packages/core-0.0.0-py3.10.egg-info/SOURCES.txt
/home/wbb/ros2_ws/install/core/lib/python3.10/site-packages/core-0.0.0-py3.10.egg-info/entry_points.txt
/home/wbb/ros2_ws/install/core/lib/python3.10/site-packages/core-0.0.0-py3.10.egg-info/top_level.txt
/home/wbb/ros2_ws/install/core/lib/python3.10/site-packages/core-0.0.0-py3.10.egg-info/PKG-INFO
/home/wbb/ros2_ws/install/core/lib/python3.10/site-packages/core-0.0.0-py3.10.egg-info/zip-safe
