[0.705s] Invoking command in '/home/wbb/ros2_ws/src/motion/generation': AMENT_PREFIX_PATH=/home/wbb/ros2_ws/install/core:/home/wbb/ros2_ws/install/visualization:/home/wbb/ros2_ws/install/trans:/home/wbb/ros2_ws/install/third_party:/home/wbb/ros2_ws/install/sim:/home/wbb/ros2_ws/install/management:/home/wbb/ros2_ws/install/generation:/home/wbb/ros2_ws/install/gait:/home/wbb/ros2_ws/install/estimation:/home/wbb/ros2_ws/install/control:/home/wbb/ros2_ws/install/assets:/opt/ros/humble PYTHONPATH=/home/wbb/ros2_ws/build/generation/prefix_override:/usr/lib/python3/dist-packages/colcon_core/task/python/colcon_distutils_commands:/home/wbb/ros2_ws/install/generation/lib/python3.10/site-packages:/home/wbb/ros2_ws/install/core/lib/python3.10/site-packages:/home/wbb/ros2_ws/install/trans/local/lib/python3.10/dist-packages:/home/wbb/ros2_ws/install/third_party/lib/python3.10/site-packages:/home/wbb/ros2_ws/install/sim/lib/python3.10/site-packages:/home/wbb/ros2_ws/install/management/lib/python3.10/site-packages:/home/wbb/ros2_ws/install/generation/lib/python3.10/site-packages:/home/wbb/ros2_ws/install/gait/lib/python3.10/site-packages:/home/wbb/ros2_ws/install/estimation/lib/python3.10/site-packages:/home/wbb/ros2_ws/install/control/lib/python3.10/site-packages:/home/wbb/ros2_ws/install/assets/lib/python3.10/site-packages:/opt/ros/humble/lib/python3.10/site-packages:/opt/ros/humble/local/lib/python3.10/dist-packages /usr/bin/python3 -W ignore:setup.py install is deprecated -W ignore:easy_install command is deprecated setup.py egg_info --egg-base ../../../build/generation build --build-base /home/wbb/ros2_ws/build/generation/build install --record /home/wbb/ros2_ws/build/generation/install.log --single-version-externally-managed install_data
[0.793s] running egg_info
[0.793s] creating ../../../build/generation/generation.egg-info
[0.793s] writing ../../../build/generation/generation.egg-info/PKG-INFO
[0.793s] writing dependency_links to ../../../build/generation/generation.egg-info/dependency_links.txt
[0.793s] writing entry points to ../../../build/generation/generation.egg-info/entry_points.txt
[0.793s] writing requirements to ../../../build/generation/generation.egg-info/requires.txt
[0.793s] writing top-level names to ../../../build/generation/generation.egg-info/top_level.txt
[0.793s] writing manifest file '../../../build/generation/generation.egg-info/SOURCES.txt'
[0.793s] reading manifest file '../../../build/generation/generation.egg-info/SOURCES.txt'
[0.793s] writing manifest file '../../../build/generation/generation.egg-info/SOURCES.txt'
[0.793s] running build
[0.793s] running build_py
[0.793s] creating /home/wbb/ros2_ws/build/generation/build
[0.793s] creating /home/wbb/ros2_ws/build/generation/build/lib
[0.793s] creating /home/wbb/ros2_ws/build/generation/build/lib/generation
[0.793s] copying generation/trajectory_generation.py -> /home/wbb/ros2_ws/build/generation/build/lib/generation
[0.793s] copying generation/pinocchio_interface.py -> /home/wbb/ros2_ws/build/generation/build/lib/generation
[0.793s] copying generation/foothold_optimization.py -> /home/wbb/ros2_ws/build/generation/build/lib/generation
[0.793s] copying generation/test2.py -> /home/wbb/ros2_ws/build/generation/build/lib/generation
[0.794s] copying generation/__init__.py -> /home/wbb/ros2_ws/build/generation/build/lib/generation
[0.794s] copying generation/test.py -> /home/wbb/ros2_ws/build/generation/build/lib/generation
[0.794s] copying generation/convex_mpc.py -> /home/wbb/ros2_ws/build/generation/build/lib/generation
[0.794s] running install
[0.794s] running install_lib
[0.794s] creating /home/wbb/ros2_ws/install/generation/lib/python3.10/site-packages/generation
[0.794s] copying /home/wbb/ros2_ws/build/generation/build/lib/generation/trajectory_generation.py -> /home/wbb/ros2_ws/install/generation/lib/python3.10/site-packages/generation
[0.794s] copying /home/wbb/ros2_ws/build/generation/build/lib/generation/pinocchio_interface.py -> /home/wbb/ros2_ws/install/generation/lib/python3.10/site-packages/generation
[0.794s] copying /home/wbb/ros2_ws/build/generation/build/lib/generation/foothold_optimization.py -> /home/wbb/ros2_ws/install/generation/lib/python3.10/site-packages/generation
[0.794s] copying /home/wbb/ros2_ws/build/generation/build/lib/generation/test2.py -> /home/wbb/ros2_ws/install/generation/lib/python3.10/site-packages/generation
[0.794s] copying /home/wbb/ros2_ws/build/generation/build/lib/generation/__init__.py -> /home/wbb/ros2_ws/install/generation/lib/python3.10/site-packages/generation
[0.794s] copying /home/wbb/ros2_ws/build/generation/build/lib/generation/test.py -> /home/wbb/ros2_ws/install/generation/lib/python3.10/site-packages/generation
[0.794s] copying /home/wbb/ros2_ws/build/generation/build/lib/generation/convex_mpc.py -> /home/wbb/ros2_ws/install/generation/lib/python3.10/site-packages/generation
[0.794s] byte-compiling /home/wbb/ros2_ws/install/generation/lib/python3.10/site-packages/generation/trajectory_generation.py to trajectory_generation.cpython-310.pyc
[0.795s] byte-compiling /home/wbb/ros2_ws/install/generation/lib/python3.10/site-packages/generation/pinocchio_interface.py to pinocchio_interface.cpython-310.pyc
[0.795s] byte-compiling /home/wbb/ros2_ws/install/generation/lib/python3.10/site-packages/generation/foothold_optimization.py to foothold_optimization.cpython-310.pyc
[0.796s] byte-compiling /home/wbb/ros2_ws/install/generation/lib/python3.10/site-packages/generation/test2.py to test2.cpython-310.pyc
[0.796s] byte-compiling /home/wbb/ros2_ws/install/generation/lib/python3.10/site-packages/generation/__init__.py to __init__.cpython-310.pyc
[0.796s] byte-compiling /home/wbb/ros2_ws/install/generation/lib/python3.10/site-packages/generation/test.py to test.cpython-310.pyc
[0.796s] byte-compiling /home/wbb/ros2_ws/install/generation/lib/python3.10/site-packages/generation/convex_mpc.py to convex_mpc.cpython-310.pyc
[0.800s] running install_data
[0.800s] creating /home/wbb/ros2_ws/install/generation/share/ament_index
[0.800s] creating /home/wbb/ros2_ws/install/generation/share/ament_index/resource_index
[0.800s] creating /home/wbb/ros2_ws/install/generation/share/ament_index/resource_index/packages
[0.800s] copying resource/generation -> /home/wbb/ros2_ws/install/generation/share/ament_index/resource_index/packages
[0.800s] copying package.xml -> /home/wbb/ros2_ws/install/generation/share/generation
[0.800s] running install_egg_info
[0.800s] Copying ../../../build/generation/generation.egg-info to /home/wbb/ros2_ws/install/generation/lib/python3.10/site-packages/generation-0.0.0-py3.10.egg-info
[0.801s] running install_scripts
[0.812s] writing list of installed files to '/home/wbb/ros2_ws/build/generation/install.log'
[0.833s] Invoked command in '/home/wbb/ros2_ws/src/motion/generation' returned '0': AMENT_PREFIX_PATH=/home/wbb/ros2_ws/install/core:/home/wbb/ros2_ws/install/visualization:/home/wbb/ros2_ws/install/trans:/home/wbb/ros2_ws/install/third_party:/home/wbb/ros2_ws/install/sim:/home/wbb/ros2_ws/install/management:/home/wbb/ros2_ws/install/generation:/home/wbb/ros2_ws/install/gait:/home/wbb/ros2_ws/install/estimation:/home/wbb/ros2_ws/install/control:/home/wbb/ros2_ws/install/assets:/opt/ros/humble PYTHONPATH=/home/wbb/ros2_ws/build/generation/prefix_override:/usr/lib/python3/dist-packages/colcon_core/task/python/colcon_distutils_commands:/home/wbb/ros2_ws/install/generation/lib/python3.10/site-packages:/home/wbb/ros2_ws/install/core/lib/python3.10/site-packages:/home/wbb/ros2_ws/install/trans/local/lib/python3.10/dist-packages:/home/wbb/ros2_ws/install/third_party/lib/python3.10/site-packages:/home/wbb/ros2_ws/install/sim/lib/python3.10/site-packages:/home/wbb/ros2_ws/install/management/lib/python3.10/site-packages:/home/wbb/ros2_ws/install/generation/lib/python3.10/site-packages:/home/wbb/ros2_ws/install/gait/lib/python3.10/site-packages:/home/wbb/ros2_ws/install/estimation/lib/python3.10/site-packages:/home/wbb/ros2_ws/install/control/lib/python3.10/site-packages:/home/wbb/ros2_ws/install/assets/lib/python3.10/site-packages:/opt/ros/humble/lib/python3.10/site-packages:/opt/ros/humble/local/lib/python3.10/dist-packages /usr/bin/python3 -W ignore:setup.py install is deprecated -W ignore:easy_install command is deprecated setup.py egg_info --egg-base ../../../build/generation build --build-base /home/wbb/ros2_ws/build/generation/build install --record /home/wbb/ros2_ws/build/generation/install.log --single-version-externally-managed install_data
