/home/wbb/ros2_ws/install/management/lib/python3.10/site-packages/management/motion_manager.py
/home/wbb/ros2_ws/install/management/lib/python3.10/site-packages/management/data_visualization.py
/home/wbb/ros2_ws/install/management/lib/python3.10/site-packages/management/joystick.py
/home/wbb/ros2_ws/install/management/lib/python3.10/site-packages/management/initialization.py
/home/wbb/ros2_ws/install/management/lib/python3.10/site-packages/management/__init__.py
/home/wbb/ros2_ws/install/management/lib/python3.10/site-packages/management/test.py
/home/wbb/ros2_ws/install/management/lib/python3.10/site-packages/management/main.py
/home/wbb/ros2_ws/install/management/lib/python3.10/site-packages/management/__pycache__/motion_manager.cpython-310.pyc
/home/wbb/ros2_ws/install/management/lib/python3.10/site-packages/management/__pycache__/data_visualization.cpython-310.pyc
/home/wbb/ros2_ws/install/management/lib/python3.10/site-packages/management/__pycache__/joystick.cpython-310.pyc
/home/wbb/ros2_ws/install/management/lib/python3.10/site-packages/management/__pycache__/initialization.cpython-310.pyc
/home/wbb/ros2_ws/install/management/lib/python3.10/site-packages/management/__pycache__/__init__.cpython-310.pyc
/home/wbb/ros2_ws/install/management/lib/python3.10/site-packages/management/__pycache__/test.cpython-310.pyc
/home/wbb/ros2_ws/install/management/lib/python3.10/site-packages/management/__pycache__/main.cpython-310.pyc
/home/wbb/ros2_ws/install/management/share/management/launch/management.launch.py
/home/wbb/ros2_ws/install/management/share/management/package.xml
/home/wbb/ros2_ws/install/management/lib/python3.10/site-packages/management-0.0.0-py3.10.egg-info/requires.txt
/home/wbb/ros2_ws/install/management/lib/python3.10/site-packages/management-0.0.0-py3.10.egg-info/dependency_links.txt
/home/wbb/ros2_ws/install/management/lib/python3.10/site-packages/management-0.0.0-py3.10.egg-info/SOURCES.txt
/home/wbb/ros2_ws/install/management/lib/python3.10/site-packages/management-0.0.0-py3.10.egg-info/entry_points.txt
/home/wbb/ros2_ws/install/management/lib/python3.10/site-packages/management-0.0.0-py3.10.egg-info/top_level.txt
/home/wbb/ros2_ws/install/management/lib/python3.10/site-packages/management-0.0.0-py3.10.egg-info/PKG-INFO
/home/wbb/ros2_ws/install/management/lib/python3.10/site-packages/management-0.0.0-py3.10.egg-info/zip-safe
/home/wbb/ros2_ws/install/management/lib/management/joystick
/home/wbb/ros2_ws/install/management/lib/management/main
