[0.669s] Invoking command in '/home/wbb/ros2_ws/src/assets': PYTHONPATH=/home/wbb/ros2_ws/build/assets/prefix_override:/usr/lib/python3/dist-packages/colcon_core/task/python/colcon_distutils_commands:/home/wbb/ros2_ws/install/assets/lib/python3.10/site-packages:${PYTHONPATH} /usr/bin/python3 -W ignore:setup.py install is deprecated -W ignore:easy_install command is deprecated setup.py egg_info --egg-base ../../build/assets build --build-base /home/wbb/ros2_ws/build/assets/build install --record /home/wbb/ros2_ws/build/assets/install.log --single-version-externally-managed install_data
[0.813s] running egg_info
[0.814s] writing ../../build/assets/assets.egg-info/PKG-INFO
[0.814s] writing dependency_links to ../../build/assets/assets.egg-info/dependency_links.txt
[0.814s] writing entry points to ../../build/assets/assets.egg-info/entry_points.txt
[0.814s] writing requirements to ../../build/assets/assets.egg-info/requires.txt
[0.814s] writing top-level names to ../../build/assets/assets.egg-info/top_level.txt
[0.815s] reading manifest file '../../build/assets/assets.egg-info/SOURCES.txt'
[0.816s] writing manifest file '../../build/assets/assets.egg-info/SOURCES.txt'
[0.816s] running build
[0.816s] running install
[0.816s] running install_data
[0.816s] creating /home/wbb/ros2_ws/install/assets/share/assets/p1
[0.816s] copying share/assets/p1/PF_A1.xml -> /home/wbb/ros2_ws/install/assets/share/assets/p1
[0.816s] copying share/assets/p1/config.yaml -> /home/wbb/ros2_ws/install/assets/share/assets/p1
[0.816s] copying share/assets/p1/PF_A.urdf -> /home/wbb/ros2_ws/install/assets/share/assets/p1
[0.816s] copying share/assets/p1/PF_A.xml -> /home/wbb/ros2_ws/install/assets/share/assets/p1
[0.816s] creating /home/wbb/ros2_ws/install/assets/share/assets/p1/meshes
[0.816s] copying share/assets/p1/meshes/foot_left_link.STL -> /home/wbb/ros2_ws/install/assets/share/assets/p1/meshes
[0.816s] copying share/assets/p1/meshes/abad_right_link.stl -> /home/wbb/ros2_ws/install/assets/share/assets/p1/meshes
[0.819s] copying share/assets/p1/meshes/foot_right_link.STL -> /home/wbb/ros2_ws/install/assets/share/assets/p1/meshes
[0.819s] copying share/assets/p1/meshes/abad_right_link.STL -> /home/wbb/ros2_ws/install/assets/share/assets/p1/meshes
[0.819s] copying share/assets/p1/meshes/foot_left_link.stl -> /home/wbb/ros2_ws/install/assets/share/assets/p1/meshes
[0.819s] copying share/assets/p1/meshes/knee_right_link.STL -> /home/wbb/ros2_ws/install/assets/share/assets/p1/meshes
[0.820s] copying share/assets/p1/meshes/base_link.stl -> /home/wbb/ros2_ws/install/assets/share/assets/p1/meshes
[0.823s] copying share/assets/p1/meshes/abad_left_link.STL -> /home/wbb/ros2_ws/install/assets/share/assets/p1/meshes
[0.823s] copying share/assets/p1/meshes/base_link.STL -> /home/wbb/ros2_ws/install/assets/share/assets/p1/meshes
[0.823s] copying share/assets/p1/meshes/hip_left_link.STL -> /home/wbb/ros2_ws/install/assets/share/assets/p1/meshes
[0.823s] copying share/assets/p1/meshes/knee_right_link.stl -> /home/wbb/ros2_ws/install/assets/share/assets/p1/meshes
[0.823s] copying share/assets/p1/meshes/foot_right_link.stl -> /home/wbb/ros2_ws/install/assets/share/assets/p1/meshes
[0.824s] copying share/assets/p1/meshes/hip_right_link.stl -> /home/wbb/ros2_ws/install/assets/share/assets/p1/meshes
[0.828s] copying share/assets/p1/meshes/abad_left_link.stl -> /home/wbb/ros2_ws/install/assets/share/assets/p1/meshes
[0.830s] copying share/assets/p1/meshes/hip_right_link.STL -> /home/wbb/ros2_ws/install/assets/share/assets/p1/meshes
[0.830s] copying share/assets/p1/meshes/hip_left_link.stl -> /home/wbb/ros2_ws/install/assets/share/assets/p1/meshes
[0.834s] copying share/assets/p1/meshes/knee_left_link.stl -> /home/wbb/ros2_ws/install/assets/share/assets/p1/meshes
[0.834s] copying share/assets/p1/meshes/knee_left_link.STL -> /home/wbb/ros2_ws/install/assets/share/assets/p1/meshes
[0.834s] copying package.xml -> /home/wbb/ros2_ws/install/assets/share/assets
[0.834s] running install_egg_info
[0.836s] Copying ../../build/assets/assets.egg-info to /home/wbb/ros2_ws/install/assets/lib/python3.10/site-packages/assets-0.0.0-py3.10.egg-info
[0.836s] running install_scripts
[0.848s] writing list of installed files to '/home/wbb/ros2_ws/build/assets/install.log'
[0.863s] Invoked command in '/home/wbb/ros2_ws/src/assets' returned '0': PYTHONPATH=/home/wbb/ros2_ws/build/assets/prefix_override:/usr/lib/python3/dist-packages/colcon_core/task/python/colcon_distutils_commands:/home/wbb/ros2_ws/install/assets/lib/python3.10/site-packages:${PYTHONPATH} /usr/bin/python3 -W ignore:setup.py install is deprecated -W ignore:easy_install command is deprecated setup.py egg_info --egg-base ../../build/assets build --build-base /home/wbb/ros2_ws/build/assets/build install --record /home/wbb/ros2_ws/build/assets/install.log --single-version-externally-managed install_data
