/home/wbb/ros2_ws/install/assets/share/assets/p1/config.yaml
/home/wbb/ros2_ws/install/assets/share/assets/p1/PF_A2.xml
/home/wbb/ros2_ws/install/assets/share/assets/p1/PF_A.urdf
/home/wbb/ros2_ws/install/assets/share/assets/p1/PF_A.xml
/home/wbb/ros2_ws/install/assets/share/assets/p1/meshes/foot_left_link.STL
/home/wbb/ros2_ws/install/assets/share/assets/p1/meshes/abad_right_link.stl
/home/wbb/ros2_ws/install/assets/share/assets/p1/meshes/foot_right_link.STL
/home/wbb/ros2_ws/install/assets/share/assets/p1/meshes/abad_right_link.STL
/home/wbb/ros2_ws/install/assets/share/assets/p1/meshes/foot_left_link.stl
/home/wbb/ros2_ws/install/assets/share/assets/p1/meshes/knee_right_link.STL
/home/wbb/ros2_ws/install/assets/share/assets/p1/meshes/base_link.stl
/home/wbb/ros2_ws/install/assets/share/assets/p1/meshes/abad_left_link.STL
/home/wbb/ros2_ws/install/assets/share/assets/p1/meshes/base_link.STL
/home/wbb/ros2_ws/install/assets/share/assets/p1/meshes/hip_left_link.STL
/home/wbb/ros2_ws/install/assets/share/assets/p1/meshes/knee_right_link.stl
/home/wbb/ros2_ws/install/assets/share/assets/p1/meshes/foot_right_link.stl
/home/wbb/ros2_ws/install/assets/share/assets/p1/meshes/hip_right_link.stl
/home/wbb/ros2_ws/install/assets/share/assets/p1/meshes/abad_left_link.stl
/home/wbb/ros2_ws/install/assets/share/assets/p1/meshes/hip_right_link.STL
/home/wbb/ros2_ws/install/assets/share/assets/p1/meshes/hip_left_link.stl
/home/wbb/ros2_ws/install/assets/share/assets/p1/meshes/knee_left_link.stl
/home/wbb/ros2_ws/install/assets/share/assets/p1/meshes/knee_left_link.STL
/home/wbb/ros2_ws/install/assets/share/assets/package.xml
/home/wbb/ros2_ws/install/assets/lib/python3.10/site-packages/assets-0.0.0-py3.10.egg-info/PKG-INFO
/home/wbb/ros2_ws/install/assets/lib/python3.10/site-packages/assets-0.0.0-py3.10.egg-info/zip-safe
/home/wbb/ros2_ws/install/assets/lib/python3.10/site-packages/assets-0.0.0-py3.10.egg-info/dependency_links.txt
/home/wbb/ros2_ws/install/assets/lib/python3.10/site-packages/assets-0.0.0-py3.10.egg-info/entry_points.txt
/home/wbb/ros2_ws/install/assets/lib/python3.10/site-packages/assets-0.0.0-py3.10.egg-info/top_level.txt
/home/wbb/ros2_ws/install/assets/lib/python3.10/site-packages/assets-0.0.0-py3.10.egg-info/requires.txt
/home/wbb/ros2_ws/install/assets/lib/python3.10/site-packages/assets-0.0.0-py3.10.egg-info/SOURCES.txt
